Found 9 strongly connected components

CURRENTLY WORKING ON COMPONENT 1
Skipping acyclic component

CURRENTLY WORKING ON COMPONENT 2
Skipping acyclic component

CURRENTLY WORKING ON COMPONENT 3
Skipping acyclic component

CURRENTLY WORKING ON COMPONENT 4
New random solution with penalty in component: 77. Took 0 sec
Local search improved penalty in component to: 72. Took 7 sec
Best solution reduces penalty in component to: 72
New random solution with penalty in component: 94. Took 0 sec
Local search improved penalty in component to: 78. Took 11 sec
Best solution reduces penalty in component to: 72
New random solution with penalty in component: 82. Took 0 sec
Local search improved penalty in component to: 66. Took 17 sec
Best solution reduces penalty in component to: 66
New random solution with penalty in component: 89. Took 0 sec
Local search improved penalty in component to: 68. Took 16 sec
Best solution reduces penalty in component to: 66
New random solution with penalty in component: 82. Took 0 sec
Local search improved penalty in component to: 70. Took 8 sec
Best solution reduces penalty in component to: 66
New random solution with penalty in component: 93. Took 0 sec
Local search improved penalty in component to: 69. Took 22 sec
Best solution reduces penalty in component to: 66
New random solution with penalty in component: 89. Took 0 sec
Local search improved penalty in component to: 68. Took 24 sec
Best solution reduces penalty in component to: 66
New random solution with penalty in component: 85. Took 0 sec
Local search improved penalty in component to: 71. Took 16 sec
Best solution reduces penalty in component to: 66
New random solution with penalty in component: 86. Took 0 sec
Local search improved penalty in component to: 75. Took 10 sec
Best solution reduces penalty in component to: 66
New random solution with penalty in component: 74. Took 0 sec
Local search improved penalty in component to: 70. Took 6 sec
Best solution reduces penalty in component to: 66
New random solution with penalty in component: 94. Took 0 sec
Local search improved penalty in component to: 76. Took 13 sec
Best solution reduces penalty in component to: 66
New random solution with penalty in component: 89. Took 0 sec
Local search improved penalty in component to: 76. Took 15 sec
Best solution reduces penalty in component to: 66
New random solution with penalty in component: 82. Took 0 sec
Local search improved penalty in component to: 72. Took 10 sec
Best solution reduces penalty in component to: 66
New random solution with penalty in component: 88. Took 0 sec
Local search improved penalty in component to: 72. Took 12 sec
Best solution reduces penalty in component to: 66
New random solution with penalty in component: 86. Took 0 sec
Local search improved penalty in component to: 67. Took 12 sec
Best solution reduces penalty in component to: 66
New random solution with penalty in component: 84. Took 0 sec
Local search improved penalty in component to: 78. Took 11 sec
Best solution reduces penalty in component to: 66
New random solution with penalty in component: 91. Took 0 sec
Local search improved penalty in component to: 70. Took 22 sec
Best solution reduces penalty in component to: 66
New random solution with penalty in component: 81. Took 0 sec
Local search improved penalty in component to: 66. Took 10 sec
Best solution reduces penalty in component to: 66
New random solution with penalty in component: 81. Took 0 sec
Local search improved penalty in component to: 69. Took 14 sec
Best solution reduces penalty in component to: 66
New random solution with penalty in component: 87. Took 0 sec
Local search improved penalty in component to: 66. Took 19 sec
Best solution reduces penalty in component to: 66

CURRENTLY WORKING ON COMPONENT 5
Skipping acyclic component

CURRENTLY WORKING ON COMPONENT 6
Skipping acyclic component

CURRENTLY WORKING ON COMPONENT 7
Skipping acyclic component

CURRENTLY WORKING ON COMPONENT 8
Skipping acyclic component

CURRENTLY WORKING ON COMPONENT 9
Skipping acyclic component
Total penalty: 74
SOLUTION IS VALID
