Found 1 strongly connected components

CURRENTLY WORKING ON COMPONENT 1
New random solution with penalty in component: 34. Took 0 sec
Local search improved penalty in component to: 11. Took 6 sec
Best solution reduces penalty in component to: 11
New random solution with penalty in component: 30. Took 0 sec
Local search improved penalty in component to: 9. Took 5 sec
Best solution reduces penalty in component to: 9
New random solution with penalty in component: 35. Took 0 sec
Local search improved penalty in component to: 7. Took 11 sec
Best solution reduces penalty in component to: 7
New random solution with penalty in component: 28. Took 0 sec
Local search improved penalty in component to: 7. Took 2 sec
Best solution reduces penalty in component to: 7
New random solution with penalty in component: 37. Took 0 sec
Local search improved penalty in component to: 6. Took 11 sec
Best solution reduces penalty in component to: 6
New random solution with penalty in component: 34. Took 0 sec
Local search improved penalty in component to: 8. Took 8 sec
Best solution reduces penalty in component to: 6
New random solution with penalty in component: 33. Took 0 sec
Local search improved penalty in component to: 10. Took 6 sec
Best solution reduces penalty in component to: 6
New random solution with penalty in component: 29. Took 0 sec
Local search improved penalty in component to: 7. Took 3 sec
Best solution reduces penalty in component to: 6
New random solution with penalty in component: 34. Took 0 sec
Local search improved penalty in component to: 6. Took 5 sec
Best solution reduces penalty in component to: 6
New random solution with penalty in component: 24. Took 0 sec
Local search improved penalty in component to: 7. Took 1 sec
Best solution reduces penalty in component to: 6
New random solution with penalty in component: 20. Took 0 sec
Local search improved penalty in component to: 12. Took 1 sec
Best solution reduces penalty in component to: 6
New random solution with penalty in component: 36. Took 0 sec
Local search improved penalty in component to: 6. Took 13 sec
Best solution reduces penalty in component to: 6
New random solution with penalty in component: 25. Took 0 sec
Local search improved penalty in component to: 7. Took 3 sec
Best solution reduces penalty in component to: 6
New random solution with penalty in component: 35. Took 0 sec
Local search improved penalty in component to: 9. Took 9 sec
Best solution reduces penalty in component to: 6
New random solution with penalty in component: 30. Took 0 sec
Local search improved penalty in component to: 10. Took 4 sec
Best solution reduces penalty in component to: 6
New random solution with penalty in component: 26. Took 0 sec
Local search improved penalty in component to: 8. Took 2 sec
Best solution reduces penalty in component to: 6
New random solution with penalty in component: 23. Took 0 sec
Local search improved penalty in component to: 5. Took 1 sec
Best solution reduces penalty in component to: 5
New random solution with penalty in component: 35. Took 0 sec
Local search improved penalty in component to: 6. Took 7 sec
Best solution reduces penalty in component to: 5
New random solution with penalty in component: 37. Took 0 sec
Local search improved penalty in component to: 8. Took 16 sec
Best solution reduces penalty in component to: 5
New random solution with penalty in component: 26. Took 0 sec
Local search improved penalty in component to: 9. Took 3 sec
Best solution reduces penalty in component to: 5
Total penalty: 5
SOLUTION IS VALID
