Found 10 strongly connected components

CURRENTLY WORKING ON COMPONENT 1
Skipping acyclic component

CURRENTLY WORKING ON COMPONENT 2
Skipping acyclic component

CURRENTLY WORKING ON COMPONENT 3
Skipping acyclic component

CURRENTLY WORKING ON COMPONENT 4
Skipping acyclic component

CURRENTLY WORKING ON COMPONENT 5
Skipping acyclic component

CURRENTLY WORKING ON COMPONENT 6
Skipping acyclic component

CURRENTLY WORKING ON COMPONENT 7
Skipping acyclic component

CURRENTLY WORKING ON COMPONENT 8
Skipping acyclic component

CURRENTLY WORKING ON COMPONENT 9
Skipping acyclic component

CURRENTLY WORKING ON COMPONENT 10
New random solution with penalty in component: 4. Took 0 sec
Local search improved penalty in component to: 2. Took 0 sec
Best solution reduces penalty in component to: 2
New random solution with penalty in component: 3. Took 0 sec
Local search improved penalty in component to: 2. Took 0 sec
Best solution reduces penalty in component to: 2
New random solution with penalty in component: 3. Took 0 sec
Local search improved penalty in component to: 2. Took 0 sec
Best solution reduces penalty in component to: 2
New random solution with penalty in component: 0. Took 0 sec
Local search improved penalty in component to: 0. Took 0 sec
Best solution reduces penalty in component to: 0
Total penalty: 9
SOLUTION IS VALID
