Found 1 strongly connected components

CURRENTLY WORKING ON COMPONENT 1
New random solution with penalty in component: 23. Took 0 sec
Local search improved penalty in component to: 2. Took 7 sec
Best solution reduces penalty in component to: 2
New random solution with penalty in component: 22. Took 0 sec
Local search improved penalty in component to: 2. Took 5 sec
Best solution reduces penalty in component to: 2
New random solution with penalty in component: 23. Took 0 sec
Local search improved penalty in component to: 2. Took 12 sec
Best solution reduces penalty in component to: 2
New random solution with penalty in component: 27. Took 0 sec
Local search improved penalty in component to: 2. Took 16 sec
Best solution reduces penalty in component to: 2
New random solution with penalty in component: 26. Took 0 sec
Local search improved penalty in component to: 2. Took 15 sec
Best solution reduces penalty in component to: 2
New random solution with penalty in component: 12. Took 0 sec
Local search improved penalty in component to: 2. Took 1 sec
Best solution reduces penalty in component to: 2
New random solution with penalty in component: 27. Took 0 sec
Local search improved penalty in component to: 2. Took 32 sec
Best solution reduces penalty in component to: 2
New random solution with penalty in component: 21. Took 0 sec
Local search improved penalty in component to: 2. Took 8 sec
Best solution reduces penalty in component to: 2
New random solution with penalty in component: 30. Took 0 sec
Local search improved penalty in component to: 4. Took 24 sec
Best solution reduces penalty in component to: 2
New random solution with penalty in component: 24. Took 0 sec
Local search improved penalty in component to: 2. Took 6 sec
Best solution reduces penalty in component to: 2
New random solution with penalty in component: 21. Took 0 sec
Local search improved penalty in component to: 4. Took 8 sec
Best solution reduces penalty in component to: 2
New random solution with penalty in component: 20. Took 0 sec
Local search improved penalty in component to: 2. Took 4 sec
Best solution reduces penalty in component to: 2
New random solution with penalty in component: 27. Took 0 sec
Local search improved penalty in component to: 3. Took 22 sec
Best solution reduces penalty in component to: 2
New random solution with penalty in component: 21. Took 0 sec
Local search improved penalty in component to: 2. Took 6 sec
Best solution reduces penalty in component to: 2
New random solution with penalty in component: 22. Took 0 sec
Local search improved penalty in component to: 2. Took 10 sec
Best solution reduces penalty in component to: 2
New random solution with penalty in component: 26. Took 0 sec
Local search improved penalty in component to: 2. Took 6 sec
Best solution reduces penalty in component to: 2
New random solution with penalty in component: 23. Took 0 sec
Local search improved penalty in component to: 3. Took 6 sec
Best solution reduces penalty in component to: 2
New random solution with penalty in component: 26. Took 0 sec
Local search improved penalty in component to: 6. Took 10 sec
Best solution reduces penalty in component to: 2
New random solution with penalty in component: 22. Took 0 sec
Local search improved penalty in component to: 4. Took 4 sec
Best solution reduces penalty in component to: 2
New random solution with penalty in component: 17. Took 0 sec
Local search improved penalty in component to: 3. Took 3 sec
Best solution reduces penalty in component to: 2
Total penalty: 2
SOLUTION IS VALID
