Found 2 strongly connected components

CURRENTLY WORKING ON COMPONENT 1
Skipping acyclic component

CURRENTLY WORKING ON COMPONENT 2
New random solution with penalty in component: 8. Took 0 sec
Local search improved penalty in component to: 5. Took 0 sec
Best solution reduces penalty in component to: 5
New random solution with penalty in component: 8. Took 0 sec
Local search improved penalty in component to: 8. Took 0 sec
Best solution reduces penalty in component to: 5
New random solution with penalty in component: 8. Took 0 sec
Local search improved penalty in component to: 8. Took 0 sec
Best solution reduces penalty in component to: 5
New random solution with penalty in component: 8. Took 0 sec
Local search improved penalty in component to: 8. Took 0 sec
Best solution reduces penalty in component to: 5
New random solution with penalty in component: 8. Took 0 sec
Local search improved penalty in component to: 8. Took 0 sec
Best solution reduces penalty in component to: 5
New random solution with penalty in component: 8. Took 0 sec
Local search improved penalty in component to: 8. Took 0 sec
Best solution reduces penalty in component to: 5
New random solution with penalty in component: 8. Took 0 sec
Local search improved penalty in component to: 8. Took 0 sec
Best solution reduces penalty in component to: 5
New random solution with penalty in component: 8. Took 0 sec
Local search improved penalty in component to: 8. Took 0 sec
Best solution reduces penalty in component to: 5
New random solution with penalty in component: 8. Took 0 sec
Local search improved penalty in component to: 8. Took 0 sec
Best solution reduces penalty in component to: 5
New random solution with penalty in component: 8. Took 0 sec
Local search improved penalty in component to: 8. Took 0 sec
Best solution reduces penalty in component to: 5
New random solution with penalty in component: 8. Took 0 sec
Local search improved penalty in component to: 8. Took 0 sec
Best solution reduces penalty in component to: 5
New random solution with penalty in component: 8. Took 0 sec
Local search improved penalty in component to: 8. Took 0 sec
Best solution reduces penalty in component to: 5
New random solution with penalty in component: 8. Took 0 sec
Local search improved penalty in component to: 8. Took 0 sec
Best solution reduces penalty in component to: 5
New random solution with penalty in component: 8. Took 0 sec
Local search improved penalty in component to: 8. Took 0 sec
Best solution reduces penalty in component to: 5
New random solution with penalty in component: 8. Took 0 sec
Local search improved penalty in component to: 8. Took 0 sec
Best solution reduces penalty in component to: 5
New random solution with penalty in component: 8. Took 0 sec
Local search improved penalty in component to: 8. Took 0 sec
Best solution reduces penalty in component to: 5
New random solution with penalty in component: 8. Took 0 sec
Local search improved penalty in component to: 8. Took 0 sec
Best solution reduces penalty in component to: 5
New random solution with penalty in component: 8. Took 0 sec
Local search improved penalty in component to: 8. Took 0 sec
Best solution reduces penalty in component to: 5
New random solution with penalty in component: 8. Took 0 sec
Local search improved penalty in component to: 8. Took 0 sec
Best solution reduces penalty in component to: 5
New random solution with penalty in component: 8. Took 0 sec
Local search improved penalty in component to: 8. Took 0 sec
Best solution reduces penalty in component to: 5
Total penalty: 6
SOLUTION IS VALID
