Found 500 strongly connected components

CURRENTLY WORKING ON COMPONENT 1
Skipping acyclic component

CURRENTLY WORKING ON COMPONENT 2
Skipping acyclic component

CURRENTLY WORKING ON COMPONENT 3
Skipping acyclic component

CURRENTLY WORKING ON COMPONENT 4
Skipping acyclic component

CURRENTLY WORKING ON COMPONENT 5
Skipping acyclic component

CURRENTLY WORKING ON COMPONENT 6
Skipping acyclic component

CURRENTLY WORKING ON COMPONENT 7
Skipping acyclic component

CURRENTLY WORKING ON COMPONENT 8
Skipping acyclic component

CURRENTLY WORKING ON COMPONENT 9
Skipping acyclic component

CURRENTLY WORKING ON COMPONENT 10
Skipping acyclic component

CURRENTLY WORKING ON COMPONENT 11
Skipping acyclic component

CURRENTLY WORKING ON COMPONENT 12
Skipping acyclic component

CURRENTLY WORKING ON COMPONENT 13
Skipping acyclic component

CURRENTLY WORKING ON COMPONENT 14
Skipping acyclic component

CURRENTLY WORKING ON COMPONENT 15
Skipping acyclic component

CURRENTLY WORKING ON COMPONENT 16
Skipping acyclic component

CURRENTLY WORKING ON COMPONENT 17
Skipping acyclic component

CURRENTLY WORKING ON COMPONENT 18
Skipping acyclic component

CURRENTLY WORKING ON COMPONENT 19
Skipping acyclic component

CURRENTLY WORKING ON COMPONENT 20
Skipping acyclic component

CURRENTLY WORKING ON COMPONENT 21
Skipping acyclic component

CURRENTLY WORKING ON COMPONENT 22
Skipping acyclic component

CURRENTLY WORKING ON COMPONENT 23
Skipping acyclic component

CURRENTLY WORKING ON COMPONENT 24
Skipping acyclic component

CURRENTLY WORKING ON COMPONENT 25
Skipping acyclic component

CURRENTLY WORKING ON COMPONENT 26
Skipping acyclic component

CURRENTLY WORKING ON COMPONENT 27
Skipping acyclic component

CURRENTLY WORKING ON COMPONENT 28
Skipping acyclic component

CURRENTLY WORKING ON COMPONENT 29
Skipping acyclic component

CURRENTLY WORKING ON COMPONENT 30
Skipping acyclic component

CURRENTLY WORKING ON COMPONENT 31
Skipping acyclic component

CURRENTLY WORKING ON COMPONENT 32
Skipping acyclic component

CURRENTLY WORKING ON COMPONENT 33
Skipping acyclic component

CURRENTLY WORKING ON COMPONENT 34
Skipping acyclic component

CURRENTLY WORKING ON COMPONENT 35
Skipping acyclic component

CURRENTLY WORKING ON COMPONENT 36
Skipping acyclic component

CURRENTLY WORKING ON COMPONENT 37
Skipping acyclic component

CURRENTLY WORKING ON COMPONENT 38
Skipping acyclic component

CURRENTLY WORKING ON COMPONENT 39
Skipping acyclic component

CURRENTLY WORKING ON COMPONENT 40
Skipping acyclic component

CURRENTLY WORKING ON COMPONENT 41
Skipping acyclic component

CURRENTLY WORKING ON COMPONENT 42
Skipping acyclic component

CURRENTLY WORKING ON COMPONENT 43
Skipping acyclic component

CURRENTLY WORKING ON COMPONENT 44
Skipping acyclic component

CURRENTLY WORKING ON COMPONENT 45
Skipping acyclic component

CURRENTLY WORKING ON COMPONENT 46
Skipping acyclic component

CURRENTLY WORKING ON COMPONENT 47
Skipping acyclic component

CURRENTLY WORKING ON COMPONENT 48
Skipping acyclic component

CURRENTLY WORKING ON COMPONENT 49
Skipping acyclic component

CURRENTLY WORKING ON COMPONENT 50
Skipping acyclic component

CURRENTLY WORKING ON COMPONENT 51
Skipping acyclic component

CURRENTLY WORKING ON COMPONENT 52
Skipping acyclic component

CURRENTLY WORKING ON COMPONENT 53
Skipping acyclic component

CURRENTLY WORKING ON COMPONENT 54
Skipping acyclic component

CURRENTLY WORKING ON COMPONENT 55
Skipping acyclic component

CURRENTLY WORKING ON COMPONENT 56
Skipping acyclic component

CURRENTLY WORKING ON COMPONENT 57
Skipping acyclic component

CURRENTLY WORKING ON COMPONENT 58
Skipping acyclic component

CURRENTLY WORKING ON COMPONENT 59
Skipping acyclic component

CURRENTLY WORKING ON COMPONENT 60
Skipping acyclic component

CURRENTLY WORKING ON COMPONENT 61
Skipping acyclic component

CURRENTLY WORKING ON COMPONENT 62
Skipping acyclic component

CURRENTLY WORKING ON COMPONENT 63
Skipping acyclic component

CURRENTLY WORKING ON COMPONENT 64
Skipping acyclic component

CURRENTLY WORKING ON COMPONENT 65
Skipping acyclic component

CURRENTLY WORKING ON COMPONENT 66
Skipping acyclic component

CURRENTLY WORKING ON COMPONENT 67
Skipping acyclic component

CURRENTLY WORKING ON COMPONENT 68
Skipping acyclic component

CURRENTLY WORKING ON COMPONENT 69
Skipping acyclic component

CURRENTLY WORKING ON COMPONENT 70
Skipping acyclic component

CURRENTLY WORKING ON COMPONENT 71
Skipping acyclic component

CURRENTLY WORKING ON COMPONENT 72
Skipping acyclic component

CURRENTLY WORKING ON COMPONENT 73
Skipping acyclic component

CURRENTLY WORKING ON COMPONENT 74
Skipping acyclic component

CURRENTLY WORKING ON COMPONENT 75
Skipping acyclic component

CURRENTLY WORKING ON COMPONENT 76
Skipping acyclic component

CURRENTLY WORKING ON COMPONENT 77
Skipping acyclic component

CURRENTLY WORKING ON COMPONENT 78
Skipping acyclic component

CURRENTLY WORKING ON COMPONENT 79
Skipping acyclic component

CURRENTLY WORKING ON COMPONENT 80
Skipping acyclic component

CURRENTLY WORKING ON COMPONENT 81
Skipping acyclic component

CURRENTLY WORKING ON COMPONENT 82
Skipping acyclic component

CURRENTLY WORKING ON COMPONENT 83
Skipping acyclic component

CURRENTLY WORKING ON COMPONENT 84
Skipping acyclic component

CURRENTLY WORKING ON COMPONENT 85
Skipping acyclic component

CURRENTLY WORKING ON COMPONENT 86
Skipping acyclic component

CURRENTLY WORKING ON COMPONENT 87
Skipping acyclic component

CURRENTLY WORKING ON COMPONENT 88
Skipping acyclic component

CURRENTLY WORKING ON COMPONENT 89
Skipping acyclic component

CURRENTLY WORKING ON COMPONENT 90
Skipping acyclic component

CURRENTLY WORKING ON COMPONENT 91
Skipping acyclic component

CURRENTLY WORKING ON COMPONENT 92
Skipping acyclic component

CURRENTLY WORKING ON COMPONENT 93
Skipping acyclic component

CURRENTLY WORKING ON COMPONENT 94
Skipping acyclic component

CURRENTLY WORKING ON COMPONENT 95
Skipping acyclic component

CURRENTLY WORKING ON COMPONENT 96
Skipping acyclic component

CURRENTLY WORKING ON COMPONENT 97
Skipping acyclic component

CURRENTLY WORKING ON COMPONENT 98
Skipping acyclic component

CURRENTLY WORKING ON COMPONENT 99
Skipping acyclic component

CURRENTLY WORKING ON COMPONENT 100
Skipping acyclic component

CURRENTLY WORKING ON COMPONENT 101
Skipping acyclic component

CURRENTLY WORKING ON COMPONENT 102
Skipping acyclic component

CURRENTLY WORKING ON COMPONENT 103
Skipping acyclic component

CURRENTLY WORKING ON COMPONENT 104
Skipping acyclic component

CURRENTLY WORKING ON COMPONENT 105
Skipping acyclic component

CURRENTLY WORKING ON COMPONENT 106
Skipping acyclic component

CURRENTLY WORKING ON COMPONENT 107
Skipping acyclic component

CURRENTLY WORKING ON COMPONENT 108
Skipping acyclic component

CURRENTLY WORKING ON COMPONENT 109
Skipping acyclic component

CURRENTLY WORKING ON COMPONENT 110
Skipping acyclic component

CURRENTLY WORKING ON COMPONENT 111
Skipping acyclic component

CURRENTLY WORKING ON COMPONENT 112
Skipping acyclic component

CURRENTLY WORKING ON COMPONENT 113
Skipping acyclic component

CURRENTLY WORKING ON COMPONENT 114
Skipping acyclic component

CURRENTLY WORKING ON COMPONENT 115
Skipping acyclic component

CURRENTLY WORKING ON COMPONENT 116
Skipping acyclic component

CURRENTLY WORKING ON COMPONENT 117
Skipping acyclic component

CURRENTLY WORKING ON COMPONENT 118
Skipping acyclic component

CURRENTLY WORKING ON COMPONENT 119
Skipping acyclic component

CURRENTLY WORKING ON COMPONENT 120
Skipping acyclic component

CURRENTLY WORKING ON COMPONENT 121
Skipping acyclic component

CURRENTLY WORKING ON COMPONENT 122
Skipping acyclic component

CURRENTLY WORKING ON COMPONENT 123
Skipping acyclic component

CURRENTLY WORKING ON COMPONENT 124
Skipping acyclic component

CURRENTLY WORKING ON COMPONENT 125
Skipping acyclic component

CURRENTLY WORKING ON COMPONENT 126
Skipping acyclic component

CURRENTLY WORKING ON COMPONENT 127
Skipping acyclic component

CURRENTLY WORKING ON COMPONENT 128
Skipping acyclic component

CURRENTLY WORKING ON COMPONENT 129
Skipping acyclic component

CURRENTLY WORKING ON COMPONENT 130
Skipping acyclic component

CURRENTLY WORKING ON COMPONENT 131
Skipping acyclic component

CURRENTLY WORKING ON COMPONENT 132
Skipping acyclic component

CURRENTLY WORKING ON COMPONENT 133
Skipping acyclic component

CURRENTLY WORKING ON COMPONENT 134
Skipping acyclic component

CURRENTLY WORKING ON COMPONENT 135
Skipping acyclic component

CURRENTLY WORKING ON COMPONENT 136
Skipping acyclic component

CURRENTLY WORKING ON COMPONENT 137
Skipping acyclic component

CURRENTLY WORKING ON COMPONENT 138
Skipping acyclic component

CURRENTLY WORKING ON COMPONENT 139
Skipping acyclic component

CURRENTLY WORKING ON COMPONENT 140
Skipping acyclic component

CURRENTLY WORKING ON COMPONENT 141
Skipping acyclic component

CURRENTLY WORKING ON COMPONENT 142
Skipping acyclic component

CURRENTLY WORKING ON COMPONENT 143
Skipping acyclic component

CURRENTLY WORKING ON COMPONENT 144
Skipping acyclic component

CURRENTLY WORKING ON COMPONENT 145
Skipping acyclic component

CURRENTLY WORKING ON COMPONENT 146
Skipping acyclic component

CURRENTLY WORKING ON COMPONENT 147
Skipping acyclic component

CURRENTLY WORKING ON COMPONENT 148
Skipping acyclic component

CURRENTLY WORKING ON COMPONENT 149
Skipping acyclic component

CURRENTLY WORKING ON COMPONENT 150
Skipping acyclic component

CURRENTLY WORKING ON COMPONENT 151
Skipping acyclic component

CURRENTLY WORKING ON COMPONENT 152
Skipping acyclic component

CURRENTLY WORKING ON COMPONENT 153
Skipping acyclic component

CURRENTLY WORKING ON COMPONENT 154
Skipping acyclic component

CURRENTLY WORKING ON COMPONENT 155
Skipping acyclic component

CURRENTLY WORKING ON COMPONENT 156
Skipping acyclic component

CURRENTLY WORKING ON COMPONENT 157
Skipping acyclic component

CURRENTLY WORKING ON COMPONENT 158
Skipping acyclic component

CURRENTLY WORKING ON COMPONENT 159
Skipping acyclic component

CURRENTLY WORKING ON COMPONENT 160
Skipping acyclic component

CURRENTLY WORKING ON COMPONENT 161
Skipping acyclic component

CURRENTLY WORKING ON COMPONENT 162
Skipping acyclic component

CURRENTLY WORKING ON COMPONENT 163
Skipping acyclic component

CURRENTLY WORKING ON COMPONENT 164
Skipping acyclic component

CURRENTLY WORKING ON COMPONENT 165
Skipping acyclic component

CURRENTLY WORKING ON COMPONENT 166
Skipping acyclic component

CURRENTLY WORKING ON COMPONENT 167
Skipping acyclic component

CURRENTLY WORKING ON COMPONENT 168
Skipping acyclic component

CURRENTLY WORKING ON COMPONENT 169
Skipping acyclic component

CURRENTLY WORKING ON COMPONENT 170
Skipping acyclic component

CURRENTLY WORKING ON COMPONENT 171
Skipping acyclic component

CURRENTLY WORKING ON COMPONENT 172
Skipping acyclic component

CURRENTLY WORKING ON COMPONENT 173
Skipping acyclic component

CURRENTLY WORKING ON COMPONENT 174
Skipping acyclic component

CURRENTLY WORKING ON COMPONENT 175
Skipping acyclic component

CURRENTLY WORKING ON COMPONENT 176
Skipping acyclic component

CURRENTLY WORKING ON COMPONENT 177
Skipping acyclic component

CURRENTLY WORKING ON COMPONENT 178
Skipping acyclic component

CURRENTLY WORKING ON COMPONENT 179
Skipping acyclic component

CURRENTLY WORKING ON COMPONENT 180
Skipping acyclic component

CURRENTLY WORKING ON COMPONENT 181
Skipping acyclic component

CURRENTLY WORKING ON COMPONENT 182
Skipping acyclic component

CURRENTLY WORKING ON COMPONENT 183
Skipping acyclic component

CURRENTLY WORKING ON COMPONENT 184
Skipping acyclic component

CURRENTLY WORKING ON COMPONENT 185
Skipping acyclic component

CURRENTLY WORKING ON COMPONENT 186
Skipping acyclic component

CURRENTLY WORKING ON COMPONENT 187
Skipping acyclic component

CURRENTLY WORKING ON COMPONENT 188
Skipping acyclic component

CURRENTLY WORKING ON COMPONENT 189
Skipping acyclic component

CURRENTLY WORKING ON COMPONENT 190
Skipping acyclic component

CURRENTLY WORKING ON COMPONENT 191
Skipping acyclic component

CURRENTLY WORKING ON COMPONENT 192
Skipping acyclic component

CURRENTLY WORKING ON COMPONENT 193
Skipping acyclic component

CURRENTLY WORKING ON COMPONENT 194
Skipping acyclic component

CURRENTLY WORKING ON COMPONENT 195
Skipping acyclic component

CURRENTLY WORKING ON COMPONENT 196
Skipping acyclic component

CURRENTLY WORKING ON COMPONENT 197
Skipping acyclic component

CURRENTLY WORKING ON COMPONENT 198
Skipping acyclic component

CURRENTLY WORKING ON COMPONENT 199
Skipping acyclic component

CURRENTLY WORKING ON COMPONENT 200
Skipping acyclic component

CURRENTLY WORKING ON COMPONENT 201
Skipping acyclic component

CURRENTLY WORKING ON COMPONENT 202
Skipping acyclic component

CURRENTLY WORKING ON COMPONENT 203
Skipping acyclic component

CURRENTLY WORKING ON COMPONENT 204
Skipping acyclic component

CURRENTLY WORKING ON COMPONENT 205
Skipping acyclic component

CURRENTLY WORKING ON COMPONENT 206
Skipping acyclic component

CURRENTLY WORKING ON COMPONENT 207
Skipping acyclic component

CURRENTLY WORKING ON COMPONENT 208
Skipping acyclic component

CURRENTLY WORKING ON COMPONENT 209
Skipping acyclic component

CURRENTLY WORKING ON COMPONENT 210
Skipping acyclic component

CURRENTLY WORKING ON COMPONENT 211
Skipping acyclic component

CURRENTLY WORKING ON COMPONENT 212
Skipping acyclic component

CURRENTLY WORKING ON COMPONENT 213
Skipping acyclic component

CURRENTLY WORKING ON COMPONENT 214
Skipping acyclic component

CURRENTLY WORKING ON COMPONENT 215
Skipping acyclic component

CURRENTLY WORKING ON COMPONENT 216
Skipping acyclic component

CURRENTLY WORKING ON COMPONENT 217
Skipping acyclic component

CURRENTLY WORKING ON COMPONENT 218
Skipping acyclic component

CURRENTLY WORKING ON COMPONENT 219
Skipping acyclic component

CURRENTLY WORKING ON COMPONENT 220
Skipping acyclic component

CURRENTLY WORKING ON COMPONENT 221
Skipping acyclic component

CURRENTLY WORKING ON COMPONENT 222
Skipping acyclic component

CURRENTLY WORKING ON COMPONENT 223
Skipping acyclic component

CURRENTLY WORKING ON COMPONENT 224
Skipping acyclic component

CURRENTLY WORKING ON COMPONENT 225
Skipping acyclic component

CURRENTLY WORKING ON COMPONENT 226
Skipping acyclic component

CURRENTLY WORKING ON COMPONENT 227
Skipping acyclic component

CURRENTLY WORKING ON COMPONENT 228
Skipping acyclic component

CURRENTLY WORKING ON COMPONENT 229
Skipping acyclic component

CURRENTLY WORKING ON COMPONENT 230
Skipping acyclic component

CURRENTLY WORKING ON COMPONENT 231
Skipping acyclic component

CURRENTLY WORKING ON COMPONENT 232
Skipping acyclic component

CURRENTLY WORKING ON COMPONENT 233
Skipping acyclic component

CURRENTLY WORKING ON COMPONENT 234
Skipping acyclic component

CURRENTLY WORKING ON COMPONENT 235
Skipping acyclic component

CURRENTLY WORKING ON COMPONENT 236
Skipping acyclic component

CURRENTLY WORKING ON COMPONENT 237
Skipping acyclic component

CURRENTLY WORKING ON COMPONENT 238
Skipping acyclic component

CURRENTLY WORKING ON COMPONENT 239
Skipping acyclic component

CURRENTLY WORKING ON COMPONENT 240
Skipping acyclic component

CURRENTLY WORKING ON COMPONENT 241
Skipping acyclic component

CURRENTLY WORKING ON COMPONENT 242
Skipping acyclic component

CURRENTLY WORKING ON COMPONENT 243
Skipping acyclic component

CURRENTLY WORKING ON COMPONENT 244
Skipping acyclic component

CURRENTLY WORKING ON COMPONENT 245
Skipping acyclic component

CURRENTLY WORKING ON COMPONENT 246
Skipping acyclic component

CURRENTLY WORKING ON COMPONENT 247
Skipping acyclic component

CURRENTLY WORKING ON COMPONENT 248
Skipping acyclic component

CURRENTLY WORKING ON COMPONENT 249
Skipping acyclic component

CURRENTLY WORKING ON COMPONENT 250
Skipping acyclic component

CURRENTLY WORKING ON COMPONENT 251
Skipping acyclic component

CURRENTLY WORKING ON COMPONENT 252
Skipping acyclic component

CURRENTLY WORKING ON COMPONENT 253
Skipping acyclic component

CURRENTLY WORKING ON COMPONENT 254
Skipping acyclic component

CURRENTLY WORKING ON COMPONENT 255
Skipping acyclic component

CURRENTLY WORKING ON COMPONENT 256
Skipping acyclic component

CURRENTLY WORKING ON COMPONENT 257
Skipping acyclic component

CURRENTLY WORKING ON COMPONENT 258
Skipping acyclic component

CURRENTLY WORKING ON COMPONENT 259
Skipping acyclic component

CURRENTLY WORKING ON COMPONENT 260
Skipping acyclic component

CURRENTLY WORKING ON COMPONENT 261
Skipping acyclic component

CURRENTLY WORKING ON COMPONENT 262
Skipping acyclic component

CURRENTLY WORKING ON COMPONENT 263
Skipping acyclic component

CURRENTLY WORKING ON COMPONENT 264
Skipping acyclic component

CURRENTLY WORKING ON COMPONENT 265
Skipping acyclic component

CURRENTLY WORKING ON COMPONENT 266
Skipping acyclic component

CURRENTLY WORKING ON COMPONENT 267
Skipping acyclic component

CURRENTLY WORKING ON COMPONENT 268
Skipping acyclic component

CURRENTLY WORKING ON COMPONENT 269
Skipping acyclic component

CURRENTLY WORKING ON COMPONENT 270
Skipping acyclic component

CURRENTLY WORKING ON COMPONENT 271
Skipping acyclic component

CURRENTLY WORKING ON COMPONENT 272
Skipping acyclic component

CURRENTLY WORKING ON COMPONENT 273
Skipping acyclic component

CURRENTLY WORKING ON COMPONENT 274
Skipping acyclic component

CURRENTLY WORKING ON COMPONENT 275
Skipping acyclic component

CURRENTLY WORKING ON COMPONENT 276
Skipping acyclic component

CURRENTLY WORKING ON COMPONENT 277
Skipping acyclic component

CURRENTLY WORKING ON COMPONENT 278
Skipping acyclic component

CURRENTLY WORKING ON COMPONENT 279
Skipping acyclic component

CURRENTLY WORKING ON COMPONENT 280
Skipping acyclic component

CURRENTLY WORKING ON COMPONENT 281
Skipping acyclic component

CURRENTLY WORKING ON COMPONENT 282
Skipping acyclic component

CURRENTLY WORKING ON COMPONENT 283
Skipping acyclic component

CURRENTLY WORKING ON COMPONENT 284
Skipping acyclic component

CURRENTLY WORKING ON COMPONENT 285
Skipping acyclic component

CURRENTLY WORKING ON COMPONENT 286
Skipping acyclic component

CURRENTLY WORKING ON COMPONENT 287
Skipping acyclic component

CURRENTLY WORKING ON COMPONENT 288
Skipping acyclic component

CURRENTLY WORKING ON COMPONENT 289
Skipping acyclic component

CURRENTLY WORKING ON COMPONENT 290
Skipping acyclic component

CURRENTLY WORKING ON COMPONENT 291
Skipping acyclic component

CURRENTLY WORKING ON COMPONENT 292
Skipping acyclic component

CURRENTLY WORKING ON COMPONENT 293
Skipping acyclic component

CURRENTLY WORKING ON COMPONENT 294
Skipping acyclic component

CURRENTLY WORKING ON COMPONENT 295
Skipping acyclic component

CURRENTLY WORKING ON COMPONENT 296
Skipping acyclic component

CURRENTLY WORKING ON COMPONENT 297
Skipping acyclic component

CURRENTLY WORKING ON COMPONENT 298
Skipping acyclic component

CURRENTLY WORKING ON COMPONENT 299
Skipping acyclic component

CURRENTLY WORKING ON COMPONENT 300
Skipping acyclic component

CURRENTLY WORKING ON COMPONENT 301
Skipping acyclic component

CURRENTLY WORKING ON COMPONENT 302
Skipping acyclic component

CURRENTLY WORKING ON COMPONENT 303
Skipping acyclic component

CURRENTLY WORKING ON COMPONENT 304
Skipping acyclic component

CURRENTLY WORKING ON COMPONENT 305
Skipping acyclic component

CURRENTLY WORKING ON COMPONENT 306
Skipping acyclic component

CURRENTLY WORKING ON COMPONENT 307
Skipping acyclic component

CURRENTLY WORKING ON COMPONENT 308
Skipping acyclic component

CURRENTLY WORKING ON COMPONENT 309
Skipping acyclic component

CURRENTLY WORKING ON COMPONENT 310
Skipping acyclic component

CURRENTLY WORKING ON COMPONENT 311
Skipping acyclic component

CURRENTLY WORKING ON COMPONENT 312
Skipping acyclic component

CURRENTLY WORKING ON COMPONENT 313
Skipping acyclic component

CURRENTLY WORKING ON COMPONENT 314
Skipping acyclic component

CURRENTLY WORKING ON COMPONENT 315
Skipping acyclic component

CURRENTLY WORKING ON COMPONENT 316
Skipping acyclic component

CURRENTLY WORKING ON COMPONENT 317
Skipping acyclic component

CURRENTLY WORKING ON COMPONENT 318
Skipping acyclic component

CURRENTLY WORKING ON COMPONENT 319
Skipping acyclic component

CURRENTLY WORKING ON COMPONENT 320
Skipping acyclic component

CURRENTLY WORKING ON COMPONENT 321
Skipping acyclic component

CURRENTLY WORKING ON COMPONENT 322
Skipping acyclic component

CURRENTLY WORKING ON COMPONENT 323
Skipping acyclic component

CURRENTLY WORKING ON COMPONENT 324
Skipping acyclic component

CURRENTLY WORKING ON COMPONENT 325
Skipping acyclic component

CURRENTLY WORKING ON COMPONENT 326
Skipping acyclic component

CURRENTLY WORKING ON COMPONENT 327
Skipping acyclic component

CURRENTLY WORKING ON COMPONENT 328
Skipping acyclic component

CURRENTLY WORKING ON COMPONENT 329
Skipping acyclic component

CURRENTLY WORKING ON COMPONENT 330
Skipping acyclic component

CURRENTLY WORKING ON COMPONENT 331
Skipping acyclic component

CURRENTLY WORKING ON COMPONENT 332
Skipping acyclic component

CURRENTLY WORKING ON COMPONENT 333
Skipping acyclic component

CURRENTLY WORKING ON COMPONENT 334
Skipping acyclic component

CURRENTLY WORKING ON COMPONENT 335
Skipping acyclic component

CURRENTLY WORKING ON COMPONENT 336
Skipping acyclic component

CURRENTLY WORKING ON COMPONENT 337
Skipping acyclic component

CURRENTLY WORKING ON COMPONENT 338
Skipping acyclic component

CURRENTLY WORKING ON COMPONENT 339
Skipping acyclic component

CURRENTLY WORKING ON COMPONENT 340
Skipping acyclic component

CURRENTLY WORKING ON COMPONENT 341
Skipping acyclic component

CURRENTLY WORKING ON COMPONENT 342
Skipping acyclic component

CURRENTLY WORKING ON COMPONENT 343
Skipping acyclic component

CURRENTLY WORKING ON COMPONENT 344
Skipping acyclic component

CURRENTLY WORKING ON COMPONENT 345
Skipping acyclic component

CURRENTLY WORKING ON COMPONENT 346
Skipping acyclic component

CURRENTLY WORKING ON COMPONENT 347
Skipping acyclic component

CURRENTLY WORKING ON COMPONENT 348
Skipping acyclic component

CURRENTLY WORKING ON COMPONENT 349
Skipping acyclic component

CURRENTLY WORKING ON COMPONENT 350
Skipping acyclic component

CURRENTLY WORKING ON COMPONENT 351
Skipping acyclic component

CURRENTLY WORKING ON COMPONENT 352
Skipping acyclic component

CURRENTLY WORKING ON COMPONENT 353
Skipping acyclic component

CURRENTLY WORKING ON COMPONENT 354
Skipping acyclic component

CURRENTLY WORKING ON COMPONENT 355
Skipping acyclic component

CURRENTLY WORKING ON COMPONENT 356
Skipping acyclic component

CURRENTLY WORKING ON COMPONENT 357
Skipping acyclic component

CURRENTLY WORKING ON COMPONENT 358
Skipping acyclic component

CURRENTLY WORKING ON COMPONENT 359
Skipping acyclic component

CURRENTLY WORKING ON COMPONENT 360
Skipping acyclic component

CURRENTLY WORKING ON COMPONENT 361
Skipping acyclic component

CURRENTLY WORKING ON COMPONENT 362
Skipping acyclic component

CURRENTLY WORKING ON COMPONENT 363
Skipping acyclic component

CURRENTLY WORKING ON COMPONENT 364
Skipping acyclic component

CURRENTLY WORKING ON COMPONENT 365
Skipping acyclic component

CURRENTLY WORKING ON COMPONENT 366
Skipping acyclic component

CURRENTLY WORKING ON COMPONENT 367
Skipping acyclic component

CURRENTLY WORKING ON COMPONENT 368
Skipping acyclic component

CURRENTLY WORKING ON COMPONENT 369
Skipping acyclic component

CURRENTLY WORKING ON COMPONENT 370
Skipping acyclic component

CURRENTLY WORKING ON COMPONENT 371
Skipping acyclic component

CURRENTLY WORKING ON COMPONENT 372
Skipping acyclic component

CURRENTLY WORKING ON COMPONENT 373
Skipping acyclic component

CURRENTLY WORKING ON COMPONENT 374
Skipping acyclic component

CURRENTLY WORKING ON COMPONENT 375
Skipping acyclic component

CURRENTLY WORKING ON COMPONENT 376
Skipping acyclic component

CURRENTLY WORKING ON COMPONENT 377
Skipping acyclic component

CURRENTLY WORKING ON COMPONENT 378
Skipping acyclic component

CURRENTLY WORKING ON COMPONENT 379
Skipping acyclic component

CURRENTLY WORKING ON COMPONENT 380
Skipping acyclic component

CURRENTLY WORKING ON COMPONENT 381
Skipping acyclic component

CURRENTLY WORKING ON COMPONENT 382
Skipping acyclic component

CURRENTLY WORKING ON COMPONENT 383
Skipping acyclic component

CURRENTLY WORKING ON COMPONENT 384
Skipping acyclic component

CURRENTLY WORKING ON COMPONENT 385
Skipping acyclic component

CURRENTLY WORKING ON COMPONENT 386
Skipping acyclic component

CURRENTLY WORKING ON COMPONENT 387
Skipping acyclic component

CURRENTLY WORKING ON COMPONENT 388
Skipping acyclic component

CURRENTLY WORKING ON COMPONENT 389
Skipping acyclic component

CURRENTLY WORKING ON COMPONENT 390
Skipping acyclic component

CURRENTLY WORKING ON COMPONENT 391
Skipping acyclic component

CURRENTLY WORKING ON COMPONENT 392
Skipping acyclic component

CURRENTLY WORKING ON COMPONENT 393
Skipping acyclic component

CURRENTLY WORKING ON COMPONENT 394
Skipping acyclic component

CURRENTLY WORKING ON COMPONENT 395
Skipping acyclic component

CURRENTLY WORKING ON COMPONENT 396
Skipping acyclic component

CURRENTLY WORKING ON COMPONENT 397
Skipping acyclic component

CURRENTLY WORKING ON COMPONENT 398
Skipping acyclic component

CURRENTLY WORKING ON COMPONENT 399
Skipping acyclic component

CURRENTLY WORKING ON COMPONENT 400
Skipping acyclic component

CURRENTLY WORKING ON COMPONENT 401
Skipping acyclic component

CURRENTLY WORKING ON COMPONENT 402
Skipping acyclic component

CURRENTLY WORKING ON COMPONENT 403
Skipping acyclic component

CURRENTLY WORKING ON COMPONENT 404
Skipping acyclic component

CURRENTLY WORKING ON COMPONENT 405
Skipping acyclic component

CURRENTLY WORKING ON COMPONENT 406
Skipping acyclic component

CURRENTLY WORKING ON COMPONENT 407
Skipping acyclic component

CURRENTLY WORKING ON COMPONENT 408
Skipping acyclic component

CURRENTLY WORKING ON COMPONENT 409
Skipping acyclic component

CURRENTLY WORKING ON COMPONENT 410
Skipping acyclic component

CURRENTLY WORKING ON COMPONENT 411
Skipping acyclic component

CURRENTLY WORKING ON COMPONENT 412
Skipping acyclic component

CURRENTLY WORKING ON COMPONENT 413
Skipping acyclic component

CURRENTLY WORKING ON COMPONENT 414
Skipping acyclic component

CURRENTLY WORKING ON COMPONENT 415
Skipping acyclic component

CURRENTLY WORKING ON COMPONENT 416
Skipping acyclic component

CURRENTLY WORKING ON COMPONENT 417
Skipping acyclic component

CURRENTLY WORKING ON COMPONENT 418
Skipping acyclic component

CURRENTLY WORKING ON COMPONENT 419
Skipping acyclic component

CURRENTLY WORKING ON COMPONENT 420
Skipping acyclic component

CURRENTLY WORKING ON COMPONENT 421
Skipping acyclic component

CURRENTLY WORKING ON COMPONENT 422
Skipping acyclic component

CURRENTLY WORKING ON COMPONENT 423
Skipping acyclic component

CURRENTLY WORKING ON COMPONENT 424
Skipping acyclic component

CURRENTLY WORKING ON COMPONENT 425
Skipping acyclic component

CURRENTLY WORKING ON COMPONENT 426
Skipping acyclic component

CURRENTLY WORKING ON COMPONENT 427
Skipping acyclic component

CURRENTLY WORKING ON COMPONENT 428
Skipping acyclic component

CURRENTLY WORKING ON COMPONENT 429
Skipping acyclic component

CURRENTLY WORKING ON COMPONENT 430
Skipping acyclic component

CURRENTLY WORKING ON COMPONENT 431
Skipping acyclic component

CURRENTLY WORKING ON COMPONENT 432
Skipping acyclic component

CURRENTLY WORKING ON COMPONENT 433
Skipping acyclic component

CURRENTLY WORKING ON COMPONENT 434
Skipping acyclic component

CURRENTLY WORKING ON COMPONENT 435
Skipping acyclic component

CURRENTLY WORKING ON COMPONENT 436
Skipping acyclic component

CURRENTLY WORKING ON COMPONENT 437
Skipping acyclic component

CURRENTLY WORKING ON COMPONENT 438
Skipping acyclic component

CURRENTLY WORKING ON COMPONENT 439
Skipping acyclic component

CURRENTLY WORKING ON COMPONENT 440
Skipping acyclic component

CURRENTLY WORKING ON COMPONENT 441
Skipping acyclic component

CURRENTLY WORKING ON COMPONENT 442
Skipping acyclic component

CURRENTLY WORKING ON COMPONENT 443
Skipping acyclic component

CURRENTLY WORKING ON COMPONENT 444
Skipping acyclic component

CURRENTLY WORKING ON COMPONENT 445
Skipping acyclic component

CURRENTLY WORKING ON COMPONENT 446
Skipping acyclic component

CURRENTLY WORKING ON COMPONENT 447
Skipping acyclic component

CURRENTLY WORKING ON COMPONENT 448
Skipping acyclic component

CURRENTLY WORKING ON COMPONENT 449
Skipping acyclic component

CURRENTLY WORKING ON COMPONENT 450
Skipping acyclic component

CURRENTLY WORKING ON COMPONENT 451
Skipping acyclic component

CURRENTLY WORKING ON COMPONENT 452
Skipping acyclic component

CURRENTLY WORKING ON COMPONENT 453
Skipping acyclic component

CURRENTLY WORKING ON COMPONENT 454
Skipping acyclic component

CURRENTLY WORKING ON COMPONENT 455
Skipping acyclic component

CURRENTLY WORKING ON COMPONENT 456
Skipping acyclic component

CURRENTLY WORKING ON COMPONENT 457
Skipping acyclic component

CURRENTLY WORKING ON COMPONENT 458
Skipping acyclic component

CURRENTLY WORKING ON COMPONENT 459
Skipping acyclic component

CURRENTLY WORKING ON COMPONENT 460
Skipping acyclic component

CURRENTLY WORKING ON COMPONENT 461
Skipping acyclic component

CURRENTLY WORKING ON COMPONENT 462
Skipping acyclic component

CURRENTLY WORKING ON COMPONENT 463
Skipping acyclic component

CURRENTLY WORKING ON COMPONENT 464
Skipping acyclic component

CURRENTLY WORKING ON COMPONENT 465
Skipping acyclic component

CURRENTLY WORKING ON COMPONENT 466
Skipping acyclic component

CURRENTLY WORKING ON COMPONENT 467
Skipping acyclic component

CURRENTLY WORKING ON COMPONENT 468
Skipping acyclic component

CURRENTLY WORKING ON COMPONENT 469
Skipping acyclic component

CURRENTLY WORKING ON COMPONENT 470
Skipping acyclic component

CURRENTLY WORKING ON COMPONENT 471
Skipping acyclic component

CURRENTLY WORKING ON COMPONENT 472
Skipping acyclic component

CURRENTLY WORKING ON COMPONENT 473
Skipping acyclic component

CURRENTLY WORKING ON COMPONENT 474
Skipping acyclic component

CURRENTLY WORKING ON COMPONENT 475
Skipping acyclic component

CURRENTLY WORKING ON COMPONENT 476
Skipping acyclic component

CURRENTLY WORKING ON COMPONENT 477
Skipping acyclic component

CURRENTLY WORKING ON COMPONENT 478
Skipping acyclic component

CURRENTLY WORKING ON COMPONENT 479
Skipping acyclic component

CURRENTLY WORKING ON COMPONENT 480
Skipping acyclic component

CURRENTLY WORKING ON COMPONENT 481
Skipping acyclic component

CURRENTLY WORKING ON COMPONENT 482
Skipping acyclic component

CURRENTLY WORKING ON COMPONENT 483
Skipping acyclic component

CURRENTLY WORKING ON COMPONENT 484
Skipping acyclic component

CURRENTLY WORKING ON COMPONENT 485
Skipping acyclic component

CURRENTLY WORKING ON COMPONENT 486
Skipping acyclic component

CURRENTLY WORKING ON COMPONENT 487
Skipping acyclic component

CURRENTLY WORKING ON COMPONENT 488
Skipping acyclic component

CURRENTLY WORKING ON COMPONENT 489
Skipping acyclic component

CURRENTLY WORKING ON COMPONENT 490
Skipping acyclic component

CURRENTLY WORKING ON COMPONENT 491
Skipping acyclic component

CURRENTLY WORKING ON COMPONENT 492
Skipping acyclic component

CURRENTLY WORKING ON COMPONENT 493
Skipping acyclic component

CURRENTLY WORKING ON COMPONENT 494
Skipping acyclic component

CURRENTLY WORKING ON COMPONENT 495
Skipping acyclic component

CURRENTLY WORKING ON COMPONENT 496
Skipping acyclic component

CURRENTLY WORKING ON COMPONENT 497
Skipping acyclic component

CURRENTLY WORKING ON COMPONENT 498
Skipping acyclic component

CURRENTLY WORKING ON COMPONENT 499
Skipping acyclic component

CURRENTLY WORKING ON COMPONENT 500
Skipping acyclic component
Total penalty: 532
SOLUTION IS VALID
