Found 199 strongly connected components

CURRENTLY WORKING ON COMPONENT 1
Skipping acyclic component

CURRENTLY WORKING ON COMPONENT 2
Skipping acyclic component

CURRENTLY WORKING ON COMPONENT 3
Skipping acyclic component

CURRENTLY WORKING ON COMPONENT 4
Skipping acyclic component

CURRENTLY WORKING ON COMPONENT 5
Skipping acyclic component

CURRENTLY WORKING ON COMPONENT 6
Skipping acyclic component

CURRENTLY WORKING ON COMPONENT 7
Skipping acyclic component

CURRENTLY WORKING ON COMPONENT 8
Skipping acyclic component

CURRENTLY WORKING ON COMPONENT 9
Dynamic programming solution found with score: 0. Took 0 sec

CURRENTLY WORKING ON COMPONENT 10
Skipping acyclic component

CURRENTLY WORKING ON COMPONENT 11
Skipping acyclic component

CURRENTLY WORKING ON COMPONENT 12
Skipping acyclic component

CURRENTLY WORKING ON COMPONENT 13
Skipping acyclic component

CURRENTLY WORKING ON COMPONENT 14
Skipping acyclic component

CURRENTLY WORKING ON COMPONENT 15
Skipping acyclic component

CURRENTLY WORKING ON COMPONENT 16
Skipping acyclic component

CURRENTLY WORKING ON COMPONENT 17
Skipping acyclic component

CURRENTLY WORKING ON COMPONENT 18
Skipping acyclic component

CURRENTLY WORKING ON COMPONENT 19
Skipping acyclic component

CURRENTLY WORKING ON COMPONENT 20
Skipping acyclic component

CURRENTLY WORKING ON COMPONENT 21
Skipping acyclic component

CURRENTLY WORKING ON COMPONENT 22
Skipping acyclic component

CURRENTLY WORKING ON COMPONENT 23
Skipping acyclic component

CURRENTLY WORKING ON COMPONENT 24
Skipping acyclic component

CURRENTLY WORKING ON COMPONENT 25
Skipping acyclic component

CURRENTLY WORKING ON COMPONENT 26
Skipping acyclic component

CURRENTLY WORKING ON COMPONENT 27
Skipping acyclic component

CURRENTLY WORKING ON COMPONENT 28
Skipping acyclic component

CURRENTLY WORKING ON COMPONENT 29
Skipping acyclic component

CURRENTLY WORKING ON COMPONENT 30
Skipping acyclic component

CURRENTLY WORKING ON COMPONENT 31
Skipping acyclic component

CURRENTLY WORKING ON COMPONENT 32
Skipping acyclic component

CURRENTLY WORKING ON COMPONENT 33
Skipping acyclic component

CURRENTLY WORKING ON COMPONENT 34
Skipping acyclic component

CURRENTLY WORKING ON COMPONENT 35
Skipping acyclic component

CURRENTLY WORKING ON COMPONENT 36
Skipping acyclic component

CURRENTLY WORKING ON COMPONENT 37
Skipping acyclic component

CURRENTLY WORKING ON COMPONENT 38
Skipping acyclic component

CURRENTLY WORKING ON COMPONENT 39
Skipping acyclic component

CURRENTLY WORKING ON COMPONENT 40
Skipping acyclic component

CURRENTLY WORKING ON COMPONENT 41
Skipping acyclic component

CURRENTLY WORKING ON COMPONENT 42
Skipping acyclic component

CURRENTLY WORKING ON COMPONENT 43
Skipping acyclic component

CURRENTLY WORKING ON COMPONENT 44
Skipping acyclic component

CURRENTLY WORKING ON COMPONENT 45
Skipping acyclic component

CURRENTLY WORKING ON COMPONENT 46
Skipping acyclic component

CURRENTLY WORKING ON COMPONENT 47
Skipping acyclic component

CURRENTLY WORKING ON COMPONENT 48
Skipping acyclic component

CURRENTLY WORKING ON COMPONENT 49
Skipping acyclic component

CURRENTLY WORKING ON COMPONENT 50
Skipping acyclic component

CURRENTLY WORKING ON COMPONENT 51
Skipping acyclic component

CURRENTLY WORKING ON COMPONENT 52
Skipping acyclic component

CURRENTLY WORKING ON COMPONENT 53
Skipping acyclic component

CURRENTLY WORKING ON COMPONENT 54
Skipping acyclic component

CURRENTLY WORKING ON COMPONENT 55
Skipping acyclic component

CURRENTLY WORKING ON COMPONENT 56
Skipping acyclic component

CURRENTLY WORKING ON COMPONENT 57
Skipping acyclic component

CURRENTLY WORKING ON COMPONENT 58
Skipping acyclic component

CURRENTLY WORKING ON COMPONENT 59
Skipping acyclic component

CURRENTLY WORKING ON COMPONENT 60
Skipping acyclic component

CURRENTLY WORKING ON COMPONENT 61
Skipping acyclic component

CURRENTLY WORKING ON COMPONENT 62
Skipping acyclic component

CURRENTLY WORKING ON COMPONENT 63
Skipping acyclic component

CURRENTLY WORKING ON COMPONENT 64
Skipping acyclic component

CURRENTLY WORKING ON COMPONENT 65
Skipping acyclic component

CURRENTLY WORKING ON COMPONENT 66
Skipping acyclic component

CURRENTLY WORKING ON COMPONENT 67
Skipping acyclic component

CURRENTLY WORKING ON COMPONENT 68
Skipping acyclic component

CURRENTLY WORKING ON COMPONENT 69
Skipping acyclic component

CURRENTLY WORKING ON COMPONENT 70
Skipping acyclic component

CURRENTLY WORKING ON COMPONENT 71
Skipping acyclic component

CURRENTLY WORKING ON COMPONENT 72
Skipping acyclic component

CURRENTLY WORKING ON COMPONENT 73
Skipping acyclic component

CURRENTLY WORKING ON COMPONENT 74
Skipping acyclic component

CURRENTLY WORKING ON COMPONENT 75
Skipping acyclic component

CURRENTLY WORKING ON COMPONENT 76
Skipping acyclic component

CURRENTLY WORKING ON COMPONENT 77
Skipping acyclic component

CURRENTLY WORKING ON COMPONENT 78
Skipping acyclic component

CURRENTLY WORKING ON COMPONENT 79
Skipping acyclic component

CURRENTLY WORKING ON COMPONENT 80
Skipping acyclic component

CURRENTLY WORKING ON COMPONENT 81
Skipping acyclic component

CURRENTLY WORKING ON COMPONENT 82
Skipping acyclic component

CURRENTLY WORKING ON COMPONENT 83
Skipping acyclic component

CURRENTLY WORKING ON COMPONENT 84
Skipping acyclic component

CURRENTLY WORKING ON COMPONENT 85
Skipping acyclic component

CURRENTLY WORKING ON COMPONENT 86
Skipping acyclic component

CURRENTLY WORKING ON COMPONENT 87
Skipping acyclic component

CURRENTLY WORKING ON COMPONENT 88
Skipping acyclic component

CURRENTLY WORKING ON COMPONENT 89
Skipping acyclic component

CURRENTLY WORKING ON COMPONENT 90
Skipping acyclic component

CURRENTLY WORKING ON COMPONENT 91
Skipping acyclic component

CURRENTLY WORKING ON COMPONENT 92
Skipping acyclic component

CURRENTLY WORKING ON COMPONENT 93
Skipping acyclic component

CURRENTLY WORKING ON COMPONENT 94
Skipping acyclic component

CURRENTLY WORKING ON COMPONENT 95
Skipping acyclic component

CURRENTLY WORKING ON COMPONENT 96
Skipping acyclic component

CURRENTLY WORKING ON COMPONENT 97
Skipping acyclic component

CURRENTLY WORKING ON COMPONENT 98
Skipping acyclic component

CURRENTLY WORKING ON COMPONENT 99
Skipping acyclic component

CURRENTLY WORKING ON COMPONENT 100
Skipping acyclic component

CURRENTLY WORKING ON COMPONENT 101
Skipping acyclic component

CURRENTLY WORKING ON COMPONENT 102
Skipping acyclic component

CURRENTLY WORKING ON COMPONENT 103
Skipping acyclic component

CURRENTLY WORKING ON COMPONENT 104
Skipping acyclic component

CURRENTLY WORKING ON COMPONENT 105
Skipping acyclic component

CURRENTLY WORKING ON COMPONENT 106
Skipping acyclic component

CURRENTLY WORKING ON COMPONENT 107
Skipping acyclic component

CURRENTLY WORKING ON COMPONENT 108
Skipping acyclic component

CURRENTLY WORKING ON COMPONENT 109
Skipping acyclic component

CURRENTLY WORKING ON COMPONENT 110
Skipping acyclic component

CURRENTLY WORKING ON COMPONENT 111
Skipping acyclic component

CURRENTLY WORKING ON COMPONENT 112
Skipping acyclic component

CURRENTLY WORKING ON COMPONENT 113
Skipping acyclic component

CURRENTLY WORKING ON COMPONENT 114
Skipping acyclic component

CURRENTLY WORKING ON COMPONENT 115
Skipping acyclic component

CURRENTLY WORKING ON COMPONENT 116
Skipping acyclic component

CURRENTLY WORKING ON COMPONENT 117
Skipping acyclic component

CURRENTLY WORKING ON COMPONENT 118
Skipping acyclic component

CURRENTLY WORKING ON COMPONENT 119
Skipping acyclic component

CURRENTLY WORKING ON COMPONENT 120
Skipping acyclic component

CURRENTLY WORKING ON COMPONENT 121
Skipping acyclic component

CURRENTLY WORKING ON COMPONENT 122
Skipping acyclic component

CURRENTLY WORKING ON COMPONENT 123
Skipping acyclic component

CURRENTLY WORKING ON COMPONENT 124
Skipping acyclic component

CURRENTLY WORKING ON COMPONENT 125
Skipping acyclic component

CURRENTLY WORKING ON COMPONENT 126
Skipping acyclic component

CURRENTLY WORKING ON COMPONENT 127
Skipping acyclic component

CURRENTLY WORKING ON COMPONENT 128
Skipping acyclic component

CURRENTLY WORKING ON COMPONENT 129
Skipping acyclic component

CURRENTLY WORKING ON COMPONENT 130
Skipping acyclic component

CURRENTLY WORKING ON COMPONENT 131
Skipping acyclic component

CURRENTLY WORKING ON COMPONENT 132
Skipping acyclic component

CURRENTLY WORKING ON COMPONENT 133
Skipping acyclic component

CURRENTLY WORKING ON COMPONENT 134
Skipping acyclic component

CURRENTLY WORKING ON COMPONENT 135
Skipping acyclic component

CURRENTLY WORKING ON COMPONENT 136
Skipping acyclic component

CURRENTLY WORKING ON COMPONENT 137
Skipping acyclic component

CURRENTLY WORKING ON COMPONENT 138
Skipping acyclic component

CURRENTLY WORKING ON COMPONENT 139
Skipping acyclic component

CURRENTLY WORKING ON COMPONENT 140
Skipping acyclic component

CURRENTLY WORKING ON COMPONENT 141
Skipping acyclic component

CURRENTLY WORKING ON COMPONENT 142
Skipping acyclic component

CURRENTLY WORKING ON COMPONENT 143
Skipping acyclic component

CURRENTLY WORKING ON COMPONENT 144
Skipping acyclic component

CURRENTLY WORKING ON COMPONENT 145
Skipping acyclic component

CURRENTLY WORKING ON COMPONENT 146
Skipping acyclic component

CURRENTLY WORKING ON COMPONENT 147
Skipping acyclic component

CURRENTLY WORKING ON COMPONENT 148
Skipping acyclic component

CURRENTLY WORKING ON COMPONENT 149
Skipping acyclic component

CURRENTLY WORKING ON COMPONENT 150
Skipping acyclic component

CURRENTLY WORKING ON COMPONENT 151
Skipping acyclic component

CURRENTLY WORKING ON COMPONENT 152
Skipping acyclic component

CURRENTLY WORKING ON COMPONENT 153
Skipping acyclic component

CURRENTLY WORKING ON COMPONENT 154
Skipping acyclic component

CURRENTLY WORKING ON COMPONENT 155
Skipping acyclic component

CURRENTLY WORKING ON COMPONENT 156
Skipping acyclic component

CURRENTLY WORKING ON COMPONENT 157
Skipping acyclic component

CURRENTLY WORKING ON COMPONENT 158
Skipping acyclic component

CURRENTLY WORKING ON COMPONENT 159
Skipping acyclic component

CURRENTLY WORKING ON COMPONENT 160
Skipping acyclic component

CURRENTLY WORKING ON COMPONENT 161
Skipping acyclic component

CURRENTLY WORKING ON COMPONENT 162
Skipping acyclic component

CURRENTLY WORKING ON COMPONENT 163
Skipping acyclic component

CURRENTLY WORKING ON COMPONENT 164
Skipping acyclic component

CURRENTLY WORKING ON COMPONENT 165
Skipping acyclic component

CURRENTLY WORKING ON COMPONENT 166
Skipping acyclic component

CURRENTLY WORKING ON COMPONENT 167
Skipping acyclic component

CURRENTLY WORKING ON COMPONENT 168
Skipping acyclic component

CURRENTLY WORKING ON COMPONENT 169
Skipping acyclic component

CURRENTLY WORKING ON COMPONENT 170
Skipping acyclic component

CURRENTLY WORKING ON COMPONENT 171
Skipping acyclic component

CURRENTLY WORKING ON COMPONENT 172
Skipping acyclic component

CURRENTLY WORKING ON COMPONENT 173
Skipping acyclic component

CURRENTLY WORKING ON COMPONENT 174
Skipping acyclic component

CURRENTLY WORKING ON COMPONENT 175
Skipping acyclic component

CURRENTLY WORKING ON COMPONENT 176
Skipping acyclic component

CURRENTLY WORKING ON COMPONENT 177
Skipping acyclic component

CURRENTLY WORKING ON COMPONENT 178
Skipping acyclic component

CURRENTLY WORKING ON COMPONENT 179
Skipping acyclic component

CURRENTLY WORKING ON COMPONENT 180
Skipping acyclic component

CURRENTLY WORKING ON COMPONENT 181
Skipping acyclic component

CURRENTLY WORKING ON COMPONENT 182
Skipping acyclic component

CURRENTLY WORKING ON COMPONENT 183
Skipping acyclic component

CURRENTLY WORKING ON COMPONENT 184
Skipping acyclic component

CURRENTLY WORKING ON COMPONENT 185
Skipping acyclic component

CURRENTLY WORKING ON COMPONENT 186
Skipping acyclic component

CURRENTLY WORKING ON COMPONENT 187
Skipping acyclic component

CURRENTLY WORKING ON COMPONENT 188
Skipping acyclic component

CURRENTLY WORKING ON COMPONENT 189
Skipping acyclic component

CURRENTLY WORKING ON COMPONENT 190
Skipping acyclic component

CURRENTLY WORKING ON COMPONENT 191
Skipping acyclic component

CURRENTLY WORKING ON COMPONENT 192
Skipping acyclic component

CURRENTLY WORKING ON COMPONENT 193
Skipping acyclic component

CURRENTLY WORKING ON COMPONENT 194
Skipping acyclic component

CURRENTLY WORKING ON COMPONENT 195
Skipping acyclic component

CURRENTLY WORKING ON COMPONENT 196
Skipping acyclic component

CURRENTLY WORKING ON COMPONENT 197
Skipping acyclic component

CURRENTLY WORKING ON COMPONENT 198
Skipping acyclic component

CURRENTLY WORKING ON COMPONENT 199
Skipping acyclic component
Total penalty: 210
SOLUTION IS VALID
