Found 52 strongly connected components

CURRENTLY WORKING ON COMPONENT 1
Skipping acyclic component

CURRENTLY WORKING ON COMPONENT 2
Skipping acyclic component

CURRENTLY WORKING ON COMPONENT 3
Skipping acyclic component

CURRENTLY WORKING ON COMPONENT 4
Skipping acyclic component

CURRENTLY WORKING ON COMPONENT 5
Skipping acyclic component

CURRENTLY WORKING ON COMPONENT 6
Skipping acyclic component

CURRENTLY WORKING ON COMPONENT 7
Skipping acyclic component

CURRENTLY WORKING ON COMPONENT 8
Dynamic programming solution found with score: 0. Took 0 sec

CURRENTLY WORKING ON COMPONENT 9
Skipping acyclic component

CURRENTLY WORKING ON COMPONENT 10
Dynamic programming solution found with score: 8. Took 0 sec

CURRENTLY WORKING ON COMPONENT 11
Dynamic programming solution found with score: 8. Took 0 sec

CURRENTLY WORKING ON COMPONENT 12
Skipping acyclic component

CURRENTLY WORKING ON COMPONENT 13
Skipping acyclic component

CURRENTLY WORKING ON COMPONENT 14
Skipping acyclic component

CURRENTLY WORKING ON COMPONENT 15
Dynamic programming solution found with score: 0. Took 0 sec

CURRENTLY WORKING ON COMPONENT 16
Skipping acyclic component

CURRENTLY WORKING ON COMPONENT 17
Dynamic programming solution found with score: 0. Took 0 sec

CURRENTLY WORKING ON COMPONENT 18
New random solution with penalty in component: 14. Took 0 sec
Local search improved penalty in component to: 14. Took 0 sec
Best solution reduces penalty in component to: 14
New random solution with penalty in component: 14. Took 0 sec
Local search improved penalty in component to: 14. Took 0 sec
Best solution reduces penalty in component to: 14
New random solution with penalty in component: 14. Took 0 sec
Local search improved penalty in component to: 14. Took 0 sec
Best solution reduces penalty in component to: 14
New random solution with penalty in component: 14. Took 0 sec
Local search improved penalty in component to: 14. Took 0 sec
Best solution reduces penalty in component to: 14
New random solution with penalty in component: 14. Took 0 sec
Local search improved penalty in component to: 14. Took 0 sec
Best solution reduces penalty in component to: 14
New random solution with penalty in component: 14. Took 0 sec
Local search improved penalty in component to: 14. Took 0 sec
Best solution reduces penalty in component to: 14
New random solution with penalty in component: 14. Took 0 sec
Local search improved penalty in component to: 14. Took 0 sec
Best solution reduces penalty in component to: 14
New random solution with penalty in component: 14. Took 0 sec
Local search improved penalty in component to: 14. Took 0 sec
Best solution reduces penalty in component to: 14
New random solution with penalty in component: 14. Took 0 sec
Local search improved penalty in component to: 14. Took 0 sec
Best solution reduces penalty in component to: 14
New random solution with penalty in component: 14. Took 0 sec
Local search improved penalty in component to: 14. Took 0 sec
Best solution reduces penalty in component to: 14
New random solution with penalty in component: 14. Took 0 sec
Local search improved penalty in component to: 14. Took 0 sec
Best solution reduces penalty in component to: 14
New random solution with penalty in component: 14. Took 0 sec
Local search improved penalty in component to: 14. Took 0 sec
Best solution reduces penalty in component to: 14
New random solution with penalty in component: 14. Took 0 sec
Local search improved penalty in component to: 14. Took 0 sec
Best solution reduces penalty in component to: 14
New random solution with penalty in component: 14. Took 0 sec
Local search improved penalty in component to: 14. Took 0 sec
Best solution reduces penalty in component to: 14
New random solution with penalty in component: 14. Took 0 sec
Local search improved penalty in component to: 14. Took 0 sec
Best solution reduces penalty in component to: 14
New random solution with penalty in component: 14. Took 0 sec
Local search improved penalty in component to: 14. Took 0 sec
Best solution reduces penalty in component to: 14
New random solution with penalty in component: 14. Took 0 sec
Local search improved penalty in component to: 14. Took 0 sec
Best solution reduces penalty in component to: 14
New random solution with penalty in component: 14. Took 0 sec
Local search improved penalty in component to: 14. Took 0 sec
Best solution reduces penalty in component to: 14
New random solution with penalty in component: 14. Took 0 sec
Local search improved penalty in component to: 14. Took 0 sec
Best solution reduces penalty in component to: 14
New random solution with penalty in component: 14. Took 0 sec
Local search improved penalty in component to: 14. Took 0 sec
Best solution reduces penalty in component to: 14

CURRENTLY WORKING ON COMPONENT 19
Dynamic programming solution found with score: 8. Took 0 sec

CURRENTLY WORKING ON COMPONENT 20
Dynamic programming solution found with score: 9. Took 0 sec

CURRENTLY WORKING ON COMPONENT 21
Skipping acyclic component

CURRENTLY WORKING ON COMPONENT 22
Dynamic programming solution found with score: 0. Took 0 sec

CURRENTLY WORKING ON COMPONENT 23
New random solution with penalty in component: 17. Took 0 sec
Local search improved penalty in component to: 17. Took 0 sec
Best solution reduces penalty in component to: 17
New random solution with penalty in component: 17. Took 0 sec
Local search improved penalty in component to: 17. Took 0 sec
Best solution reduces penalty in component to: 17
New random solution with penalty in component: 17. Took 0 sec
Local search improved penalty in component to: 17. Took 0 sec
Best solution reduces penalty in component to: 17
New random solution with penalty in component: 17. Took 0 sec
Local search improved penalty in component to: 17. Took 0 sec
Best solution reduces penalty in component to: 17
New random solution with penalty in component: 17. Took 0 sec
Local search improved penalty in component to: 17. Took 0 sec
Best solution reduces penalty in component to: 17
New random solution with penalty in component: 17. Took 0 sec
Local search improved penalty in component to: 17. Took 0 sec
Best solution reduces penalty in component to: 17
New random solution with penalty in component: 17. Took 0 sec
Local search improved penalty in component to: 17. Took 0 sec
Best solution reduces penalty in component to: 17
New random solution with penalty in component: 17. Took 0 sec
Local search improved penalty in component to: 17. Took 0 sec
Best solution reduces penalty in component to: 17
New random solution with penalty in component: 17. Took 0 sec
Local search improved penalty in component to: 17. Took 0 sec
Best solution reduces penalty in component to: 17
New random solution with penalty in component: 17. Took 0 sec
Local search improved penalty in component to: 17. Took 0 sec
Best solution reduces penalty in component to: 17
New random solution with penalty in component: 17. Took 0 sec
Local search improved penalty in component to: 17. Took 0 sec
Best solution reduces penalty in component to: 17
New random solution with penalty in component: 17. Took 0 sec
Local search improved penalty in component to: 17. Took 0 sec
Best solution reduces penalty in component to: 17
New random solution with penalty in component: 17. Took 0 sec
Local search improved penalty in component to: 17. Took 0 sec
Best solution reduces penalty in component to: 17
New random solution with penalty in component: 17. Took 0 sec
Local search improved penalty in component to: 17. Took 0 sec
Best solution reduces penalty in component to: 17
New random solution with penalty in component: 17. Took 0 sec
Local search improved penalty in component to: 17. Took 0 sec
Best solution reduces penalty in component to: 17
New random solution with penalty in component: 17. Took 0 sec
Local search improved penalty in component to: 17. Took 0 sec
Best solution reduces penalty in component to: 17
New random solution with penalty in component: 17. Took 0 sec
Local search improved penalty in component to: 17. Took 0 sec
Best solution reduces penalty in component to: 17
New random solution with penalty in component: 17. Took 0 sec
Local search improved penalty in component to: 17. Took 0 sec
Best solution reduces penalty in component to: 17
New random solution with penalty in component: 17. Took 0 sec
Local search improved penalty in component to: 17. Took 0 sec
Best solution reduces penalty in component to: 17
New random solution with penalty in component: 17. Took 0 sec
Local search improved penalty in component to: 17. Took 0 sec
Best solution reduces penalty in component to: 17

CURRENTLY WORKING ON COMPONENT 24
Dynamic programming solution found with score: 8. Took 0 sec

CURRENTLY WORKING ON COMPONENT 25
New random solution with penalty in component: 26. Took 0 sec
Local search improved penalty in component to: 26. Took 0 sec
Best solution reduces penalty in component to: 26
New random solution with penalty in component: 26. Took 0 sec
Local search improved penalty in component to: 26. Took 0 sec
Best solution reduces penalty in component to: 26
New random solution with penalty in component: 26. Took 0 sec
Local search improved penalty in component to: 26. Took 0 sec
Best solution reduces penalty in component to: 26
New random solution with penalty in component: 26. Took 0 sec
Local search improved penalty in component to: 26. Took 0 sec
Best solution reduces penalty in component to: 26
New random solution with penalty in component: 26. Took 0 sec
Local search improved penalty in component to: 26. Took 0 sec
Best solution reduces penalty in component to: 26
New random solution with penalty in component: 26. Took 0 sec
Local search improved penalty in component to: 26. Took 0 sec
Best solution reduces penalty in component to: 26
New random solution with penalty in component: 26. Took 0 sec
Local search improved penalty in component to: 26. Took 0 sec
Best solution reduces penalty in component to: 26
New random solution with penalty in component: 26. Took 0 sec
Local search improved penalty in component to: 26. Took 0 sec
Best solution reduces penalty in component to: 26
New random solution with penalty in component: 26. Took 0 sec
Local search improved penalty in component to: 26. Took 0 sec
Best solution reduces penalty in component to: 26
New random solution with penalty in component: 26. Took 0 sec
Local search improved penalty in component to: 26. Took 0 sec
Best solution reduces penalty in component to: 26
New random solution with penalty in component: 26. Took 0 sec
Local search improved penalty in component to: 26. Took 0 sec
Best solution reduces penalty in component to: 26
New random solution with penalty in component: 26. Took 0 sec
Local search improved penalty in component to: 26. Took 0 sec
Best solution reduces penalty in component to: 26
New random solution with penalty in component: 26. Took 0 sec
Local search improved penalty in component to: 26. Took 0 sec
Best solution reduces penalty in component to: 26
New random solution with penalty in component: 26. Took 0 sec
Local search improved penalty in component to: 26. Took 0 sec
Best solution reduces penalty in component to: 26
New random solution with penalty in component: 26. Took 0 sec
Local search improved penalty in component to: 26. Took 0 sec
Best solution reduces penalty in component to: 26
New random solution with penalty in component: 26. Took 0 sec
Local search improved penalty in component to: 26. Took 0 sec
Best solution reduces penalty in component to: 26
New random solution with penalty in component: 26. Took 0 sec
Local search improved penalty in component to: 26. Took 0 sec
Best solution reduces penalty in component to: 26
New random solution with penalty in component: 26. Took 0 sec
Local search improved penalty in component to: 26. Took 0 sec
Best solution reduces penalty in component to: 26
New random solution with penalty in component: 26. Took 0 sec
Local search improved penalty in component to: 26. Took 0 sec
Best solution reduces penalty in component to: 26
New random solution with penalty in component: 26. Took 0 sec
Local search improved penalty in component to: 26. Took 0 sec
Best solution reduces penalty in component to: 26

CURRENTLY WORKING ON COMPONENT 26
New random solution with penalty in component: 12. Took 0 sec
Local search improved penalty in component to: 12. Took 0 sec
Best solution reduces penalty in component to: 12
New random solution with penalty in component: 12. Took 0 sec
Local search improved penalty in component to: 12. Took 0 sec
Best solution reduces penalty in component to: 12
New random solution with penalty in component: 12. Took 0 sec
Local search improved penalty in component to: 12. Took 0 sec
Best solution reduces penalty in component to: 12
New random solution with penalty in component: 12. Took 0 sec
Local search improved penalty in component to: 12. Took 0 sec
Best solution reduces penalty in component to: 12
New random solution with penalty in component: 12. Took 0 sec
Local search improved penalty in component to: 12. Took 0 sec
Best solution reduces penalty in component to: 12
New random solution with penalty in component: 12. Took 0 sec
Local search improved penalty in component to: 12. Took 0 sec
Best solution reduces penalty in component to: 12
New random solution with penalty in component: 12. Took 0 sec
Local search improved penalty in component to: 12. Took 0 sec
Best solution reduces penalty in component to: 12
New random solution with penalty in component: 12. Took 0 sec
Local search improved penalty in component to: 12. Took 0 sec
Best solution reduces penalty in component to: 12
New random solution with penalty in component: 12. Took 0 sec
Local search improved penalty in component to: 12. Took 0 sec
Best solution reduces penalty in component to: 12
New random solution with penalty in component: 12. Took 0 sec
Local search improved penalty in component to: 12. Took 0 sec
Best solution reduces penalty in component to: 12
New random solution with penalty in component: 12. Took 0 sec
Local search improved penalty in component to: 12. Took 0 sec
Best solution reduces penalty in component to: 12
New random solution with penalty in component: 12. Took 0 sec
Local search improved penalty in component to: 12. Took 0 sec
Best solution reduces penalty in component to: 12
New random solution with penalty in component: 12. Took 0 sec
Local search improved penalty in component to: 12. Took 0 sec
Best solution reduces penalty in component to: 12
New random solution with penalty in component: 12. Took 0 sec
Local search improved penalty in component to: 12. Took 0 sec
Best solution reduces penalty in component to: 12
New random solution with penalty in component: 12. Took 0 sec
Local search improved penalty in component to: 12. Took 0 sec
Best solution reduces penalty in component to: 12
New random solution with penalty in component: 12. Took 0 sec
Local search improved penalty in component to: 12. Took 0 sec
Best solution reduces penalty in component to: 12
New random solution with penalty in component: 12. Took 0 sec
Local search improved penalty in component to: 12. Took 0 sec
Best solution reduces penalty in component to: 12
New random solution with penalty in component: 12. Took 0 sec
Local search improved penalty in component to: 12. Took 0 sec
Best solution reduces penalty in component to: 12
New random solution with penalty in component: 12. Took 0 sec
Local search improved penalty in component to: 12. Took 0 sec
Best solution reduces penalty in component to: 12
New random solution with penalty in component: 12. Took 0 sec
Local search improved penalty in component to: 12. Took 0 sec
Best solution reduces penalty in component to: 12

CURRENTLY WORKING ON COMPONENT 27
Dynamic programming solution found with score: 11. Took 0 sec

CURRENTLY WORKING ON COMPONENT 28
Dynamic programming solution found with score: 0. Took 0 sec

CURRENTLY WORKING ON COMPONENT 29
New random solution with penalty in component: 20. Took 0 sec
Local search improved penalty in component to: 20. Took 0 sec
Best solution reduces penalty in component to: 20
New random solution with penalty in component: 20. Took 0 sec
Local search improved penalty in component to: 20. Took 0 sec
Best solution reduces penalty in component to: 20
New random solution with penalty in component: 20. Took 0 sec
Local search improved penalty in component to: 20. Took 0 sec
Best solution reduces penalty in component to: 20
New random solution with penalty in component: 20. Took 0 sec
Local search improved penalty in component to: 20. Took 0 sec
Best solution reduces penalty in component to: 20
New random solution with penalty in component: 20. Took 0 sec
Local search improved penalty in component to: 20. Took 0 sec
Best solution reduces penalty in component to: 20
New random solution with penalty in component: 20. Took 0 sec
Local search improved penalty in component to: 20. Took 0 sec
Best solution reduces penalty in component to: 20
New random solution with penalty in component: 20. Took 0 sec
Local search improved penalty in component to: 20. Took 0 sec
Best solution reduces penalty in component to: 20
New random solution with penalty in component: 20. Took 0 sec
Local search improved penalty in component to: 20. Took 0 sec
Best solution reduces penalty in component to: 20
New random solution with penalty in component: 20. Took 0 sec
Local search improved penalty in component to: 20. Took 0 sec
Best solution reduces penalty in component to: 20
New random solution with penalty in component: 20. Took 0 sec
Local search improved penalty in component to: 20. Took 0 sec
Best solution reduces penalty in component to: 20
New random solution with penalty in component: 20. Took 0 sec
Local search improved penalty in component to: 20. Took 0 sec
Best solution reduces penalty in component to: 20
New random solution with penalty in component: 20. Took 0 sec
Local search improved penalty in component to: 20. Took 0 sec
Best solution reduces penalty in component to: 20
New random solution with penalty in component: 20. Took 0 sec
Local search improved penalty in component to: 20. Took 0 sec
Best solution reduces penalty in component to: 20
New random solution with penalty in component: 20. Took 0 sec
Local search improved penalty in component to: 20. Took 0 sec
Best solution reduces penalty in component to: 20
New random solution with penalty in component: 20. Took 0 sec
Local search improved penalty in component to: 20. Took 0 sec
Best solution reduces penalty in component to: 20
New random solution with penalty in component: 20. Took 0 sec
Local search improved penalty in component to: 20. Took 0 sec
Best solution reduces penalty in component to: 20
New random solution with penalty in component: 20. Took 0 sec
Local search improved penalty in component to: 20. Took 0 sec
Best solution reduces penalty in component to: 20
New random solution with penalty in component: 20. Took 0 sec
Local search improved penalty in component to: 20. Took 0 sec
Best solution reduces penalty in component to: 20
New random solution with penalty in component: 20. Took 0 sec
Local search improved penalty in component to: 20. Took 0 sec
Best solution reduces penalty in component to: 20
New random solution with penalty in component: 20. Took 0 sec
Local search improved penalty in component to: 20. Took 0 sec
Best solution reduces penalty in component to: 20

CURRENTLY WORKING ON COMPONENT 30
Dynamic programming solution found with score: 0. Took 0 sec

CURRENTLY WORKING ON COMPONENT 31
New random solution with penalty in component: 17. Took 0 sec
Local search improved penalty in component to: 17. Took 0 sec
Best solution reduces penalty in component to: 17
New random solution with penalty in component: 17. Took 0 sec
Local search improved penalty in component to: 17. Took 0 sec
Best solution reduces penalty in component to: 17
New random solution with penalty in component: 17. Took 0 sec
Local search improved penalty in component to: 17. Took 0 sec
Best solution reduces penalty in component to: 17
New random solution with penalty in component: 17. Took 0 sec
Local search improved penalty in component to: 17. Took 0 sec
Best solution reduces penalty in component to: 17
New random solution with penalty in component: 17. Took 0 sec
Local search improved penalty in component to: 17. Took 0 sec
Best solution reduces penalty in component to: 17
New random solution with penalty in component: 17. Took 0 sec
Local search improved penalty in component to: 17. Took 0 sec
Best solution reduces penalty in component to: 17
New random solution with penalty in component: 17. Took 0 sec
Local search improved penalty in component to: 17. Took 0 sec
Best solution reduces penalty in component to: 17
New random solution with penalty in component: 17. Took 0 sec
Local search improved penalty in component to: 17. Took 0 sec
Best solution reduces penalty in component to: 17
New random solution with penalty in component: 17. Took 0 sec
Local search improved penalty in component to: 17. Took 0 sec
Best solution reduces penalty in component to: 17
New random solution with penalty in component: 17. Took 0 sec
Local search improved penalty in component to: 17. Took 0 sec
Best solution reduces penalty in component to: 17
New random solution with penalty in component: 17. Took 0 sec
Local search improved penalty in component to: 17. Took 0 sec
Best solution reduces penalty in component to: 17
New random solution with penalty in component: 17. Took 0 sec
Local search improved penalty in component to: 17. Took 0 sec
Best solution reduces penalty in component to: 17
New random solution with penalty in component: 17. Took 0 sec
Local search improved penalty in component to: 17. Took 0 sec
Best solution reduces penalty in component to: 17
New random solution with penalty in component: 17. Took 0 sec
Local search improved penalty in component to: 17. Took 0 sec
Best solution reduces penalty in component to: 17
New random solution with penalty in component: 17. Took 0 sec
Local search improved penalty in component to: 17. Took 0 sec
Best solution reduces penalty in component to: 17
New random solution with penalty in component: 17. Took 0 sec
Local search improved penalty in component to: 17. Took 0 sec
Best solution reduces penalty in component to: 17
New random solution with penalty in component: 17. Took 0 sec
Local search improved penalty in component to: 17. Took 0 sec
Best solution reduces penalty in component to: 17
New random solution with penalty in component: 17. Took 0 sec
Local search improved penalty in component to: 17. Took 0 sec
Best solution reduces penalty in component to: 17
New random solution with penalty in component: 17. Took 0 sec
Local search improved penalty in component to: 17. Took 0 sec
Best solution reduces penalty in component to: 17
New random solution with penalty in component: 17. Took 0 sec
Local search improved penalty in component to: 17. Took 0 sec
Best solution reduces penalty in component to: 17

CURRENTLY WORKING ON COMPONENT 32
Dynamic programming solution found with score: 8. Took 0 sec

CURRENTLY WORKING ON COMPONENT 33
New random solution with penalty in component: 14. Took 0 sec
Local search improved penalty in component to: 14. Took 0 sec
Best solution reduces penalty in component to: 14
New random solution with penalty in component: 14. Took 0 sec
Local search improved penalty in component to: 14. Took 0 sec
Best solution reduces penalty in component to: 14
New random solution with penalty in component: 14. Took 0 sec
Local search improved penalty in component to: 14. Took 0 sec
Best solution reduces penalty in component to: 14
New random solution with penalty in component: 14. Took 0 sec
Local search improved penalty in component to: 14. Took 0 sec
Best solution reduces penalty in component to: 14
New random solution with penalty in component: 14. Took 0 sec
Local search improved penalty in component to: 14. Took 0 sec
Best solution reduces penalty in component to: 14
New random solution with penalty in component: 14. Took 0 sec
Local search improved penalty in component to: 14. Took 0 sec
Best solution reduces penalty in component to: 14
New random solution with penalty in component: 14. Took 0 sec
Local search improved penalty in component to: 14. Took 0 sec
Best solution reduces penalty in component to: 14
New random solution with penalty in component: 14. Took 0 sec
Local search improved penalty in component to: 14. Took 0 sec
Best solution reduces penalty in component to: 14
New random solution with penalty in component: 14. Took 0 sec
Local search improved penalty in component to: 14. Took 0 sec
Best solution reduces penalty in component to: 14
New random solution with penalty in component: 14. Took 0 sec
Local search improved penalty in component to: 14. Took 0 sec
Best solution reduces penalty in component to: 14
New random solution with penalty in component: 14. Took 0 sec
Local search improved penalty in component to: 14. Took 0 sec
Best solution reduces penalty in component to: 14
New random solution with penalty in component: 14. Took 0 sec
Local search improved penalty in component to: 14. Took 0 sec
Best solution reduces penalty in component to: 14
New random solution with penalty in component: 14. Took 0 sec
Local search improved penalty in component to: 14. Took 0 sec
Best solution reduces penalty in component to: 14
New random solution with penalty in component: 14. Took 0 sec
Local search improved penalty in component to: 14. Took 0 sec
Best solution reduces penalty in component to: 14
New random solution with penalty in component: 14. Took 0 sec
Local search improved penalty in component to: 14. Took 0 sec
Best solution reduces penalty in component to: 14
New random solution with penalty in component: 14. Took 0 sec
Local search improved penalty in component to: 14. Took 0 sec
Best solution reduces penalty in component to: 14
New random solution with penalty in component: 14. Took 0 sec
Local search improved penalty in component to: 14. Took 0 sec
Best solution reduces penalty in component to: 14
New random solution with penalty in component: 14. Took 0 sec
Local search improved penalty in component to: 14. Took 0 sec
Best solution reduces penalty in component to: 14
New random solution with penalty in component: 14. Took 0 sec
Local search improved penalty in component to: 14. Took 0 sec
Best solution reduces penalty in component to: 14
New random solution with penalty in component: 14. Took 0 sec
Local search improved penalty in component to: 14. Took 0 sec
Best solution reduces penalty in component to: 14

CURRENTLY WORKING ON COMPONENT 34
New random solution with penalty in component: 23. Took 0 sec
Local search improved penalty in component to: 23. Took 0 sec
Best solution reduces penalty in component to: 23
New random solution with penalty in component: 23. Took 0 sec
Local search improved penalty in component to: 23. Took 0 sec
Best solution reduces penalty in component to: 23
New random solution with penalty in component: 23. Took 0 sec
Local search improved penalty in component to: 23. Took 0 sec
Best solution reduces penalty in component to: 23
New random solution with penalty in component: 23. Took 0 sec
Local search improved penalty in component to: 23. Took 0 sec
Best solution reduces penalty in component to: 23
New random solution with penalty in component: 23. Took 0 sec
Local search improved penalty in component to: 23. Took 0 sec
Best solution reduces penalty in component to: 23
New random solution with penalty in component: 23. Took 0 sec
Local search improved penalty in component to: 23. Took 0 sec
Best solution reduces penalty in component to: 23
New random solution with penalty in component: 23. Took 0 sec
Local search improved penalty in component to: 23. Took 0 sec
Best solution reduces penalty in component to: 23
New random solution with penalty in component: 23. Took 0 sec
Local search improved penalty in component to: 23. Took 0 sec
Best solution reduces penalty in component to: 23
New random solution with penalty in component: 23. Took 0 sec
Local search improved penalty in component to: 23. Took 0 sec
Best solution reduces penalty in component to: 23
New random solution with penalty in component: 23. Took 0 sec
Local search improved penalty in component to: 23. Took 0 sec
Best solution reduces penalty in component to: 23
New random solution with penalty in component: 23. Took 0 sec
Local search improved penalty in component to: 23. Took 0 sec
Best solution reduces penalty in component to: 23
New random solution with penalty in component: 23. Took 0 sec
Local search improved penalty in component to: 23. Took 0 sec
Best solution reduces penalty in component to: 23
New random solution with penalty in component: 23. Took 0 sec
Local search improved penalty in component to: 23. Took 0 sec
Best solution reduces penalty in component to: 23
New random solution with penalty in component: 23. Took 0 sec
Local search improved penalty in component to: 23. Took 0 sec
Best solution reduces penalty in component to: 23
New random solution with penalty in component: 23. Took 0 sec
Local search improved penalty in component to: 23. Took 0 sec
Best solution reduces penalty in component to: 23
New random solution with penalty in component: 23. Took 0 sec
Local search improved penalty in component to: 23. Took 0 sec
Best solution reduces penalty in component to: 23
New random solution with penalty in component: 23. Took 0 sec
Local search improved penalty in component to: 23. Took 0 sec
Best solution reduces penalty in component to: 23
New random solution with penalty in component: 23. Took 0 sec
Local search improved penalty in component to: 23. Took 0 sec
Best solution reduces penalty in component to: 23
New random solution with penalty in component: 23. Took 0 sec
Local search improved penalty in component to: 23. Took 0 sec
Best solution reduces penalty in component to: 23
New random solution with penalty in component: 23. Took 0 sec
Local search improved penalty in component to: 23. Took 0 sec
Best solution reduces penalty in component to: 23

CURRENTLY WORKING ON COMPONENT 35
New random solution with penalty in component: 20. Took 0 sec
Local search improved penalty in component to: 20. Took 0 sec
Best solution reduces penalty in component to: 20
New random solution with penalty in component: 20. Took 0 sec
Local search improved penalty in component to: 20. Took 0 sec
Best solution reduces penalty in component to: 20
New random solution with penalty in component: 20. Took 0 sec
Local search improved penalty in component to: 20. Took 0 sec
Best solution reduces penalty in component to: 20
New random solution with penalty in component: 20. Took 0 sec
Local search improved penalty in component to: 20. Took 0 sec
Best solution reduces penalty in component to: 20
New random solution with penalty in component: 20. Took 0 sec
Local search improved penalty in component to: 20. Took 0 sec
Best solution reduces penalty in component to: 20
New random solution with penalty in component: 20. Took 0 sec
Local search improved penalty in component to: 20. Took 0 sec
Best solution reduces penalty in component to: 20
New random solution with penalty in component: 20. Took 0 sec
Local search improved penalty in component to: 20. Took 0 sec
Best solution reduces penalty in component to: 20
New random solution with penalty in component: 20. Took 0 sec
Local search improved penalty in component to: 20. Took 0 sec
Best solution reduces penalty in component to: 20
New random solution with penalty in component: 20. Took 0 sec
Local search improved penalty in component to: 20. Took 0 sec
Best solution reduces penalty in component to: 20
New random solution with penalty in component: 20. Took 0 sec
Local search improved penalty in component to: 20. Took 0 sec
Best solution reduces penalty in component to: 20
New random solution with penalty in component: 20. Took 0 sec
Local search improved penalty in component to: 20. Took 0 sec
Best solution reduces penalty in component to: 20
New random solution with penalty in component: 20. Took 0 sec
Local search improved penalty in component to: 20. Took 0 sec
Best solution reduces penalty in component to: 20
New random solution with penalty in component: 20. Took 0 sec
Local search improved penalty in component to: 20. Took 0 sec
Best solution reduces penalty in component to: 20
New random solution with penalty in component: 20. Took 0 sec
Local search improved penalty in component to: 20. Took 0 sec
Best solution reduces penalty in component to: 20
New random solution with penalty in component: 20. Took 0 sec
Local search improved penalty in component to: 20. Took 0 sec
Best solution reduces penalty in component to: 20
New random solution with penalty in component: 20. Took 0 sec
Local search improved penalty in component to: 20. Took 0 sec
Best solution reduces penalty in component to: 20
New random solution with penalty in component: 20. Took 0 sec
Local search improved penalty in component to: 20. Took 0 sec
Best solution reduces penalty in component to: 20
New random solution with penalty in component: 20. Took 0 sec
Local search improved penalty in component to: 20. Took 0 sec
Best solution reduces penalty in component to: 20
New random solution with penalty in component: 20. Took 0 sec
Local search improved penalty in component to: 20. Took 0 sec
Best solution reduces penalty in component to: 20
New random solution with penalty in component: 20. Took 0 sec
Local search improved penalty in component to: 20. Took 0 sec
Best solution reduces penalty in component to: 20

CURRENTLY WORKING ON COMPONENT 36
Dynamic programming solution found with score: 0. Took 0 sec

CURRENTLY WORKING ON COMPONENT 37
Dynamic programming solution found with score: 0. Took 0 sec

CURRENTLY WORKING ON COMPONENT 38
Dynamic programming solution found with score: 0. Took 0 sec

CURRENTLY WORKING ON COMPONENT 39
New random solution with penalty in component: 16. Took 0 sec
Local search improved penalty in component to: 16. Took 0 sec
Best solution reduces penalty in component to: 16
New random solution with penalty in component: 16. Took 0 sec
Local search improved penalty in component to: 16. Took 0 sec
Best solution reduces penalty in component to: 16
New random solution with penalty in component: 16. Took 0 sec
Local search improved penalty in component to: 16. Took 0 sec
Best solution reduces penalty in component to: 16
New random solution with penalty in component: 16. Took 0 sec
Local search improved penalty in component to: 16. Took 0 sec
Best solution reduces penalty in component to: 16
New random solution with penalty in component: 16. Took 0 sec
Local search improved penalty in component to: 16. Took 0 sec
Best solution reduces penalty in component to: 16
New random solution with penalty in component: 16. Took 0 sec
Local search improved penalty in component to: 16. Took 0 sec
Best solution reduces penalty in component to: 16
New random solution with penalty in component: 16. Took 0 sec
Local search improved penalty in component to: 16. Took 0 sec
Best solution reduces penalty in component to: 16
New random solution with penalty in component: 16. Took 0 sec
Local search improved penalty in component to: 16. Took 0 sec
Best solution reduces penalty in component to: 16
New random solution with penalty in component: 16. Took 0 sec
Local search improved penalty in component to: 16. Took 0 sec
Best solution reduces penalty in component to: 16
New random solution with penalty in component: 16. Took 0 sec
Local search improved penalty in component to: 16. Took 0 sec
Best solution reduces penalty in component to: 16
New random solution with penalty in component: 16. Took 0 sec
Local search improved penalty in component to: 16. Took 0 sec
Best solution reduces penalty in component to: 16
New random solution with penalty in component: 16. Took 0 sec
Local search improved penalty in component to: 16. Took 0 sec
Best solution reduces penalty in component to: 16
New random solution with penalty in component: 16. Took 0 sec
Local search improved penalty in component to: 16. Took 0 sec
Best solution reduces penalty in component to: 16
New random solution with penalty in component: 16. Took 0 sec
Local search improved penalty in component to: 16. Took 0 sec
Best solution reduces penalty in component to: 16
New random solution with penalty in component: 16. Took 0 sec
Local search improved penalty in component to: 16. Took 0 sec
Best solution reduces penalty in component to: 16
New random solution with penalty in component: 16. Took 0 sec
Local search improved penalty in component to: 16. Took 0 sec
Best solution reduces penalty in component to: 16
New random solution with penalty in component: 16. Took 0 sec
Local search improved penalty in component to: 16. Took 0 sec
Best solution reduces penalty in component to: 16
New random solution with penalty in component: 16. Took 0 sec
Local search improved penalty in component to: 16. Took 0 sec
Best solution reduces penalty in component to: 16
New random solution with penalty in component: 16. Took 0 sec
Local search improved penalty in component to: 16. Took 0 sec
Best solution reduces penalty in component to: 16
New random solution with penalty in component: 16. Took 0 sec
Local search improved penalty in component to: 16. Took 0 sec
Best solution reduces penalty in component to: 16

CURRENTLY WORKING ON COMPONENT 40
New random solution with penalty in component: 22. Took 0 sec
Local search improved penalty in component to: 22. Took 0 sec
Best solution reduces penalty in component to: 22
New random solution with penalty in component: 22. Took 0 sec
Local search improved penalty in component to: 22. Took 0 sec
Best solution reduces penalty in component to: 22
New random solution with penalty in component: 22. Took 0 sec
Local search improved penalty in component to: 22. Took 0 sec
Best solution reduces penalty in component to: 22
New random solution with penalty in component: 22. Took 0 sec
Local search improved penalty in component to: 22. Took 0 sec
Best solution reduces penalty in component to: 22
New random solution with penalty in component: 22. Took 0 sec
Local search improved penalty in component to: 22. Took 0 sec
Best solution reduces penalty in component to: 22
New random solution with penalty in component: 22. Took 0 sec
Local search improved penalty in component to: 22. Took 0 sec
Best solution reduces penalty in component to: 22
New random solution with penalty in component: 22. Took 0 sec
Local search improved penalty in component to: 22. Took 0 sec
Best solution reduces penalty in component to: 22
New random solution with penalty in component: 22. Took 0 sec
Local search improved penalty in component to: 22. Took 0 sec
Best solution reduces penalty in component to: 22
New random solution with penalty in component: 22. Took 0 sec
Local search improved penalty in component to: 22. Took 0 sec
Best solution reduces penalty in component to: 22
New random solution with penalty in component: 22. Took 0 sec
Local search improved penalty in component to: 22. Took 0 sec
Best solution reduces penalty in component to: 22
New random solution with penalty in component: 22. Took 0 sec
Local search improved penalty in component to: 22. Took 0 sec
Best solution reduces penalty in component to: 22
New random solution with penalty in component: 22. Took 0 sec
Local search improved penalty in component to: 22. Took 0 sec
Best solution reduces penalty in component to: 22
New random solution with penalty in component: 22. Took 0 sec
Local search improved penalty in component to: 22. Took 0 sec
Best solution reduces penalty in component to: 22
New random solution with penalty in component: 22. Took 0 sec
Local search improved penalty in component to: 22. Took 0 sec
Best solution reduces penalty in component to: 22
New random solution with penalty in component: 22. Took 0 sec
Local search improved penalty in component to: 22. Took 0 sec
Best solution reduces penalty in component to: 22
New random solution with penalty in component: 22. Took 0 sec
Local search improved penalty in component to: 22. Took 0 sec
Best solution reduces penalty in component to: 22
New random solution with penalty in component: 22. Took 0 sec
Local search improved penalty in component to: 22. Took 0 sec
Best solution reduces penalty in component to: 22
New random solution with penalty in component: 22. Took 0 sec
Local search improved penalty in component to: 22. Took 0 sec
Best solution reduces penalty in component to: 22
New random solution with penalty in component: 22. Took 0 sec
Local search improved penalty in component to: 22. Took 0 sec
Best solution reduces penalty in component to: 22
New random solution with penalty in component: 22. Took 0 sec
Local search improved penalty in component to: 22. Took 0 sec
Best solution reduces penalty in component to: 22

CURRENTLY WORKING ON COMPONENT 41
New random solution with penalty in component: 20. Took 0 sec
Local search improved penalty in component to: 20. Took 0 sec
Best solution reduces penalty in component to: 20
New random solution with penalty in component: 20. Took 0 sec
Local search improved penalty in component to: 20. Took 0 sec
Best solution reduces penalty in component to: 20
New random solution with penalty in component: 20. Took 0 sec
Local search improved penalty in component to: 20. Took 0 sec
Best solution reduces penalty in component to: 20
New random solution with penalty in component: 20. Took 0 sec
Local search improved penalty in component to: 20. Took 0 sec
Best solution reduces penalty in component to: 20
New random solution with penalty in component: 20. Took 0 sec
Local search improved penalty in component to: 20. Took 0 sec
Best solution reduces penalty in component to: 20
New random solution with penalty in component: 20. Took 0 sec
Local search improved penalty in component to: 20. Took 0 sec
Best solution reduces penalty in component to: 20
New random solution with penalty in component: 20. Took 0 sec
Local search improved penalty in component to: 20. Took 0 sec
Best solution reduces penalty in component to: 20
New random solution with penalty in component: 20. Took 0 sec
Local search improved penalty in component to: 20. Took 0 sec
Best solution reduces penalty in component to: 20
New random solution with penalty in component: 20. Took 0 sec
Local search improved penalty in component to: 20. Took 0 sec
Best solution reduces penalty in component to: 20
New random solution with penalty in component: 20. Took 0 sec
Local search improved penalty in component to: 20. Took 0 sec
Best solution reduces penalty in component to: 20
New random solution with penalty in component: 20. Took 0 sec
Local search improved penalty in component to: 20. Took 0 sec
Best solution reduces penalty in component to: 20
New random solution with penalty in component: 20. Took 0 sec
Local search improved penalty in component to: 20. Took 0 sec
Best solution reduces penalty in component to: 20
New random solution with penalty in component: 20. Took 0 sec
Local search improved penalty in component to: 20. Took 0 sec
Best solution reduces penalty in component to: 20
New random solution with penalty in component: 20. Took 0 sec
Local search improved penalty in component to: 20. Took 0 sec
Best solution reduces penalty in component to: 20
New random solution with penalty in component: 20. Took 0 sec
Local search improved penalty in component to: 20. Took 0 sec
Best solution reduces penalty in component to: 20
New random solution with penalty in component: 20. Took 0 sec
Local search improved penalty in component to: 20. Took 0 sec
Best solution reduces penalty in component to: 20
New random solution with penalty in component: 20. Took 0 sec
Local search improved penalty in component to: 20. Took 0 sec
Best solution reduces penalty in component to: 20
New random solution with penalty in component: 20. Took 0 sec
Local search improved penalty in component to: 20. Took 0 sec
Best solution reduces penalty in component to: 20
New random solution with penalty in component: 20. Took 0 sec
Local search improved penalty in component to: 20. Took 0 sec
Best solution reduces penalty in component to: 20
New random solution with penalty in component: 20. Took 0 sec
Local search improved penalty in component to: 20. Took 0 sec
Best solution reduces penalty in component to: 20

CURRENTLY WORKING ON COMPONENT 42
Dynamic programming solution found with score: 13. Took 0 sec

CURRENTLY WORKING ON COMPONENT 43
New random solution with penalty in component: 13. Took 0 sec
Local search improved penalty in component to: 13. Took 0 sec
Best solution reduces penalty in component to: 13
New random solution with penalty in component: 13. Took 0 sec
Local search improved penalty in component to: 13. Took 0 sec
Best solution reduces penalty in component to: 13
New random solution with penalty in component: 13. Took 0 sec
Local search improved penalty in component to: 13. Took 0 sec
Best solution reduces penalty in component to: 13
New random solution with penalty in component: 13. Took 0 sec
Local search improved penalty in component to: 13. Took 0 sec
Best solution reduces penalty in component to: 13
New random solution with penalty in component: 13. Took 0 sec
Local search improved penalty in component to: 13. Took 0 sec
Best solution reduces penalty in component to: 13
New random solution with penalty in component: 13. Took 0 sec
Local search improved penalty in component to: 13. Took 0 sec
Best solution reduces penalty in component to: 13
New random solution with penalty in component: 13. Took 0 sec
Local search improved penalty in component to: 13. Took 0 sec
Best solution reduces penalty in component to: 13
New random solution with penalty in component: 13. Took 0 sec
Local search improved penalty in component to: 13. Took 0 sec
Best solution reduces penalty in component to: 13
New random solution with penalty in component: 13. Took 0 sec
Local search improved penalty in component to: 13. Took 0 sec
Best solution reduces penalty in component to: 13
New random solution with penalty in component: 13. Took 0 sec
Local search improved penalty in component to: 13. Took 0 sec
Best solution reduces penalty in component to: 13
New random solution with penalty in component: 13. Took 0 sec
Local search improved penalty in component to: 13. Took 0 sec
Best solution reduces penalty in component to: 13
New random solution with penalty in component: 13. Took 0 sec
Local search improved penalty in component to: 13. Took 0 sec
Best solution reduces penalty in component to: 13
New random solution with penalty in component: 13. Took 0 sec
Local search improved penalty in component to: 13. Took 0 sec
Best solution reduces penalty in component to: 13
New random solution with penalty in component: 13. Took 0 sec
Local search improved penalty in component to: 13. Took 0 sec
Best solution reduces penalty in component to: 13
New random solution with penalty in component: 13. Took 0 sec
Local search improved penalty in component to: 13. Took 0 sec
Best solution reduces penalty in component to: 13
New random solution with penalty in component: 13. Took 0 sec
Local search improved penalty in component to: 13. Took 0 sec
Best solution reduces penalty in component to: 13
New random solution with penalty in component: 13. Took 0 sec
Local search improved penalty in component to: 13. Took 0 sec
Best solution reduces penalty in component to: 13
New random solution with penalty in component: 13. Took 0 sec
Local search improved penalty in component to: 13. Took 0 sec
Best solution reduces penalty in component to: 13
New random solution with penalty in component: 13. Took 0 sec
Local search improved penalty in component to: 13. Took 0 sec
Best solution reduces penalty in component to: 13
New random solution with penalty in component: 13. Took 0 sec
Local search improved penalty in component to: 13. Took 0 sec
Best solution reduces penalty in component to: 13

CURRENTLY WORKING ON COMPONENT 44
Dynamic programming solution found with score: 10. Took 0 sec

CURRENTLY WORKING ON COMPONENT 45
Skipping acyclic component

CURRENTLY WORKING ON COMPONENT 46
New random solution with penalty in component: 16. Took 0 sec
Local search improved penalty in component to: 16. Took 0 sec
Best solution reduces penalty in component to: 16
New random solution with penalty in component: 16. Took 0 sec
Local search improved penalty in component to: 16. Took 0 sec
Best solution reduces penalty in component to: 16
New random solution with penalty in component: 16. Took 0 sec
Local search improved penalty in component to: 16. Took 0 sec
Best solution reduces penalty in component to: 16
New random solution with penalty in component: 16. Took 0 sec
Local search improved penalty in component to: 16. Took 0 sec
Best solution reduces penalty in component to: 16
New random solution with penalty in component: 16. Took 0 sec
Local search improved penalty in component to: 16. Took 0 sec
Best solution reduces penalty in component to: 16
New random solution with penalty in component: 16. Took 0 sec
Local search improved penalty in component to: 16. Took 0 sec
Best solution reduces penalty in component to: 16
New random solution with penalty in component: 16. Took 0 sec
Local search improved penalty in component to: 16. Took 0 sec
Best solution reduces penalty in component to: 16
New random solution with penalty in component: 16. Took 0 sec
Local search improved penalty in component to: 16. Took 0 sec
Best solution reduces penalty in component to: 16
New random solution with penalty in component: 16. Took 0 sec
Local search improved penalty in component to: 16. Took 0 sec
Best solution reduces penalty in component to: 16
New random solution with penalty in component: 16. Took 0 sec
Local search improved penalty in component to: 16. Took 0 sec
Best solution reduces penalty in component to: 16
New random solution with penalty in component: 16. Took 0 sec
Local search improved penalty in component to: 16. Took 0 sec
Best solution reduces penalty in component to: 16
New random solution with penalty in component: 16. Took 0 sec
Local search improved penalty in component to: 16. Took 0 sec
Best solution reduces penalty in component to: 16
New random solution with penalty in component: 16. Took 0 sec
Local search improved penalty in component to: 16. Took 0 sec
Best solution reduces penalty in component to: 16
New random solution with penalty in component: 16. Took 0 sec
Local search improved penalty in component to: 16. Took 0 sec
Best solution reduces penalty in component to: 16
New random solution with penalty in component: 16. Took 0 sec
Local search improved penalty in component to: 16. Took 0 sec
Best solution reduces penalty in component to: 16
New random solution with penalty in component: 16. Took 0 sec
Local search improved penalty in component to: 16. Took 0 sec
Best solution reduces penalty in component to: 16
New random solution with penalty in component: 16. Took 0 sec
Local search improved penalty in component to: 16. Took 0 sec
Best solution reduces penalty in component to: 16
New random solution with penalty in component: 16. Took 0 sec
Local search improved penalty in component to: 16. Took 0 sec
Best solution reduces penalty in component to: 16
New random solution with penalty in component: 16. Took 0 sec
Local search improved penalty in component to: 16. Took 0 sec
Best solution reduces penalty in component to: 16
New random solution with penalty in component: 16. Took 0 sec
Local search improved penalty in component to: 16. Took 0 sec
Best solution reduces penalty in component to: 16

CURRENTLY WORKING ON COMPONENT 47
New random solution with penalty in component: 25. Took 0 sec
Local search improved penalty in component to: 25. Took 0 sec
Best solution reduces penalty in component to: 25
New random solution with penalty in component: 25. Took 0 sec
Local search improved penalty in component to: 25. Took 0 sec
Best solution reduces penalty in component to: 25
New random solution with penalty in component: 25. Took 0 sec
Local search improved penalty in component to: 25. Took 0 sec
Best solution reduces penalty in component to: 25
New random solution with penalty in component: 25. Took 0 sec
Local search improved penalty in component to: 25. Took 0 sec
Best solution reduces penalty in component to: 25
New random solution with penalty in component: 25. Took 0 sec
Local search improved penalty in component to: 25. Took 0 sec
Best solution reduces penalty in component to: 25
New random solution with penalty in component: 25. Took 0 sec
Local search improved penalty in component to: 25. Took 0 sec
Best solution reduces penalty in component to: 25
New random solution with penalty in component: 25. Took 0 sec
Local search improved penalty in component to: 25. Took 0 sec
Best solution reduces penalty in component to: 25
New random solution with penalty in component: 25. Took 0 sec
Local search improved penalty in component to: 25. Took 0 sec
Best solution reduces penalty in component to: 25
New random solution with penalty in component: 25. Took 0 sec
Local search improved penalty in component to: 25. Took 0 sec
Best solution reduces penalty in component to: 25
New random solution with penalty in component: 25. Took 0 sec
Local search improved penalty in component to: 25. Took 0 sec
Best solution reduces penalty in component to: 25
New random solution with penalty in component: 25. Took 0 sec
Local search improved penalty in component to: 25. Took 0 sec
Best solution reduces penalty in component to: 25
New random solution with penalty in component: 25. Took 0 sec
Local search improved penalty in component to: 25. Took 0 sec
Best solution reduces penalty in component to: 25
New random solution with penalty in component: 25. Took 0 sec
Local search improved penalty in component to: 25. Took 0 sec
Best solution reduces penalty in component to: 25
New random solution with penalty in component: 25. Took 0 sec
Local search improved penalty in component to: 25. Took 0 sec
Best solution reduces penalty in component to: 25
New random solution with penalty in component: 25. Took 0 sec
Local search improved penalty in component to: 25. Took 0 sec
Best solution reduces penalty in component to: 25
New random solution with penalty in component: 25. Took 0 sec
Local search improved penalty in component to: 25. Took 0 sec
Best solution reduces penalty in component to: 25
New random solution with penalty in component: 25. Took 0 sec
Local search improved penalty in component to: 25. Took 0 sec
Best solution reduces penalty in component to: 25
New random solution with penalty in component: 25. Took 0 sec
Local search improved penalty in component to: 25. Took 0 sec
Best solution reduces penalty in component to: 25
New random solution with penalty in component: 25. Took 0 sec
Local search improved penalty in component to: 25. Took 0 sec
Best solution reduces penalty in component to: 25
New random solution with penalty in component: 25. Took 0 sec
Local search improved penalty in component to: 25. Took 0 sec
Best solution reduces penalty in component to: 25

CURRENTLY WORKING ON COMPONENT 48
New random solution with penalty in component: 14. Took 0 sec
Local search improved penalty in component to: 14. Took 0 sec
Best solution reduces penalty in component to: 14
New random solution with penalty in component: 14. Took 0 sec
Local search improved penalty in component to: 14. Took 0 sec
Best solution reduces penalty in component to: 14
New random solution with penalty in component: 14. Took 0 sec
Local search improved penalty in component to: 14. Took 0 sec
Best solution reduces penalty in component to: 14
New random solution with penalty in component: 14. Took 0 sec
Local search improved penalty in component to: 14. Took 0 sec
Best solution reduces penalty in component to: 14
New random solution with penalty in component: 14. Took 0 sec
Local search improved penalty in component to: 14. Took 0 sec
Best solution reduces penalty in component to: 14
New random solution with penalty in component: 14. Took 0 sec
Local search improved penalty in component to: 14. Took 0 sec
Best solution reduces penalty in component to: 14
New random solution with penalty in component: 14. Took 0 sec
Local search improved penalty in component to: 14. Took 0 sec
Best solution reduces penalty in component to: 14
New random solution with penalty in component: 14. Took 0 sec
Local search improved penalty in component to: 14. Took 0 sec
Best solution reduces penalty in component to: 14
New random solution with penalty in component: 14. Took 0 sec
Local search improved penalty in component to: 14. Took 0 sec
Best solution reduces penalty in component to: 14
New random solution with penalty in component: 14. Took 0 sec
Local search improved penalty in component to: 14. Took 0 sec
Best solution reduces penalty in component to: 14
New random solution with penalty in component: 14. Took 0 sec
Local search improved penalty in component to: 14. Took 0 sec
Best solution reduces penalty in component to: 14
New random solution with penalty in component: 14. Took 0 sec
Local search improved penalty in component to: 14. Took 0 sec
Best solution reduces penalty in component to: 14
New random solution with penalty in component: 14. Took 0 sec
Local search improved penalty in component to: 14. Took 0 sec
Best solution reduces penalty in component to: 14
New random solution with penalty in component: 14. Took 0 sec
Local search improved penalty in component to: 14. Took 0 sec
Best solution reduces penalty in component to: 14
New random solution with penalty in component: 14. Took 0 sec
Local search improved penalty in component to: 14. Took 0 sec
Best solution reduces penalty in component to: 14
New random solution with penalty in component: 14. Took 0 sec
Local search improved penalty in component to: 14. Took 0 sec
Best solution reduces penalty in component to: 14
New random solution with penalty in component: 14. Took 0 sec
Local search improved penalty in component to: 14. Took 0 sec
Best solution reduces penalty in component to: 14
New random solution with penalty in component: 14. Took 0 sec
Local search improved penalty in component to: 14. Took 0 sec
Best solution reduces penalty in component to: 14
New random solution with penalty in component: 14. Took 0 sec
Local search improved penalty in component to: 14. Took 0 sec
Best solution reduces penalty in component to: 14
New random solution with penalty in component: 14. Took 0 sec
Local search improved penalty in component to: 14. Took 0 sec
Best solution reduces penalty in component to: 14

CURRENTLY WORKING ON COMPONENT 49
New random solution with penalty in component: 0. Took 0 sec
Local search improved penalty in component to: 0. Took 0 sec
Best solution reduces penalty in component to: 0

CURRENTLY WORKING ON COMPONENT 50
Dynamic programming solution found with score: 0. Took 0 sec

CURRENTLY WORKING ON COMPONENT 51
New random solution with penalty in component: 17. Took 0 sec
Local search improved penalty in component to: 17. Took 0 sec
Best solution reduces penalty in component to: 17
New random solution with penalty in component: 17. Took 0 sec
Local search improved penalty in component to: 17. Took 0 sec
Best solution reduces penalty in component to: 17
New random solution with penalty in component: 17. Took 0 sec
Local search improved penalty in component to: 17. Took 0 sec
Best solution reduces penalty in component to: 17
New random solution with penalty in component: 17. Took 0 sec
Local search improved penalty in component to: 17. Took 0 sec
Best solution reduces penalty in component to: 17
New random solution with penalty in component: 17. Took 0 sec
Local search improved penalty in component to: 17. Took 0 sec
Best solution reduces penalty in component to: 17
New random solution with penalty in component: 17. Took 0 sec
Local search improved penalty in component to: 17. Took 0 sec
Best solution reduces penalty in component to: 17
New random solution with penalty in component: 17. Took 0 sec
Local search improved penalty in component to: 17. Took 0 sec
Best solution reduces penalty in component to: 17
New random solution with penalty in component: 17. Took 0 sec
Local search improved penalty in component to: 17. Took 0 sec
Best solution reduces penalty in component to: 17
New random solution with penalty in component: 17. Took 0 sec
Local search improved penalty in component to: 17. Took 0 sec
Best solution reduces penalty in component to: 17
New random solution with penalty in component: 17. Took 0 sec
Local search improved penalty in component to: 17. Took 0 sec
Best solution reduces penalty in component to: 17
New random solution with penalty in component: 17. Took 0 sec
Local search improved penalty in component to: 17. Took 0 sec
Best solution reduces penalty in component to: 17
New random solution with penalty in component: 17. Took 0 sec
Local search improved penalty in component to: 17. Took 0 sec
Best solution reduces penalty in component to: 17
New random solution with penalty in component: 17. Took 0 sec
Local search improved penalty in component to: 17. Took 0 sec
Best solution reduces penalty in component to: 17
New random solution with penalty in component: 17. Took 0 sec
Local search improved penalty in component to: 17. Took 0 sec
Best solution reduces penalty in component to: 17
New random solution with penalty in component: 17. Took 0 sec
Local search improved penalty in component to: 17. Took 0 sec
Best solution reduces penalty in component to: 17
New random solution with penalty in component: 17. Took 0 sec
Local search improved penalty in component to: 17. Took 0 sec
Best solution reduces penalty in component to: 17
New random solution with penalty in component: 17. Took 0 sec
Local search improved penalty in component to: 17. Took 0 sec
Best solution reduces penalty in component to: 17
New random solution with penalty in component: 17. Took 0 sec
Local search improved penalty in component to: 17. Took 0 sec
Best solution reduces penalty in component to: 17
New random solution with penalty in component: 17. Took 0 sec
Local search improved penalty in component to: 17. Took 0 sec
Best solution reduces penalty in component to: 17
New random solution with penalty in component: 17. Took 0 sec
Local search improved penalty in component to: 17. Took 0 sec
Best solution reduces penalty in component to: 17

CURRENTLY WORKING ON COMPONENT 52
Dynamic programming solution found with score: 8. Took 0 sec
Total penalty: 415
SOLUTION IS VALID
