Found 6 strongly connected components

CURRENTLY WORKING ON COMPONENT 1
Dynamic programming solution found with score: 0. Took 0 sec

CURRENTLY WORKING ON COMPONENT 2
New random solution with penalty in component: 17. Took 0 sec
Local search improved penalty in component to: 17. Took 0 sec
Best solution reduces penalty in component to: 17
New random solution with penalty in component: 17. Took 0 sec
Local search improved penalty in component to: 17. Took 0 sec
Best solution reduces penalty in component to: 17
New random solution with penalty in component: 17. Took 0 sec
Local search improved penalty in component to: 17. Took 0 sec
Best solution reduces penalty in component to: 17
New random solution with penalty in component: 17. Took 0 sec
Local search improved penalty in component to: 17. Took 0 sec
Best solution reduces penalty in component to: 17
New random solution with penalty in component: 17. Took 0 sec
Local search improved penalty in component to: 17. Took 0 sec
Best solution reduces penalty in component to: 17
New random solution with penalty in component: 17. Took 0 sec
Local search improved penalty in component to: 17. Took 0 sec
Best solution reduces penalty in component to: 17
New random solution with penalty in component: 17. Took 0 sec
Local search improved penalty in component to: 17. Took 0 sec
Best solution reduces penalty in component to: 17
New random solution with penalty in component: 17. Took 0 sec
Local search improved penalty in component to: 17. Took 0 sec
Best solution reduces penalty in component to: 17
New random solution with penalty in component: 17. Took 0 sec
Local search improved penalty in component to: 17. Took 0 sec
Best solution reduces penalty in component to: 17
New random solution with penalty in component: 17. Took 0 sec
Local search improved penalty in component to: 17. Took 0 sec
Best solution reduces penalty in component to: 17
New random solution with penalty in component: 17. Took 0 sec
Local search improved penalty in component to: 17. Took 0 sec
Best solution reduces penalty in component to: 17
New random solution with penalty in component: 17. Took 0 sec
Local search improved penalty in component to: 17. Took 0 sec
Best solution reduces penalty in component to: 17
New random solution with penalty in component: 17. Took 0 sec
Local search improved penalty in component to: 17. Took 0 sec
Best solution reduces penalty in component to: 17
New random solution with penalty in component: 17. Took 0 sec
Local search improved penalty in component to: 17. Took 0 sec
Best solution reduces penalty in component to: 17
New random solution with penalty in component: 17. Took 0 sec
Local search improved penalty in component to: 17. Took 0 sec
Best solution reduces penalty in component to: 17
New random solution with penalty in component: 17. Took 0 sec
Local search improved penalty in component to: 17. Took 0 sec
Best solution reduces penalty in component to: 17
New random solution with penalty in component: 17. Took 0 sec
Local search improved penalty in component to: 17. Took 0 sec
Best solution reduces penalty in component to: 17
New random solution with penalty in component: 17. Took 0 sec
Local search improved penalty in component to: 17. Took 0 sec
Best solution reduces penalty in component to: 17
New random solution with penalty in component: 17. Took 0 sec
Local search improved penalty in component to: 17. Took 0 sec
Best solution reduces penalty in component to: 17
New random solution with penalty in component: 17. Took 0 sec
Local search improved penalty in component to: 17. Took 0 sec
Best solution reduces penalty in component to: 17

CURRENTLY WORKING ON COMPONENT 3
Dynamic programming solution found with score: 0. Took 0 sec

CURRENTLY WORKING ON COMPONENT 4
New random solution with penalty in component: 16. Took 0 sec
Local search improved penalty in component to: 16. Took 0 sec
Best solution reduces penalty in component to: 16
New random solution with penalty in component: 16. Took 0 sec
Local search improved penalty in component to: 16. Took 0 sec
Best solution reduces penalty in component to: 16
New random solution with penalty in component: 16. Took 0 sec
Local search improved penalty in component to: 16. Took 0 sec
Best solution reduces penalty in component to: 16
New random solution with penalty in component: 16. Took 0 sec
Local search improved penalty in component to: 16. Took 0 sec
Best solution reduces penalty in component to: 16
New random solution with penalty in component: 16. Took 0 sec
Local search improved penalty in component to: 16. Took 0 sec
Best solution reduces penalty in component to: 16
New random solution with penalty in component: 16. Took 0 sec
Local search improved penalty in component to: 16. Took 0 sec
Best solution reduces penalty in component to: 16
New random solution with penalty in component: 16. Took 0 sec
Local search improved penalty in component to: 16. Took 0 sec
Best solution reduces penalty in component to: 16
New random solution with penalty in component: 16. Took 0 sec
Local search improved penalty in component to: 16. Took 0 sec
Best solution reduces penalty in component to: 16
New random solution with penalty in component: 16. Took 0 sec
Local search improved penalty in component to: 16. Took 0 sec
Best solution reduces penalty in component to: 16
New random solution with penalty in component: 16. Took 0 sec
Local search improved penalty in component to: 16. Took 0 sec
Best solution reduces penalty in component to: 16
New random solution with penalty in component: 16. Took 0 sec
Local search improved penalty in component to: 16. Took 0 sec
Best solution reduces penalty in component to: 16
New random solution with penalty in component: 16. Took 0 sec
Local search improved penalty in component to: 16. Took 0 sec
Best solution reduces penalty in component to: 16
New random solution with penalty in component: 16. Took 0 sec
Local search improved penalty in component to: 16. Took 0 sec
Best solution reduces penalty in component to: 16
New random solution with penalty in component: 16. Took 0 sec
Local search improved penalty in component to: 16. Took 0 sec
Best solution reduces penalty in component to: 16
New random solution with penalty in component: 16. Took 0 sec
Local search improved penalty in component to: 16. Took 0 sec
Best solution reduces penalty in component to: 16
New random solution with penalty in component: 16. Took 0 sec
Local search improved penalty in component to: 16. Took 0 sec
Best solution reduces penalty in component to: 16
New random solution with penalty in component: 16. Took 0 sec
Local search improved penalty in component to: 16. Took 0 sec
Best solution reduces penalty in component to: 16
New random solution with penalty in component: 16. Took 0 sec
Local search improved penalty in component to: 16. Took 0 sec
Best solution reduces penalty in component to: 16
New random solution with penalty in component: 16. Took 0 sec
Local search improved penalty in component to: 16. Took 0 sec
Best solution reduces penalty in component to: 16
New random solution with penalty in component: 16. Took 0 sec
Local search improved penalty in component to: 16. Took 0 sec
Best solution reduces penalty in component to: 16

CURRENTLY WORKING ON COMPONENT 5
New random solution with penalty in component: 89. Took 0 sec
Local search improved penalty in component to: 89. Took 0 sec
Best solution reduces penalty in component to: 89
New random solution with penalty in component: 89. Took 0 sec
Local search improved penalty in component to: 89. Took 0 sec
Best solution reduces penalty in component to: 89
New random solution with penalty in component: 89. Took 0 sec
Local search improved penalty in component to: 89. Took 0 sec
Best solution reduces penalty in component to: 89
New random solution with penalty in component: 89. Took 0 sec
Local search improved penalty in component to: 89. Took 0 sec
Best solution reduces penalty in component to: 89
New random solution with penalty in component: 89. Took 0 sec
Local search improved penalty in component to: 89. Took 0 sec
Best solution reduces penalty in component to: 89
New random solution with penalty in component: 89. Took 0 sec
Local search improved penalty in component to: 89. Took 0 sec
Best solution reduces penalty in component to: 89
New random solution with penalty in component: 89. Took 0 sec
Local search improved penalty in component to: 89. Took 0 sec
Best solution reduces penalty in component to: 89
New random solution with penalty in component: 89. Took 0 sec
Local search improved penalty in component to: 89. Took 0 sec
Best solution reduces penalty in component to: 89
New random solution with penalty in component: 89. Took 0 sec
Local search improved penalty in component to: 89. Took 0 sec
Best solution reduces penalty in component to: 89
New random solution with penalty in component: 89. Took 0 sec
Local search improved penalty in component to: 89. Took 0 sec
Best solution reduces penalty in component to: 89
New random solution with penalty in component: 89. Took 0 sec
Local search improved penalty in component to: 89. Took 0 sec
Best solution reduces penalty in component to: 89
New random solution with penalty in component: 89. Took 0 sec
Local search improved penalty in component to: 89. Took 0 sec
Best solution reduces penalty in component to: 89
New random solution with penalty in component: 89. Took 0 sec
Local search improved penalty in component to: 89. Took 0 sec
Best solution reduces penalty in component to: 89
New random solution with penalty in component: 89. Took 0 sec
Local search improved penalty in component to: 89. Took 0 sec
Best solution reduces penalty in component to: 89
New random solution with penalty in component: 89. Took 0 sec
Local search improved penalty in component to: 89. Took 0 sec
Best solution reduces penalty in component to: 89
New random solution with penalty in component: 89. Took 0 sec
Local search improved penalty in component to: 89. Took 0 sec
Best solution reduces penalty in component to: 89
New random solution with penalty in component: 89. Took 0 sec
Local search improved penalty in component to: 89. Took 0 sec
Best solution reduces penalty in component to: 89
New random solution with penalty in component: 89. Took 0 sec
Local search improved penalty in component to: 89. Took 0 sec
Best solution reduces penalty in component to: 89
New random solution with penalty in component: 89. Took 0 sec
Local search improved penalty in component to: 89. Took 0 sec
Best solution reduces penalty in component to: 89
New random solution with penalty in component: 89. Took 0 sec
Local search improved penalty in component to: 89. Took 0 sec
Best solution reduces penalty in component to: 89

CURRENTLY WORKING ON COMPONENT 6
New random solution with penalty in component: 19. Took 0 sec
Local search improved penalty in component to: 19. Took 0 sec
Best solution reduces penalty in component to: 19
New random solution with penalty in component: 19. Took 0 sec
Local search improved penalty in component to: 19. Took 0 sec
Best solution reduces penalty in component to: 19
New random solution with penalty in component: 19. Took 0 sec
Local search improved penalty in component to: 19. Took 0 sec
Best solution reduces penalty in component to: 19
New random solution with penalty in component: 19. Took 0 sec
Local search improved penalty in component to: 19. Took 0 sec
Best solution reduces penalty in component to: 19
New random solution with penalty in component: 19. Took 0 sec
Local search improved penalty in component to: 19. Took 0 sec
Best solution reduces penalty in component to: 19
New random solution with penalty in component: 19. Took 0 sec
Local search improved penalty in component to: 19. Took 0 sec
Best solution reduces penalty in component to: 19
New random solution with penalty in component: 19. Took 0 sec
Local search improved penalty in component to: 19. Took 0 sec
Best solution reduces penalty in component to: 19
New random solution with penalty in component: 19. Took 0 sec
Local search improved penalty in component to: 19. Took 0 sec
Best solution reduces penalty in component to: 19
New random solution with penalty in component: 19. Took 0 sec
Local search improved penalty in component to: 19. Took 0 sec
Best solution reduces penalty in component to: 19
New random solution with penalty in component: 19. Took 0 sec
Local search improved penalty in component to: 19. Took 0 sec
Best solution reduces penalty in component to: 19
New random solution with penalty in component: 19. Took 0 sec
Local search improved penalty in component to: 19. Took 0 sec
Best solution reduces penalty in component to: 19
New random solution with penalty in component: 19. Took 0 sec
Local search improved penalty in component to: 19. Took 0 sec
Best solution reduces penalty in component to: 19
New random solution with penalty in component: 19. Took 0 sec
Local search improved penalty in component to: 19. Took 0 sec
Best solution reduces penalty in component to: 19
New random solution with penalty in component: 19. Took 0 sec
Local search improved penalty in component to: 19. Took 0 sec
Best solution reduces penalty in component to: 19
New random solution with penalty in component: 19. Took 0 sec
Local search improved penalty in component to: 19. Took 0 sec
Best solution reduces penalty in component to: 19
New random solution with penalty in component: 19. Took 0 sec
Local search improved penalty in component to: 19. Took 0 sec
Best solution reduces penalty in component to: 19
New random solution with penalty in component: 19. Took 0 sec
Local search improved penalty in component to: 19. Took 0 sec
Best solution reduces penalty in component to: 19
New random solution with penalty in component: 19. Took 0 sec
Local search improved penalty in component to: 19. Took 0 sec
Best solution reduces penalty in component to: 19
New random solution with penalty in component: 19. Took 0 sec
Local search improved penalty in component to: 19. Took 0 sec
Best solution reduces penalty in component to: 19
New random solution with penalty in component: 19. Took 0 sec
Local search improved penalty in component to: 19. Took 0 sec
Best solution reduces penalty in component to: 19
Total penalty: 141
SOLUTION IS VALID
