Found 2 strongly connected components

CURRENTLY WORKING ON COMPONENT 1
New random solution with penalty in component: 6. Took 0 sec
Local search improved penalty in component to: 6. Took 0 sec
Best solution reduces penalty in component to: 6
New random solution with penalty in component: 6. Took 0 sec
Local search improved penalty in component to: 6. Took 0 sec
Best solution reduces penalty in component to: 6
New random solution with penalty in component: 6. Took 0 sec
Local search improved penalty in component to: 6. Took 0 sec
Best solution reduces penalty in component to: 6
New random solution with penalty in component: 6. Took 0 sec
Local search improved penalty in component to: 6. Took 0 sec
Best solution reduces penalty in component to: 6
New random solution with penalty in component: 6. Took 0 sec
Local search improved penalty in component to: 6. Took 0 sec
Best solution reduces penalty in component to: 6
New random solution with penalty in component: 6. Took 0 sec
Local search improved penalty in component to: 6. Took 0 sec
Best solution reduces penalty in component to: 6
New random solution with penalty in component: 6. Took 0 sec
Local search improved penalty in component to: 6. Took 0 sec
Best solution reduces penalty in component to: 6
New random solution with penalty in component: 6. Took 0 sec
Local search improved penalty in component to: 6. Took 0 sec
Best solution reduces penalty in component to: 6
New random solution with penalty in component: 6. Took 0 sec
Local search improved penalty in component to: 6. Took 0 sec
Best solution reduces penalty in component to: 6
New random solution with penalty in component: 6. Took 0 sec
Local search improved penalty in component to: 6. Took 0 sec
Best solution reduces penalty in component to: 6
New random solution with penalty in component: 6. Took 0 sec
Local search improved penalty in component to: 6. Took 0 sec
Best solution reduces penalty in component to: 6
New random solution with penalty in component: 6. Took 0 sec
Local search improved penalty in component to: 6. Took 0 sec
Best solution reduces penalty in component to: 6
New random solution with penalty in component: 6. Took 0 sec
Local search improved penalty in component to: 6. Took 0 sec
Best solution reduces penalty in component to: 6
New random solution with penalty in component: 6. Took 0 sec
Local search improved penalty in component to: 6. Took 0 sec
Best solution reduces penalty in component to: 6
New random solution with penalty in component: 6. Took 0 sec
Local search improved penalty in component to: 6. Took 0 sec
Best solution reduces penalty in component to: 6
New random solution with penalty in component: 6. Took 0 sec
Local search improved penalty in component to: 6. Took 0 sec
Best solution reduces penalty in component to: 6
New random solution with penalty in component: 6. Took 0 sec
Local search improved penalty in component to: 6. Took 0 sec
Best solution reduces penalty in component to: 6
New random solution with penalty in component: 6. Took 0 sec
Local search improved penalty in component to: 6. Took 0 sec
Best solution reduces penalty in component to: 6
New random solution with penalty in component: 6. Took 0 sec
Local search improved penalty in component to: 6. Took 0 sec
Best solution reduces penalty in component to: 6
New random solution with penalty in component: 6. Took 0 sec
Local search improved penalty in component to: 6. Took 0 sec
Best solution reduces penalty in component to: 6

CURRENTLY WORKING ON COMPONENT 2
Dynamic programming solution found with score: 0. Took 0 sec
Total penalty: 6
SOLUTION IS VALID
