Found 1 strongly connected components

CURRENTLY WORKING ON COMPONENT 1
New random solution with penalty in component: 34. Took 0 sec
Local search improved penalty in component to: 33. Took 1 sec
Best solution reduces penalty in component to: 33
New random solution with penalty in component: 41. Took 0 sec
Local search improved penalty in component to: 28. Took 3 sec
Best solution reduces penalty in component to: 28
New random solution with penalty in component: 36. Took 0 sec
Local search improved penalty in component to: 25. Took 2 sec
Best solution reduces penalty in component to: 25
New random solution with penalty in component: 42. Took 0 sec
Local search improved penalty in component to: 29. Took 3 sec
Best solution reduces penalty in component to: 25
New random solution with penalty in component: 35. Took 0 sec
Local search improved penalty in component to: 28. Took 1 sec
Best solution reduces penalty in component to: 25
New random solution with penalty in component: 36. Took 0 sec
Local search improved penalty in component to: 27. Took 2 sec
Best solution reduces penalty in component to: 25
New random solution with penalty in component: 41. Took 0 sec
Local search improved penalty in component to: 27. Took 1 sec
Best solution reduces penalty in component to: 25
New random solution with penalty in component: 40. Took 0 sec
Local search improved penalty in component to: 29. Took 1 sec
Best solution reduces penalty in component to: 25
New random solution with penalty in component: 36. Took 0 sec
Local search improved penalty in component to: 27. Took 1 sec
Best solution reduces penalty in component to: 25
New random solution with penalty in component: 33. Took 0 sec
Local search improved penalty in component to: 26. Took 1 sec
Best solution reduces penalty in component to: 25
New random solution with penalty in component: 37. Took 0 sec
Local search improved penalty in component to: 29. Took 1 sec
Best solution reduces penalty in component to: 25
New random solution with penalty in component: 39. Took 0 sec
Local search improved penalty in component to: 28. Took 3 sec
Best solution reduces penalty in component to: 25
New random solution with penalty in component: 42. Took 0 sec
Local search improved penalty in component to: 28. Took 6 sec
Best solution reduces penalty in component to: 25
New random solution with penalty in component: 37. Took 0 sec
Local search improved penalty in component to: 27. Took 1 sec
Best solution reduces penalty in component to: 25
New random solution with penalty in component: 43. Took 0 sec
Local search improved penalty in component to: 30. Took 3 sec
Best solution reduces penalty in component to: 25
New random solution with penalty in component: 36. Took 0 sec
Local search improved penalty in component to: 24. Took 2 sec
Best solution reduces penalty in component to: 24
New random solution with penalty in component: 36. Took 0 sec
Local search improved penalty in component to: 30. Took 1 sec
Best solution reduces penalty in component to: 24
New random solution with penalty in component: 42. Took 0 sec
Local search improved penalty in component to: 26. Took 4 sec
Best solution reduces penalty in component to: 24
New random solution with penalty in component: 41. Took 0 sec
Local search improved penalty in component to: 26. Took 2 sec
Best solution reduces penalty in component to: 24
New random solution with penalty in component: 30. Took 0 sec
Local search improved penalty in component to: 25. Took 0 sec
Best solution reduces penalty in component to: 24
Total penalty: 24
SOLUTION IS VALID
