Found 65 strongly connected components

CURRENTLY WORKING ON COMPONENT 1
Skipping acyclic component

CURRENTLY WORKING ON COMPONENT 2
Skipping acyclic component

CURRENTLY WORKING ON COMPONENT 3
Skipping acyclic component

CURRENTLY WORKING ON COMPONENT 4
Skipping acyclic component

CURRENTLY WORKING ON COMPONENT 5
Skipping acyclic component

CURRENTLY WORKING ON COMPONENT 6
Skipping acyclic component

CURRENTLY WORKING ON COMPONENT 7
Skipping acyclic component

CURRENTLY WORKING ON COMPONENT 8
Skipping acyclic component

CURRENTLY WORKING ON COMPONENT 9
Skipping acyclic component

CURRENTLY WORKING ON COMPONENT 10
Skipping acyclic component

CURRENTLY WORKING ON COMPONENT 11
Skipping acyclic component

CURRENTLY WORKING ON COMPONENT 12
Skipping acyclic component

CURRENTLY WORKING ON COMPONENT 13
Skipping acyclic component

CURRENTLY WORKING ON COMPONENT 14
Skipping acyclic component

CURRENTLY WORKING ON COMPONENT 15
Skipping acyclic component

CURRENTLY WORKING ON COMPONENT 16
Skipping acyclic component

CURRENTLY WORKING ON COMPONENT 17
Skipping acyclic component

CURRENTLY WORKING ON COMPONENT 18
Skipping acyclic component

CURRENTLY WORKING ON COMPONENT 19
Skipping acyclic component

CURRENTLY WORKING ON COMPONENT 20
Skipping acyclic component

CURRENTLY WORKING ON COMPONENT 21
Skipping acyclic component

CURRENTLY WORKING ON COMPONENT 22
Skipping acyclic component

CURRENTLY WORKING ON COMPONENT 23
Skipping acyclic component

CURRENTLY WORKING ON COMPONENT 24
Skipping acyclic component

CURRENTLY WORKING ON COMPONENT 25
Skipping acyclic component

CURRENTLY WORKING ON COMPONENT 26
Skipping acyclic component

CURRENTLY WORKING ON COMPONENT 27
Skipping acyclic component

CURRENTLY WORKING ON COMPONENT 28
Skipping acyclic component

CURRENTLY WORKING ON COMPONENT 29
Skipping acyclic component

CURRENTLY WORKING ON COMPONENT 30
Skipping acyclic component

CURRENTLY WORKING ON COMPONENT 31
Skipping acyclic component

CURRENTLY WORKING ON COMPONENT 32
Skipping acyclic component

CURRENTLY WORKING ON COMPONENT 33
Skipping acyclic component

CURRENTLY WORKING ON COMPONENT 34
Skipping acyclic component

CURRENTLY WORKING ON COMPONENT 35
Skipping acyclic component

CURRENTLY WORKING ON COMPONENT 36
Skipping acyclic component

CURRENTLY WORKING ON COMPONENT 37
Skipping acyclic component

CURRENTLY WORKING ON COMPONENT 38
Skipping acyclic component

CURRENTLY WORKING ON COMPONENT 39
Skipping acyclic component

CURRENTLY WORKING ON COMPONENT 40
Skipping acyclic component

CURRENTLY WORKING ON COMPONENT 41
Skipping acyclic component

CURRENTLY WORKING ON COMPONENT 42
Skipping acyclic component

CURRENTLY WORKING ON COMPONENT 43
Skipping acyclic component

CURRENTLY WORKING ON COMPONENT 44
Skipping acyclic component

CURRENTLY WORKING ON COMPONENT 45
Skipping acyclic component

CURRENTLY WORKING ON COMPONENT 46
Skipping acyclic component

CURRENTLY WORKING ON COMPONENT 47
Skipping acyclic component

CURRENTLY WORKING ON COMPONENT 48
Skipping acyclic component

CURRENTLY WORKING ON COMPONENT 49
Skipping acyclic component

CURRENTLY WORKING ON COMPONENT 50
Skipping acyclic component

CURRENTLY WORKING ON COMPONENT 51
Skipping acyclic component

CURRENTLY WORKING ON COMPONENT 52
Skipping acyclic component

CURRENTLY WORKING ON COMPONENT 53
Skipping acyclic component

CURRENTLY WORKING ON COMPONENT 54
Skipping acyclic component

CURRENTLY WORKING ON COMPONENT 55
Skipping acyclic component

CURRENTLY WORKING ON COMPONENT 56
Skipping acyclic component

CURRENTLY WORKING ON COMPONENT 57
Skipping acyclic component

CURRENTLY WORKING ON COMPONENT 58
Skipping acyclic component

CURRENTLY WORKING ON COMPONENT 59
Skipping acyclic component

CURRENTLY WORKING ON COMPONENT 60
Skipping acyclic component

CURRENTLY WORKING ON COMPONENT 61
Skipping acyclic component

CURRENTLY WORKING ON COMPONENT 62
Skipping acyclic component

CURRENTLY WORKING ON COMPONENT 63
Skipping acyclic component

CURRENTLY WORKING ON COMPONENT 64
Skipping acyclic component

CURRENTLY WORKING ON COMPONENT 65
New random solution with penalty in component: 46. Took 0 sec
Local search improved penalty in component to: 32. Took 0 sec
Best solution reduces penalty in component to: 32
New random solution with penalty in component: 46. Took 0 sec
Local search improved penalty in component to: 38. Took 0 sec
Best solution reduces penalty in component to: 32
New random solution with penalty in component: 46. Took 0 sec
Local search improved penalty in component to: 38. Took 0 sec
Best solution reduces penalty in component to: 32
New random solution with penalty in component: 46. Took 0 sec
Local search improved penalty in component to: 38. Took 0 sec
Best solution reduces penalty in component to: 32
New random solution with penalty in component: 46. Took 0 sec
Local search improved penalty in component to: 38. Took 0 sec
Best solution reduces penalty in component to: 32
New random solution with penalty in component: 46. Took 0 sec
Local search improved penalty in component to: 38. Took 0 sec
Best solution reduces penalty in component to: 32
New random solution with penalty in component: 46. Took 0 sec
Local search improved penalty in component to: 38. Took 0 sec
Best solution reduces penalty in component to: 32
New random solution with penalty in component: 46. Took 0 sec
Local search improved penalty in component to: 38. Took 0 sec
Best solution reduces penalty in component to: 32
New random solution with penalty in component: 46. Took 0 sec
Local search improved penalty in component to: 38. Took 0 sec
Best solution reduces penalty in component to: 32
New random solution with penalty in component: 46. Took 0 sec
Local search improved penalty in component to: 38. Took 0 sec
Best solution reduces penalty in component to: 32
New random solution with penalty in component: 46. Took 0 sec
Local search improved penalty in component to: 38. Took 0 sec
Best solution reduces penalty in component to: 32
New random solution with penalty in component: 46. Took 0 sec
Local search improved penalty in component to: 38. Took 0 sec
Best solution reduces penalty in component to: 32
New random solution with penalty in component: 46. Took 0 sec
Local search improved penalty in component to: 38. Took 0 sec
Best solution reduces penalty in component to: 32
New random solution with penalty in component: 46. Took 0 sec
Local search improved penalty in component to: 38. Took 0 sec
Best solution reduces penalty in component to: 32
New random solution with penalty in component: 46. Took 0 sec
Local search improved penalty in component to: 38. Took 0 sec
Best solution reduces penalty in component to: 32
New random solution with penalty in component: 46. Took 0 sec
Local search improved penalty in component to: 38. Took 0 sec
Best solution reduces penalty in component to: 32
New random solution with penalty in component: 46. Took 0 sec
Local search improved penalty in component to: 38. Took 0 sec
Best solution reduces penalty in component to: 32
New random solution with penalty in component: 46. Took 0 sec
Local search improved penalty in component to: 38. Took 0 sec
Best solution reduces penalty in component to: 32
New random solution with penalty in component: 46. Took 0 sec
Local search improved penalty in component to: 38. Took 0 sec
Best solution reduces penalty in component to: 32
New random solution with penalty in component: 46. Took 0 sec
Local search improved penalty in component to: 38. Took 0 sec
Best solution reduces penalty in component to: 32
Total penalty: 96
SOLUTION IS VALID
