Found 2 strongly connected components

CURRENTLY WORKING ON COMPONENT 1
Skipping acyclic component

CURRENTLY WORKING ON COMPONENT 2
New random solution with penalty in component: 155. Took 0 sec
Local search improved penalty in component to: 76. Took 210 sec
Best solution reduces penalty in component to: 76
New random solution with penalty in component: 131. Took 0 sec
Local search improved penalty in component to: 77. Took 126 sec
Best solution reduces penalty in component to: 76
New random solution with penalty in component: 141. Took 0 sec
Local search improved penalty in component to: 81. Took 113 sec
Best solution reduces penalty in component to: 76
New random solution with penalty in component: 120. Took 0 sec
Local search improved penalty in component to: 77. Took 90 sec
Best solution reduces penalty in component to: 76
New random solution with penalty in component: 131. Took 0 sec
Local search improved penalty in component to: 72. Took 144 sec
Best solution reduces penalty in component to: 72
New random solution with penalty in component: 124. Took 0 sec
Local search improved penalty in component to: 81. Took 108 sec
Best solution reduces penalty in component to: 72
New random solution with penalty in component: 133. Took 0 sec
Local search improved penalty in component to: 88. Took 143 sec
Best solution reduces penalty in component to: 72
New random solution with penalty in component: 152. Took 0 sec
Local search improved penalty in component to: 103. Took 139 sec
Best solution reduces penalty in component to: 72
New random solution with penalty in component: 129. Took 0 sec
Local search improved penalty in component to: 79. Took 106 sec
Best solution reduces penalty in component to: 72
New random solution with penalty in component: 133. Took 0 sec
Local search improved penalty in component to: 89. Took 69 sec
Best solution reduces penalty in component to: 72
New random solution with penalty in component: 132. Took 0 sec
Local search improved penalty in component to: 85. Took 99 sec
Best solution reduces penalty in component to: 72
New random solution with penalty in component: 131. Took 0 sec
Local search improved penalty in component to: 84. Took 123 sec
Best solution reduces penalty in component to: 72
New random solution with penalty in component: 138. Took 0 sec
Local search improved penalty in component to: 88. Took 128 sec
Best solution reduces penalty in component to: 72
New random solution with penalty in component: 135. Took 0 sec
Local search improved penalty in component to: 80. Took 122 sec
Best solution reduces penalty in component to: 72
New random solution with penalty in component: 139. Took 0 sec
Local search improved penalty in component to: 89. Took 153 sec
Best solution reduces penalty in component to: 72
New random solution with penalty in component: 122. Took 0 sec
Local search improved penalty in component to: 78. Took 105 sec
Best solution reduces penalty in component to: 72
New random solution with penalty in component: 130. Took 0 sec
Local search improved penalty in component to: 84. Took 86 sec
Best solution reduces penalty in component to: 72
New random solution with penalty in component: 142. Took 0 sec
Local search improved penalty in component to: 98. Took 126 sec
Best solution reduces penalty in component to: 72
New random solution with penalty in component: 152. Took 0 sec
Local search improved penalty in component to: 86. Took 143 sec
Best solution reduces penalty in component to: 72
New random solution with penalty in component: 134. Took 0 sec
Local search improved penalty in component to: 78. Took 118 sec
Best solution reduces penalty in component to: 72
Total penalty: 73
SOLUTION IS VALID
