Found 1 strongly connected components

CURRENTLY WORKING ON COMPONENT 1
New random solution with penalty in component: 14. Took 0 sec
Local search improved penalty in component to: 2. Took 3 sec
Best solution reduces penalty in component to: 2
New random solution with penalty in component: 23. Took 0 sec
Local search improved penalty in component to: 2. Took 5 sec
Best solution reduces penalty in component to: 2
New random solution with penalty in component: 27. Took 0 sec
Local search improved penalty in component to: 7. Took 23 sec
Best solution reduces penalty in component to: 2
New random solution with penalty in component: 20. Took 0 sec
Local search improved penalty in component to: 3. Took 4 sec
Best solution reduces penalty in component to: 2
New random solution with penalty in component: 26. Took 0 sec
Local search improved penalty in component to: 2. Took 20 sec
Best solution reduces penalty in component to: 2
New random solution with penalty in component: 20. Took 0 sec
Local search improved penalty in component to: 3. Took 5 sec
Best solution reduces penalty in component to: 2
New random solution with penalty in component: 33. Took 0 sec
Local search improved penalty in component to: 4. Took 47 sec
Best solution reduces penalty in component to: 2
New random solution with penalty in component: 26. Took 0 sec
Local search improved penalty in component to: 2. Took 13 sec
Best solution reduces penalty in component to: 2
New random solution with penalty in component: 17. Took 0 sec
Local search improved penalty in component to: 3. Took 2 sec
Best solution reduces penalty in component to: 2
New random solution with penalty in component: 35. Took 0 sec
Local search improved penalty in component to: 2. Took 59 sec
Best solution reduces penalty in component to: 2
New random solution with penalty in component: 9. Took 0 sec
Local search improved penalty in component to: 2. Took 0 sec
Best solution reduces penalty in component to: 2
New random solution with penalty in component: 18. Took 0 sec
Local search improved penalty in component to: 2. Took 4 sec
Best solution reduces penalty in component to: 2
New random solution with penalty in component: 24. Took 0 sec
Local search improved penalty in component to: 2. Took 24 sec
Best solution reduces penalty in component to: 2
New random solution with penalty in component: 29. Took 0 sec
Local search improved penalty in component to: 2. Took 30 sec
Best solution reduces penalty in component to: 2
New random solution with penalty in component: 17. Took 0 sec
Local search improved penalty in component to: 2. Took 5 sec
Best solution reduces penalty in component to: 2
New random solution with penalty in component: 24. Took 0 sec
Local search improved penalty in component to: 3. Took 19 sec
Best solution reduces penalty in component to: 2
New random solution with penalty in component: 18. Took 0 sec
Local search improved penalty in component to: 2. Took 6 sec
Best solution reduces penalty in component to: 2
New random solution with penalty in component: 33. Took 0 sec
Local search improved penalty in component to: 0. Took 25 sec
Best solution reduces penalty in component to: 0
Total penalty: 0
SOLUTION IS VALID
