Found 6 strongly connected components

CURRENTLY WORKING ON COMPONENT 1
Dynamic programming solution found with score: 0. Took 0 sec

CURRENTLY WORKING ON COMPONENT 2
Dynamic programming solution found with score: 0. Took 0 sec

CURRENTLY WORKING ON COMPONENT 3
New random solution with penalty in component: 24. Took 0 sec
Local search improved penalty in component to: 24. Took 0 sec
Best solution reduces penalty in component to: 24
New random solution with penalty in component: 24. Took 0 sec
Local search improved penalty in component to: 24. Took 0 sec
Best solution reduces penalty in component to: 24
New random solution with penalty in component: 24. Took 0 sec
Local search improved penalty in component to: 24. Took 0 sec
Best solution reduces penalty in component to: 24
New random solution with penalty in component: 24. Took 0 sec
Local search improved penalty in component to: 24. Took 0 sec
Best solution reduces penalty in component to: 24
New random solution with penalty in component: 24. Took 0 sec
Local search improved penalty in component to: 24. Took 0 sec
Best solution reduces penalty in component to: 24
New random solution with penalty in component: 24. Took 0 sec
Local search improved penalty in component to: 24. Took 0 sec
Best solution reduces penalty in component to: 24
New random solution with penalty in component: 24. Took 0 sec
Local search improved penalty in component to: 24. Took 0 sec
Best solution reduces penalty in component to: 24
New random solution with penalty in component: 24. Took 0 sec
Local search improved penalty in component to: 24. Took 0 sec
Best solution reduces penalty in component to: 24
New random solution with penalty in component: 24. Took 0 sec
Local search improved penalty in component to: 24. Took 0 sec
Best solution reduces penalty in component to: 24
New random solution with penalty in component: 24. Took 0 sec
Local search improved penalty in component to: 24. Took 0 sec
Best solution reduces penalty in component to: 24
New random solution with penalty in component: 24. Took 0 sec
Local search improved penalty in component to: 24. Took 0 sec
Best solution reduces penalty in component to: 24
New random solution with penalty in component: 24. Took 0 sec
Local search improved penalty in component to: 24. Took 0 sec
Best solution reduces penalty in component to: 24
New random solution with penalty in component: 24. Took 0 sec
Local search improved penalty in component to: 24. Took 0 sec
Best solution reduces penalty in component to: 24
New random solution with penalty in component: 24. Took 0 sec
Local search improved penalty in component to: 24. Took 0 sec
Best solution reduces penalty in component to: 24
New random solution with penalty in component: 24. Took 0 sec
Local search improved penalty in component to: 24. Took 0 sec
Best solution reduces penalty in component to: 24
New random solution with penalty in component: 24. Took 0 sec
Local search improved penalty in component to: 24. Took 0 sec
Best solution reduces penalty in component to: 24
New random solution with penalty in component: 24. Took 0 sec
Local search improved penalty in component to: 24. Took 0 sec
Best solution reduces penalty in component to: 24
New random solution with penalty in component: 24. Took 0 sec
Local search improved penalty in component to: 24. Took 0 sec
Best solution reduces penalty in component to: 24
New random solution with penalty in component: 24. Took 0 sec
Local search improved penalty in component to: 24. Took 0 sec
Best solution reduces penalty in component to: 24
New random solution with penalty in component: 24. Took 0 sec
Local search improved penalty in component to: 24. Took 0 sec
Best solution reduces penalty in component to: 24

CURRENTLY WORKING ON COMPONENT 4
New random solution with penalty in component: 118. Took 0 sec
Local search improved penalty in component to: 118. Took 0 sec
Best solution reduces penalty in component to: 118
New random solution with penalty in component: 118. Took 0 sec
Local search improved penalty in component to: 118. Took 0 sec
Best solution reduces penalty in component to: 118
New random solution with penalty in component: 118. Took 0 sec
Local search improved penalty in component to: 118. Took 0 sec
Best solution reduces penalty in component to: 118
New random solution with penalty in component: 118. Took 0 sec
Local search improved penalty in component to: 118. Took 0 sec
Best solution reduces penalty in component to: 118
New random solution with penalty in component: 118. Took 0 sec
Local search improved penalty in component to: 118. Took 0 sec
Best solution reduces penalty in component to: 118
New random solution with penalty in component: 118. Took 0 sec
Local search improved penalty in component to: 118. Took 0 sec
Best solution reduces penalty in component to: 118
New random solution with penalty in component: 118. Took 0 sec
Local search improved penalty in component to: 118. Took 0 sec
Best solution reduces penalty in component to: 118
New random solution with penalty in component: 118. Took 0 sec
Local search improved penalty in component to: 118. Took 0 sec
Best solution reduces penalty in component to: 118
New random solution with penalty in component: 118. Took 0 sec
Local search improved penalty in component to: 118. Took 0 sec
Best solution reduces penalty in component to: 118
New random solution with penalty in component: 118. Took 0 sec
Local search improved penalty in component to: 118. Took 0 sec
Best solution reduces penalty in component to: 118
New random solution with penalty in component: 118. Took 0 sec
Local search improved penalty in component to: 118. Took 0 sec
Best solution reduces penalty in component to: 118
New random solution with penalty in component: 118. Took 0 sec
Local search improved penalty in component to: 118. Took 0 sec
Best solution reduces penalty in component to: 118
New random solution with penalty in component: 118. Took 0 sec
Local search improved penalty in component to: 118. Took 0 sec
Best solution reduces penalty in component to: 118
New random solution with penalty in component: 118. Took 0 sec
Local search improved penalty in component to: 118. Took 0 sec
Best solution reduces penalty in component to: 118
New random solution with penalty in component: 118. Took 0 sec
Local search improved penalty in component to: 118. Took 0 sec
Best solution reduces penalty in component to: 118
New random solution with penalty in component: 118. Took 0 sec
Local search improved penalty in component to: 118. Took 0 sec
Best solution reduces penalty in component to: 118
New random solution with penalty in component: 118. Took 0 sec
Local search improved penalty in component to: 118. Took 0 sec
Best solution reduces penalty in component to: 118
New random solution with penalty in component: 118. Took 0 sec
Local search improved penalty in component to: 118. Took 0 sec
Best solution reduces penalty in component to: 118
New random solution with penalty in component: 118. Took 0 sec
Local search improved penalty in component to: 118. Took 0 sec
Best solution reduces penalty in component to: 118
New random solution with penalty in component: 118. Took 0 sec
Local search improved penalty in component to: 118. Took 0 sec
Best solution reduces penalty in component to: 118

CURRENTLY WORKING ON COMPONENT 5
New random solution with penalty in component: 22. Took 0 sec
Local search improved penalty in component to: 22. Took 0 sec
Best solution reduces penalty in component to: 22
New random solution with penalty in component: 22. Took 0 sec
Local search improved penalty in component to: 22. Took 0 sec
Best solution reduces penalty in component to: 22
New random solution with penalty in component: 22. Took 0 sec
Local search improved penalty in component to: 22. Took 0 sec
Best solution reduces penalty in component to: 22
New random solution with penalty in component: 22. Took 0 sec
Local search improved penalty in component to: 22. Took 0 sec
Best solution reduces penalty in component to: 22
New random solution with penalty in component: 22. Took 0 sec
Local search improved penalty in component to: 22. Took 0 sec
Best solution reduces penalty in component to: 22
New random solution with penalty in component: 22. Took 0 sec
Local search improved penalty in component to: 22. Took 0 sec
Best solution reduces penalty in component to: 22
New random solution with penalty in component: 22. Took 0 sec
Local search improved penalty in component to: 22. Took 0 sec
Best solution reduces penalty in component to: 22
New random solution with penalty in component: 22. Took 0 sec
Local search improved penalty in component to: 22. Took 0 sec
Best solution reduces penalty in component to: 22
New random solution with penalty in component: 22. Took 0 sec
Local search improved penalty in component to: 22. Took 0 sec
Best solution reduces penalty in component to: 22
New random solution with penalty in component: 22. Took 0 sec
Local search improved penalty in component to: 22. Took 0 sec
Best solution reduces penalty in component to: 22
New random solution with penalty in component: 22. Took 0 sec
Local search improved penalty in component to: 22. Took 0 sec
Best solution reduces penalty in component to: 22
New random solution with penalty in component: 22. Took 0 sec
Local search improved penalty in component to: 22. Took 0 sec
Best solution reduces penalty in component to: 22
New random solution with penalty in component: 22. Took 0 sec
Local search improved penalty in component to: 22. Took 0 sec
Best solution reduces penalty in component to: 22
New random solution with penalty in component: 22. Took 0 sec
Local search improved penalty in component to: 22. Took 0 sec
Best solution reduces penalty in component to: 22
New random solution with penalty in component: 22. Took 0 sec
Local search improved penalty in component to: 22. Took 0 sec
Best solution reduces penalty in component to: 22
New random solution with penalty in component: 22. Took 0 sec
Local search improved penalty in component to: 22. Took 0 sec
Best solution reduces penalty in component to: 22
New random solution with penalty in component: 22. Took 0 sec
Local search improved penalty in component to: 22. Took 0 sec
Best solution reduces penalty in component to: 22
New random solution with penalty in component: 22. Took 0 sec
Local search improved penalty in component to: 22. Took 0 sec
Best solution reduces penalty in component to: 22
New random solution with penalty in component: 22. Took 0 sec
Local search improved penalty in component to: 22. Took 0 sec
Best solution reduces penalty in component to: 22
New random solution with penalty in component: 22. Took 0 sec
Local search improved penalty in component to: 22. Took 0 sec
Best solution reduces penalty in component to: 22

CURRENTLY WORKING ON COMPONENT 6
New random solution with penalty in component: 26. Took 0 sec
Local search improved penalty in component to: 26. Took 0 sec
Best solution reduces penalty in component to: 26
New random solution with penalty in component: 26. Took 0 sec
Local search improved penalty in component to: 26. Took 0 sec
Best solution reduces penalty in component to: 26
New random solution with penalty in component: 26. Took 0 sec
Local search improved penalty in component to: 26. Took 0 sec
Best solution reduces penalty in component to: 26
New random solution with penalty in component: 26. Took 0 sec
Local search improved penalty in component to: 26. Took 0 sec
Best solution reduces penalty in component to: 26
New random solution with penalty in component: 26. Took 0 sec
Local search improved penalty in component to: 26. Took 0 sec
Best solution reduces penalty in component to: 26
New random solution with penalty in component: 26. Took 0 sec
Local search improved penalty in component to: 26. Took 0 sec
Best solution reduces penalty in component to: 26
New random solution with penalty in component: 26. Took 0 sec
Local search improved penalty in component to: 26. Took 0 sec
Best solution reduces penalty in component to: 26
New random solution with penalty in component: 26. Took 0 sec
Local search improved penalty in component to: 26. Took 0 sec
Best solution reduces penalty in component to: 26
New random solution with penalty in component: 26. Took 0 sec
Local search improved penalty in component to: 26. Took 0 sec
Best solution reduces penalty in component to: 26
New random solution with penalty in component: 26. Took 0 sec
Local search improved penalty in component to: 26. Took 0 sec
Best solution reduces penalty in component to: 26
New random solution with penalty in component: 26. Took 0 sec
Local search improved penalty in component to: 26. Took 0 sec
Best solution reduces penalty in component to: 26
New random solution with penalty in component: 26. Took 0 sec
Local search improved penalty in component to: 26. Took 0 sec
Best solution reduces penalty in component to: 26
New random solution with penalty in component: 26. Took 0 sec
Local search improved penalty in component to: 26. Took 0 sec
Best solution reduces penalty in component to: 26
New random solution with penalty in component: 26. Took 0 sec
Local search improved penalty in component to: 26. Took 0 sec
Best solution reduces penalty in component to: 26
New random solution with penalty in component: 26. Took 0 sec
Local search improved penalty in component to: 26. Took 0 sec
Best solution reduces penalty in component to: 26
New random solution with penalty in component: 26. Took 0 sec
Local search improved penalty in component to: 26. Took 0 sec
Best solution reduces penalty in component to: 26
New random solution with penalty in component: 26. Took 0 sec
Local search improved penalty in component to: 26. Took 0 sec
Best solution reduces penalty in component to: 26
New random solution with penalty in component: 26. Took 0 sec
Local search improved penalty in component to: 26. Took 0 sec
Best solution reduces penalty in component to: 26
New random solution with penalty in component: 26. Took 0 sec
Local search improved penalty in component to: 26. Took 0 sec
Best solution reduces penalty in component to: 26
New random solution with penalty in component: 26. Took 0 sec
Local search improved penalty in component to: 26. Took 0 sec
Best solution reduces penalty in component to: 26
Total penalty: 190
SOLUTION IS VALID
