Found 2 strongly connected components

CURRENTLY WORKING ON COMPONENT 1
Skipping acyclic component

CURRENTLY WORKING ON COMPONENT 2
New random solution with penalty in component: 224. Took 0 sec
Best solution reduces penalty in component to: 224
New random solution with penalty in component: 209. Took 0 sec
Best solution reduces penalty in component to: 209
New random solution with penalty in component: 242. Took 0 sec
Best solution reduces penalty in component to: 209
New random solution with penalty in component: 212. Took 0 sec
Best solution reduces penalty in component to: 209
New random solution with penalty in component: 211. Took 0 sec
Best solution reduces penalty in component to: 209
New random solution with penalty in component: 225. Took 0 sec
Best solution reduces penalty in component to: 209
New random solution with penalty in component: 228. Took 0 sec
Best solution reduces penalty in component to: 209
New random solution with penalty in component: 205. Took 0 sec
Best solution reduces penalty in component to: 205
New random solution with penalty in component: 230. Took 0 sec
Best solution reduces penalty in component to: 205
New random solution with penalty in component: 213. Took 0 sec
Best solution reduces penalty in component to: 205
New random solution with penalty in component: 211. Took 0 sec
Best solution reduces penalty in component to: 205
New random solution with penalty in component: 218. Took 0 sec
Best solution reduces penalty in component to: 205
New random solution with penalty in component: 226. Took 0 sec
Best solution reduces penalty in component to: 205
New random solution with penalty in component: 200. Took 0 sec
Best solution reduces penalty in component to: 200
New random solution with penalty in component: 217. Took 0 sec
Best solution reduces penalty in component to: 200
New random solution with penalty in component: 226. Took 0 sec
Best solution reduces penalty in component to: 200
New random solution with penalty in component: 219. Took 0 sec
Best solution reduces penalty in component to: 200
New random solution with penalty in component: 215. Took 0 sec
Best solution reduces penalty in component to: 200
New random solution with penalty in component: 208. Took 0 sec
Best solution reduces penalty in component to: 200
New random solution with penalty in component: 211. Took 0 sec
Best solution reduces penalty in component to: 200
New random solution with penalty in component: 208. Took 0 sec
Best solution reduces penalty in component to: 200
New random solution with penalty in component: 228. Took 0 sec
Best solution reduces penalty in component to: 200
New random solution with penalty in component: 227. Took 0 sec
Best solution reduces penalty in component to: 200
New random solution with penalty in component: 203. Took 0 sec
Best solution reduces penalty in component to: 200
New random solution with penalty in component: 210. Took 0 sec
Best solution reduces penalty in component to: 200
New random solution with penalty in component: 210. Took 0 sec
Best solution reduces penalty in component to: 200
New random solution with penalty in component: 220. Took 0 sec
Best solution reduces penalty in component to: 200
New random solution with penalty in component: 219. Took 0 sec
Best solution reduces penalty in component to: 200
New random solution with penalty in component: 209. Took 0 sec
Best solution reduces penalty in component to: 200
New random solution with penalty in component: 190. Took 0 sec
Best solution reduces penalty in component to: 190
New random solution with penalty in component: 227. Took 0 sec
Best solution reduces penalty in component to: 190
New random solution with penalty in component: 231. Took 0 sec
Best solution reduces penalty in component to: 190
New random solution with penalty in component: 228. Took 0 sec
Best solution reduces penalty in component to: 190
New random solution with penalty in component: 203. Took 0 sec
Best solution reduces penalty in component to: 190
New random solution with penalty in component: 219. Took 0 sec
Best solution reduces penalty in component to: 190
New random solution with penalty in component: 208. Took 0 sec
Best solution reduces penalty in component to: 190
New random solution with penalty in component: 207. Took 0 sec
Best solution reduces penalty in component to: 190
New random solution with penalty in component: 196. Took 0 sec
Best solution reduces penalty in component to: 190
New random solution with penalty in component: 224. Took 0 sec
Best solution reduces penalty in component to: 190
New random solution with penalty in component: 219. Took 0 sec
Best solution reduces penalty in component to: 190
New random solution with penalty in component: 211. Took 0 sec
Best solution reduces penalty in component to: 190
New random solution with penalty in component: 212. Took 0 sec
Best solution reduces penalty in component to: 190
New random solution with penalty in component: 217. Took 0 sec
Best solution reduces penalty in component to: 190
New random solution with penalty in component: 206. Took 0 sec
Best solution reduces penalty in component to: 190
New random solution with penalty in component: 213. Took 0 sec
Best solution reduces penalty in component to: 190
New random solution with penalty in component: 212. Took 0 sec
Best solution reduces penalty in component to: 190
New random solution with penalty in component: 216. Took 0 sec
Best solution reduces penalty in component to: 190
New random solution with penalty in component: 220. Took 0 sec
Best solution reduces penalty in component to: 190
New random solution with penalty in component: 223. Took 0 sec
Best solution reduces penalty in component to: 190
New random solution with penalty in component: 216. Took 0 sec
Best solution reduces penalty in component to: 190
New random solution with penalty in component: 234. Took 0 sec
Best solution reduces penalty in component to: 190
New random solution with penalty in component: 216. Took 0 sec
Best solution reduces penalty in component to: 190
New random solution with penalty in component: 210. Took 0 sec
Best solution reduces penalty in component to: 190
New random solution with penalty in component: 221. Took 0 sec
Best solution reduces penalty in component to: 190
New random solution with penalty in component: 206. Took 0 sec
Best solution reduces penalty in component to: 190
New random solution with penalty in component: 196. Took 0 sec
Best solution reduces penalty in component to: 190
New random solution with penalty in component: 223. Took 0 sec
Best solution reduces penalty in component to: 190
New random solution with penalty in component: 210. Took 0 sec
Best solution reduces penalty in component to: 190
New random solution with penalty in component: 219. Took 0 sec
Best solution reduces penalty in component to: 190
New random solution with penalty in component: 211. Took 0 sec
Best solution reduces penalty in component to: 190
New random solution with penalty in component: 227. Took 0 sec
Best solution reduces penalty in component to: 190
New random solution with penalty in component: 201. Took 0 sec
Best solution reduces penalty in component to: 190
New random solution with penalty in component: 223. Took 0 sec
Best solution reduces penalty in component to: 190
New random solution with penalty in component: 234. Took 0 sec
Best solution reduces penalty in component to: 190
New random solution with penalty in component: 214. Took 0 sec
Best solution reduces penalty in component to: 190
New random solution with penalty in component: 212. Took 0 sec
Best solution reduces penalty in component to: 190
New random solution with penalty in component: 199. Took 0 sec
Best solution reduces penalty in component to: 190
New random solution with penalty in component: 205. Took 0 sec
Best solution reduces penalty in component to: 190
New random solution with penalty in component: 205. Took 0 sec
Best solution reduces penalty in component to: 190
New random solution with penalty in component: 220. Took 0 sec
Best solution reduces penalty in component to: 190
New random solution with penalty in component: 218. Took 0 sec
Best solution reduces penalty in component to: 190
New random solution with penalty in component: 226. Took 0 sec
Best solution reduces penalty in component to: 190
New random solution with penalty in component: 210. Took 0 sec
Best solution reduces penalty in component to: 190
New random solution with penalty in component: 224. Took 0 sec
Best solution reduces penalty in component to: 190
New random solution with penalty in component: 228. Took 0 sec
Best solution reduces penalty in component to: 190
New random solution with penalty in component: 209. Took 0 sec
Best solution reduces penalty in component to: 190
New random solution with penalty in component: 218. Took 0 sec
Best solution reduces penalty in component to: 190
New random solution with penalty in component: 223. Took 0 sec
Best solution reduces penalty in component to: 190
New random solution with penalty in component: 198. Took 0 sec
Best solution reduces penalty in component to: 190
New random solution with penalty in component: 204. Took 0 sec
Best solution reduces penalty in component to: 190
New random solution with penalty in component: 214. Took 0 sec
Best solution reduces penalty in component to: 190
New random solution with penalty in component: 229. Took 0 sec
Best solution reduces penalty in component to: 190
New random solution with penalty in component: 186. Took 0 sec
Best solution reduces penalty in component to: 186
New random solution with penalty in component: 208. Took 0 sec
Best solution reduces penalty in component to: 186
New random solution with penalty in component: 210. Took 0 sec
Best solution reduces penalty in component to: 186
New random solution with penalty in component: 224. Took 0 sec
Best solution reduces penalty in component to: 186
New random solution with penalty in component: 232. Took 0 sec
Best solution reduces penalty in component to: 186
New random solution with penalty in component: 230. Took 0 sec
Best solution reduces penalty in component to: 186
New random solution with penalty in component: 217. Took 0 sec
Best solution reduces penalty in component to: 186
New random solution with penalty in component: 204. Took 0 sec
Best solution reduces penalty in component to: 186
New random solution with penalty in component: 209. Took 0 sec
Best solution reduces penalty in component to: 186
New random solution with penalty in component: 205. Took 0 sec
Best solution reduces penalty in component to: 186
New random solution with penalty in component: 212. Took 0 sec
Best solution reduces penalty in component to: 186
New random solution with penalty in component: 217. Took 0 sec
Best solution reduces penalty in component to: 186
New random solution with penalty in component: 235. Took 0 sec
Best solution reduces penalty in component to: 186
New random solution with penalty in component: 223. Took 0 sec
Best solution reduces penalty in component to: 186
New random solution with penalty in component: 194. Took 0 sec
Best solution reduces penalty in component to: 186
New random solution with penalty in component: 204. Took 0 sec
Best solution reduces penalty in component to: 186
New random solution with penalty in component: 225. Took 0 sec
Best solution reduces penalty in component to: 186
New random solution with penalty in component: 202. Took 0 sec
Best solution reduces penalty in component to: 186
Total penalty: 187
SOLUTION IS VALID
