Found 24 strongly connected components

CURRENTLY WORKING ON COMPONENT 1
Skipping acyclic component

CURRENTLY WORKING ON COMPONENT 2
New random solution with penalty in component: 13. Took 0 sec
Local search improved penalty in component to: 13. Took 0 sec
Best solution reduces penalty in component to: 13
New random solution with penalty in component: 13. Took 0 sec
Local search improved penalty in component to: 13. Took 0 sec
Best solution reduces penalty in component to: 13
New random solution with penalty in component: 13. Took 0 sec
Local search improved penalty in component to: 13. Took 0 sec
Best solution reduces penalty in component to: 13
New random solution with penalty in component: 13. Took 0 sec
Local search improved penalty in component to: 13. Took 0 sec
Best solution reduces penalty in component to: 13
New random solution with penalty in component: 13. Took 0 sec
Local search improved penalty in component to: 13. Took 0 sec
Best solution reduces penalty in component to: 13
New random solution with penalty in component: 13. Took 0 sec
Local search improved penalty in component to: 13. Took 0 sec
Best solution reduces penalty in component to: 13
New random solution with penalty in component: 13. Took 0 sec
Local search improved penalty in component to: 13. Took 0 sec
Best solution reduces penalty in component to: 13
New random solution with penalty in component: 13. Took 0 sec
Local search improved penalty in component to: 13. Took 0 sec
Best solution reduces penalty in component to: 13
New random solution with penalty in component: 13. Took 0 sec
Local search improved penalty in component to: 13. Took 0 sec
Best solution reduces penalty in component to: 13
New random solution with penalty in component: 13. Took 0 sec
Local search improved penalty in component to: 13. Took 0 sec
Best solution reduces penalty in component to: 13
New random solution with penalty in component: 13. Took 0 sec
Local search improved penalty in component to: 13. Took 0 sec
Best solution reduces penalty in component to: 13
New random solution with penalty in component: 13. Took 0 sec
Local search improved penalty in component to: 13. Took 0 sec
Best solution reduces penalty in component to: 13
New random solution with penalty in component: 13. Took 0 sec
Local search improved penalty in component to: 13. Took 0 sec
Best solution reduces penalty in component to: 13
New random solution with penalty in component: 13. Took 0 sec
Local search improved penalty in component to: 13. Took 0 sec
Best solution reduces penalty in component to: 13
New random solution with penalty in component: 13. Took 0 sec
Local search improved penalty in component to: 13. Took 0 sec
Best solution reduces penalty in component to: 13
New random solution with penalty in component: 13. Took 0 sec
Local search improved penalty in component to: 13. Took 0 sec
Best solution reduces penalty in component to: 13
New random solution with penalty in component: 13. Took 0 sec
Local search improved penalty in component to: 13. Took 0 sec
Best solution reduces penalty in component to: 13
New random solution with penalty in component: 13. Took 0 sec
Local search improved penalty in component to: 13. Took 0 sec
Best solution reduces penalty in component to: 13
New random solution with penalty in component: 13. Took 0 sec
Local search improved penalty in component to: 13. Took 0 sec
Best solution reduces penalty in component to: 13
New random solution with penalty in component: 13. Took 0 sec
Local search improved penalty in component to: 13. Took 0 sec
Best solution reduces penalty in component to: 13

CURRENTLY WORKING ON COMPONENT 3
Skipping acyclic component

CURRENTLY WORKING ON COMPONENT 4
Skipping acyclic component

CURRENTLY WORKING ON COMPONENT 5
Skipping acyclic component

CURRENTLY WORKING ON COMPONENT 6
Skipping acyclic component

CURRENTLY WORKING ON COMPONENT 7
Skipping acyclic component

CURRENTLY WORKING ON COMPONENT 8
Skipping acyclic component

CURRENTLY WORKING ON COMPONENT 9
Skipping acyclic component

CURRENTLY WORKING ON COMPONENT 10
Skipping acyclic component

CURRENTLY WORKING ON COMPONENT 11
Skipping acyclic component

CURRENTLY WORKING ON COMPONENT 12
Skipping acyclic component

CURRENTLY WORKING ON COMPONENT 13
Skipping acyclic component

CURRENTLY WORKING ON COMPONENT 14
Skipping acyclic component

CURRENTLY WORKING ON COMPONENT 15
Skipping acyclic component

CURRENTLY WORKING ON COMPONENT 16
Skipping acyclic component

CURRENTLY WORKING ON COMPONENT 17
Skipping acyclic component

CURRENTLY WORKING ON COMPONENT 18
Dynamic programming solution found with score: 0. Took 0 sec

CURRENTLY WORKING ON COMPONENT 19
Dynamic programming solution found with score: 0. Took 0 sec

CURRENTLY WORKING ON COMPONENT 20
New random solution with penalty in component: 13. Took 0 sec
Local search improved penalty in component to: 13. Took 0 sec
Best solution reduces penalty in component to: 13
New random solution with penalty in component: 13. Took 0 sec
Local search improved penalty in component to: 13. Took 0 sec
Best solution reduces penalty in component to: 13
New random solution with penalty in component: 13. Took 0 sec
Local search improved penalty in component to: 13. Took 0 sec
Best solution reduces penalty in component to: 13
New random solution with penalty in component: 13. Took 0 sec
Local search improved penalty in component to: 13. Took 0 sec
Best solution reduces penalty in component to: 13
New random solution with penalty in component: 13. Took 0 sec
Local search improved penalty in component to: 13. Took 0 sec
Best solution reduces penalty in component to: 13
New random solution with penalty in component: 13. Took 0 sec
Local search improved penalty in component to: 13. Took 0 sec
Best solution reduces penalty in component to: 13
New random solution with penalty in component: 13. Took 0 sec
Local search improved penalty in component to: 13. Took 0 sec
Best solution reduces penalty in component to: 13
New random solution with penalty in component: 13. Took 0 sec
Local search improved penalty in component to: 13. Took 0 sec
Best solution reduces penalty in component to: 13
New random solution with penalty in component: 13. Took 0 sec
Local search improved penalty in component to: 13. Took 0 sec
Best solution reduces penalty in component to: 13
New random solution with penalty in component: 13. Took 0 sec
Local search improved penalty in component to: 13. Took 0 sec
Best solution reduces penalty in component to: 13
New random solution with penalty in component: 13. Took 0 sec
Local search improved penalty in component to: 13. Took 0 sec
Best solution reduces penalty in component to: 13
New random solution with penalty in component: 13. Took 0 sec
Local search improved penalty in component to: 13. Took 0 sec
Best solution reduces penalty in component to: 13
New random solution with penalty in component: 13. Took 0 sec
Local search improved penalty in component to: 13. Took 0 sec
Best solution reduces penalty in component to: 13
New random solution with penalty in component: 13. Took 0 sec
Local search improved penalty in component to: 13. Took 0 sec
Best solution reduces penalty in component to: 13
New random solution with penalty in component: 13. Took 0 sec
Local search improved penalty in component to: 13. Took 0 sec
Best solution reduces penalty in component to: 13
New random solution with penalty in component: 13. Took 0 sec
Local search improved penalty in component to: 13. Took 0 sec
Best solution reduces penalty in component to: 13
New random solution with penalty in component: 13. Took 0 sec
Local search improved penalty in component to: 13. Took 0 sec
Best solution reduces penalty in component to: 13
New random solution with penalty in component: 13. Took 0 sec
Local search improved penalty in component to: 13. Took 0 sec
Best solution reduces penalty in component to: 13
New random solution with penalty in component: 13. Took 0 sec
Local search improved penalty in component to: 13. Took 0 sec
Best solution reduces penalty in component to: 13
New random solution with penalty in component: 13. Took 0 sec
Local search improved penalty in component to: 13. Took 0 sec
Best solution reduces penalty in component to: 13

CURRENTLY WORKING ON COMPONENT 21
New random solution with penalty in component: 54. Took 0 sec
Local search improved penalty in component to: 54. Took 0 sec
Best solution reduces penalty in component to: 54
New random solution with penalty in component: 56. Took 0 sec
Local search improved penalty in component to: 56. Took 0 sec
Best solution reduces penalty in component to: 54
New random solution with penalty in component: 56. Took 0 sec
Local search improved penalty in component to: 56. Took 0 sec
Best solution reduces penalty in component to: 54
New random solution with penalty in component: 56. Took 0 sec
Local search improved penalty in component to: 56. Took 0 sec
Best solution reduces penalty in component to: 54
New random solution with penalty in component: 54. Took 0 sec
Local search improved penalty in component to: 54. Took 0 sec
Best solution reduces penalty in component to: 54
New random solution with penalty in component: 54. Took 0 sec
Local search improved penalty in component to: 54. Took 0 sec
Best solution reduces penalty in component to: 54
New random solution with penalty in component: 54. Took 0 sec
Local search improved penalty in component to: 54. Took 0 sec
Best solution reduces penalty in component to: 54
New random solution with penalty in component: 56. Took 0 sec
Local search improved penalty in component to: 56. Took 0 sec
Best solution reduces penalty in component to: 54
New random solution with penalty in component: 56. Took 0 sec
Local search improved penalty in component to: 56. Took 0 sec
Best solution reduces penalty in component to: 54
New random solution with penalty in component: 54. Took 0 sec
Local search improved penalty in component to: 54. Took 0 sec
Best solution reduces penalty in component to: 54
New random solution with penalty in component: 56. Took 0 sec
Local search improved penalty in component to: 56. Took 0 sec
Best solution reduces penalty in component to: 54
New random solution with penalty in component: 54. Took 0 sec
Local search improved penalty in component to: 54. Took 0 sec
Best solution reduces penalty in component to: 54
New random solution with penalty in component: 54. Took 0 sec
Local search improved penalty in component to: 54. Took 0 sec
Best solution reduces penalty in component to: 54
New random solution with penalty in component: 54. Took 0 sec
Local search improved penalty in component to: 54. Took 0 sec
Best solution reduces penalty in component to: 54
New random solution with penalty in component: 56. Took 0 sec
Local search improved penalty in component to: 56. Took 0 sec
Best solution reduces penalty in component to: 54
New random solution with penalty in component: 56. Took 0 sec
Local search improved penalty in component to: 56. Took 0 sec
Best solution reduces penalty in component to: 54
New random solution with penalty in component: 56. Took 0 sec
Local search improved penalty in component to: 56. Took 0 sec
Best solution reduces penalty in component to: 54
New random solution with penalty in component: 56. Took 0 sec
Local search improved penalty in component to: 56. Took 0 sec
Best solution reduces penalty in component to: 54
New random solution with penalty in component: 54. Took 0 sec
Local search improved penalty in component to: 54. Took 0 sec
Best solution reduces penalty in component to: 54
New random solution with penalty in component: 56. Took 0 sec
Local search improved penalty in component to: 56. Took 0 sec
Best solution reduces penalty in component to: 54

CURRENTLY WORKING ON COMPONENT 22
Skipping acyclic component

CURRENTLY WORKING ON COMPONENT 23
Skipping acyclic component

CURRENTLY WORKING ON COMPONENT 24
Skipping acyclic component
Total penalty: 103
SOLUTION IS VALID
