Found 1 strongly connected components

CURRENTLY WORKING ON COMPONENT 1
New random solution with penalty in component: 62. Took 0 sec
Local search improved penalty in component to: 52. Took 16 sec
Best solution reduces penalty in component to: 52
New random solution with penalty in component: 57. Took 0 sec
Local search improved penalty in component to: 52. Took 4 sec
Best solution reduces penalty in component to: 52
New random solution with penalty in component: 63. Took 0 sec
Local search improved penalty in component to: 56. Took 19 sec
Best solution reduces penalty in component to: 52
New random solution with penalty in component: 61. Took 0 sec
Local search improved penalty in component to: 52. Took 12 sec
Best solution reduces penalty in component to: 52
New random solution with penalty in component: 60. Took 0 sec
Local search improved penalty in component to: 60. Took 8 sec
Best solution reduces penalty in component to: 52
New random solution with penalty in component: 61. Took 0 sec
Local search improved penalty in component to: 61. Took 1 sec
Best solution reduces penalty in component to: 52
New random solution with penalty in component: 64. Took 0 sec
Local search improved penalty in component to: 64. Took 19 sec
Best solution reduces penalty in component to: 52
New random solution with penalty in component: 64. Took 0 sec
Local search improved penalty in component to: 64. Took 1 sec
Best solution reduces penalty in component to: 52
New random solution with penalty in component: 59. Took 0 sec
Local search improved penalty in component to: 59. Took 5 sec
Best solution reduces penalty in component to: 52
New random solution with penalty in component: 64. Took 0 sec
Local search improved penalty in component to: 52. Took 11 sec
Best solution reduces penalty in component to: 52
New random solution with penalty in component: 63. Took 0 sec
Local search improved penalty in component to: 63. Took 1 sec
Best solution reduces penalty in component to: 52
New random solution with penalty in component: 61. Took 0 sec
Local search improved penalty in component to: 61. Took 1 sec
Best solution reduces penalty in component to: 52
New random solution with penalty in component: 63. Took 0 sec
Local search improved penalty in component to: 63. Took 2 sec
Best solution reduces penalty in component to: 52
New random solution with penalty in component: 63. Took 0 sec
Local search improved penalty in component to: 52. Took 20 sec
Best solution reduces penalty in component to: 52
New random solution with penalty in component: 61. Took 0 sec
Local search improved penalty in component to: 61. Took 12 sec
Best solution reduces penalty in component to: 52
New random solution with penalty in component: 60. Took 0 sec
Local search improved penalty in component to: 60. Took 0 sec
Best solution reduces penalty in component to: 52
New random solution with penalty in component: 63. Took 0 sec
Local search improved penalty in component to: 63. Took 1 sec
Best solution reduces penalty in component to: 52
New random solution with penalty in component: 63. Took 0 sec
Local search improved penalty in component to: 52. Took 12 sec
Best solution reduces penalty in component to: 52
New random solution with penalty in component: 59. Took 0 sec
Local search improved penalty in component to: 59. Took 5 sec
Best solution reduces penalty in component to: 52
New random solution with penalty in component: 59. Took 0 sec
Local search improved penalty in component to: 59. Took 1 sec
Best solution reduces penalty in component to: 52
Total penalty: 52
SOLUTION IS VALID
