Found 7 strongly connected components

CURRENTLY WORKING ON COMPONENT 1
Skipping acyclic component

CURRENTLY WORKING ON COMPONENT 2
Dynamic programming solution found with score: 3. Took 0 sec

CURRENTLY WORKING ON COMPONENT 3
Skipping acyclic component

CURRENTLY WORKING ON COMPONENT 4
Skipping acyclic component

CURRENTLY WORKING ON COMPONENT 5
Skipping acyclic component

CURRENTLY WORKING ON COMPONENT 6
Skipping acyclic component

CURRENTLY WORKING ON COMPONENT 7
New random solution with penalty in component: 19. Took 0 sec
Local search improved penalty in component to: 4. Took 4 sec
Best solution reduces penalty in component to: 4
New random solution with penalty in component: 25. Took 0 sec
Local search improved penalty in component to: 7. Took 9 sec
Best solution reduces penalty in component to: 4
New random solution with penalty in component: 15. Took 0 sec
Local search improved penalty in component to: 7. Took 2 sec
Best solution reduces penalty in component to: 4
New random solution with penalty in component: 27. Took 0 sec
Local search improved penalty in component to: 4. Took 30 sec
Best solution reduces penalty in component to: 4
New random solution with penalty in component: 18. Took 0 sec
Local search improved penalty in component to: 5. Took 4 sec
Best solution reduces penalty in component to: 4
New random solution with penalty in component: 15. Took 0 sec
Local search improved penalty in component to: 7. Took 2 sec
Best solution reduces penalty in component to: 4
New random solution with penalty in component: 20. Took 0 sec
Local search improved penalty in component to: 5. Took 10 sec
Best solution reduces penalty in component to: 4
New random solution with penalty in component: 19. Took 0 sec
Local search improved penalty in component to: 4. Took 4 sec
Best solution reduces penalty in component to: 4
New random solution with penalty in component: 22. Took 0 sec
Local search improved penalty in component to: 5. Took 7 sec
Best solution reduces penalty in component to: 4
New random solution with penalty in component: 16. Took 0 sec
Local search improved penalty in component to: 5. Took 3 sec
Best solution reduces penalty in component to: 4
New random solution with penalty in component: 15. Took 0 sec
Local search improved penalty in component to: 6. Took 3 sec
Best solution reduces penalty in component to: 4
New random solution with penalty in component: 17. Took 0 sec
Local search improved penalty in component to: 6. Took 3 sec
Best solution reduces penalty in component to: 4
New random solution with penalty in component: 12. Took 0 sec
Local search improved penalty in component to: 5. Took 2 sec
Best solution reduces penalty in component to: 4
New random solution with penalty in component: 15. Took 0 sec
Local search improved penalty in component to: 6. Took 2 sec
Best solution reduces penalty in component to: 4
New random solution with penalty in component: 18. Took 0 sec
Local search improved penalty in component to: 4. Took 4 sec
Best solution reduces penalty in component to: 4
New random solution with penalty in component: 18. Took 0 sec
Local search improved penalty in component to: 7. Took 6 sec
Best solution reduces penalty in component to: 4
New random solution with penalty in component: 22. Took 0 sec
Local search improved penalty in component to: 6. Took 14 sec
Best solution reduces penalty in component to: 4
New random solution with penalty in component: 17. Took 0 sec
Local search improved penalty in component to: 8. Took 3 sec
Best solution reduces penalty in component to: 4
New random solution with penalty in component: 22. Took 0 sec
Local search improved penalty in component to: 7. Took 8 sec
Best solution reduces penalty in component to: 4
New random solution with penalty in component: 19. Took 0 sec
Local search improved penalty in component to: 4. Took 8 sec
Best solution reduces penalty in component to: 4
Total penalty: 13
SOLUTION IS VALID
