Found 1 strongly connected components

CURRENTLY WORKING ON COMPONENT 1
New random solution with penalty in component: 89. Took 0 sec
Best solution reduces penalty in component to: 89
New random solution with penalty in component: 59. Took 0 sec
Best solution reduces penalty in component to: 59
New random solution with penalty in component: 58. Took 0 sec
Best solution reduces penalty in component to: 58
New random solution with penalty in component: 81. Took 0 sec
Best solution reduces penalty in component to: 58
New random solution with penalty in component: 74. Took 0 sec
Best solution reduces penalty in component to: 58
New random solution with penalty in component: 64. Took 0 sec
Best solution reduces penalty in component to: 58
New random solution with penalty in component: 79. Took 0 sec
Best solution reduces penalty in component to: 58
New random solution with penalty in component: 72. Took 0 sec
Best solution reduces penalty in component to: 58
New random solution with penalty in component: 68. Took 0 sec
Best solution reduces penalty in component to: 58
New random solution with penalty in component: 61. Took 0 sec
Best solution reduces penalty in component to: 58
New random solution with penalty in component: 85. Took 0 sec
Best solution reduces penalty in component to: 58
New random solution with penalty in component: 76. Took 0 sec
Best solution reduces penalty in component to: 58
New random solution with penalty in component: 72. Took 0 sec
Best solution reduces penalty in component to: 58
New random solution with penalty in component: 75. Took 0 sec
Best solution reduces penalty in component to: 58
New random solution with penalty in component: 69. Took 0 sec
Best solution reduces penalty in component to: 58
New random solution with penalty in component: 63. Took 0 sec
Best solution reduces penalty in component to: 58
New random solution with penalty in component: 86. Took 0 sec
Best solution reduces penalty in component to: 58
New random solution with penalty in component: 76. Took 0 sec
Best solution reduces penalty in component to: 58
New random solution with penalty in component: 66. Took 0 sec
Best solution reduces penalty in component to: 58
New random solution with penalty in component: 64. Took 0 sec
Best solution reduces penalty in component to: 58
New random solution with penalty in component: 78. Took 0 sec
Best solution reduces penalty in component to: 58
New random solution with penalty in component: 66. Took 0 sec
Best solution reduces penalty in component to: 58
New random solution with penalty in component: 66. Took 0 sec
Best solution reduces penalty in component to: 58
New random solution with penalty in component: 74. Took 0 sec
Best solution reduces penalty in component to: 58
New random solution with penalty in component: 68. Took 0 sec
Best solution reduces penalty in component to: 58
New random solution with penalty in component: 74. Took 0 sec
Best solution reduces penalty in component to: 58
New random solution with penalty in component: 80. Took 0 sec
Best solution reduces penalty in component to: 58
New random solution with penalty in component: 78. Took 0 sec
Best solution reduces penalty in component to: 58
New random solution with penalty in component: 69. Took 0 sec
Best solution reduces penalty in component to: 58
New random solution with penalty in component: 73. Took 0 sec
Best solution reduces penalty in component to: 58
New random solution with penalty in component: 68. Took 0 sec
Best solution reduces penalty in component to: 58
New random solution with penalty in component: 78. Took 0 sec
Best solution reduces penalty in component to: 58
New random solution with penalty in component: 75. Took 0 sec
Best solution reduces penalty in component to: 58
New random solution with penalty in component: 86. Took 0 sec
Best solution reduces penalty in component to: 58
New random solution with penalty in component: 71. Took 0 sec
Best solution reduces penalty in component to: 58
New random solution with penalty in component: 78. Took 0 sec
Best solution reduces penalty in component to: 58
New random solution with penalty in component: 69. Took 0 sec
Best solution reduces penalty in component to: 58
New random solution with penalty in component: 83. Took 0 sec
Best solution reduces penalty in component to: 58
New random solution with penalty in component: 93. Took 0 sec
Best solution reduces penalty in component to: 58
New random solution with penalty in component: 77. Took 0 sec
Best solution reduces penalty in component to: 58
New random solution with penalty in component: 81. Took 0 sec
Best solution reduces penalty in component to: 58
New random solution with penalty in component: 65. Took 0 sec
Best solution reduces penalty in component to: 58
New random solution with penalty in component: 86. Took 0 sec
Best solution reduces penalty in component to: 58
New random solution with penalty in component: 71. Took 0 sec
Best solution reduces penalty in component to: 58
New random solution with penalty in component: 72. Took 0 sec
Best solution reduces penalty in component to: 58
New random solution with penalty in component: 85. Took 0 sec
Best solution reduces penalty in component to: 58
New random solution with penalty in component: 94. Took 0 sec
Best solution reduces penalty in component to: 58
New random solution with penalty in component: 61. Took 0 sec
Best solution reduces penalty in component to: 58
New random solution with penalty in component: 64. Took 0 sec
Best solution reduces penalty in component to: 58
New random solution with penalty in component: 76. Took 0 sec
Best solution reduces penalty in component to: 58
New random solution with penalty in component: 86. Took 0 sec
Best solution reduces penalty in component to: 58
New random solution with penalty in component: 90. Took 0 sec
Best solution reduces penalty in component to: 58
New random solution with penalty in component: 82. Took 0 sec
Best solution reduces penalty in component to: 58
New random solution with penalty in component: 85. Took 0 sec
Best solution reduces penalty in component to: 58
New random solution with penalty in component: 76. Took 0 sec
Best solution reduces penalty in component to: 58
New random solution with penalty in component: 67. Took 0 sec
Best solution reduces penalty in component to: 58
New random solution with penalty in component: 74. Took 0 sec
Best solution reduces penalty in component to: 58
New random solution with penalty in component: 65. Took 0 sec
Best solution reduces penalty in component to: 58
New random solution with penalty in component: 79. Took 0 sec
Best solution reduces penalty in component to: 58
New random solution with penalty in component: 73. Took 0 sec
Best solution reduces penalty in component to: 58
New random solution with penalty in component: 84. Took 0 sec
Best solution reduces penalty in component to: 58
New random solution with penalty in component: 77. Took 0 sec
Best solution reduces penalty in component to: 58
New random solution with penalty in component: 80. Took 0 sec
Best solution reduces penalty in component to: 58
New random solution with penalty in component: 81. Took 0 sec
Best solution reduces penalty in component to: 58
New random solution with penalty in component: 70. Took 0 sec
Best solution reduces penalty in component to: 58
New random solution with penalty in component: 69. Took 0 sec
Best solution reduces penalty in component to: 58
New random solution with penalty in component: 80. Took 0 sec
Best solution reduces penalty in component to: 58
New random solution with penalty in component: 80. Took 0 sec
Best solution reduces penalty in component to: 58
New random solution with penalty in component: 95. Took 0 sec
Best solution reduces penalty in component to: 58
New random solution with penalty in component: 75. Took 0 sec
Best solution reduces penalty in component to: 58
New random solution with penalty in component: 88. Took 0 sec
Best solution reduces penalty in component to: 58
New random solution with penalty in component: 90. Took 0 sec
Best solution reduces penalty in component to: 58
New random solution with penalty in component: 65. Took 0 sec
Best solution reduces penalty in component to: 58
New random solution with penalty in component: 93. Took 0 sec
Best solution reduces penalty in component to: 58
New random solution with penalty in component: 76. Took 0 sec
Best solution reduces penalty in component to: 58
New random solution with penalty in component: 80. Took 0 sec
Best solution reduces penalty in component to: 58
New random solution with penalty in component: 82. Took 0 sec
Best solution reduces penalty in component to: 58
New random solution with penalty in component: 84. Took 0 sec
Best solution reduces penalty in component to: 58
New random solution with penalty in component: 65. Took 0 sec
Best solution reduces penalty in component to: 58
New random solution with penalty in component: 91. Took 0 sec
Best solution reduces penalty in component to: 58
New random solution with penalty in component: 80. Took 0 sec
Best solution reduces penalty in component to: 58
New random solution with penalty in component: 72. Took 0 sec
Best solution reduces penalty in component to: 58
New random solution with penalty in component: 72. Took 0 sec
Best solution reduces penalty in component to: 58
New random solution with penalty in component: 84. Took 0 sec
Best solution reduces penalty in component to: 58
New random solution with penalty in component: 75. Took 0 sec
Best solution reduces penalty in component to: 58
New random solution with penalty in component: 70. Took 0 sec
Best solution reduces penalty in component to: 58
New random solution with penalty in component: 83. Took 0 sec
Best solution reduces penalty in component to: 58
New random solution with penalty in component: 80. Took 0 sec
Best solution reduces penalty in component to: 58
New random solution with penalty in component: 79. Took 0 sec
Best solution reduces penalty in component to: 58
New random solution with penalty in component: 71. Took 0 sec
Best solution reduces penalty in component to: 58
New random solution with penalty in component: 81. Took 0 sec
Best solution reduces penalty in component to: 58
New random solution with penalty in component: 85. Took 0 sec
Best solution reduces penalty in component to: 58
New random solution with penalty in component: 68. Took 0 sec
Best solution reduces penalty in component to: 58
New random solution with penalty in component: 81. Took 0 sec
Best solution reduces penalty in component to: 58
New random solution with penalty in component: 70. Took 0 sec
Best solution reduces penalty in component to: 58
New random solution with penalty in component: 71. Took 0 sec
Best solution reduces penalty in component to: 58
New random solution with penalty in component: 83. Took 0 sec
Best solution reduces penalty in component to: 58
New random solution with penalty in component: 73. Took 0 sec
Best solution reduces penalty in component to: 58
New random solution with penalty in component: 73. Took 0 sec
Best solution reduces penalty in component to: 58
New random solution with penalty in component: 75. Took 0 sec
Best solution reduces penalty in component to: 58
Total penalty: 58
SOLUTION IS VALID
