Found 1 strongly connected components

CURRENTLY WORKING ON COMPONENT 1
New random solution with penalty in component: 49. Took 0 sec
Local search improved penalty in component to: 5. Took 39 sec
Best solution reduces penalty in component to: 5
New random solution with penalty in component: 39. Took 0 sec
Local search improved penalty in component to: 5. Took 23 sec
Best solution reduces penalty in component to: 5
New random solution with penalty in component: 43. Took 0 sec
Local search improved penalty in component to: 1. Took 23 sec
Best solution reduces penalty in component to: 1
New random solution with penalty in component: 49. Took 0 sec
Local search improved penalty in component to: 2. Took 36 sec
Best solution reduces penalty in component to: 1
New random solution with penalty in component: 48. Took 0 sec
Local search improved penalty in component to: 1. Took 34 sec
Best solution reduces penalty in component to: 1
New random solution with penalty in component: 50. Took 0 sec
Local search improved penalty in component to: 4. Took 34 sec
Best solution reduces penalty in component to: 1
New random solution with penalty in component: 54. Took 0 sec
Local search improved penalty in component to: 2. Took 43 sec
Best solution reduces penalty in component to: 1
New random solution with penalty in component: 49. Took 0 sec
Local search improved penalty in component to: 2. Took 40 sec
Best solution reduces penalty in component to: 1
New random solution with penalty in component: 47. Took 0 sec
Local search improved penalty in component to: 3. Took 37 sec
Best solution reduces penalty in component to: 1
New random solution with penalty in component: 27. Took 0 sec
Local search improved penalty in component to: 0. Took 10 sec
Best solution reduces penalty in component to: 0
Total penalty: 0
SOLUTION IS VALID
