Found 5 strongly connected components

CURRENTLY WORKING ON COMPONENT 1
Skipping acyclic component

CURRENTLY WORKING ON COMPONENT 2
New random solution with penalty in component: 17. Took 0 sec
Local search improved penalty in component to: 11. Took 0 sec
Best solution reduces penalty in component to: 11
New random solution with penalty in component: 13. Took 0 sec
Local search improved penalty in component to: 8. Took 0 sec
Best solution reduces penalty in component to: 8
New random solution with penalty in component: 17. Took 0 sec
Local search improved penalty in component to: 17. Took 0 sec
Best solution reduces penalty in component to: 8
New random solution with penalty in component: 17. Took 0 sec
Local search improved penalty in component to: 17. Took 0 sec
Best solution reduces penalty in component to: 8
New random solution with penalty in component: 17. Took 0 sec
Local search improved penalty in component to: 17. Took 0 sec
Best solution reduces penalty in component to: 8
New random solution with penalty in component: 16. Took 0 sec
Local search improved penalty in component to: 16. Took 0 sec
Best solution reduces penalty in component to: 8
New random solution with penalty in component: 17. Took 0 sec
Local search improved penalty in component to: 17. Took 0 sec
Best solution reduces penalty in component to: 8
New random solution with penalty in component: 17. Took 0 sec
Local search improved penalty in component to: 17. Took 0 sec
Best solution reduces penalty in component to: 8
New random solution with penalty in component: 13. Took 0 sec
Local search improved penalty in component to: 13. Took 0 sec
Best solution reduces penalty in component to: 8
New random solution with penalty in component: 13. Took 0 sec
Local search improved penalty in component to: 13. Took 0 sec
Best solution reduces penalty in component to: 8
New random solution with penalty in component: 18. Took 0 sec
Local search improved penalty in component to: 18. Took 0 sec
Best solution reduces penalty in component to: 8
New random solution with penalty in component: 16. Took 0 sec
Local search improved penalty in component to: 16. Took 0 sec
Best solution reduces penalty in component to: 8
New random solution with penalty in component: 18. Took 0 sec
Local search improved penalty in component to: 18. Took 0 sec
Best solution reduces penalty in component to: 8
New random solution with penalty in component: 15. Took 0 sec
Local search improved penalty in component to: 15. Took 0 sec
Best solution reduces penalty in component to: 8
New random solution with penalty in component: 16. Took 0 sec
Local search improved penalty in component to: 16. Took 0 sec
Best solution reduces penalty in component to: 8
New random solution with penalty in component: 17. Took 0 sec
Local search improved penalty in component to: 17. Took 0 sec
Best solution reduces penalty in component to: 8
New random solution with penalty in component: 13. Took 0 sec
Local search improved penalty in component to: 13. Took 0 sec
Best solution reduces penalty in component to: 8
New random solution with penalty in component: 15. Took 0 sec
Local search improved penalty in component to: 15. Took 0 sec
Best solution reduces penalty in component to: 8
New random solution with penalty in component: 15. Took 0 sec
Local search improved penalty in component to: 15. Took 0 sec
Best solution reduces penalty in component to: 8
New random solution with penalty in component: 13. Took 0 sec
Local search improved penalty in component to: 13. Took 0 sec
Best solution reduces penalty in component to: 8

CURRENTLY WORKING ON COMPONENT 3
Skipping acyclic component

CURRENTLY WORKING ON COMPONENT 4
Skipping acyclic component

CURRENTLY WORKING ON COMPONENT 5
Skipping acyclic component
Total penalty: 12
SOLUTION IS VALID
