Found 1 strongly connected components

CURRENTLY WORKING ON COMPONENT 1
New random solution with penalty in component: 41. Took 0 sec
Local search improved penalty in component to: 8. Took 8 sec
Best solution reduces penalty in component to: 8
New random solution with penalty in component: 32. Took 0 sec
Local search improved penalty in component to: 6. Took 4 sec
Best solution reduces penalty in component to: 6
New random solution with penalty in component: 35. Took 0 sec
Local search improved penalty in component to: 13. Took 6 sec
Best solution reduces penalty in component to: 6
New random solution with penalty in component: 43. Took 0 sec
Local search improved penalty in component to: 8. Took 10 sec
Best solution reduces penalty in component to: 6
New random solution with penalty in component: 42. Took 0 sec
Local search improved penalty in component to: 12. Took 16 sec
Best solution reduces penalty in component to: 6
New random solution with penalty in component: 37. Took 0 sec
Local search improved penalty in component to: 11. Took 7 sec
Best solution reduces penalty in component to: 6
New random solution with penalty in component: 34. Took 0 sec
Local search improved penalty in component to: 9. Took 5 sec
Best solution reduces penalty in component to: 6
New random solution with penalty in component: 34. Took 0 sec
Local search improved penalty in component to: 9. Took 6 sec
Best solution reduces penalty in component to: 6
New random solution with penalty in component: 37. Took 0 sec
Local search improved penalty in component to: 14. Took 6 sec
Best solution reduces penalty in component to: 6
New random solution with penalty in component: 51. Took 0 sec
Local search improved penalty in component to: 8. Took 14 sec
Best solution reduces penalty in component to: 6
New random solution with penalty in component: 35. Took 0 sec
Local search improved penalty in component to: 12. Took 5 sec
Best solution reduces penalty in component to: 6
New random solution with penalty in component: 44. Took 0 sec
Local search improved penalty in component to: 11. Took 11 sec
Best solution reduces penalty in component to: 6
New random solution with penalty in component: 46. Took 0 sec
Local search improved penalty in component to: 12. Took 13 sec
Best solution reduces penalty in component to: 6
New random solution with penalty in component: 47. Took 0 sec
Local search improved penalty in component to: 9. Took 17 sec
Best solution reduces penalty in component to: 6
New random solution with penalty in component: 41. Took 0 sec
Local search improved penalty in component to: 9. Took 12 sec
Best solution reduces penalty in component to: 6
New random solution with penalty in component: 37. Took 0 sec
Local search improved penalty in component to: 7. Took 8 sec
Best solution reduces penalty in component to: 6
New random solution with penalty in component: 49. Took 0 sec
Local search improved penalty in component to: 14. Took 27 sec
Best solution reduces penalty in component to: 6
New random solution with penalty in component: 39. Took 0 sec
Local search improved penalty in component to: 13. Took 8 sec
Best solution reduces penalty in component to: 6
New random solution with penalty in component: 36. Took 0 sec
Local search improved penalty in component to: 10. Took 6 sec
Best solution reduces penalty in component to: 6
New random solution with penalty in component: 35. Took 0 sec
Local search improved penalty in component to: 9. Took 5 sec
Best solution reduces penalty in component to: 6
Total penalty: 6
SOLUTION IS VALID
