Found 2 strongly connected components

CURRENTLY WORKING ON COMPONENT 1
Dynamic programming solution found with score: 0. Took 0 sec

CURRENTLY WORKING ON COMPONENT 2
New random solution with penalty in component: 81. Took 0 sec
Local search improved penalty in component to: 74. Took 2 sec
Best solution reduces penalty in component to: 74
New random solution with penalty in component: 83. Took 0 sec
Local search improved penalty in component to: 73. Took 2 sec
Best solution reduces penalty in component to: 73
New random solution with penalty in component: 89. Took 0 sec
Local search improved penalty in component to: 71. Took 3 sec
Best solution reduces penalty in component to: 71
New random solution with penalty in component: 86. Took 0 sec
Local search improved penalty in component to: 78. Took 1 sec
Best solution reduces penalty in component to: 71
New random solution with penalty in component: 78. Took 0 sec
Local search improved penalty in component to: 76. Took 0 sec
Best solution reduces penalty in component to: 71
New random solution with penalty in component: 83. Took 0 sec
Local search improved penalty in component to: 76. Took 1 sec
Best solution reduces penalty in component to: 71
New random solution with penalty in component: 83. Took 0 sec
Local search improved penalty in component to: 79. Took 1 sec
Best solution reduces penalty in component to: 71
New random solution with penalty in component: 82. Took 0 sec
Local search improved penalty in component to: 78. Took 2 sec
Best solution reduces penalty in component to: 71
New random solution with penalty in component: 83. Took 0 sec
Local search improved penalty in component to: 80. Took 2 sec
Best solution reduces penalty in component to: 71
New random solution with penalty in component: 89. Took 0 sec
Local search improved penalty in component to: 89. Took 0 sec
Best solution reduces penalty in component to: 71
New random solution with penalty in component: 83. Took 0 sec
Local search improved penalty in component to: 77. Took 1 sec
Best solution reduces penalty in component to: 71
New random solution with penalty in component: 83. Took 0 sec
Local search improved penalty in component to: 83. Took 0 sec
Best solution reduces penalty in component to: 71
New random solution with penalty in component: 76. Took 0 sec
Local search improved penalty in component to: 76. Took 0 sec
Best solution reduces penalty in component to: 71
New random solution with penalty in component: 84. Took 0 sec
Local search improved penalty in component to: 82. Took 1 sec
Best solution reduces penalty in component to: 71
New random solution with penalty in component: 86. Took 0 sec
Local search improved penalty in component to: 76. Took 3 sec
Best solution reduces penalty in component to: 71
New random solution with penalty in component: 79. Took 0 sec
Local search improved penalty in component to: 77. Took 1 sec
Best solution reduces penalty in component to: 71
New random solution with penalty in component: 81. Took 0 sec
Local search improved penalty in component to: 81. Took 0 sec
Best solution reduces penalty in component to: 71
New random solution with penalty in component: 81. Took 0 sec
Local search improved penalty in component to: 81. Took 0 sec
Best solution reduces penalty in component to: 71
New random solution with penalty in component: 81. Took 0 sec
Local search improved penalty in component to: 81. Took 0 sec
Best solution reduces penalty in component to: 71
New random solution with penalty in component: 82. Took 0 sec
Local search improved penalty in component to: 77. Took 1 sec
Best solution reduces penalty in component to: 71
Total penalty: 71
SOLUTION IS VALID
