Found 1 strongly connected components

CURRENTLY WORKING ON COMPONENT 1
New random solution with penalty in component: 25. Took 0 sec
Local search improved penalty in component to: 2. Took 3 sec
Best solution reduces penalty in component to: 2
New random solution with penalty in component: 42. Took 0 sec
Local search improved penalty in component to: 2. Took 7 sec
Best solution reduces penalty in component to: 2
New random solution with penalty in component: 36. Took 0 sec
Local search improved penalty in component to: 4. Took 6 sec
Best solution reduces penalty in component to: 2
New random solution with penalty in component: 24. Took 0 sec
Local search improved penalty in component to: 6. Took 4 sec
Best solution reduces penalty in component to: 2
New random solution with penalty in component: 35. Took 0 sec
Local search improved penalty in component to: 2. Took 6 sec
Best solution reduces penalty in component to: 2
New random solution with penalty in component: 34. Took 0 sec
Local search improved penalty in component to: 1. Took 6 sec
Best solution reduces penalty in component to: 1
New random solution with penalty in component: 33. Took 0 sec
Local search improved penalty in component to: 2. Took 7 sec
Best solution reduces penalty in component to: 1
New random solution with penalty in component: 31. Took 0 sec
Local search improved penalty in component to: 3. Took 5 sec
Best solution reduces penalty in component to: 1
New random solution with penalty in component: 31. Took 0 sec
Local search improved penalty in component to: 3. Took 6 sec
Best solution reduces penalty in component to: 1
New random solution with penalty in component: 45. Took 0 sec
Local search improved penalty in component to: 3. Took 9 sec
Best solution reduces penalty in component to: 1
New random solution with penalty in component: 33. Took 0 sec
Local search improved penalty in component to: 3. Took 6 sec
Best solution reduces penalty in component to: 1
New random solution with penalty in component: 33. Took 0 sec
Local search improved penalty in component to: 3. Took 6 sec
Best solution reduces penalty in component to: 1
New random solution with penalty in component: 36. Took 0 sec
Local search improved penalty in component to: 2. Took 9 sec
Best solution reduces penalty in component to: 1
New random solution with penalty in component: 33. Took 0 sec
Local search improved penalty in component to: 2. Took 5 sec
Best solution reduces penalty in component to: 1
New random solution with penalty in component: 44. Took 0 sec
Local search improved penalty in component to: 5. Took 9 sec
Best solution reduces penalty in component to: 1
New random solution with penalty in component: 32. Took 0 sec
Local search improved penalty in component to: 4. Took 6 sec
Best solution reduces penalty in component to: 1
New random solution with penalty in component: 37. Took 0 sec
Local search improved penalty in component to: 2. Took 6 sec
Best solution reduces penalty in component to: 1
New random solution with penalty in component: 27. Took 0 sec
Local search improved penalty in component to: 2. Took 5 sec
Best solution reduces penalty in component to: 1
New random solution with penalty in component: 30. Took 0 sec
Local search improved penalty in component to: 4. Took 4 sec
Best solution reduces penalty in component to: 1
New random solution with penalty in component: 31. Took 0 sec
Local search improved penalty in component to: 5. Took 4 sec
Best solution reduces penalty in component to: 1
Total penalty: 1
SOLUTION IS VALID
