Found 4 strongly connected components

CURRENTLY WORKING ON COMPONENT 1
Dynamic programming solution found with score: 0. Took 0 sec

CURRENTLY WORKING ON COMPONENT 2
New random solution with penalty in component: 11. Took 0 sec
Local search improved penalty in component to: 11. Took 0 sec
Best solution reduces penalty in component to: 11
New random solution with penalty in component: 11. Took 0 sec
Local search improved penalty in component to: 11. Took 0 sec
Best solution reduces penalty in component to: 11
New random solution with penalty in component: 11. Took 0 sec
Local search improved penalty in component to: 11. Took 0 sec
Best solution reduces penalty in component to: 11
New random solution with penalty in component: 11. Took 0 sec
Local search improved penalty in component to: 11. Took 0 sec
Best solution reduces penalty in component to: 11
New random solution with penalty in component: 11. Took 0 sec
Local search improved penalty in component to: 11. Took 0 sec
Best solution reduces penalty in component to: 11
New random solution with penalty in component: 11. Took 0 sec
Local search improved penalty in component to: 11. Took 0 sec
Best solution reduces penalty in component to: 11
New random solution with penalty in component: 11. Took 0 sec
Local search improved penalty in component to: 11. Took 0 sec
Best solution reduces penalty in component to: 11
New random solution with penalty in component: 11. Took 0 sec
Local search improved penalty in component to: 11. Took 0 sec
Best solution reduces penalty in component to: 11
New random solution with penalty in component: 11. Took 0 sec
Local search improved penalty in component to: 11. Took 0 sec
Best solution reduces penalty in component to: 11
New random solution with penalty in component: 11. Took 0 sec
Local search improved penalty in component to: 11. Took 0 sec
Best solution reduces penalty in component to: 11
New random solution with penalty in component: 11. Took 0 sec
Local search improved penalty in component to: 11. Took 0 sec
Best solution reduces penalty in component to: 11
New random solution with penalty in component: 11. Took 0 sec
Local search improved penalty in component to: 11. Took 0 sec
Best solution reduces penalty in component to: 11
New random solution with penalty in component: 11. Took 0 sec
Local search improved penalty in component to: 11. Took 0 sec
Best solution reduces penalty in component to: 11
New random solution with penalty in component: 11. Took 0 sec
Local search improved penalty in component to: 11. Took 0 sec
Best solution reduces penalty in component to: 11
New random solution with penalty in component: 11. Took 0 sec
Local search improved penalty in component to: 11. Took 0 sec
Best solution reduces penalty in component to: 11
New random solution with penalty in component: 11. Took 0 sec
Local search improved penalty in component to: 11. Took 0 sec
Best solution reduces penalty in component to: 11
New random solution with penalty in component: 11. Took 0 sec
Local search improved penalty in component to: 11. Took 0 sec
Best solution reduces penalty in component to: 11
New random solution with penalty in component: 11. Took 0 sec
Local search improved penalty in component to: 11. Took 0 sec
Best solution reduces penalty in component to: 11
New random solution with penalty in component: 11. Took 0 sec
Local search improved penalty in component to: 11. Took 0 sec
Best solution reduces penalty in component to: 11
New random solution with penalty in component: 11. Took 0 sec
Local search improved penalty in component to: 11. Took 0 sec
Best solution reduces penalty in component to: 11

CURRENTLY WORKING ON COMPONENT 3
New random solution with penalty in component: 88. Took 0 sec
Local search improved penalty in component to: 88. Took 0 sec
Best solution reduces penalty in component to: 88
New random solution with penalty in component: 88. Took 0 sec
Local search improved penalty in component to: 88. Took 0 sec
Best solution reduces penalty in component to: 88
New random solution with penalty in component: 88. Took 0 sec
Local search improved penalty in component to: 88. Took 0 sec
Best solution reduces penalty in component to: 88
New random solution with penalty in component: 88. Took 0 sec
Local search improved penalty in component to: 88. Took 0 sec
Best solution reduces penalty in component to: 88
New random solution with penalty in component: 88. Took 0 sec
Local search improved penalty in component to: 88. Took 0 sec
Best solution reduces penalty in component to: 88
New random solution with penalty in component: 88. Took 0 sec
Local search improved penalty in component to: 88. Took 0 sec
Best solution reduces penalty in component to: 88
New random solution with penalty in component: 88. Took 0 sec
Local search improved penalty in component to: 88. Took 0 sec
Best solution reduces penalty in component to: 88
New random solution with penalty in component: 88. Took 0 sec
Local search improved penalty in component to: 88. Took 0 sec
Best solution reduces penalty in component to: 88
New random solution with penalty in component: 88. Took 0 sec
Local search improved penalty in component to: 88. Took 0 sec
Best solution reduces penalty in component to: 88
New random solution with penalty in component: 88. Took 0 sec
Local search improved penalty in component to: 88. Took 0 sec
Best solution reduces penalty in component to: 88
New random solution with penalty in component: 88. Took 0 sec
Local search improved penalty in component to: 88. Took 0 sec
Best solution reduces penalty in component to: 88
New random solution with penalty in component: 88. Took 0 sec
Local search improved penalty in component to: 88. Took 0 sec
Best solution reduces penalty in component to: 88
New random solution with penalty in component: 88. Took 0 sec
Local search improved penalty in component to: 88. Took 0 sec
Best solution reduces penalty in component to: 88
New random solution with penalty in component: 88. Took 0 sec
Local search improved penalty in component to: 88. Took 0 sec
Best solution reduces penalty in component to: 88
New random solution with penalty in component: 88. Took 0 sec
Local search improved penalty in component to: 88. Took 0 sec
Best solution reduces penalty in component to: 88
New random solution with penalty in component: 88. Took 0 sec
Local search improved penalty in component to: 88. Took 0 sec
Best solution reduces penalty in component to: 88
New random solution with penalty in component: 88. Took 0 sec
Local search improved penalty in component to: 88. Took 0 sec
Best solution reduces penalty in component to: 88
New random solution with penalty in component: 88. Took 0 sec
Local search improved penalty in component to: 88. Took 0 sec
Best solution reduces penalty in component to: 88
New random solution with penalty in component: 88. Took 0 sec
Local search improved penalty in component to: 88. Took 0 sec
Best solution reduces penalty in component to: 88
New random solution with penalty in component: 88. Took 0 sec
Local search improved penalty in component to: 88. Took 0 sec
Best solution reduces penalty in component to: 88

CURRENTLY WORKING ON COMPONENT 4
Dynamic programming solution found with score: 0. Took 0 sec
Total penalty: 99
SOLUTION IS VALID
