Found 2 strongly connected components

CURRENTLY WORKING ON COMPONENT 1
New random solution with penalty in component: 6. Took 0 sec
Local search improved penalty in component to: 6. Took 0 sec
Best solution reduces penalty in component to: 6
New random solution with penalty in component: 6. Took 0 sec
Local search improved penalty in component to: 6. Took 0 sec
Best solution reduces penalty in component to: 6
New random solution with penalty in component: 11. Took 0 sec
Local search improved penalty in component to: 4. Took 0 sec
Best solution reduces penalty in component to: 4
New random solution with penalty in component: 9. Took 0 sec
Local search improved penalty in component to: 9. Took 0 sec
Best solution reduces penalty in component to: 4
New random solution with penalty in component: 13. Took 0 sec
Local search improved penalty in component to: 9. Took 0 sec
Best solution reduces penalty in component to: 4
New random solution with penalty in component: 6. Took 0 sec
Local search improved penalty in component to: 6. Took 0 sec
Best solution reduces penalty in component to: 4
New random solution with penalty in component: 11. Took 0 sec
Local search improved penalty in component to: 10. Took 0 sec
Best solution reduces penalty in component to: 4
New random solution with penalty in component: 13. Took 0 sec
Local search improved penalty in component to: 13. Took 0 sec
Best solution reduces penalty in component to: 4
New random solution with penalty in component: 7. Took 0 sec
Local search improved penalty in component to: 7. Took 0 sec
Best solution reduces penalty in component to: 4
New random solution with penalty in component: 8. Took 0 sec
Local search improved penalty in component to: 8. Took 0 sec
Best solution reduces penalty in component to: 4
New random solution with penalty in component: 9. Took 0 sec
Local search improved penalty in component to: 9. Took 0 sec
Best solution reduces penalty in component to: 4
New random solution with penalty in component: 13. Took 0 sec
Local search improved penalty in component to: 13. Took 0 sec
Best solution reduces penalty in component to: 4
New random solution with penalty in component: 13. Took 0 sec
Local search improved penalty in component to: 13. Took 0 sec
Best solution reduces penalty in component to: 4
New random solution with penalty in component: 10. Took 0 sec
Local search improved penalty in component to: 10. Took 0 sec
Best solution reduces penalty in component to: 4
New random solution with penalty in component: 9. Took 0 sec
Local search improved penalty in component to: 9. Took 0 sec
Best solution reduces penalty in component to: 4
New random solution with penalty in component: 13. Took 0 sec
Local search improved penalty in component to: 13. Took 0 sec
Best solution reduces penalty in component to: 4
New random solution with penalty in component: 12. Took 0 sec
Local search improved penalty in component to: 12. Took 0 sec
Best solution reduces penalty in component to: 4
New random solution with penalty in component: 8. Took 0 sec
Local search improved penalty in component to: 8. Took 0 sec
Best solution reduces penalty in component to: 4
New random solution with penalty in component: 11. Took 0 sec
Local search improved penalty in component to: 10. Took 0 sec
Best solution reduces penalty in component to: 4
New random solution with penalty in component: 12. Took 0 sec
Local search improved penalty in component to: 12. Took 0 sec
Best solution reduces penalty in component to: 4

CURRENTLY WORKING ON COMPONENT 2
Dynamic programming solution found with score: 0. Took 0 sec
Total penalty: 4
SOLUTION IS VALID
