Found 18 strongly connected components

CURRENTLY WORKING ON COMPONENT 1
Dynamic programming solution found with score: 0. Took 0 sec

CURRENTLY WORKING ON COMPONENT 2
Skipping acyclic component

CURRENTLY WORKING ON COMPONENT 3
Skipping acyclic component

CURRENTLY WORKING ON COMPONENT 4
Skipping acyclic component

CURRENTLY WORKING ON COMPONENT 5
Skipping acyclic component

CURRENTLY WORKING ON COMPONENT 6
Skipping acyclic component

CURRENTLY WORKING ON COMPONENT 7
Skipping acyclic component

CURRENTLY WORKING ON COMPONENT 8
Skipping acyclic component

CURRENTLY WORKING ON COMPONENT 9
Skipping acyclic component

CURRENTLY WORKING ON COMPONENT 10
Skipping acyclic component

CURRENTLY WORKING ON COMPONENT 11
Skipping acyclic component

CURRENTLY WORKING ON COMPONENT 12
Skipping acyclic component

CURRENTLY WORKING ON COMPONENT 13
Skipping acyclic component

CURRENTLY WORKING ON COMPONENT 14
Skipping acyclic component

CURRENTLY WORKING ON COMPONENT 15
New random solution with penalty in component: 81. Took 0 sec
Local search improved penalty in component to: 80. Took 1 sec
Best solution reduces penalty in component to: 80
New random solution with penalty in component: 81. Took 0 sec
Local search improved penalty in component to: 81. Took 0 sec
Best solution reduces penalty in component to: 80
New random solution with penalty in component: 81. Took 0 sec
Local search improved penalty in component to: 81. Took 0 sec
Best solution reduces penalty in component to: 80
New random solution with penalty in component: 81. Took 0 sec
Local search improved penalty in component to: 81. Took 0 sec
Best solution reduces penalty in component to: 80
New random solution with penalty in component: 81. Took 0 sec
Local search improved penalty in component to: 81. Took 0 sec
Best solution reduces penalty in component to: 80
New random solution with penalty in component: 81. Took 0 sec
Local search improved penalty in component to: 81. Took 0 sec
Best solution reduces penalty in component to: 80
New random solution with penalty in component: 81. Took 0 sec
Local search improved penalty in component to: 81. Took 0 sec
Best solution reduces penalty in component to: 80
New random solution with penalty in component: 81. Took 0 sec
Local search improved penalty in component to: 81. Took 0 sec
Best solution reduces penalty in component to: 80
New random solution with penalty in component: 81. Took 0 sec
Local search improved penalty in component to: 81. Took 0 sec
Best solution reduces penalty in component to: 80
New random solution with penalty in component: 81. Took 0 sec
Local search improved penalty in component to: 81. Took 0 sec
Best solution reduces penalty in component to: 80
New random solution with penalty in component: 81. Took 0 sec
Local search improved penalty in component to: 81. Took 0 sec
Best solution reduces penalty in component to: 80
New random solution with penalty in component: 81. Took 0 sec
Local search improved penalty in component to: 81. Took 0 sec
Best solution reduces penalty in component to: 80
New random solution with penalty in component: 81. Took 0 sec
Local search improved penalty in component to: 81. Took 0 sec
Best solution reduces penalty in component to: 80
New random solution with penalty in component: 81. Took 0 sec
Local search improved penalty in component to: 81. Took 0 sec
Best solution reduces penalty in component to: 80
New random solution with penalty in component: 81. Took 0 sec
Local search improved penalty in component to: 81. Took 0 sec
Best solution reduces penalty in component to: 80
New random solution with penalty in component: 81. Took 0 sec
Local search improved penalty in component to: 81. Took 0 sec
Best solution reduces penalty in component to: 80
New random solution with penalty in component: 81. Took 0 sec
Local search improved penalty in component to: 81. Took 0 sec
Best solution reduces penalty in component to: 80
New random solution with penalty in component: 81. Took 0 sec
Local search improved penalty in component to: 81. Took 0 sec
Best solution reduces penalty in component to: 80
New random solution with penalty in component: 81. Took 0 sec
Local search improved penalty in component to: 81. Took 0 sec
Best solution reduces penalty in component to: 80
New random solution with penalty in component: 81. Took 0 sec
Local search improved penalty in component to: 81. Took 0 sec
Best solution reduces penalty in component to: 80

CURRENTLY WORKING ON COMPONENT 16
Skipping acyclic component

CURRENTLY WORKING ON COMPONENT 17
Skipping acyclic component

CURRENTLY WORKING ON COMPONENT 18
Skipping acyclic component
Total penalty: 98
SOLUTION IS VALID
