Found 50 strongly connected components

CURRENTLY WORKING ON COMPONENT 1
Skipping acyclic component

CURRENTLY WORKING ON COMPONENT 2
Skipping acyclic component

CURRENTLY WORKING ON COMPONENT 3
Skipping acyclic component

CURRENTLY WORKING ON COMPONENT 4
Skipping acyclic component

CURRENTLY WORKING ON COMPONENT 5
Skipping acyclic component

CURRENTLY WORKING ON COMPONENT 6
Skipping acyclic component

CURRENTLY WORKING ON COMPONENT 7
Skipping acyclic component

CURRENTLY WORKING ON COMPONENT 8
Skipping acyclic component

CURRENTLY WORKING ON COMPONENT 9
Skipping acyclic component

CURRENTLY WORKING ON COMPONENT 10
Skipping acyclic component

CURRENTLY WORKING ON COMPONENT 11
Skipping acyclic component

CURRENTLY WORKING ON COMPONENT 12
Skipping acyclic component

CURRENTLY WORKING ON COMPONENT 13
Skipping acyclic component

CURRENTLY WORKING ON COMPONENT 14
Skipping acyclic component

CURRENTLY WORKING ON COMPONENT 15
Skipping acyclic component

CURRENTLY WORKING ON COMPONENT 16
Skipping acyclic component

CURRENTLY WORKING ON COMPONENT 17
Skipping acyclic component

CURRENTLY WORKING ON COMPONENT 18
Skipping acyclic component

CURRENTLY WORKING ON COMPONENT 19
Skipping acyclic component

CURRENTLY WORKING ON COMPONENT 20
Skipping acyclic component

CURRENTLY WORKING ON COMPONENT 21
Skipping acyclic component

CURRENTLY WORKING ON COMPONENT 22
Skipping acyclic component

CURRENTLY WORKING ON COMPONENT 23
Skipping acyclic component

CURRENTLY WORKING ON COMPONENT 24
Skipping acyclic component

CURRENTLY WORKING ON COMPONENT 25
Skipping acyclic component

CURRENTLY WORKING ON COMPONENT 26
Skipping acyclic component

CURRENTLY WORKING ON COMPONENT 27
Skipping acyclic component

CURRENTLY WORKING ON COMPONENT 28
Skipping acyclic component

CURRENTLY WORKING ON COMPONENT 29
Skipping acyclic component

CURRENTLY WORKING ON COMPONENT 30
Skipping acyclic component

CURRENTLY WORKING ON COMPONENT 31
Skipping acyclic component

CURRENTLY WORKING ON COMPONENT 32
Skipping acyclic component

CURRENTLY WORKING ON COMPONENT 33
Skipping acyclic component

CURRENTLY WORKING ON COMPONENT 34
Skipping acyclic component

CURRENTLY WORKING ON COMPONENT 35
Skipping acyclic component

CURRENTLY WORKING ON COMPONENT 36
Skipping acyclic component

CURRENTLY WORKING ON COMPONENT 37
Skipping acyclic component

CURRENTLY WORKING ON COMPONENT 38
Skipping acyclic component

CURRENTLY WORKING ON COMPONENT 39
Skipping acyclic component

CURRENTLY WORKING ON COMPONENT 40
Skipping acyclic component

CURRENTLY WORKING ON COMPONENT 41
Skipping acyclic component

CURRENTLY WORKING ON COMPONENT 42
Skipping acyclic component

CURRENTLY WORKING ON COMPONENT 43
Skipping acyclic component

CURRENTLY WORKING ON COMPONENT 44
Skipping acyclic component

CURRENTLY WORKING ON COMPONENT 45
Skipping acyclic component

CURRENTLY WORKING ON COMPONENT 46
Skipping acyclic component

CURRENTLY WORKING ON COMPONENT 47
Skipping acyclic component

CURRENTLY WORKING ON COMPONENT 48
Skipping acyclic component

CURRENTLY WORKING ON COMPONENT 49
Skipping acyclic component

CURRENTLY WORKING ON COMPONENT 50
New random solution with penalty in component: 160. Took 0 sec
Best solution reduces penalty in component to: 160
New random solution with penalty in component: 165. Took 0 sec
Best solution reduces penalty in component to: 160
New random solution with penalty in component: 154. Took 0 sec
Best solution reduces penalty in component to: 154
New random solution with penalty in component: 164. Took 0 sec
Best solution reduces penalty in component to: 154
New random solution with penalty in component: 164. Took 0 sec
Best solution reduces penalty in component to: 154
New random solution with penalty in component: 155. Took 0 sec
Best solution reduces penalty in component to: 154
New random solution with penalty in component: 158. Took 0 sec
Best solution reduces penalty in component to: 154
New random solution with penalty in component: 172. Took 0 sec
Best solution reduces penalty in component to: 154
New random solution with penalty in component: 141. Took 0 sec
Best solution reduces penalty in component to: 141
New random solution with penalty in component: 156. Took 0 sec
Best solution reduces penalty in component to: 141
New random solution with penalty in component: 152. Took 0 sec
Best solution reduces penalty in component to: 141
New random solution with penalty in component: 143. Took 0 sec
Best solution reduces penalty in component to: 141
New random solution with penalty in component: 171. Took 0 sec
Best solution reduces penalty in component to: 141
New random solution with penalty in component: 166. Took 0 sec
Best solution reduces penalty in component to: 141
New random solution with penalty in component: 170. Took 0 sec
Best solution reduces penalty in component to: 141
New random solution with penalty in component: 156. Took 0 sec
Best solution reduces penalty in component to: 141
New random solution with penalty in component: 166. Took 0 sec
Best solution reduces penalty in component to: 141
New random solution with penalty in component: 172. Took 0 sec
Best solution reduces penalty in component to: 141
New random solution with penalty in component: 149. Took 0 sec
Best solution reduces penalty in component to: 141
New random solution with penalty in component: 151. Took 0 sec
Best solution reduces penalty in component to: 141
New random solution with penalty in component: 165. Took 0 sec
Best solution reduces penalty in component to: 141
New random solution with penalty in component: 152. Took 0 sec
Best solution reduces penalty in component to: 141
New random solution with penalty in component: 152. Took 0 sec
Best solution reduces penalty in component to: 141
New random solution with penalty in component: 136. Took 0 sec
Best solution reduces penalty in component to: 136
New random solution with penalty in component: 183. Took 0 sec
Best solution reduces penalty in component to: 136
New random solution with penalty in component: 157. Took 0 sec
Best solution reduces penalty in component to: 136
New random solution with penalty in component: 160. Took 0 sec
Best solution reduces penalty in component to: 136
New random solution with penalty in component: 157. Took 0 sec
Best solution reduces penalty in component to: 136
New random solution with penalty in component: 164. Took 0 sec
Best solution reduces penalty in component to: 136
New random solution with penalty in component: 149. Took 0 sec
Best solution reduces penalty in component to: 136
New random solution with penalty in component: 154. Took 0 sec
Best solution reduces penalty in component to: 136
New random solution with penalty in component: 165. Took 0 sec
Best solution reduces penalty in component to: 136
New random solution with penalty in component: 144. Took 0 sec
Best solution reduces penalty in component to: 136
New random solution with penalty in component: 154. Took 0 sec
Best solution reduces penalty in component to: 136
New random solution with penalty in component: 158. Took 0 sec
Best solution reduces penalty in component to: 136
New random solution with penalty in component: 164. Took 0 sec
Best solution reduces penalty in component to: 136
New random solution with penalty in component: 153. Took 0 sec
Best solution reduces penalty in component to: 136
New random solution with penalty in component: 151. Took 0 sec
Best solution reduces penalty in component to: 136
New random solution with penalty in component: 163. Took 0 sec
Best solution reduces penalty in component to: 136
New random solution with penalty in component: 139. Took 0 sec
Best solution reduces penalty in component to: 136
New random solution with penalty in component: 157. Took 0 sec
Best solution reduces penalty in component to: 136
New random solution with penalty in component: 155. Took 0 sec
Best solution reduces penalty in component to: 136
New random solution with penalty in component: 152. Took 0 sec
Best solution reduces penalty in component to: 136
New random solution with penalty in component: 160. Took 0 sec
Best solution reduces penalty in component to: 136
New random solution with penalty in component: 143. Took 0 sec
Best solution reduces penalty in component to: 136
New random solution with penalty in component: 155. Took 0 sec
Best solution reduces penalty in component to: 136
New random solution with penalty in component: 162. Took 0 sec
Best solution reduces penalty in component to: 136
New random solution with penalty in component: 148. Took 0 sec
Best solution reduces penalty in component to: 136
New random solution with penalty in component: 165. Took 0 sec
Best solution reduces penalty in component to: 136
New random solution with penalty in component: 153. Took 0 sec
Best solution reduces penalty in component to: 136
New random solution with penalty in component: 146. Took 0 sec
Best solution reduces penalty in component to: 136
New random solution with penalty in component: 174. Took 0 sec
Best solution reduces penalty in component to: 136
New random solution with penalty in component: 139. Took 0 sec
Best solution reduces penalty in component to: 136
New random solution with penalty in component: 162. Took 0 sec
Best solution reduces penalty in component to: 136
New random solution with penalty in component: 162. Took 0 sec
Best solution reduces penalty in component to: 136
New random solution with penalty in component: 159. Took 0 sec
Best solution reduces penalty in component to: 136
New random solution with penalty in component: 156. Took 0 sec
Best solution reduces penalty in component to: 136
New random solution with penalty in component: 169. Took 0 sec
Best solution reduces penalty in component to: 136
New random solution with penalty in component: 145. Took 0 sec
Best solution reduces penalty in component to: 136
New random solution with penalty in component: 166. Took 0 sec
Best solution reduces penalty in component to: 136
New random solution with penalty in component: 147. Took 0 sec
Best solution reduces penalty in component to: 136
New random solution with penalty in component: 147. Took 0 sec
Best solution reduces penalty in component to: 136
New random solution with penalty in component: 157. Took 0 sec
Best solution reduces penalty in component to: 136
New random solution with penalty in component: 163. Took 0 sec
Best solution reduces penalty in component to: 136
New random solution with penalty in component: 140. Took 0 sec
Best solution reduces penalty in component to: 136
New random solution with penalty in component: 142. Took 0 sec
Best solution reduces penalty in component to: 136
New random solution with penalty in component: 162. Took 0 sec
Best solution reduces penalty in component to: 136
New random solution with penalty in component: 167. Took 0 sec
Best solution reduces penalty in component to: 136
New random solution with penalty in component: 156. Took 0 sec
Best solution reduces penalty in component to: 136
New random solution with penalty in component: 165. Took 0 sec
Best solution reduces penalty in component to: 136
New random solution with penalty in component: 160. Took 0 sec
Best solution reduces penalty in component to: 136
New random solution with penalty in component: 149. Took 0 sec
Best solution reduces penalty in component to: 136
New random solution with penalty in component: 144. Took 0 sec
Best solution reduces penalty in component to: 136
New random solution with penalty in component: 164. Took 0 sec
Best solution reduces penalty in component to: 136
New random solution with penalty in component: 159. Took 0 sec
Best solution reduces penalty in component to: 136
New random solution with penalty in component: 152. Took 0 sec
Best solution reduces penalty in component to: 136
New random solution with penalty in component: 150. Took 0 sec
Best solution reduces penalty in component to: 136
New random solution with penalty in component: 164. Took 0 sec
Best solution reduces penalty in component to: 136
New random solution with penalty in component: 161. Took 0 sec
Best solution reduces penalty in component to: 136
New random solution with penalty in component: 157. Took 0 sec
Best solution reduces penalty in component to: 136
New random solution with penalty in component: 161. Took 0 sec
Best solution reduces penalty in component to: 136
New random solution with penalty in component: 163. Took 0 sec
Best solution reduces penalty in component to: 136
New random solution with penalty in component: 165. Took 0 sec
Best solution reduces penalty in component to: 136
New random solution with penalty in component: 146. Took 0 sec
Best solution reduces penalty in component to: 136
New random solution with penalty in component: 155. Took 0 sec
Best solution reduces penalty in component to: 136
New random solution with penalty in component: 151. Took 0 sec
Best solution reduces penalty in component to: 136
New random solution with penalty in component: 154. Took 0 sec
Best solution reduces penalty in component to: 136
New random solution with penalty in component: 161. Took 0 sec
Best solution reduces penalty in component to: 136
New random solution with penalty in component: 139. Took 0 sec
Best solution reduces penalty in component to: 136
New random solution with penalty in component: 166. Took 0 sec
Best solution reduces penalty in component to: 136
New random solution with penalty in component: 149. Took 0 sec
Best solution reduces penalty in component to: 136
New random solution with penalty in component: 164. Took 0 sec
Best solution reduces penalty in component to: 136
New random solution with penalty in component: 158. Took 0 sec
Best solution reduces penalty in component to: 136
New random solution with penalty in component: 158. Took 0 sec
Best solution reduces penalty in component to: 136
New random solution with penalty in component: 167. Took 0 sec
Best solution reduces penalty in component to: 136
New random solution with penalty in component: 159. Took 0 sec
Best solution reduces penalty in component to: 136
New random solution with penalty in component: 168. Took 0 sec
Best solution reduces penalty in component to: 136
New random solution with penalty in component: 137. Took 0 sec
Best solution reduces penalty in component to: 136
New random solution with penalty in component: 150. Took 0 sec
Best solution reduces penalty in component to: 136
New random solution with penalty in component: 163. Took 0 sec
Best solution reduces penalty in component to: 136
Total penalty: 193
SOLUTION IS VALID
