Found 1 strongly connected components

CURRENTLY WORKING ON COMPONENT 1
New random solution with penalty in component: 101. Took 0 sec
Local search improved penalty in component to: 59. Took 16 sec
Best solution reduces penalty in component to: 59
New random solution with penalty in component: 111. Took 0 sec
Local search improved penalty in component to: 67. Took 19 sec
Best solution reduces penalty in component to: 59
New random solution with penalty in component: 112. Took 0 sec
Local search improved penalty in component to: 59. Took 24 sec
Best solution reduces penalty in component to: 59
New random solution with penalty in component: 92. Took 0 sec
Local search improved penalty in component to: 63. Took 10 sec
Best solution reduces penalty in component to: 59
New random solution with penalty in component: 96. Took 0 sec
Local search improved penalty in component to: 47. Took 16 sec
Best solution reduces penalty in component to: 47
New random solution with penalty in component: 100. Took 0 sec
Local search improved penalty in component to: 59. Took 12 sec
Best solution reduces penalty in component to: 47
New random solution with penalty in component: 99. Took 0 sec
Local search improved penalty in component to: 67. Took 13 sec
Best solution reduces penalty in component to: 47
New random solution with penalty in component: 113. Took 0 sec
Local search improved penalty in component to: 63. Took 19 sec
Best solution reduces penalty in component to: 47
New random solution with penalty in component: 104. Took 0 sec
Local search improved penalty in component to: 63. Took 17 sec
Best solution reduces penalty in component to: 47
New random solution with penalty in component: 104. Took 0 sec
Local search improved penalty in component to: 55. Took 20 sec
Best solution reduces penalty in component to: 47
New random solution with penalty in component: 92. Took 0 sec
Local search improved penalty in component to: 67. Took 8 sec
Best solution reduces penalty in component to: 47
New random solution with penalty in component: 111. Took 0 sec
Local search improved penalty in component to: 59. Took 16 sec
Best solution reduces penalty in component to: 47
New random solution with penalty in component: 92. Took 0 sec
Local search improved penalty in component to: 59. Took 12 sec
Best solution reduces penalty in component to: 47
New random solution with penalty in component: 79. Took 0 sec
Local search improved penalty in component to: 67. Took 4 sec
Best solution reduces penalty in component to: 47
New random solution with penalty in component: 117. Took 0 sec
Local search improved penalty in component to: 63. Took 26 sec
Best solution reduces penalty in component to: 47
New random solution with penalty in component: 92. Took 0 sec
Local search improved penalty in component to: 55. Took 13 sec
Best solution reduces penalty in component to: 47
New random solution with penalty in component: 92. Took 0 sec
Local search improved penalty in component to: 63. Took 10 sec
Best solution reduces penalty in component to: 47
New random solution with penalty in component: 103. Took 0 sec
Local search improved penalty in component to: 75. Took 13 sec
Best solution reduces penalty in component to: 47
New random solution with penalty in component: 104. Took 0 sec
Local search improved penalty in component to: 59. Took 18 sec
Best solution reduces penalty in component to: 47
New random solution with penalty in component: 91. Took 0 sec
Local search improved penalty in component to: 67. Took 7 sec
Best solution reduces penalty in component to: 47
Total penalty: 47
SOLUTION IS VALID
