Found 1 strongly connected components

CURRENTLY WORKING ON COMPONENT 1
New random solution with penalty in component: 19. Took 0 sec
Best solution reduces penalty in component to: 19
New random solution with penalty in component: 12. Took 0 sec
Best solution reduces penalty in component to: 12
New random solution with penalty in component: 19. Took 0 sec
Best solution reduces penalty in component to: 12
New random solution with penalty in component: 20. Took 0 sec
Best solution reduces penalty in component to: 12
New random solution with penalty in component: 13. Took 0 sec
Best solution reduces penalty in component to: 12
New random solution with penalty in component: 11. Took 0 sec
Best solution reduces penalty in component to: 11
New random solution with penalty in component: 23. Took 0 sec
Best solution reduces penalty in component to: 11
New random solution with penalty in component: 28. Took 0 sec
Best solution reduces penalty in component to: 11
New random solution with penalty in component: 21. Took 0 sec
Best solution reduces penalty in component to: 11
New random solution with penalty in component: 17. Took 0 sec
Best solution reduces penalty in component to: 11
New random solution with penalty in component: 14. Took 0 sec
Best solution reduces penalty in component to: 11
New random solution with penalty in component: 20. Took 0 sec
Best solution reduces penalty in component to: 11
New random solution with penalty in component: 28. Took 0 sec
Best solution reduces penalty in component to: 11
New random solution with penalty in component: 23. Took 0 sec
Best solution reduces penalty in component to: 11
New random solution with penalty in component: 15. Took 0 sec
Best solution reduces penalty in component to: 11
New random solution with penalty in component: 16. Took 0 sec
Best solution reduces penalty in component to: 11
New random solution with penalty in component: 23. Took 0 sec
Best solution reduces penalty in component to: 11
New random solution with penalty in component: 12. Took 0 sec
Best solution reduces penalty in component to: 11
New random solution with penalty in component: 20. Took 0 sec
Best solution reduces penalty in component to: 11
New random solution with penalty in component: 22. Took 0 sec
Best solution reduces penalty in component to: 11
New random solution with penalty in component: 21. Took 0 sec
Best solution reduces penalty in component to: 11
New random solution with penalty in component: 20. Took 0 sec
Best solution reduces penalty in component to: 11
New random solution with penalty in component: 27. Took 0 sec
Best solution reduces penalty in component to: 11
New random solution with penalty in component: 19. Took 0 sec
Best solution reduces penalty in component to: 11
New random solution with penalty in component: 11. Took 0 sec
Best solution reduces penalty in component to: 11
New random solution with penalty in component: 21. Took 0 sec
Best solution reduces penalty in component to: 11
New random solution with penalty in component: 18. Took 0 sec
Best solution reduces penalty in component to: 11
New random solution with penalty in component: 24. Took 0 sec
Best solution reduces penalty in component to: 11
New random solution with penalty in component: 18. Took 0 sec
Best solution reduces penalty in component to: 11
New random solution with penalty in component: 16. Took 0 sec
Best solution reduces penalty in component to: 11
New random solution with penalty in component: 21. Took 0 sec
Best solution reduces penalty in component to: 11
New random solution with penalty in component: 18. Took 0 sec
Best solution reduces penalty in component to: 11
New random solution with penalty in component: 23. Took 0 sec
Best solution reduces penalty in component to: 11
New random solution with penalty in component: 14. Took 0 sec
Best solution reduces penalty in component to: 11
New random solution with penalty in component: 26. Took 0 sec
Best solution reduces penalty in component to: 11
New random solution with penalty in component: 23. Took 0 sec
Best solution reduces penalty in component to: 11
New random solution with penalty in component: 22. Took 0 sec
Best solution reduces penalty in component to: 11
New random solution with penalty in component: 24. Took 0 sec
Best solution reduces penalty in component to: 11
New random solution with penalty in component: 18. Took 0 sec
Best solution reduces penalty in component to: 11
New random solution with penalty in component: 23. Took 0 sec
Best solution reduces penalty in component to: 11
New random solution with penalty in component: 12. Took 0 sec
Best solution reduces penalty in component to: 11
New random solution with penalty in component: 11. Took 0 sec
Best solution reduces penalty in component to: 11
New random solution with penalty in component: 35. Took 0 sec
Best solution reduces penalty in component to: 11
New random solution with penalty in component: 26. Took 0 sec
Best solution reduces penalty in component to: 11
New random solution with penalty in component: 19. Took 0 sec
Best solution reduces penalty in component to: 11
New random solution with penalty in component: 27. Took 0 sec
Best solution reduces penalty in component to: 11
New random solution with penalty in component: 20. Took 0 sec
Best solution reduces penalty in component to: 11
New random solution with penalty in component: 20. Took 0 sec
Best solution reduces penalty in component to: 11
New random solution with penalty in component: 21. Took 0 sec
Best solution reduces penalty in component to: 11
New random solution with penalty in component: 21. Took 0 sec
Best solution reduces penalty in component to: 11
New random solution with penalty in component: 14. Took 0 sec
Best solution reduces penalty in component to: 11
New random solution with penalty in component: 18. Took 0 sec
Best solution reduces penalty in component to: 11
New random solution with penalty in component: 24. Took 0 sec
Best solution reduces penalty in component to: 11
New random solution with penalty in component: 20. Took 0 sec
Best solution reduces penalty in component to: 11
New random solution with penalty in component: 25. Took 0 sec
Best solution reduces penalty in component to: 11
New random solution with penalty in component: 26. Took 0 sec
Best solution reduces penalty in component to: 11
New random solution with penalty in component: 25. Took 0 sec
Best solution reduces penalty in component to: 11
New random solution with penalty in component: 25. Took 0 sec
Best solution reduces penalty in component to: 11
New random solution with penalty in component: 15. Took 0 sec
Best solution reduces penalty in component to: 11
New random solution with penalty in component: 24. Took 0 sec
Best solution reduces penalty in component to: 11
New random solution with penalty in component: 23. Took 0 sec
Best solution reduces penalty in component to: 11
New random solution with penalty in component: 24. Took 0 sec
Best solution reduces penalty in component to: 11
New random solution with penalty in component: 22. Took 0 sec
Best solution reduces penalty in component to: 11
New random solution with penalty in component: 25. Took 0 sec
Best solution reduces penalty in component to: 11
New random solution with penalty in component: 19. Took 0 sec
Best solution reduces penalty in component to: 11
New random solution with penalty in component: 22. Took 0 sec
Best solution reduces penalty in component to: 11
New random solution with penalty in component: 16. Took 0 sec
Best solution reduces penalty in component to: 11
New random solution with penalty in component: 18. Took 0 sec
Best solution reduces penalty in component to: 11
New random solution with penalty in component: 21. Took 0 sec
Best solution reduces penalty in component to: 11
New random solution with penalty in component: 25. Took 0 sec
Best solution reduces penalty in component to: 11
New random solution with penalty in component: 31. Took 0 sec
Best solution reduces penalty in component to: 11
New random solution with penalty in component: 18. Took 0 sec
Best solution reduces penalty in component to: 11
New random solution with penalty in component: 19. Took 0 sec
Best solution reduces penalty in component to: 11
New random solution with penalty in component: 17. Took 0 sec
Best solution reduces penalty in component to: 11
New random solution with penalty in component: 18. Took 0 sec
Best solution reduces penalty in component to: 11
New random solution with penalty in component: 19. Took 0 sec
Best solution reduces penalty in component to: 11
New random solution with penalty in component: 25. Took 0 sec
Best solution reduces penalty in component to: 11
New random solution with penalty in component: 18. Took 0 sec
Best solution reduces penalty in component to: 11
New random solution with penalty in component: 14. Took 0 sec
Best solution reduces penalty in component to: 11
New random solution with penalty in component: 17. Took 0 sec
Best solution reduces penalty in component to: 11
New random solution with penalty in component: 18. Took 0 sec
Best solution reduces penalty in component to: 11
New random solution with penalty in component: 24. Took 0 sec
Best solution reduces penalty in component to: 11
New random solution with penalty in component: 21. Took 0 sec
Best solution reduces penalty in component to: 11
New random solution with penalty in component: 21. Took 0 sec
Best solution reduces penalty in component to: 11
New random solution with penalty in component: 29. Took 0 sec
Best solution reduces penalty in component to: 11
New random solution with penalty in component: 27. Took 0 sec
Best solution reduces penalty in component to: 11
New random solution with penalty in component: 19. Took 0 sec
Best solution reduces penalty in component to: 11
New random solution with penalty in component: 17. Took 0 sec
Best solution reduces penalty in component to: 11
New random solution with penalty in component: 33. Took 0 sec
Best solution reduces penalty in component to: 11
New random solution with penalty in component: 20. Took 0 sec
Best solution reduces penalty in component to: 11
New random solution with penalty in component: 25. Took 0 sec
Best solution reduces penalty in component to: 11
New random solution with penalty in component: 20. Took 0 sec
Best solution reduces penalty in component to: 11
New random solution with penalty in component: 15. Took 0 sec
Best solution reduces penalty in component to: 11
New random solution with penalty in component: 23. Took 0 sec
Best solution reduces penalty in component to: 11
New random solution with penalty in component: 18. Took 0 sec
Best solution reduces penalty in component to: 11
New random solution with penalty in component: 17. Took 0 sec
Best solution reduces penalty in component to: 11
New random solution with penalty in component: 21. Took 0 sec
Best solution reduces penalty in component to: 11
New random solution with penalty in component: 16. Took 0 sec
Best solution reduces penalty in component to: 11
New random solution with penalty in component: 23. Took 0 sec
Best solution reduces penalty in component to: 11
New random solution with penalty in component: 23. Took 0 sec
Best solution reduces penalty in component to: 11
Total penalty: 11
SOLUTION IS VALID
