Found 1 strongly connected components

CURRENTLY WORKING ON COMPONENT 1
New random solution with penalty in component: 1. Took 0 sec
Local search improved penalty in component to: 1. Took 0 sec
Best solution reduces penalty in component to: 1
New random solution with penalty in component: 1. Took 0 sec
Local search improved penalty in component to: 1. Took 0 sec
Best solution reduces penalty in component to: 1
New random solution with penalty in component: 1. Took 0 sec
Local search improved penalty in component to: 1. Took 0 sec
Best solution reduces penalty in component to: 1
New random solution with penalty in component: 1. Took 0 sec
Local search improved penalty in component to: 1. Took 0 sec
Best solution reduces penalty in component to: 1
New random solution with penalty in component: 1. Took 0 sec
Local search improved penalty in component to: 1. Took 0 sec
Best solution reduces penalty in component to: 1
New random solution with penalty in component: 1. Took 0 sec
Local search improved penalty in component to: 1. Took 0 sec
Best solution reduces penalty in component to: 1
New random solution with penalty in component: 1. Took 0 sec
Local search improved penalty in component to: 1. Took 0 sec
Best solution reduces penalty in component to: 1
New random solution with penalty in component: 1. Took 0 sec
Local search improved penalty in component to: 1. Took 0 sec
Best solution reduces penalty in component to: 1
New random solution with penalty in component: 1. Took 0 sec
Local search improved penalty in component to: 1. Took 0 sec
Best solution reduces penalty in component to: 1
New random solution with penalty in component: 1. Took 0 sec
Local search improved penalty in component to: 1. Took 0 sec
Best solution reduces penalty in component to: 1
New random solution with penalty in component: 1. Took 0 sec
Local search improved penalty in component to: 1. Took 0 sec
Best solution reduces penalty in component to: 1
New random solution with penalty in component: 1. Took 0 sec
Local search improved penalty in component to: 1. Took 0 sec
Best solution reduces penalty in component to: 1
New random solution with penalty in component: 1. Took 0 sec
Local search improved penalty in component to: 1. Took 0 sec
Best solution reduces penalty in component to: 1
New random solution with penalty in component: 1. Took 0 sec
Local search improved penalty in component to: 1. Took 0 sec
Best solution reduces penalty in component to: 1
New random solution with penalty in component: 1. Took 0 sec
Local search improved penalty in component to: 1. Took 0 sec
Best solution reduces penalty in component to: 1
New random solution with penalty in component: 1. Took 0 sec
Local search improved penalty in component to: 1. Took 0 sec
Best solution reduces penalty in component to: 1
New random solution with penalty in component: 1. Took 0 sec
Local search improved penalty in component to: 1. Took 0 sec
Best solution reduces penalty in component to: 1
New random solution with penalty in component: 1. Took 0 sec
Local search improved penalty in component to: 1. Took 0 sec
Best solution reduces penalty in component to: 1
New random solution with penalty in component: 1. Took 0 sec
Local search improved penalty in component to: 1. Took 0 sec
Best solution reduces penalty in component to: 1
New random solution with penalty in component: 1. Took 0 sec
Local search improved penalty in component to: 1. Took 0 sec
Best solution reduces penalty in component to: 1
Total penalty: 1
SOLUTION IS VALID
