Found 1 strongly connected components

CURRENTLY WORKING ON COMPONENT 1
New random solution with penalty in component: 14. Took 0 sec
Local search improved penalty in component to: 2. Took 1 sec
Best solution reduces penalty in component to: 2
New random solution with penalty in component: 25. Took 0 sec
Local search improved penalty in component to: 2. Took 7 sec
Best solution reduces penalty in component to: 2
New random solution with penalty in component: 15. Took 0 sec
Local search improved penalty in component to: 2. Took 1 sec
Best solution reduces penalty in component to: 2
New random solution with penalty in component: 19. Took 0 sec
Local search improved penalty in component to: 2. Took 3 sec
Best solution reduces penalty in component to: 2
New random solution with penalty in component: 23. Took 0 sec
Local search improved penalty in component to: 2. Took 5 sec
Best solution reduces penalty in component to: 2
New random solution with penalty in component: 20. Took 0 sec
Local search improved penalty in component to: 4. Took 3 sec
Best solution reduces penalty in component to: 2
New random solution with penalty in component: 21. Took 0 sec
Local search improved penalty in component to: 2. Took 4 sec
Best solution reduces penalty in component to: 2
New random solution with penalty in component: 16. Took 0 sec
Local search improved penalty in component to: 2. Took 2 sec
Best solution reduces penalty in component to: 2
New random solution with penalty in component: 18. Took 0 sec
Local search improved penalty in component to: 2. Took 2 sec
Best solution reduces penalty in component to: 2
New random solution with penalty in component: 26. Took 0 sec
Local search improved penalty in component to: 3. Took 16 sec
Best solution reduces penalty in component to: 2
New random solution with penalty in component: 14. Took 0 sec
Local search improved penalty in component to: 2. Took 1 sec
Best solution reduces penalty in component to: 2
New random solution with penalty in component: 19. Took 0 sec
Local search improved penalty in component to: 2. Took 2 sec
Best solution reduces penalty in component to: 2
New random solution with penalty in component: 27. Took 0 sec
Local search improved penalty in component to: 2. Took 9 sec
Best solution reduces penalty in component to: 2
New random solution with penalty in component: 11. Took 0 sec
Local search improved penalty in component to: 4. Took 0 sec
Best solution reduces penalty in component to: 2
New random solution with penalty in component: 20. Took 0 sec
Local search improved penalty in component to: 3. Took 4 sec
Best solution reduces penalty in component to: 2
New random solution with penalty in component: 16. Took 0 sec
Local search improved penalty in component to: 0. Took 2 sec
Best solution reduces penalty in component to: 0
Total penalty: 0
SOLUTION IS VALID
