Found 95 strongly connected components

CURRENTLY WORKING ON COMPONENT 1
Skipping acyclic component

CURRENTLY WORKING ON COMPONENT 2
Dynamic programming solution found with score: 0. Took 0 sec

CURRENTLY WORKING ON COMPONENT 3
Dynamic programming solution found with score: 0. Took 0 sec

CURRENTLY WORKING ON COMPONENT 4
Dynamic programming solution found with score: 10. Took 0 sec

CURRENTLY WORKING ON COMPONENT 5
Skipping acyclic component

CURRENTLY WORKING ON COMPONENT 6
Dynamic programming solution found with score: 0. Took 0 sec

CURRENTLY WORKING ON COMPONENT 7
Dynamic programming solution found with score: 0. Took 0 sec

CURRENTLY WORKING ON COMPONENT 8
Dynamic programming solution found with score: 0. Took 0 sec

CURRENTLY WORKING ON COMPONENT 9
Dynamic programming solution found with score: 10. Took 0 sec

CURRENTLY WORKING ON COMPONENT 10
Dynamic programming solution found with score: 0. Took 0 sec

CURRENTLY WORKING ON COMPONENT 11
Dynamic programming solution found with score: 9. Took 0 sec

CURRENTLY WORKING ON COMPONENT 12
Dynamic programming solution found with score: 0. Took 0 sec

CURRENTLY WORKING ON COMPONENT 13
Dynamic programming solution found with score: 5. Took 0 sec

CURRENTLY WORKING ON COMPONENT 14
Dynamic programming solution found with score: 0. Took 0 sec

CURRENTLY WORKING ON COMPONENT 15
Dynamic programming solution found with score: 0. Took 0 sec

CURRENTLY WORKING ON COMPONENT 16
Dynamic programming solution found with score: 7. Took 0 sec

CURRENTLY WORKING ON COMPONENT 17
Dynamic programming solution found with score: 0. Took 0 sec

CURRENTLY WORKING ON COMPONENT 18
Dynamic programming solution found with score: 0. Took 0 sec

CURRENTLY WORKING ON COMPONENT 19
Dynamic programming solution found with score: 12. Took 0 sec

CURRENTLY WORKING ON COMPONENT 20
Dynamic programming solution found with score: 0. Took 0 sec

CURRENTLY WORKING ON COMPONENT 21
Dynamic programming solution found with score: 0. Took 0 sec

CURRENTLY WORKING ON COMPONENT 22
Skipping acyclic component

CURRENTLY WORKING ON COMPONENT 23
Dynamic programming solution found with score: 0. Took 0 sec

CURRENTLY WORKING ON COMPONENT 24
Skipping acyclic component

CURRENTLY WORKING ON COMPONENT 25
Dynamic programming solution found with score: 0. Took 0 sec

CURRENTLY WORKING ON COMPONENT 26
Dynamic programming solution found with score: 10. Took 0 sec

CURRENTLY WORKING ON COMPONENT 27
Dynamic programming solution found with score: 11. Took 0 sec

CURRENTLY WORKING ON COMPONENT 28
Dynamic programming solution found with score: 7. Took 0 sec

CURRENTLY WORKING ON COMPONENT 29
Skipping acyclic component

CURRENTLY WORKING ON COMPONENT 30
Skipping acyclic component

CURRENTLY WORKING ON COMPONENT 31
Skipping acyclic component

CURRENTLY WORKING ON COMPONENT 32
Skipping acyclic component

CURRENTLY WORKING ON COMPONENT 33
Skipping acyclic component

CURRENTLY WORKING ON COMPONENT 34
Skipping acyclic component

CURRENTLY WORKING ON COMPONENT 35
Skipping acyclic component

CURRENTLY WORKING ON COMPONENT 36
New random solution with penalty in component: 5. Took 0 sec
Local search improved penalty in component to: 0. Took 0 sec
Best solution reduces penalty in component to: 0

CURRENTLY WORKING ON COMPONENT 37
Dynamic programming solution found with score: 1. Took 0 sec

CURRENTLY WORKING ON COMPONENT 38
Dynamic programming solution found with score: 8. Took 0 sec

CURRENTLY WORKING ON COMPONENT 39
Dynamic programming solution found with score: 0. Took 0 sec

CURRENTLY WORKING ON COMPONENT 40
Skipping acyclic component

CURRENTLY WORKING ON COMPONENT 41
Dynamic programming solution found with score: 0. Took 0 sec

CURRENTLY WORKING ON COMPONENT 42
Dynamic programming solution found with score: 0. Took 0 sec

CURRENTLY WORKING ON COMPONENT 43
New random solution with penalty in component: 0. Took 0 sec
Local search improved penalty in component to: 0. Took 0 sec
Best solution reduces penalty in component to: 0

CURRENTLY WORKING ON COMPONENT 44
Dynamic programming solution found with score: 0. Took 0 sec

CURRENTLY WORKING ON COMPONENT 45
Skipping acyclic component

CURRENTLY WORKING ON COMPONENT 46
New random solution with penalty in component: 16. Took 0 sec
Local search improved penalty in component to: 16. Took 0 sec
Best solution reduces penalty in component to: 16
New random solution with penalty in component: 16. Took 0 sec
Local search improved penalty in component to: 16. Took 0 sec
Best solution reduces penalty in component to: 16
New random solution with penalty in component: 16. Took 0 sec
Local search improved penalty in component to: 16. Took 0 sec
Best solution reduces penalty in component to: 16
New random solution with penalty in component: 16. Took 0 sec
Local search improved penalty in component to: 16. Took 0 sec
Best solution reduces penalty in component to: 16
New random solution with penalty in component: 16. Took 0 sec
Local search improved penalty in component to: 16. Took 0 sec
Best solution reduces penalty in component to: 16
New random solution with penalty in component: 16. Took 0 sec
Local search improved penalty in component to: 16. Took 0 sec
Best solution reduces penalty in component to: 16
New random solution with penalty in component: 16. Took 0 sec
Local search improved penalty in component to: 16. Took 0 sec
Best solution reduces penalty in component to: 16
New random solution with penalty in component: 16. Took 0 sec
Local search improved penalty in component to: 16. Took 0 sec
Best solution reduces penalty in component to: 16
New random solution with penalty in component: 16. Took 0 sec
Local search improved penalty in component to: 16. Took 0 sec
Best solution reduces penalty in component to: 16
New random solution with penalty in component: 16. Took 0 sec
Local search improved penalty in component to: 16. Took 0 sec
Best solution reduces penalty in component to: 16
New random solution with penalty in component: 16. Took 0 sec
Local search improved penalty in component to: 16. Took 0 sec
Best solution reduces penalty in component to: 16
New random solution with penalty in component: 16. Took 0 sec
Local search improved penalty in component to: 16. Took 0 sec
Best solution reduces penalty in component to: 16
New random solution with penalty in component: 16. Took 0 sec
Local search improved penalty in component to: 16. Took 0 sec
Best solution reduces penalty in component to: 16
New random solution with penalty in component: 16. Took 0 sec
Local search improved penalty in component to: 16. Took 0 sec
Best solution reduces penalty in component to: 16
New random solution with penalty in component: 16. Took 0 sec
Local search improved penalty in component to: 16. Took 0 sec
Best solution reduces penalty in component to: 16
New random solution with penalty in component: 16. Took 0 sec
Local search improved penalty in component to: 16. Took 0 sec
Best solution reduces penalty in component to: 16
New random solution with penalty in component: 16. Took 0 sec
Local search improved penalty in component to: 16. Took 0 sec
Best solution reduces penalty in component to: 16
New random solution with penalty in component: 16. Took 0 sec
Local search improved penalty in component to: 16. Took 0 sec
Best solution reduces penalty in component to: 16
New random solution with penalty in component: 16. Took 0 sec
Local search improved penalty in component to: 16. Took 0 sec
Best solution reduces penalty in component to: 16
New random solution with penalty in component: 16. Took 0 sec
Local search improved penalty in component to: 16. Took 0 sec
Best solution reduces penalty in component to: 16

CURRENTLY WORKING ON COMPONENT 47
Skipping acyclic component

CURRENTLY WORKING ON COMPONENT 48
Dynamic programming solution found with score: 0. Took 0 sec

CURRENTLY WORKING ON COMPONENT 49
Dynamic programming solution found with score: 9. Took 0 sec

CURRENTLY WORKING ON COMPONENT 50
Dynamic programming solution found with score: 0. Took 0 sec

CURRENTLY WORKING ON COMPONENT 51
Dynamic programming solution found with score: 0. Took 0 sec

CURRENTLY WORKING ON COMPONENT 52
Dynamic programming solution found with score: 0. Took 0 sec

CURRENTLY WORKING ON COMPONENT 53
Dynamic programming solution found with score: 11. Took 0 sec

CURRENTLY WORKING ON COMPONENT 54
Dynamic programming solution found with score: 0. Took 0 sec

CURRENTLY WORKING ON COMPONENT 55
New random solution with penalty in component: 5. Took 0 sec
Local search improved penalty in component to: 2. Took 0 sec
Best solution reduces penalty in component to: 2
New random solution with penalty in component: 8. Took 0 sec
Local search improved penalty in component to: 2. Took 0 sec
Best solution reduces penalty in component to: 2
New random solution with penalty in component: 5. Took 0 sec
Local search improved penalty in component to: 0. Took 0 sec
Best solution reduces penalty in component to: 0

CURRENTLY WORKING ON COMPONENT 56
Skipping acyclic component

CURRENTLY WORKING ON COMPONENT 57
Skipping acyclic component

CURRENTLY WORKING ON COMPONENT 58
New random solution with penalty in component: 3. Took 0 sec
Local search improved penalty in component to: 3. Took 0 sec
Best solution reduces penalty in component to: 3
New random solution with penalty in component: 2. Took 0 sec
Local search improved penalty in component to: 2. Took 0 sec
Best solution reduces penalty in component to: 2
New random solution with penalty in component: 3. Took 0 sec
Local search improved penalty in component to: 0. Took 0 sec
Best solution reduces penalty in component to: 0

CURRENTLY WORKING ON COMPONENT 59
Dynamic programming solution found with score: 0. Took 0 sec

CURRENTLY WORKING ON COMPONENT 60
Dynamic programming solution found with score: 0. Took 0 sec

CURRENTLY WORKING ON COMPONENT 61
Dynamic programming solution found with score: 7. Took 0 sec

CURRENTLY WORKING ON COMPONENT 62
New random solution with penalty in component: 19. Took 0 sec
Local search improved penalty in component to: 19. Took 0 sec
Best solution reduces penalty in component to: 19
New random solution with penalty in component: 19. Took 0 sec
Local search improved penalty in component to: 19. Took 0 sec
Best solution reduces penalty in component to: 19
New random solution with penalty in component: 19. Took 0 sec
Local search improved penalty in component to: 19. Took 0 sec
Best solution reduces penalty in component to: 19
New random solution with penalty in component: 19. Took 0 sec
Local search improved penalty in component to: 19. Took 0 sec
Best solution reduces penalty in component to: 19
New random solution with penalty in component: 19. Took 0 sec
Local search improved penalty in component to: 19. Took 0 sec
Best solution reduces penalty in component to: 19
New random solution with penalty in component: 19. Took 0 sec
Local search improved penalty in component to: 19. Took 0 sec
Best solution reduces penalty in component to: 19
New random solution with penalty in component: 19. Took 0 sec
Local search improved penalty in component to: 19. Took 0 sec
Best solution reduces penalty in component to: 19
New random solution with penalty in component: 19. Took 0 sec
Local search improved penalty in component to: 19. Took 0 sec
Best solution reduces penalty in component to: 19
New random solution with penalty in component: 19. Took 0 sec
Local search improved penalty in component to: 19. Took 0 sec
Best solution reduces penalty in component to: 19
New random solution with penalty in component: 19. Took 0 sec
Local search improved penalty in component to: 19. Took 0 sec
Best solution reduces penalty in component to: 19
New random solution with penalty in component: 19. Took 0 sec
Local search improved penalty in component to: 19. Took 0 sec
Best solution reduces penalty in component to: 19
New random solution with penalty in component: 19. Took 0 sec
Local search improved penalty in component to: 19. Took 0 sec
Best solution reduces penalty in component to: 19
New random solution with penalty in component: 19. Took 0 sec
Local search improved penalty in component to: 19. Took 0 sec
Best solution reduces penalty in component to: 19
New random solution with penalty in component: 19. Took 0 sec
Local search improved penalty in component to: 19. Took 0 sec
Best solution reduces penalty in component to: 19
New random solution with penalty in component: 19. Took 0 sec
Local search improved penalty in component to: 19. Took 0 sec
Best solution reduces penalty in component to: 19
New random solution with penalty in component: 19. Took 0 sec
Local search improved penalty in component to: 19. Took 0 sec
Best solution reduces penalty in component to: 19
New random solution with penalty in component: 19. Took 0 sec
Local search improved penalty in component to: 19. Took 0 sec
Best solution reduces penalty in component to: 19
New random solution with penalty in component: 19. Took 0 sec
Local search improved penalty in component to: 19. Took 0 sec
Best solution reduces penalty in component to: 19
New random solution with penalty in component: 19. Took 0 sec
Local search improved penalty in component to: 19. Took 0 sec
Best solution reduces penalty in component to: 19
New random solution with penalty in component: 19. Took 0 sec
Local search improved penalty in component to: 19. Took 0 sec
Best solution reduces penalty in component to: 19

CURRENTLY WORKING ON COMPONENT 63
Dynamic programming solution found with score: 9. Took 0 sec

CURRENTLY WORKING ON COMPONENT 64
Skipping acyclic component

CURRENTLY WORKING ON COMPONENT 65
New random solution with penalty in component: 3. Took 0 sec
Local search improved penalty in component to: 0. Took 0 sec
Best solution reduces penalty in component to: 0

CURRENTLY WORKING ON COMPONENT 66
New random solution with penalty in component: 6. Took 0 sec
Local search improved penalty in component to: 0. Took 0 sec
Best solution reduces penalty in component to: 0

CURRENTLY WORKING ON COMPONENT 67
Skipping acyclic component

CURRENTLY WORKING ON COMPONENT 68
Dynamic programming solution found with score: 0. Took 0 sec

CURRENTLY WORKING ON COMPONENT 69
Dynamic programming solution found with score: 0. Took 0 sec

CURRENTLY WORKING ON COMPONENT 70
Skipping acyclic component

CURRENTLY WORKING ON COMPONENT 71
Dynamic programming solution found with score: 3. Took 0 sec

CURRENTLY WORKING ON COMPONENT 72
Dynamic programming solution found with score: 0. Took 0 sec

CURRENTLY WORKING ON COMPONENT 73
Dynamic programming solution found with score: 12. Took 0 sec

CURRENTLY WORKING ON COMPONENT 74
Dynamic programming solution found with score: 6. Took 0 sec

CURRENTLY WORKING ON COMPONENT 75
Dynamic programming solution found with score: 9. Took 0 sec

CURRENTLY WORKING ON COMPONENT 76
Skipping acyclic component

CURRENTLY WORKING ON COMPONENT 77
Dynamic programming solution found with score: 0. Took 0 sec

CURRENTLY WORKING ON COMPONENT 78
Dynamic programming solution found with score: 0. Took 0 sec

CURRENTLY WORKING ON COMPONENT 79
Dynamic programming solution found with score: 11. Took 0 sec

CURRENTLY WORKING ON COMPONENT 80
Dynamic programming solution found with score: 0. Took 0 sec

CURRENTLY WORKING ON COMPONENT 81
Dynamic programming solution found with score: 0. Took 0 sec

CURRENTLY WORKING ON COMPONENT 82
Dynamic programming solution found with score: 0. Took 0 sec

CURRENTLY WORKING ON COMPONENT 83
Dynamic programming solution found with score: 0. Took 0 sec

CURRENTLY WORKING ON COMPONENT 84
Dynamic programming solution found with score: 0. Took 0 sec

CURRENTLY WORKING ON COMPONENT 85
Skipping acyclic component

CURRENTLY WORKING ON COMPONENT 86
Skipping acyclic component

CURRENTLY WORKING ON COMPONENT 87
Dynamic programming solution found with score: 0. Took 0 sec

CURRENTLY WORKING ON COMPONENT 88
Dynamic programming solution found with score: 13. Took 0 sec

CURRENTLY WORKING ON COMPONENT 89
Skipping acyclic component

CURRENTLY WORKING ON COMPONENT 90
Skipping acyclic component

CURRENTLY WORKING ON COMPONENT 91
Skipping acyclic component

CURRENTLY WORKING ON COMPONENT 92
Dynamic programming solution found with score: 2. Took 0 sec

CURRENTLY WORKING ON COMPONENT 93
Dynamic programming solution found with score: 0. Took 0 sec

CURRENTLY WORKING ON COMPONENT 94
Dynamic programming solution found with score: 0. Took 0 sec

CURRENTLY WORKING ON COMPONENT 95
Dynamic programming solution found with score: 4. Took 0 sec
Total penalty: 270
ERROR SOLUTION IS NOT VALID, invalid edge from 354 to 353
