Found 1 strongly connected components

CURRENTLY WORKING ON COMPONENT 1
New random solution with penalty in component: 44. Took 0 sec
Local search improved penalty in component to: 11. Took 11 sec
Best solution reduces penalty in component to: 11
New random solution with penalty in component: 47. Took 0 sec
Local search improved penalty in component to: 6. Took 12 sec
Best solution reduces penalty in component to: 6
New random solution with penalty in component: 35. Took 0 sec
Local search improved penalty in component to: 3. Took 5 sec
Best solution reduces penalty in component to: 3
New random solution with penalty in component: 39. Took 0 sec
Local search improved penalty in component to: 11. Took 3 sec
Best solution reduces penalty in component to: 3
New random solution with penalty in component: 45. Took 0 sec
Local search improved penalty in component to: 8. Took 6 sec
Best solution reduces penalty in component to: 3
New random solution with penalty in component: 36. Took 0 sec
Local search improved penalty in component to: 9. Took 5 sec
Best solution reduces penalty in component to: 3
New random solution with penalty in component: 29. Took 0 sec
Local search improved penalty in component to: 4. Took 4 sec
Best solution reduces penalty in component to: 3
New random solution with penalty in component: 44. Took 0 sec
Local search improved penalty in component to: 10. Took 5 sec
Best solution reduces penalty in component to: 3
New random solution with penalty in component: 36. Took 0 sec
Local search improved penalty in component to: 2. Took 7 sec
Best solution reduces penalty in component to: 2
New random solution with penalty in component: 35. Took 0 sec
Local search improved penalty in component to: 6. Took 6 sec
Best solution reduces penalty in component to: 2
New random solution with penalty in component: 49. Took 0 sec
Local search improved penalty in component to: 10. Took 11 sec
Best solution reduces penalty in component to: 2
New random solution with penalty in component: 39. Took 0 sec
Local search improved penalty in component to: 3. Took 6 sec
Best solution reduces penalty in component to: 2
New random solution with penalty in component: 52. Took 0 sec
Local search improved penalty in component to: 5. Took 32 sec
Best solution reduces penalty in component to: 2
New random solution with penalty in component: 42. Took 0 sec
Local search improved penalty in component to: 8. Took 8 sec
Best solution reduces penalty in component to: 2
New random solution with penalty in component: 54. Took 0 sec
Local search improved penalty in component to: 8. Took 20 sec
Best solution reduces penalty in component to: 2
New random solution with penalty in component: 37. Took 0 sec
Local search improved penalty in component to: 4. Took 5 sec
Best solution reduces penalty in component to: 2
New random solution with penalty in component: 42. Took 0 sec
Local search improved penalty in component to: 7. Took 7 sec
Best solution reduces penalty in component to: 2
New random solution with penalty in component: 50. Took 0 sec
Local search improved penalty in component to: 9. Took 18 sec
Best solution reduces penalty in component to: 2
New random solution with penalty in component: 36. Took 0 sec
Local search improved penalty in component to: 8. Took 6 sec
Best solution reduces penalty in component to: 2
New random solution with penalty in component: 50. Took 0 sec
Local search improved penalty in component to: 6. Took 17 sec
Best solution reduces penalty in component to: 2
Total penalty: 2
SOLUTION IS VALID
