Found 1 strongly connected components

CURRENTLY WORKING ON COMPONENT 1
New random solution with penalty in component: 123. Took 0 sec
Best solution reduces penalty in component to: 123
New random solution with penalty in component: 117. Took 0 sec
Best solution reduces penalty in component to: 117
New random solution with penalty in component: 122. Took 0 sec
Best solution reduces penalty in component to: 117
New random solution with penalty in component: 123. Took 0 sec
Best solution reduces penalty in component to: 117
New random solution with penalty in component: 124. Took 0 sec
Best solution reduces penalty in component to: 117
New random solution with penalty in component: 118. Took 0 sec
Best solution reduces penalty in component to: 117
New random solution with penalty in component: 119. Took 0 sec
Best solution reduces penalty in component to: 117
New random solution with penalty in component: 121. Took 0 sec
Best solution reduces penalty in component to: 117
New random solution with penalty in component: 124. Took 0 sec
Best solution reduces penalty in component to: 117
New random solution with penalty in component: 123. Took 0 sec
Best solution reduces penalty in component to: 117
New random solution with penalty in component: 123. Took 0 sec
Best solution reduces penalty in component to: 117
New random solution with penalty in component: 122. Took 0 sec
Best solution reduces penalty in component to: 117
New random solution with penalty in component: 123. Took 0 sec
Best solution reduces penalty in component to: 117
New random solution with penalty in component: 122. Took 0 sec
Best solution reduces penalty in component to: 117
New random solution with penalty in component: 115. Took 0 sec
Best solution reduces penalty in component to: 115
New random solution with penalty in component: 116. Took 0 sec
Best solution reduces penalty in component to: 115
New random solution with penalty in component: 123. Took 0 sec
Best solution reduces penalty in component to: 115
New random solution with penalty in component: 118. Took 0 sec
Best solution reduces penalty in component to: 115
New random solution with penalty in component: 118. Took 0 sec
Best solution reduces penalty in component to: 115
New random solution with penalty in component: 121. Took 0 sec
Best solution reduces penalty in component to: 115
New random solution with penalty in component: 123. Took 0 sec
Best solution reduces penalty in component to: 115
New random solution with penalty in component: 121. Took 0 sec
Best solution reduces penalty in component to: 115
New random solution with penalty in component: 122. Took 0 sec
Best solution reduces penalty in component to: 115
New random solution with penalty in component: 123. Took 0 sec
Best solution reduces penalty in component to: 115
New random solution with penalty in component: 119. Took 0 sec
Best solution reduces penalty in component to: 115
New random solution with penalty in component: 115. Took 0 sec
Best solution reduces penalty in component to: 115
New random solution with penalty in component: 118. Took 0 sec
Best solution reduces penalty in component to: 115
New random solution with penalty in component: 117. Took 0 sec
Best solution reduces penalty in component to: 115
New random solution with penalty in component: 116. Took 0 sec
Best solution reduces penalty in component to: 115
New random solution with penalty in component: 116. Took 0 sec
Best solution reduces penalty in component to: 115
New random solution with penalty in component: 119. Took 0 sec
Best solution reduces penalty in component to: 115
New random solution with penalty in component: 119. Took 0 sec
Best solution reduces penalty in component to: 115
New random solution with penalty in component: 126. Took 0 sec
Best solution reduces penalty in component to: 115
New random solution with penalty in component: 125. Took 0 sec
Best solution reduces penalty in component to: 115
New random solution with penalty in component: 129. Took 0 sec
Best solution reduces penalty in component to: 115
New random solution with penalty in component: 122. Took 0 sec
Best solution reduces penalty in component to: 115
New random solution with penalty in component: 117. Took 0 sec
Best solution reduces penalty in component to: 115
New random solution with penalty in component: 127. Took 0 sec
Best solution reduces penalty in component to: 115
New random solution with penalty in component: 118. Took 0 sec
Best solution reduces penalty in component to: 115
New random solution with penalty in component: 125. Took 0 sec
Best solution reduces penalty in component to: 115
New random solution with penalty in component: 122. Took 0 sec
Best solution reduces penalty in component to: 115
New random solution with penalty in component: 123. Took 0 sec
Best solution reduces penalty in component to: 115
New random solution with penalty in component: 119. Took 0 sec
Best solution reduces penalty in component to: 115
New random solution with penalty in component: 118. Took 0 sec
Best solution reduces penalty in component to: 115
New random solution with penalty in component: 122. Took 0 sec
Best solution reduces penalty in component to: 115
New random solution with penalty in component: 116. Took 0 sec
Best solution reduces penalty in component to: 115
New random solution with penalty in component: 118. Took 0 sec
Best solution reduces penalty in component to: 115
New random solution with penalty in component: 124. Took 0 sec
Best solution reduces penalty in component to: 115
New random solution with penalty in component: 115. Took 0 sec
Best solution reduces penalty in component to: 115
New random solution with penalty in component: 126. Took 0 sec
Best solution reduces penalty in component to: 115
New random solution with penalty in component: 121. Took 0 sec
Best solution reduces penalty in component to: 115
New random solution with penalty in component: 119. Took 0 sec
Best solution reduces penalty in component to: 115
New random solution with penalty in component: 123. Took 0 sec
Best solution reduces penalty in component to: 115
New random solution with penalty in component: 124. Took 0 sec
Best solution reduces penalty in component to: 115
New random solution with penalty in component: 121. Took 0 sec
Best solution reduces penalty in component to: 115
New random solution with penalty in component: 117. Took 0 sec
Best solution reduces penalty in component to: 115
New random solution with penalty in component: 128. Took 0 sec
Best solution reduces penalty in component to: 115
New random solution with penalty in component: 117. Took 0 sec
Best solution reduces penalty in component to: 115
New random solution with penalty in component: 123. Took 0 sec
Best solution reduces penalty in component to: 115
New random solution with penalty in component: 129. Took 0 sec
Best solution reduces penalty in component to: 115
New random solution with penalty in component: 124. Took 0 sec
Best solution reduces penalty in component to: 115
New random solution with penalty in component: 125. Took 0 sec
Best solution reduces penalty in component to: 115
New random solution with penalty in component: 120. Took 0 sec
Best solution reduces penalty in component to: 115
New random solution with penalty in component: 119. Took 0 sec
Best solution reduces penalty in component to: 115
New random solution with penalty in component: 117. Took 0 sec
Best solution reduces penalty in component to: 115
New random solution with penalty in component: 114. Took 0 sec
Best solution reduces penalty in component to: 114
New random solution with penalty in component: 122. Took 0 sec
Best solution reduces penalty in component to: 114
New random solution with penalty in component: 118. Took 0 sec
Best solution reduces penalty in component to: 114
New random solution with penalty in component: 125. Took 0 sec
Best solution reduces penalty in component to: 114
New random solution with penalty in component: 113. Took 0 sec
Best solution reduces penalty in component to: 113
New random solution with penalty in component: 123. Took 0 sec
Best solution reduces penalty in component to: 113
New random solution with penalty in component: 123. Took 0 sec
Best solution reduces penalty in component to: 113
New random solution with penalty in component: 125. Took 0 sec
Best solution reduces penalty in component to: 113
New random solution with penalty in component: 116. Took 0 sec
Best solution reduces penalty in component to: 113
New random solution with penalty in component: 125. Took 0 sec
Best solution reduces penalty in component to: 113
New random solution with penalty in component: 125. Took 0 sec
Best solution reduces penalty in component to: 113
New random solution with penalty in component: 119. Took 0 sec
Best solution reduces penalty in component to: 113
New random solution with penalty in component: 125. Took 0 sec
Best solution reduces penalty in component to: 113
New random solution with penalty in component: 124. Took 0 sec
Best solution reduces penalty in component to: 113
New random solution with penalty in component: 112. Took 0 sec
Best solution reduces penalty in component to: 112
New random solution with penalty in component: 128. Took 0 sec
Best solution reduces penalty in component to: 112
New random solution with penalty in component: 116. Took 0 sec
Best solution reduces penalty in component to: 112
New random solution with penalty in component: 121. Took 0 sec
Best solution reduces penalty in component to: 112
New random solution with penalty in component: 122. Took 0 sec
Best solution reduces penalty in component to: 112
New random solution with penalty in component: 124. Took 0 sec
Best solution reduces penalty in component to: 112
New random solution with penalty in component: 120. Took 0 sec
Best solution reduces penalty in component to: 112
New random solution with penalty in component: 121. Took 0 sec
Best solution reduces penalty in component to: 112
New random solution with penalty in component: 117. Took 0 sec
Best solution reduces penalty in component to: 112
New random solution with penalty in component: 123. Took 0 sec
Best solution reduces penalty in component to: 112
New random solution with penalty in component: 118. Took 0 sec
Best solution reduces penalty in component to: 112
New random solution with penalty in component: 120. Took 0 sec
Best solution reduces penalty in component to: 112
New random solution with penalty in component: 123. Took 0 sec
Best solution reduces penalty in component to: 112
New random solution with penalty in component: 118. Took 0 sec
Best solution reduces penalty in component to: 112
New random solution with penalty in component: 126. Took 0 sec
Best solution reduces penalty in component to: 112
New random solution with penalty in component: 118. Took 0 sec
Best solution reduces penalty in component to: 112
New random solution with penalty in component: 112. Took 0 sec
Best solution reduces penalty in component to: 112
New random solution with penalty in component: 117. Took 0 sec
Best solution reduces penalty in component to: 112
New random solution with penalty in component: 117. Took 0 sec
Best solution reduces penalty in component to: 112
New random solution with penalty in component: 120. Took 0 sec
Best solution reduces penalty in component to: 112
New random solution with penalty in component: 122. Took 0 sec
Best solution reduces penalty in component to: 112
Total penalty: 112
SOLUTION IS VALID
