Found 50 strongly connected components

CURRENTLY WORKING ON COMPONENT 1
Dynamic programming solution found with score: 3. Took 0 sec

CURRENTLY WORKING ON COMPONENT 2
Dynamic programming solution found with score: 3. Took 0 sec

CURRENTLY WORKING ON COMPONENT 3
Dynamic programming solution found with score: 3. Took 0 sec

CURRENTLY WORKING ON COMPONENT 4
Dynamic programming solution found with score: 3. Took 0 sec

CURRENTLY WORKING ON COMPONENT 5
Dynamic programming solution found with score: 3. Took 0 sec

CURRENTLY WORKING ON COMPONENT 6
Dynamic programming solution found with score: 3. Took 0 sec

CURRENTLY WORKING ON COMPONENT 7
Dynamic programming solution found with score: 3. Took 0 sec

CURRENTLY WORKING ON COMPONENT 8
Dynamic programming solution found with score: 3. Took 0 sec

CURRENTLY WORKING ON COMPONENT 9
Dynamic programming solution found with score: 2. Took 0 sec

CURRENTLY WORKING ON COMPONENT 10
Dynamic programming solution found with score: 3. Took 0 sec

CURRENTLY WORKING ON COMPONENT 11
Dynamic programming solution found with score: 3. Took 0 sec

CURRENTLY WORKING ON COMPONENT 12
Dynamic programming solution found with score: 0. Took 0 sec

CURRENTLY WORKING ON COMPONENT 13
Dynamic programming solution found with score: 3. Took 0 sec

CURRENTLY WORKING ON COMPONENT 14
Dynamic programming solution found with score: 3. Took 0 sec

CURRENTLY WORKING ON COMPONENT 15
Dynamic programming solution found with score: 2. Took 0 sec

CURRENTLY WORKING ON COMPONENT 16
Dynamic programming solution found with score: 3. Took 0 sec

CURRENTLY WORKING ON COMPONENT 17
Dynamic programming solution found with score: 3. Took 0 sec

CURRENTLY WORKING ON COMPONENT 18
Dynamic programming solution found with score: 3. Took 0 sec

CURRENTLY WORKING ON COMPONENT 19
Dynamic programming solution found with score: 3. Took 0 sec

CURRENTLY WORKING ON COMPONENT 20
Dynamic programming solution found with score: 3. Took 0 sec

CURRENTLY WORKING ON COMPONENT 21
Dynamic programming solution found with score: 3. Took 0 sec

CURRENTLY WORKING ON COMPONENT 22
Dynamic programming solution found with score: 3. Took 0 sec

CURRENTLY WORKING ON COMPONENT 23
Dynamic programming solution found with score: 3. Took 0 sec

CURRENTLY WORKING ON COMPONENT 24
Dynamic programming solution found with score: 3. Took 0 sec

CURRENTLY WORKING ON COMPONENT 25
Dynamic programming solution found with score: 3. Took 0 sec

CURRENTLY WORKING ON COMPONENT 26
Dynamic programming solution found with score: 3. Took 0 sec

CURRENTLY WORKING ON COMPONENT 27
Dynamic programming solution found with score: 3. Took 0 sec

CURRENTLY WORKING ON COMPONENT 28
Dynamic programming solution found with score: 3. Took 0 sec

CURRENTLY WORKING ON COMPONENT 29
Dynamic programming solution found with score: 3. Took 0 sec

CURRENTLY WORKING ON COMPONENT 30
Dynamic programming solution found with score: 3. Took 0 sec

CURRENTLY WORKING ON COMPONENT 31
Dynamic programming solution found with score: 3. Took 0 sec

CURRENTLY WORKING ON COMPONENT 32
Dynamic programming solution found with score: 2. Took 0 sec

CURRENTLY WORKING ON COMPONENT 33
Dynamic programming solution found with score: 3. Took 0 sec

CURRENTLY WORKING ON COMPONENT 34
Dynamic programming solution found with score: 3. Took 0 sec

CURRENTLY WORKING ON COMPONENT 35
Dynamic programming solution found with score: 3. Took 0 sec

CURRENTLY WORKING ON COMPONENT 36
Dynamic programming solution found with score: 3. Took 0 sec

CURRENTLY WORKING ON COMPONENT 37
Dynamic programming solution found with score: 3. Took 0 sec

CURRENTLY WORKING ON COMPONENT 38
Dynamic programming solution found with score: 3. Took 0 sec

CURRENTLY WORKING ON COMPONENT 39
Dynamic programming solution found with score: 3. Took 0 sec

CURRENTLY WORKING ON COMPONENT 40
Dynamic programming solution found with score: 0. Took 0 sec

CURRENTLY WORKING ON COMPONENT 41
Dynamic programming solution found with score: 3. Took 0 sec

CURRENTLY WORKING ON COMPONENT 42
Dynamic programming solution found with score: 3. Took 0 sec

CURRENTLY WORKING ON COMPONENT 43
Dynamic programming solution found with score: 3. Took 0 sec

CURRENTLY WORKING ON COMPONENT 44
Dynamic programming solution found with score: 3. Took 0 sec

CURRENTLY WORKING ON COMPONENT 45
Dynamic programming solution found with score: 3. Took 0 sec

CURRENTLY WORKING ON COMPONENT 46
Dynamic programming solution found with score: 3. Took 0 sec

CURRENTLY WORKING ON COMPONENT 47
Dynamic programming solution found with score: 2. Took 0 sec

CURRENTLY WORKING ON COMPONENT 48
Dynamic programming solution found with score: 3. Took 0 sec

CURRENTLY WORKING ON COMPONENT 49
Dynamic programming solution found with score: 3. Took 0 sec

CURRENTLY WORKING ON COMPONENT 50
Dynamic programming solution found with score: 3. Took 0 sec
Total penalty: 174
ERROR SOLUTION IS NOT VALID, invalid edge from 193 to 194
