Found 9 strongly connected components

CURRENTLY WORKING ON COMPONENT 1
Skipping acyclic component

CURRENTLY WORKING ON COMPONENT 2
Skipping acyclic component

CURRENTLY WORKING ON COMPONENT 3
Skipping acyclic component

CURRENTLY WORKING ON COMPONENT 4
Skipping acyclic component

CURRENTLY WORKING ON COMPONENT 5
Skipping acyclic component

CURRENTLY WORKING ON COMPONENT 6
Skipping acyclic component

CURRENTLY WORKING ON COMPONENT 7
Skipping acyclic component

CURRENTLY WORKING ON COMPONENT 8
Skipping acyclic component

CURRENTLY WORKING ON COMPONENT 9
New random solution with penalty in component: 94. Took 0 sec
Local search improved penalty in component to: 56. Took 53 sec
Best solution reduces penalty in component to: 56
New random solution with penalty in component: 98. Took 0 sec
Local search improved penalty in component to: 64. Took 78 sec
Best solution reduces penalty in component to: 56
New random solution with penalty in component: 99. Took 0 sec
Local search improved penalty in component to: 60. Took 67 sec
Best solution reduces penalty in component to: 56
New random solution with penalty in component: 81. Took 0 sec
Local search improved penalty in component to: 49. Took 36 sec
Best solution reduces penalty in component to: 49
New random solution with penalty in component: 98. Took 0 sec
Local search improved penalty in component to: 55. Took 78 sec
Best solution reduces penalty in component to: 49
New random solution with penalty in component: 92. Took 0 sec
Local search improved penalty in component to: 53. Took 62 sec
Best solution reduces penalty in component to: 49
New random solution with penalty in component: 97. Took 0 sec
Local search improved penalty in component to: 63. Took 70 sec
Best solution reduces penalty in component to: 49
New random solution with penalty in component: 95. Took 0 sec
Local search improved penalty in component to: 56. Took 77 sec
Best solution reduces penalty in component to: 49
New random solution with penalty in component: 92. Took 0 sec
Local search improved penalty in component to: 58. Took 54 sec
Best solution reduces penalty in component to: 49
New random solution with penalty in component: 101. Took 0 sec
Local search improved penalty in component to: 60. Took 83 sec
Best solution reduces penalty in component to: 49
New random solution with penalty in component: 90. Took 0 sec
Local search improved penalty in component to: 53. Took 52 sec
Best solution reduces penalty in component to: 49
New random solution with penalty in component: 109. Took 0 sec
Local search improved penalty in component to: 66. Took 89 sec
Best solution reduces penalty in component to: 49
New random solution with penalty in component: 90. Took 0 sec
Local search improved penalty in component to: 52. Took 59 sec
Best solution reduces penalty in component to: 49
New random solution with penalty in component: 83. Took 0 sec
Local search improved penalty in component to: 54. Took 48 sec
Best solution reduces penalty in component to: 49
New random solution with penalty in component: 96. Took 0 sec
Local search improved penalty in component to: 67. Took 68 sec
Best solution reduces penalty in component to: 49
New random solution with penalty in component: 81. Took 0 sec
Local search improved penalty in component to: 53. Took 37 sec
Best solution reduces penalty in component to: 49
New random solution with penalty in component: 82. Took 0 sec
Local search improved penalty in component to: 56. Took 35 sec
Best solution reduces penalty in component to: 49
New random solution with penalty in component: 97. Took 0 sec
Local search improved penalty in component to: 60. Took 79 sec
Best solution reduces penalty in component to: 49
New random solution with penalty in component: 101. Took 0 sec
Local search improved penalty in component to: 60. Took 78 sec
Best solution reduces penalty in component to: 49
New random solution with penalty in component: 96. Took 0 sec
Local search improved penalty in component to: 59. Took 76 sec
Best solution reduces penalty in component to: 49
Total penalty: 62
SOLUTION IS VALID
