Found 1 strongly connected components

CURRENTLY WORKING ON COMPONENT 1
New random solution with penalty in component: 3. Took 0 sec
Local search improved penalty in component to: 2. Took 0 sec
Best solution reduces penalty in component to: 2
New random solution with penalty in component: 3. Took 0 sec
Local search improved penalty in component to: 3. Took 0 sec
Best solution reduces penalty in component to: 2
New random solution with penalty in component: 3. Took 0 sec
Local search improved penalty in component to: 3. Took 0 sec
Best solution reduces penalty in component to: 2
New random solution with penalty in component: 3. Took 0 sec
Local search improved penalty in component to: 3. Took 0 sec
Best solution reduces penalty in component to: 2
New random solution with penalty in component: 3. Took 0 sec
Local search improved penalty in component to: 3. Took 0 sec
Best solution reduces penalty in component to: 2
New random solution with penalty in component: 3. Took 0 sec
Local search improved penalty in component to: 3. Took 0 sec
Best solution reduces penalty in component to: 2
New random solution with penalty in component: 3. Took 0 sec
Local search improved penalty in component to: 3. Took 0 sec
Best solution reduces penalty in component to: 2
New random solution with penalty in component: 3. Took 0 sec
Local search improved penalty in component to: 3. Took 0 sec
Best solution reduces penalty in component to: 2
New random solution with penalty in component: 3. Took 0 sec
Local search improved penalty in component to: 3. Took 0 sec
Best solution reduces penalty in component to: 2
New random solution with penalty in component: 3. Took 0 sec
Local search improved penalty in component to: 3. Took 0 sec
Best solution reduces penalty in component to: 2
New random solution with penalty in component: 3. Took 0 sec
Local search improved penalty in component to: 3. Took 0 sec
Best solution reduces penalty in component to: 2
New random solution with penalty in component: 3. Took 0 sec
Local search improved penalty in component to: 3. Took 0 sec
Best solution reduces penalty in component to: 2
New random solution with penalty in component: 3. Took 0 sec
Local search improved penalty in component to: 3. Took 0 sec
Best solution reduces penalty in component to: 2
New random solution with penalty in component: 3. Took 0 sec
Local search improved penalty in component to: 3. Took 0 sec
Best solution reduces penalty in component to: 2
New random solution with penalty in component: 3. Took 0 sec
Local search improved penalty in component to: 3. Took 0 sec
Best solution reduces penalty in component to: 2
New random solution with penalty in component: 3. Took 0 sec
Local search improved penalty in component to: 3. Took 0 sec
Best solution reduces penalty in component to: 2
New random solution with penalty in component: 3. Took 0 sec
Local search improved penalty in component to: 3. Took 0 sec
Best solution reduces penalty in component to: 2
New random solution with penalty in component: 3. Took 0 sec
Local search improved penalty in component to: 3. Took 0 sec
Best solution reduces penalty in component to: 2
New random solution with penalty in component: 3. Took 0 sec
Local search improved penalty in component to: 3. Took 0 sec
Best solution reduces penalty in component to: 2
New random solution with penalty in component: 3. Took 0 sec
Local search improved penalty in component to: 3. Took 0 sec
Best solution reduces penalty in component to: 2
Total penalty: 2
SOLUTION IS VALID
