Found 1 strongly connected components

CURRENTLY WORKING ON COMPONENT 1
New random solution with penalty in component: 112. Took 0 sec
Local search improved penalty in component to: 34. Took 59 sec
Best solution reduces penalty in component to: 34
New random solution with penalty in component: 107. Took 0 sec
Local search improved penalty in component to: 40. Took 34 sec
Best solution reduces penalty in component to: 34
New random solution with penalty in component: 95. Took 0 sec
Local search improved penalty in component to: 29. Took 24 sec
Best solution reduces penalty in component to: 29
New random solution with penalty in component: 92. Took 0 sec
Local search improved penalty in component to: 24. Took 24 sec
Best solution reduces penalty in component to: 24
New random solution with penalty in component: 82. Took 0 sec
Local search improved penalty in component to: 31. Took 21 sec
Best solution reduces penalty in component to: 24
New random solution with penalty in component: 80. Took 0 sec
Local search improved penalty in component to: 17. Took 17 sec
Best solution reduces penalty in component to: 17
New random solution with penalty in component: 105. Took 0 sec
Local search improved penalty in component to: 43. Took 63 sec
Best solution reduces penalty in component to: 17
New random solution with penalty in component: 89. Took 0 sec
Local search improved penalty in component to: 30. Took 20 sec
Best solution reduces penalty in component to: 17
New random solution with penalty in component: 96. Took 0 sec
Local search improved penalty in component to: 39. Took 25 sec
Best solution reduces penalty in component to: 17
New random solution with penalty in component: 92. Took 0 sec
Local search improved penalty in component to: 36. Took 22 sec
Best solution reduces penalty in component to: 17
New random solution with penalty in component: 107. Took 0 sec
Local search improved penalty in component to: 45. Took 30 sec
Best solution reduces penalty in component to: 17
New random solution with penalty in component: 82. Took 0 sec
Local search improved penalty in component to: 30. Took 15 sec
Best solution reduces penalty in component to: 17
New random solution with penalty in component: 98. Took 0 sec
Local search improved penalty in component to: 26. Took 35 sec
Best solution reduces penalty in component to: 17
New random solution with penalty in component: 86. Took 0 sec
Local search improved penalty in component to: 30. Took 18 sec
Best solution reduces penalty in component to: 17
New random solution with penalty in component: 93. Took 0 sec
Local search improved penalty in component to: 27. Took 23 sec
Best solution reduces penalty in component to: 17
New random solution with penalty in component: 85. Took 0 sec
Local search improved penalty in component to: 32. Took 16 sec
Best solution reduces penalty in component to: 17
New random solution with penalty in component: 85. Took 0 sec
Local search improved penalty in component to: 27. Took 19 sec
Best solution reduces penalty in component to: 17
New random solution with penalty in component: 72. Took 0 sec
Local search improved penalty in component to: 25. Took 17 sec
Best solution reduces penalty in component to: 17
New random solution with penalty in component: 87. Took 0 sec
Local search improved penalty in component to: 31. Took 32 sec
Best solution reduces penalty in component to: 17
New random solution with penalty in component: 101. Took 0 sec
Local search improved penalty in component to: 32. Took 25 sec
Best solution reduces penalty in component to: 17
Total penalty: 17
SOLUTION IS VALID
