Found 1 strongly connected components

CURRENTLY WORKING ON COMPONENT 1
New random solution with penalty in component: 6. Took 0 sec
Local search improved penalty in component to: 4. Took 0 sec
Best solution reduces penalty in component to: 4
New random solution with penalty in component: 6. Took 0 sec
Local search improved penalty in component to: 6. Took 0 sec
Best solution reduces penalty in component to: 4
New random solution with penalty in component: 6. Took 0 sec
Local search improved penalty in component to: 6. Took 0 sec
Best solution reduces penalty in component to: 4
New random solution with penalty in component: 6. Took 0 sec
Local search improved penalty in component to: 6. Took 0 sec
Best solution reduces penalty in component to: 4
New random solution with penalty in component: 6. Took 0 sec
Local search improved penalty in component to: 6. Took 0 sec
Best solution reduces penalty in component to: 4
New random solution with penalty in component: 6. Took 0 sec
Local search improved penalty in component to: 6. Took 0 sec
Best solution reduces penalty in component to: 4
New random solution with penalty in component: 6. Took 0 sec
Local search improved penalty in component to: 6. Took 0 sec
Best solution reduces penalty in component to: 4
New random solution with penalty in component: 6. Took 0 sec
Local search improved penalty in component to: 6. Took 0 sec
Best solution reduces penalty in component to: 4
New random solution with penalty in component: 6. Took 0 sec
Local search improved penalty in component to: 6. Took 0 sec
Best solution reduces penalty in component to: 4
New random solution with penalty in component: 6. Took 0 sec
Local search improved penalty in component to: 6. Took 0 sec
Best solution reduces penalty in component to: 4
New random solution with penalty in component: 6. Took 0 sec
Local search improved penalty in component to: 6. Took 0 sec
Best solution reduces penalty in component to: 4
New random solution with penalty in component: 6. Took 0 sec
Local search improved penalty in component to: 6. Took 0 sec
Best solution reduces penalty in component to: 4
New random solution with penalty in component: 6. Took 0 sec
Local search improved penalty in component to: 6. Took 0 sec
Best solution reduces penalty in component to: 4
New random solution with penalty in component: 6. Took 0 sec
Local search improved penalty in component to: 6. Took 0 sec
Best solution reduces penalty in component to: 4
New random solution with penalty in component: 6. Took 0 sec
Local search improved penalty in component to: 6. Took 0 sec
Best solution reduces penalty in component to: 4
New random solution with penalty in component: 6. Took 0 sec
Local search improved penalty in component to: 6. Took 0 sec
Best solution reduces penalty in component to: 4
New random solution with penalty in component: 6. Took 0 sec
Local search improved penalty in component to: 6. Took 0 sec
Best solution reduces penalty in component to: 4
New random solution with penalty in component: 6. Took 0 sec
Local search improved penalty in component to: 6. Took 0 sec
Best solution reduces penalty in component to: 4
New random solution with penalty in component: 6. Took 0 sec
Local search improved penalty in component to: 6. Took 0 sec
Best solution reduces penalty in component to: 4
New random solution with penalty in component: 6. Took 0 sec
Local search improved penalty in component to: 6. Took 0 sec
Best solution reduces penalty in component to: 4
Total penalty: 4
SOLUTION IS VALID
