Found 5 strongly connected components

CURRENTLY WORKING ON COMPONENT 1
Skipping acyclic component

CURRENTLY WORKING ON COMPONENT 2
Skipping acyclic component

CURRENTLY WORKING ON COMPONENT 3
Skipping acyclic component

CURRENTLY WORKING ON COMPONENT 4
Skipping acyclic component

CURRENTLY WORKING ON COMPONENT 5
New random solution with penalty in component: 33. Took 0 sec
Local search improved penalty in component to: 9. Took 3 sec
Best solution reduces penalty in component to: 9
New random solution with penalty in component: 16. Took 0 sec
Local search improved penalty in component to: 8. Took 0 sec
Best solution reduces penalty in component to: 8
New random solution with penalty in component: 22. Took 0 sec
Local search improved penalty in component to: 9. Took 0 sec
Best solution reduces penalty in component to: 8
New random solution with penalty in component: 19. Took 0 sec
Local search improved penalty in component to: 5. Took 0 sec
Best solution reduces penalty in component to: 5
New random solution with penalty in component: 23. Took 0 sec
Local search improved penalty in component to: 7. Took 0 sec
Best solution reduces penalty in component to: 5
New random solution with penalty in component: 26. Took 0 sec
Local search improved penalty in component to: 4. Took 0 sec
Best solution reduces penalty in component to: 4
New random solution with penalty in component: 25. Took 0 sec
Local search improved penalty in component to: 10. Took 0 sec
Best solution reduces penalty in component to: 4
New random solution with penalty in component: 16. Took 0 sec
Local search improved penalty in component to: 8. Took 0 sec
Best solution reduces penalty in component to: 4
New random solution with penalty in component: 28. Took 0 sec
Local search improved penalty in component to: 5. Took 1 sec
Best solution reduces penalty in component to: 4
New random solution with penalty in component: 18. Took 0 sec
Local search improved penalty in component to: 5. Took 0 sec
Best solution reduces penalty in component to: 4
New random solution with penalty in component: 16. Took 0 sec
Local search improved penalty in component to: 6. Took 0 sec
Best solution reduces penalty in component to: 4
New random solution with penalty in component: 17. Took 0 sec
Local search improved penalty in component to: 4. Took 0 sec
Best solution reduces penalty in component to: 4
New random solution with penalty in component: 18. Took 0 sec
Local search improved penalty in component to: 7. Took 0 sec
Best solution reduces penalty in component to: 4
New random solution with penalty in component: 19. Took 0 sec
Local search improved penalty in component to: 4. Took 0 sec
Best solution reduces penalty in component to: 4
New random solution with penalty in component: 18. Took 0 sec
Local search improved penalty in component to: 5. Took 0 sec
Best solution reduces penalty in component to: 4
New random solution with penalty in component: 22. Took 0 sec
Local search improved penalty in component to: 6. Took 0 sec
Best solution reduces penalty in component to: 4
New random solution with penalty in component: 25. Took 0 sec
Local search improved penalty in component to: 6. Took 0 sec
Best solution reduces penalty in component to: 4
New random solution with penalty in component: 20. Took 0 sec
Local search improved penalty in component to: 5. Took 0 sec
Best solution reduces penalty in component to: 4
New random solution with penalty in component: 13. Took 0 sec
Local search improved penalty in component to: 6. Took 0 sec
Best solution reduces penalty in component to: 4
New random solution with penalty in component: 25. Took 0 sec
Local search improved penalty in component to: 7. Took 0 sec
Best solution reduces penalty in component to: 4
Total penalty: 11
SOLUTION IS VALID
