Found 6 strongly connected components

CURRENTLY WORKING ON COMPONENT 1
Dynamic programming solution found with score: 0. Took 0 sec

CURRENTLY WORKING ON COMPONENT 2
New random solution with penalty in component: 12. Took 0 sec
Local search improved penalty in component to: 12. Took 0 sec
Best solution reduces penalty in component to: 12
New random solution with penalty in component: 12. Took 0 sec
Local search improved penalty in component to: 12. Took 0 sec
Best solution reduces penalty in component to: 12
New random solution with penalty in component: 12. Took 0 sec
Local search improved penalty in component to: 12. Took 0 sec
Best solution reduces penalty in component to: 12
New random solution with penalty in component: 12. Took 0 sec
Local search improved penalty in component to: 12. Took 0 sec
Best solution reduces penalty in component to: 12
New random solution with penalty in component: 12. Took 0 sec
Local search improved penalty in component to: 12. Took 0 sec
Best solution reduces penalty in component to: 12
New random solution with penalty in component: 12. Took 0 sec
Local search improved penalty in component to: 12. Took 0 sec
Best solution reduces penalty in component to: 12
New random solution with penalty in component: 12. Took 0 sec
Local search improved penalty in component to: 12. Took 0 sec
Best solution reduces penalty in component to: 12
New random solution with penalty in component: 12. Took 0 sec
Local search improved penalty in component to: 12. Took 0 sec
Best solution reduces penalty in component to: 12
New random solution with penalty in component: 12. Took 0 sec
Local search improved penalty in component to: 12. Took 0 sec
Best solution reduces penalty in component to: 12
New random solution with penalty in component: 12. Took 0 sec
Local search improved penalty in component to: 12. Took 0 sec
Best solution reduces penalty in component to: 12
New random solution with penalty in component: 12. Took 0 sec
Local search improved penalty in component to: 12. Took 0 sec
Best solution reduces penalty in component to: 12
New random solution with penalty in component: 12. Took 0 sec
Local search improved penalty in component to: 12. Took 0 sec
Best solution reduces penalty in component to: 12
New random solution with penalty in component: 12. Took 0 sec
Local search improved penalty in component to: 12. Took 0 sec
Best solution reduces penalty in component to: 12
New random solution with penalty in component: 12. Took 0 sec
Local search improved penalty in component to: 12. Took 0 sec
Best solution reduces penalty in component to: 12
New random solution with penalty in component: 12. Took 0 sec
Local search improved penalty in component to: 12. Took 0 sec
Best solution reduces penalty in component to: 12
New random solution with penalty in component: 12. Took 0 sec
Local search improved penalty in component to: 12. Took 0 sec
Best solution reduces penalty in component to: 12
New random solution with penalty in component: 12. Took 0 sec
Local search improved penalty in component to: 12. Took 0 sec
Best solution reduces penalty in component to: 12
New random solution with penalty in component: 12. Took 0 sec
Local search improved penalty in component to: 12. Took 0 sec
Best solution reduces penalty in component to: 12
New random solution with penalty in component: 12. Took 0 sec
Local search improved penalty in component to: 12. Took 0 sec
Best solution reduces penalty in component to: 12
New random solution with penalty in component: 12. Took 0 sec
Local search improved penalty in component to: 12. Took 0 sec
Best solution reduces penalty in component to: 12

CURRENTLY WORKING ON COMPONENT 3
Dynamic programming solution found with score: 0. Took 0 sec

CURRENTLY WORKING ON COMPONENT 4
New random solution with penalty in component: 13. Took 0 sec
Local search improved penalty in component to: 13. Took 0 sec
Best solution reduces penalty in component to: 13
New random solution with penalty in component: 13. Took 0 sec
Local search improved penalty in component to: 13. Took 0 sec
Best solution reduces penalty in component to: 13
New random solution with penalty in component: 13. Took 0 sec
Local search improved penalty in component to: 13. Took 0 sec
Best solution reduces penalty in component to: 13
New random solution with penalty in component: 13. Took 0 sec
Local search improved penalty in component to: 13. Took 0 sec
Best solution reduces penalty in component to: 13
New random solution with penalty in component: 13. Took 0 sec
Local search improved penalty in component to: 13. Took 0 sec
Best solution reduces penalty in component to: 13
New random solution with penalty in component: 13. Took 0 sec
Local search improved penalty in component to: 13. Took 0 sec
Best solution reduces penalty in component to: 13
New random solution with penalty in component: 13. Took 0 sec
Local search improved penalty in component to: 13. Took 0 sec
Best solution reduces penalty in component to: 13
New random solution with penalty in component: 13. Took 0 sec
Local search improved penalty in component to: 13. Took 0 sec
Best solution reduces penalty in component to: 13
New random solution with penalty in component: 13. Took 0 sec
Local search improved penalty in component to: 13. Took 0 sec
Best solution reduces penalty in component to: 13
New random solution with penalty in component: 13. Took 0 sec
Local search improved penalty in component to: 13. Took 0 sec
Best solution reduces penalty in component to: 13
New random solution with penalty in component: 13. Took 0 sec
Local search improved penalty in component to: 13. Took 0 sec
Best solution reduces penalty in component to: 13
New random solution with penalty in component: 13. Took 0 sec
Local search improved penalty in component to: 13. Took 0 sec
Best solution reduces penalty in component to: 13
New random solution with penalty in component: 13. Took 0 sec
Local search improved penalty in component to: 13. Took 0 sec
Best solution reduces penalty in component to: 13
New random solution with penalty in component: 13. Took 0 sec
Local search improved penalty in component to: 13. Took 0 sec
Best solution reduces penalty in component to: 13
New random solution with penalty in component: 13. Took 0 sec
Local search improved penalty in component to: 13. Took 0 sec
Best solution reduces penalty in component to: 13
New random solution with penalty in component: 13. Took 0 sec
Local search improved penalty in component to: 13. Took 0 sec
Best solution reduces penalty in component to: 13
New random solution with penalty in component: 13. Took 0 sec
Local search improved penalty in component to: 13. Took 0 sec
Best solution reduces penalty in component to: 13
New random solution with penalty in component: 13. Took 0 sec
Local search improved penalty in component to: 13. Took 0 sec
Best solution reduces penalty in component to: 13
New random solution with penalty in component: 13. Took 0 sec
Local search improved penalty in component to: 13. Took 0 sec
Best solution reduces penalty in component to: 13
New random solution with penalty in component: 13. Took 0 sec
Local search improved penalty in component to: 13. Took 0 sec
Best solution reduces penalty in component to: 13

CURRENTLY WORKING ON COMPONENT 5
New random solution with penalty in component: 65. Took 0 sec
Local search improved penalty in component to: 65. Took 0 sec
Best solution reduces penalty in component to: 65
New random solution with penalty in component: 65. Took 0 sec
Local search improved penalty in component to: 65. Took 0 sec
Best solution reduces penalty in component to: 65
New random solution with penalty in component: 65. Took 0 sec
Local search improved penalty in component to: 65. Took 0 sec
Best solution reduces penalty in component to: 65
New random solution with penalty in component: 65. Took 0 sec
Local search improved penalty in component to: 65. Took 0 sec
Best solution reduces penalty in component to: 65
New random solution with penalty in component: 65. Took 0 sec
Local search improved penalty in component to: 65. Took 0 sec
Best solution reduces penalty in component to: 65
New random solution with penalty in component: 65. Took 0 sec
Local search improved penalty in component to: 65. Took 0 sec
Best solution reduces penalty in component to: 65
New random solution with penalty in component: 65. Took 0 sec
Local search improved penalty in component to: 65. Took 0 sec
Best solution reduces penalty in component to: 65
New random solution with penalty in component: 65. Took 0 sec
Local search improved penalty in component to: 65. Took 0 sec
Best solution reduces penalty in component to: 65
New random solution with penalty in component: 65. Took 0 sec
Local search improved penalty in component to: 65. Took 0 sec
Best solution reduces penalty in component to: 65
New random solution with penalty in component: 65. Took 0 sec
Local search improved penalty in component to: 65. Took 0 sec
Best solution reduces penalty in component to: 65
New random solution with penalty in component: 65. Took 0 sec
Local search improved penalty in component to: 65. Took 0 sec
Best solution reduces penalty in component to: 65
New random solution with penalty in component: 65. Took 0 sec
Local search improved penalty in component to: 65. Took 0 sec
Best solution reduces penalty in component to: 65
New random solution with penalty in component: 65. Took 0 sec
Local search improved penalty in component to: 65. Took 0 sec
Best solution reduces penalty in component to: 65
New random solution with penalty in component: 65. Took 0 sec
Local search improved penalty in component to: 65. Took 0 sec
Best solution reduces penalty in component to: 65
New random solution with penalty in component: 65. Took 0 sec
Local search improved penalty in component to: 65. Took 0 sec
Best solution reduces penalty in component to: 65
New random solution with penalty in component: 65. Took 0 sec
Local search improved penalty in component to: 65. Took 0 sec
Best solution reduces penalty in component to: 65
New random solution with penalty in component: 65. Took 0 sec
Local search improved penalty in component to: 65. Took 0 sec
Best solution reduces penalty in component to: 65
New random solution with penalty in component: 65. Took 0 sec
Local search improved penalty in component to: 65. Took 0 sec
Best solution reduces penalty in component to: 65
New random solution with penalty in component: 65. Took 0 sec
Local search improved penalty in component to: 65. Took 0 sec
Best solution reduces penalty in component to: 65
New random solution with penalty in component: 65. Took 0 sec
Local search improved penalty in component to: 65. Took 0 sec
Best solution reduces penalty in component to: 65

CURRENTLY WORKING ON COMPONENT 6
New random solution with penalty in component: 15. Took 0 sec
Local search improved penalty in component to: 15. Took 0 sec
Best solution reduces penalty in component to: 15
New random solution with penalty in component: 15. Took 0 sec
Local search improved penalty in component to: 15. Took 0 sec
Best solution reduces penalty in component to: 15
New random solution with penalty in component: 15. Took 0 sec
Local search improved penalty in component to: 15. Took 0 sec
Best solution reduces penalty in component to: 15
New random solution with penalty in component: 15. Took 0 sec
Local search improved penalty in component to: 15. Took 0 sec
Best solution reduces penalty in component to: 15
New random solution with penalty in component: 15. Took 0 sec
Local search improved penalty in component to: 15. Took 0 sec
Best solution reduces penalty in component to: 15
New random solution with penalty in component: 15. Took 0 sec
Local search improved penalty in component to: 15. Took 0 sec
Best solution reduces penalty in component to: 15
New random solution with penalty in component: 15. Took 0 sec
Local search improved penalty in component to: 15. Took 0 sec
Best solution reduces penalty in component to: 15
New random solution with penalty in component: 15. Took 0 sec
Local search improved penalty in component to: 15. Took 0 sec
Best solution reduces penalty in component to: 15
New random solution with penalty in component: 15. Took 0 sec
Local search improved penalty in component to: 15. Took 0 sec
Best solution reduces penalty in component to: 15
New random solution with penalty in component: 15. Took 0 sec
Local search improved penalty in component to: 15. Took 0 sec
Best solution reduces penalty in component to: 15
New random solution with penalty in component: 15. Took 0 sec
Local search improved penalty in component to: 15. Took 0 sec
Best solution reduces penalty in component to: 15
New random solution with penalty in component: 15. Took 0 sec
Local search improved penalty in component to: 15. Took 0 sec
Best solution reduces penalty in component to: 15
New random solution with penalty in component: 15. Took 0 sec
Local search improved penalty in component to: 15. Took 0 sec
Best solution reduces penalty in component to: 15
New random solution with penalty in component: 15. Took 0 sec
Local search improved penalty in component to: 15. Took 0 sec
Best solution reduces penalty in component to: 15
New random solution with penalty in component: 15. Took 0 sec
Local search improved penalty in component to: 15. Took 0 sec
Best solution reduces penalty in component to: 15
New random solution with penalty in component: 15. Took 0 sec
Local search improved penalty in component to: 15. Took 0 sec
Best solution reduces penalty in component to: 15
New random solution with penalty in component: 15. Took 0 sec
Local search improved penalty in component to: 15. Took 0 sec
Best solution reduces penalty in component to: 15
New random solution with penalty in component: 15. Took 0 sec
Local search improved penalty in component to: 15. Took 0 sec
Best solution reduces penalty in component to: 15
New random solution with penalty in component: 15. Took 0 sec
Local search improved penalty in component to: 15. Took 0 sec
Best solution reduces penalty in component to: 15
New random solution with penalty in component: 15. Took 0 sec
Local search improved penalty in component to: 15. Took 0 sec
Best solution reduces penalty in component to: 15
Total penalty: 105
SOLUTION IS VALID
