Found 115 strongly connected components

CURRENTLY WORKING ON COMPONENT 1
Skipping acyclic component

CURRENTLY WORKING ON COMPONENT 2
Skipping acyclic component

CURRENTLY WORKING ON COMPONENT 3
Skipping acyclic component

CURRENTLY WORKING ON COMPONENT 4
Skipping acyclic component

CURRENTLY WORKING ON COMPONENT 5
Skipping acyclic component

CURRENTLY WORKING ON COMPONENT 6
Skipping acyclic component

CURRENTLY WORKING ON COMPONENT 7
Skipping acyclic component

CURRENTLY WORKING ON COMPONENT 8
Skipping acyclic component

CURRENTLY WORKING ON COMPONENT 9
Skipping acyclic component

CURRENTLY WORKING ON COMPONENT 10
Skipping acyclic component

CURRENTLY WORKING ON COMPONENT 11
Skipping acyclic component

CURRENTLY WORKING ON COMPONENT 12
Skipping acyclic component

CURRENTLY WORKING ON COMPONENT 13
Skipping acyclic component

CURRENTLY WORKING ON COMPONENT 14
Skipping acyclic component

CURRENTLY WORKING ON COMPONENT 15
Skipping acyclic component

CURRENTLY WORKING ON COMPONENT 16
Skipping acyclic component

CURRENTLY WORKING ON COMPONENT 17
Skipping acyclic component

CURRENTLY WORKING ON COMPONENT 18
Skipping acyclic component

CURRENTLY WORKING ON COMPONENT 19
Skipping acyclic component

CURRENTLY WORKING ON COMPONENT 20
Skipping acyclic component

CURRENTLY WORKING ON COMPONENT 21
Skipping acyclic component

CURRENTLY WORKING ON COMPONENT 22
Skipping acyclic component

CURRENTLY WORKING ON COMPONENT 23
Skipping acyclic component

CURRENTLY WORKING ON COMPONENT 24
Skipping acyclic component

CURRENTLY WORKING ON COMPONENT 25
Skipping acyclic component

CURRENTLY WORKING ON COMPONENT 26
Skipping acyclic component

CURRENTLY WORKING ON COMPONENT 27
Skipping acyclic component

CURRENTLY WORKING ON COMPONENT 28
Skipping acyclic component

CURRENTLY WORKING ON COMPONENT 29
Skipping acyclic component

CURRENTLY WORKING ON COMPONENT 30
Skipping acyclic component

CURRENTLY WORKING ON COMPONENT 31
Skipping acyclic component

CURRENTLY WORKING ON COMPONENT 32
Skipping acyclic component

CURRENTLY WORKING ON COMPONENT 33
New random solution with penalty in component: 8. Took 0 sec
Local search improved penalty in component to: 8. Took 0 sec
Best solution reduces penalty in component to: 8
New random solution with penalty in component: 8. Took 0 sec
Local search improved penalty in component to: 8. Took 0 sec
Best solution reduces penalty in component to: 8
New random solution with penalty in component: 8. Took 0 sec
Local search improved penalty in component to: 8. Took 0 sec
Best solution reduces penalty in component to: 8
New random solution with penalty in component: 8. Took 0 sec
Local search improved penalty in component to: 8. Took 0 sec
Best solution reduces penalty in component to: 8
New random solution with penalty in component: 8. Took 0 sec
Local search improved penalty in component to: 8. Took 0 sec
Best solution reduces penalty in component to: 8
New random solution with penalty in component: 8. Took 0 sec
Local search improved penalty in component to: 8. Took 0 sec
Best solution reduces penalty in component to: 8
New random solution with penalty in component: 8. Took 0 sec
Local search improved penalty in component to: 8. Took 0 sec
Best solution reduces penalty in component to: 8
New random solution with penalty in component: 8. Took 0 sec
Local search improved penalty in component to: 8. Took 0 sec
Best solution reduces penalty in component to: 8
New random solution with penalty in component: 8. Took 0 sec
Local search improved penalty in component to: 8. Took 0 sec
Best solution reduces penalty in component to: 8
New random solution with penalty in component: 8. Took 0 sec
Local search improved penalty in component to: 8. Took 0 sec
Best solution reduces penalty in component to: 8
New random solution with penalty in component: 8. Took 0 sec
Local search improved penalty in component to: 8. Took 0 sec
Best solution reduces penalty in component to: 8
New random solution with penalty in component: 8. Took 0 sec
Local search improved penalty in component to: 8. Took 0 sec
Best solution reduces penalty in component to: 8
New random solution with penalty in component: 8. Took 0 sec
Local search improved penalty in component to: 8. Took 0 sec
Best solution reduces penalty in component to: 8
New random solution with penalty in component: 8. Took 0 sec
Local search improved penalty in component to: 8. Took 0 sec
Best solution reduces penalty in component to: 8
New random solution with penalty in component: 8. Took 0 sec
Local search improved penalty in component to: 8. Took 0 sec
Best solution reduces penalty in component to: 8
New random solution with penalty in component: 8. Took 0 sec
Local search improved penalty in component to: 8. Took 0 sec
Best solution reduces penalty in component to: 8
New random solution with penalty in component: 8. Took 0 sec
Local search improved penalty in component to: 8. Took 0 sec
Best solution reduces penalty in component to: 8
New random solution with penalty in component: 9. Took 0 sec
Local search improved penalty in component to: 9. Took 0 sec
Best solution reduces penalty in component to: 8
New random solution with penalty in component: 8. Took 0 sec
Local search improved penalty in component to: 8. Took 0 sec
Best solution reduces penalty in component to: 8
New random solution with penalty in component: 8. Took 0 sec
Local search improved penalty in component to: 8. Took 0 sec
Best solution reduces penalty in component to: 8

CURRENTLY WORKING ON COMPONENT 34
Skipping acyclic component

CURRENTLY WORKING ON COMPONENT 35
Skipping acyclic component

CURRENTLY WORKING ON COMPONENT 36
Skipping acyclic component

CURRENTLY WORKING ON COMPONENT 37
Skipping acyclic component

CURRENTLY WORKING ON COMPONENT 38
Dynamic programming solution found with score: 1. Took 0 sec

CURRENTLY WORKING ON COMPONENT 39
Skipping acyclic component

CURRENTLY WORKING ON COMPONENT 40
Skipping acyclic component

CURRENTLY WORKING ON COMPONENT 41
Skipping acyclic component

CURRENTLY WORKING ON COMPONENT 42
Skipping acyclic component

CURRENTLY WORKING ON COMPONENT 43
Dynamic programming solution found with score: 1. Took 0 sec

CURRENTLY WORKING ON COMPONENT 44
Skipping acyclic component

CURRENTLY WORKING ON COMPONENT 45
Skipping acyclic component

CURRENTLY WORKING ON COMPONENT 46
Skipping acyclic component

CURRENTLY WORKING ON COMPONENT 47
Skipping acyclic component

CURRENTLY WORKING ON COMPONENT 48
Dynamic programming solution found with score: 2. Took 0 sec

CURRENTLY WORKING ON COMPONENT 49
Skipping acyclic component

CURRENTLY WORKING ON COMPONENT 50
Skipping acyclic component

CURRENTLY WORKING ON COMPONENT 51
Skipping acyclic component

CURRENTLY WORKING ON COMPONENT 52
Skipping acyclic component

CURRENTLY WORKING ON COMPONENT 53
Dynamic programming solution found with score: 1. Took 0 sec

CURRENTLY WORKING ON COMPONENT 54
Skipping acyclic component

CURRENTLY WORKING ON COMPONENT 55
Skipping acyclic component

CURRENTLY WORKING ON COMPONENT 56
Skipping acyclic component

CURRENTLY WORKING ON COMPONENT 57
Skipping acyclic component

CURRENTLY WORKING ON COMPONENT 58
Dynamic programming solution found with score: 1. Took 0 sec

CURRENTLY WORKING ON COMPONENT 59
Skipping acyclic component

CURRENTLY WORKING ON COMPONENT 60
Skipping acyclic component

CURRENTLY WORKING ON COMPONENT 61
Skipping acyclic component

CURRENTLY WORKING ON COMPONENT 62
Skipping acyclic component

CURRENTLY WORKING ON COMPONENT 63
Dynamic programming solution found with score: 1. Took 0 sec

CURRENTLY WORKING ON COMPONENT 64
Skipping acyclic component

CURRENTLY WORKING ON COMPONENT 65
Skipping acyclic component

CURRENTLY WORKING ON COMPONENT 66
Skipping acyclic component

CURRENTLY WORKING ON COMPONENT 67
Skipping acyclic component

CURRENTLY WORKING ON COMPONENT 68
Dynamic programming solution found with score: 1. Took 0 sec

CURRENTLY WORKING ON COMPONENT 69
Skipping acyclic component

CURRENTLY WORKING ON COMPONENT 70
Skipping acyclic component

CURRENTLY WORKING ON COMPONENT 71
Skipping acyclic component

CURRENTLY WORKING ON COMPONENT 72
Skipping acyclic component

CURRENTLY WORKING ON COMPONENT 73
Dynamic programming solution found with score: 1. Took 0 sec

CURRENTLY WORKING ON COMPONENT 74
Skipping acyclic component

CURRENTLY WORKING ON COMPONENT 75
Skipping acyclic component

CURRENTLY WORKING ON COMPONENT 76
Skipping acyclic component

CURRENTLY WORKING ON COMPONENT 77
Skipping acyclic component

CURRENTLY WORKING ON COMPONENT 78
Dynamic programming solution found with score: 1. Took 0 sec

CURRENTLY WORKING ON COMPONENT 79
Skipping acyclic component

CURRENTLY WORKING ON COMPONENT 80
Skipping acyclic component

CURRENTLY WORKING ON COMPONENT 81
Skipping acyclic component

CURRENTLY WORKING ON COMPONENT 82
Skipping acyclic component

CURRENTLY WORKING ON COMPONENT 83
Dynamic programming solution found with score: 1. Took 0 sec

CURRENTLY WORKING ON COMPONENT 84
Skipping acyclic component

CURRENTLY WORKING ON COMPONENT 85
Skipping acyclic component

CURRENTLY WORKING ON COMPONENT 86
Skipping acyclic component

CURRENTLY WORKING ON COMPONENT 87
Skipping acyclic component

CURRENTLY WORKING ON COMPONENT 88
Dynamic programming solution found with score: 2. Took 0 sec

CURRENTLY WORKING ON COMPONENT 89
Skipping acyclic component

CURRENTLY WORKING ON COMPONENT 90
Skipping acyclic component

CURRENTLY WORKING ON COMPONENT 91
Skipping acyclic component

CURRENTLY WORKING ON COMPONENT 92
Skipping acyclic component

CURRENTLY WORKING ON COMPONENT 93
Dynamic programming solution found with score: 1. Took 0 sec

CURRENTLY WORKING ON COMPONENT 94
Skipping acyclic component

CURRENTLY WORKING ON COMPONENT 95
Skipping acyclic component

CURRENTLY WORKING ON COMPONENT 96
Skipping acyclic component

CURRENTLY WORKING ON COMPONENT 97
Skipping acyclic component

CURRENTLY WORKING ON COMPONENT 98
Dynamic programming solution found with score: 1. Took 0 sec

CURRENTLY WORKING ON COMPONENT 99
Skipping acyclic component

CURRENTLY WORKING ON COMPONENT 100
Skipping acyclic component

CURRENTLY WORKING ON COMPONENT 101
Skipping acyclic component

CURRENTLY WORKING ON COMPONENT 102
Skipping acyclic component

CURRENTLY WORKING ON COMPONENT 103
Dynamic programming solution found with score: 1. Took 0 sec

CURRENTLY WORKING ON COMPONENT 104
Dynamic programming solution found with score: 0. Took 0 sec

CURRENTLY WORKING ON COMPONENT 105
Dynamic programming solution found with score: 0. Took 0 sec

CURRENTLY WORKING ON COMPONENT 106
Dynamic programming solution found with score: 0. Took 0 sec

CURRENTLY WORKING ON COMPONENT 107
Dynamic programming solution found with score: 0. Took 0 sec

CURRENTLY WORKING ON COMPONENT 108
Dynamic programming solution found with score: 0. Took 0 sec

CURRENTLY WORKING ON COMPONENT 109
Dynamic programming solution found with score: 0. Took 0 sec

CURRENTLY WORKING ON COMPONENT 110
Dynamic programming solution found with score: 0. Took 0 sec

CURRENTLY WORKING ON COMPONENT 111
Dynamic programming solution found with score: 0. Took 0 sec

CURRENTLY WORKING ON COMPONENT 112
Dynamic programming solution found with score: 0. Took 0 sec

CURRENTLY WORKING ON COMPONENT 113
Dynamic programming solution found with score: 0. Took 0 sec

CURRENTLY WORKING ON COMPONENT 114
New random solution with penalty in component: 201. Took 0 sec
Local search improved penalty in component to: 194. Took 13 sec
Best solution reduces penalty in component to: 194
New random solution with penalty in component: 203. Took 0 sec
Local search improved penalty in component to: 196. Took 14 sec
Best solution reduces penalty in component to: 194
New random solution with penalty in component: 201. Took 0 sec
Local search improved penalty in component to: 199. Took 14 sec
Best solution reduces penalty in component to: 194
New random solution with penalty in component: 203. Took 0 sec
Local search improved penalty in component to: 196. Took 14 sec
Best solution reduces penalty in component to: 194
New random solution with penalty in component: 202. Took 0 sec
Local search improved penalty in component to: 197. Took 21 sec
Best solution reduces penalty in component to: 194
New random solution with penalty in component: 203. Took 0 sec
Local search improved penalty in component to: 201. Took 14 sec
Best solution reduces penalty in component to: 194
New random solution with penalty in component: 201. Took 0 sec
Local search improved penalty in component to: 199. Took 13 sec
Best solution reduces penalty in component to: 194
New random solution with penalty in component: 203. Took 0 sec
Local search improved penalty in component to: 201. Took 13 sec
Best solution reduces penalty in component to: 194
New random solution with penalty in component: 203. Took 0 sec
Local search improved penalty in component to: 201. Took 14 sec
Best solution reduces penalty in component to: 194
New random solution with penalty in component: 201. Took 0 sec
Local search improved penalty in component to: 199. Took 13 sec
Best solution reduces penalty in component to: 194
New random solution with penalty in component: 203. Took 0 sec
Local search improved penalty in component to: 201. Took 13 sec
Best solution reduces penalty in component to: 194
New random solution with penalty in component: 203. Took 0 sec
Local search improved penalty in component to: 201. Took 13 sec
Best solution reduces penalty in component to: 194
New random solution with penalty in component: 203. Took 0 sec
Local search improved penalty in component to: 201. Took 13 sec
Best solution reduces penalty in component to: 194
New random solution with penalty in component: 202. Took 0 sec
Local search improved penalty in component to: 202. Took 6 sec
Best solution reduces penalty in component to: 194
New random solution with penalty in component: 201. Took 0 sec
Local search improved penalty in component to: 199. Took 13 sec
Best solution reduces penalty in component to: 194
New random solution with penalty in component: 203. Took 0 sec
Local search improved penalty in component to: 201. Took 13 sec
Best solution reduces penalty in component to: 194
New random solution with penalty in component: 203. Took 0 sec
Local search improved penalty in component to: 201. Took 13 sec
Best solution reduces penalty in component to: 194
New random solution with penalty in component: 203. Took 0 sec
Local search improved penalty in component to: 201. Took 13 sec
Best solution reduces penalty in component to: 194
New random solution with penalty in component: 201. Took 0 sec
Local search improved penalty in component to: 199. Took 13 sec
Best solution reduces penalty in component to: 194
New random solution with penalty in component: 201. Took 0 sec
Local search improved penalty in component to: 199. Took 13 sec
Best solution reduces penalty in component to: 194

CURRENTLY WORKING ON COMPONENT 115
Skipping acyclic component
Total penalty: 370
SOLUTION IS VALID
