Found 1 strongly connected components

CURRENTLY WORKING ON COMPONENT 1
New random solution with penalty in component: 77. Took 0 sec
Local search improved penalty in component to: 14. Took 29 sec
Best solution reduces penalty in component to: 14
New random solution with penalty in component: 80. Took 0 sec
Local search improved penalty in component to: 20. Took 29 sec
Best solution reduces penalty in component to: 14
New random solution with penalty in component: 73. Took 0 sec
Local search improved penalty in component to: 30. Took 16 sec
Best solution reduces penalty in component to: 14
New random solution with penalty in component: 87. Took 0 sec
Local search improved penalty in component to: 30. Took 45 sec
Best solution reduces penalty in component to: 14
New random solution with penalty in component: 79. Took 0 sec
Local search improved penalty in component to: 31. Took 36 sec
Best solution reduces penalty in component to: 14
New random solution with penalty in component: 70. Took 0 sec
Local search improved penalty in component to: 27. Took 18 sec
Best solution reduces penalty in component to: 14
New random solution with penalty in component: 80. Took 0 sec
Local search improved penalty in component to: 26. Took 27 sec
Best solution reduces penalty in component to: 14
New random solution with penalty in component: 86. Took 0 sec
Local search improved penalty in component to: 25. Took 36 sec
Best solution reduces penalty in component to: 14
New random solution with penalty in component: 97. Took 0 sec
Local search improved penalty in component to: 36. Took 52 sec
Best solution reduces penalty in component to: 14
New random solution with penalty in component: 94. Took 0 sec
Local search improved penalty in component to: 31. Took 35 sec
Best solution reduces penalty in component to: 14
New random solution with penalty in component: 87. Took 0 sec
Local search improved penalty in component to: 28. Took 31 sec
Best solution reduces penalty in component to: 14
New random solution with penalty in component: 69. Took 0 sec
Local search improved penalty in component to: 20. Took 17 sec
Best solution reduces penalty in component to: 14
New random solution with penalty in component: 69. Took 0 sec
Local search improved penalty in component to: 37. Took 12 sec
Best solution reduces penalty in component to: 14
New random solution with penalty in component: 57. Took 0 sec
Local search improved penalty in component to: 22. Took 7 sec
Best solution reduces penalty in component to: 14
New random solution with penalty in component: 78. Took 0 sec
Local search improved penalty in component to: 30. Took 23 sec
Best solution reduces penalty in component to: 14
New random solution with penalty in component: 87. Took 0 sec
Local search improved penalty in component to: 22. Took 50 sec
Best solution reduces penalty in component to: 14
New random solution with penalty in component: 79. Took 0 sec
Local search improved penalty in component to: 30. Took 29 sec
Best solution reduces penalty in component to: 14
New random solution with penalty in component: 80. Took 0 sec
Local search improved penalty in component to: 29. Took 26 sec
Best solution reduces penalty in component to: 14
New random solution with penalty in component: 79. Took 0 sec
Local search improved penalty in component to: 32. Took 21 sec
Best solution reduces penalty in component to: 14
New random solution with penalty in component: 83. Took 0 sec
Local search improved penalty in component to: 26. Took 32 sec
Best solution reduces penalty in component to: 14
Total penalty: 14
SOLUTION IS VALID
