Found 1 strongly connected components

CURRENTLY WORKING ON COMPONENT 1
New random solution with penalty in component: 43. Took 0 sec
Local search improved penalty in component to: 14. Took 9 sec
Best solution reduces penalty in component to: 14
New random solution with penalty in component: 31. Took 0 sec
Local search improved penalty in component to: 8. Took 2 sec
Best solution reduces penalty in component to: 8
New random solution with penalty in component: 37. Took 0 sec
Local search improved penalty in component to: 11. Took 4 sec
Best solution reduces penalty in component to: 8
New random solution with penalty in component: 38. Took 0 sec
Local search improved penalty in component to: 19. Took 2 sec
Best solution reduces penalty in component to: 8
New random solution with penalty in component: 29. Took 0 sec
Local search improved penalty in component to: 11. Took 3 sec
Best solution reduces penalty in component to: 8
New random solution with penalty in component: 49. Took 0 sec
Local search improved penalty in component to: 18. Took 7 sec
Best solution reduces penalty in component to: 8
New random solution with penalty in component: 43. Took 0 sec
Local search improved penalty in component to: 10. Took 6 sec
Best solution reduces penalty in component to: 8
New random solution with penalty in component: 40. Took 0 sec
Local search improved penalty in component to: 16. Took 5 sec
Best solution reduces penalty in component to: 8
New random solution with penalty in component: 48. Took 0 sec
Local search improved penalty in component to: 16. Took 16 sec
Best solution reduces penalty in component to: 8
New random solution with penalty in component: 55. Took 0 sec
Local search improved penalty in component to: 19. Took 15 sec
Best solution reduces penalty in component to: 8
New random solution with penalty in component: 40. Took 0 sec
Local search improved penalty in component to: 16. Took 4 sec
Best solution reduces penalty in component to: 8
New random solution with penalty in component: 46. Took 0 sec
Local search improved penalty in component to: 16. Took 8 sec
Best solution reduces penalty in component to: 8
New random solution with penalty in component: 37. Took 0 sec
Local search improved penalty in component to: 11. Took 5 sec
Best solution reduces penalty in component to: 8
New random solution with penalty in component: 39. Took 0 sec
Local search improved penalty in component to: 10. Took 5 sec
Best solution reduces penalty in component to: 8
New random solution with penalty in component: 37. Took 0 sec
Local search improved penalty in component to: 7. Took 4 sec
Best solution reduces penalty in component to: 7
New random solution with penalty in component: 50. Took 0 sec
Local search improved penalty in component to: 16. Took 15 sec
Best solution reduces penalty in component to: 7
New random solution with penalty in component: 32. Took 0 sec
Local search improved penalty in component to: 15. Took 2 sec
Best solution reduces penalty in component to: 7
New random solution with penalty in component: 39. Took 0 sec
Local search improved penalty in component to: 14. Took 6 sec
Best solution reduces penalty in component to: 7
New random solution with penalty in component: 35. Took 0 sec
Local search improved penalty in component to: 8. Took 3 sec
Best solution reduces penalty in component to: 7
New random solution with penalty in component: 42. Took 0 sec
Local search improved penalty in component to: 16. Took 5 sec
Best solution reduces penalty in component to: 7
Total penalty: 7
SOLUTION IS VALID
