Found 5 strongly connected components

CURRENTLY WORKING ON COMPONENT 1
Skipping acyclic component

CURRENTLY WORKING ON COMPONENT 2
New random solution with penalty in component: 82. Took 0 sec
Local search improved penalty in component to: 69. Took 5 sec
Best solution reduces penalty in component to: 69
New random solution with penalty in component: 78. Took 0 sec
Local search improved penalty in component to: 68. Took 3 sec
Best solution reduces penalty in component to: 68
New random solution with penalty in component: 93. Took 0 sec
Local search improved penalty in component to: 64. Took 13 sec
Best solution reduces penalty in component to: 64
New random solution with penalty in component: 82. Took 0 sec
Local search improved penalty in component to: 63. Took 8 sec
Best solution reduces penalty in component to: 63
New random solution with penalty in component: 69. Took 0 sec
Local search improved penalty in component to: 64. Took 1 sec
Best solution reduces penalty in component to: 63
New random solution with penalty in component: 76. Took 0 sec
Local search improved penalty in component to: 64. Took 3 sec
Best solution reduces penalty in component to: 63
New random solution with penalty in component: 84. Took 0 sec
Local search improved penalty in component to: 65. Took 6 sec
Best solution reduces penalty in component to: 63
New random solution with penalty in component: 80. Took 0 sec
Local search improved penalty in component to: 68. Took 5 sec
Best solution reduces penalty in component to: 63
New random solution with penalty in component: 77. Took 0 sec
Local search improved penalty in component to: 63. Took 4 sec
Best solution reduces penalty in component to: 63
New random solution with penalty in component: 82. Took 0 sec
Local search improved penalty in component to: 63. Took 6 sec
Best solution reduces penalty in component to: 63
New random solution with penalty in component: 86. Took 0 sec
Local search improved penalty in component to: 67. Took 8 sec
Best solution reduces penalty in component to: 63
New random solution with penalty in component: 85. Took 0 sec
Local search improved penalty in component to: 58. Took 7 sec
Best solution reduces penalty in component to: 58
New random solution with penalty in component: 92. Took 0 sec
Local search improved penalty in component to: 64. Took 10 sec
Best solution reduces penalty in component to: 58
New random solution with penalty in component: 83. Took 0 sec
Local search improved penalty in component to: 57. Took 7 sec
Best solution reduces penalty in component to: 57
New random solution with penalty in component: 95. Took 0 sec
Local search improved penalty in component to: 68. Took 12 sec
Best solution reduces penalty in component to: 57
New random solution with penalty in component: 77. Took 0 sec
Local search improved penalty in component to: 55. Took 5 sec
Best solution reduces penalty in component to: 55
New random solution with penalty in component: 81. Took 0 sec
Local search improved penalty in component to: 66. Took 7 sec
Best solution reduces penalty in component to: 55
New random solution with penalty in component: 84. Took 0 sec
Local search improved penalty in component to: 56. Took 9 sec
Best solution reduces penalty in component to: 55
New random solution with penalty in component: 78. Took 0 sec
Local search improved penalty in component to: 67. Took 6 sec
Best solution reduces penalty in component to: 55
New random solution with penalty in component: 84. Took 0 sec
Local search improved penalty in component to: 66. Took 8 sec
Best solution reduces penalty in component to: 55

CURRENTLY WORKING ON COMPONENT 3
Skipping acyclic component

CURRENTLY WORKING ON COMPONENT 4
Skipping acyclic component

CURRENTLY WORKING ON COMPONENT 5
Skipping acyclic component
Total penalty: 59
SOLUTION IS VALID
