Found 131 strongly connected components

CURRENTLY WORKING ON COMPONENT 1
Skipping acyclic component

CURRENTLY WORKING ON COMPONENT 2
Skipping acyclic component

CURRENTLY WORKING ON COMPONENT 3
Skipping acyclic component

CURRENTLY WORKING ON COMPONENT 4
Skipping acyclic component

CURRENTLY WORKING ON COMPONENT 5
Skipping acyclic component

CURRENTLY WORKING ON COMPONENT 6
Skipping acyclic component

CURRENTLY WORKING ON COMPONENT 7
Skipping acyclic component

CURRENTLY WORKING ON COMPONENT 8
Skipping acyclic component

CURRENTLY WORKING ON COMPONENT 9
Skipping acyclic component

CURRENTLY WORKING ON COMPONENT 10
Skipping acyclic component

CURRENTLY WORKING ON COMPONENT 11
Dynamic programming solution found with score: 0. Took 0 sec

CURRENTLY WORKING ON COMPONENT 12
Skipping acyclic component

CURRENTLY WORKING ON COMPONENT 13
Skipping acyclic component

CURRENTLY WORKING ON COMPONENT 14
Dynamic programming solution found with score: 0. Took 0 sec

CURRENTLY WORKING ON COMPONENT 15
Skipping acyclic component

CURRENTLY WORKING ON COMPONENT 16
Skipping acyclic component

CURRENTLY WORKING ON COMPONENT 17
Dynamic programming solution found with score: 0. Took 0 sec

CURRENTLY WORKING ON COMPONENT 18
Skipping acyclic component

CURRENTLY WORKING ON COMPONENT 19
Skipping acyclic component

CURRENTLY WORKING ON COMPONENT 20
Dynamic programming solution found with score: 0. Took 0 sec

CURRENTLY WORKING ON COMPONENT 21
Skipping acyclic component

CURRENTLY WORKING ON COMPONENT 22
Skipping acyclic component

CURRENTLY WORKING ON COMPONENT 23
Dynamic programming solution found with score: 0. Took 0 sec

CURRENTLY WORKING ON COMPONENT 24
Skipping acyclic component

CURRENTLY WORKING ON COMPONENT 25
Skipping acyclic component

CURRENTLY WORKING ON COMPONENT 26
Dynamic programming solution found with score: 0. Took 0 sec

CURRENTLY WORKING ON COMPONENT 27
Skipping acyclic component

CURRENTLY WORKING ON COMPONENT 28
Skipping acyclic component

CURRENTLY WORKING ON COMPONENT 29
Dynamic programming solution found with score: 0. Took 0 sec

CURRENTLY WORKING ON COMPONENT 30
Skipping acyclic component

CURRENTLY WORKING ON COMPONENT 31
Skipping acyclic component

CURRENTLY WORKING ON COMPONENT 32
Dynamic programming solution found with score: 0. Took 0 sec

CURRENTLY WORKING ON COMPONENT 33
Skipping acyclic component

CURRENTLY WORKING ON COMPONENT 34
Skipping acyclic component

CURRENTLY WORKING ON COMPONENT 35
Dynamic programming solution found with score: 0. Took 0 sec

CURRENTLY WORKING ON COMPONENT 36
Skipping acyclic component

CURRENTLY WORKING ON COMPONENT 37
Skipping acyclic component

CURRENTLY WORKING ON COMPONENT 38
Dynamic programming solution found with score: 0. Took 0 sec

CURRENTLY WORKING ON COMPONENT 39
Skipping acyclic component

CURRENTLY WORKING ON COMPONENT 40
Skipping acyclic component

CURRENTLY WORKING ON COMPONENT 41
Dynamic programming solution found with score: 0. Took 0 sec

CURRENTLY WORKING ON COMPONENT 42
Skipping acyclic component

CURRENTLY WORKING ON COMPONENT 43
Skipping acyclic component

CURRENTLY WORKING ON COMPONENT 44
Dynamic programming solution found with score: 0. Took 0 sec

CURRENTLY WORKING ON COMPONENT 45
Skipping acyclic component

CURRENTLY WORKING ON COMPONENT 46
Skipping acyclic component

CURRENTLY WORKING ON COMPONENT 47
Dynamic programming solution found with score: 0. Took 0 sec

CURRENTLY WORKING ON COMPONENT 48
Skipping acyclic component

CURRENTLY WORKING ON COMPONENT 49
Skipping acyclic component

CURRENTLY WORKING ON COMPONENT 50
Dynamic programming solution found with score: 0. Took 0 sec

CURRENTLY WORKING ON COMPONENT 51
Skipping acyclic component

CURRENTLY WORKING ON COMPONENT 52
Skipping acyclic component

CURRENTLY WORKING ON COMPONENT 53
Dynamic programming solution found with score: 0. Took 0 sec

CURRENTLY WORKING ON COMPONENT 54
Skipping acyclic component

CURRENTLY WORKING ON COMPONENT 55
Skipping acyclic component

CURRENTLY WORKING ON COMPONENT 56
Dynamic programming solution found with score: 0. Took 0 sec

CURRENTLY WORKING ON COMPONENT 57
Skipping acyclic component

CURRENTLY WORKING ON COMPONENT 58
Skipping acyclic component

CURRENTLY WORKING ON COMPONENT 59
Dynamic programming solution found with score: 0. Took 0 sec

CURRENTLY WORKING ON COMPONENT 60
Skipping acyclic component

CURRENTLY WORKING ON COMPONENT 61
Skipping acyclic component

CURRENTLY WORKING ON COMPONENT 62
Dynamic programming solution found with score: 0. Took 0 sec

CURRENTLY WORKING ON COMPONENT 63
Skipping acyclic component

CURRENTLY WORKING ON COMPONENT 64
Skipping acyclic component

CURRENTLY WORKING ON COMPONENT 65
Dynamic programming solution found with score: 0. Took 0 sec

CURRENTLY WORKING ON COMPONENT 66
Skipping acyclic component

CURRENTLY WORKING ON COMPONENT 67
Skipping acyclic component

CURRENTLY WORKING ON COMPONENT 68
Dynamic programming solution found with score: 0. Took 0 sec

CURRENTLY WORKING ON COMPONENT 69
Skipping acyclic component

CURRENTLY WORKING ON COMPONENT 70
Skipping acyclic component

CURRENTLY WORKING ON COMPONENT 71
Dynamic programming solution found with score: 0. Took 0 sec

CURRENTLY WORKING ON COMPONENT 72
Skipping acyclic component

CURRENTLY WORKING ON COMPONENT 73
Skipping acyclic component

CURRENTLY WORKING ON COMPONENT 74
Dynamic programming solution found with score: 0. Took 0 sec

CURRENTLY WORKING ON COMPONENT 75
Skipping acyclic component

CURRENTLY WORKING ON COMPONENT 76
Skipping acyclic component

CURRENTLY WORKING ON COMPONENT 77
Dynamic programming solution found with score: 0. Took 0 sec

CURRENTLY WORKING ON COMPONENT 78
Skipping acyclic component

CURRENTLY WORKING ON COMPONENT 79
Skipping acyclic component

CURRENTLY WORKING ON COMPONENT 80
Dynamic programming solution found with score: 0. Took 0 sec

CURRENTLY WORKING ON COMPONENT 81
Skipping acyclic component

CURRENTLY WORKING ON COMPONENT 82
Skipping acyclic component

CURRENTLY WORKING ON COMPONENT 83
Dynamic programming solution found with score: 0. Took 0 sec

CURRENTLY WORKING ON COMPONENT 84
Skipping acyclic component

CURRENTLY WORKING ON COMPONENT 85
Skipping acyclic component

CURRENTLY WORKING ON COMPONENT 86
Dynamic programming solution found with score: 0. Took 0 sec

CURRENTLY WORKING ON COMPONENT 87
Skipping acyclic component

CURRENTLY WORKING ON COMPONENT 88
Skipping acyclic component

CURRENTLY WORKING ON COMPONENT 89
Dynamic programming solution found with score: 0. Took 0 sec

CURRENTLY WORKING ON COMPONENT 90
Skipping acyclic component

CURRENTLY WORKING ON COMPONENT 91
Skipping acyclic component

CURRENTLY WORKING ON COMPONENT 92
Dynamic programming solution found with score: 0. Took 0 sec

CURRENTLY WORKING ON COMPONENT 93
Skipping acyclic component

CURRENTLY WORKING ON COMPONENT 94
Skipping acyclic component

CURRENTLY WORKING ON COMPONENT 95
Dynamic programming solution found with score: 0. Took 0 sec

CURRENTLY WORKING ON COMPONENT 96
Skipping acyclic component

CURRENTLY WORKING ON COMPONENT 97
Skipping acyclic component

CURRENTLY WORKING ON COMPONENT 98
Dynamic programming solution found with score: 0. Took 0 sec

CURRENTLY WORKING ON COMPONENT 99
Skipping acyclic component

CURRENTLY WORKING ON COMPONENT 100
Skipping acyclic component

CURRENTLY WORKING ON COMPONENT 101
Dynamic programming solution found with score: 0. Took 0 sec

CURRENTLY WORKING ON COMPONENT 102
Skipping acyclic component

CURRENTLY WORKING ON COMPONENT 103
Skipping acyclic component

CURRENTLY WORKING ON COMPONENT 104
Dynamic programming solution found with score: 0. Took 0 sec

CURRENTLY WORKING ON COMPONENT 105
Skipping acyclic component

CURRENTLY WORKING ON COMPONENT 106
Skipping acyclic component

CURRENTLY WORKING ON COMPONENT 107
Dynamic programming solution found with score: 0. Took 0 sec

CURRENTLY WORKING ON COMPONENT 108
Skipping acyclic component

CURRENTLY WORKING ON COMPONENT 109
Skipping acyclic component

CURRENTLY WORKING ON COMPONENT 110
Dynamic programming solution found with score: 0. Took 0 sec

CURRENTLY WORKING ON COMPONENT 111
Skipping acyclic component

CURRENTLY WORKING ON COMPONENT 112
Skipping acyclic component

CURRENTLY WORKING ON COMPONENT 113
Dynamic programming solution found with score: 0. Took 0 sec

CURRENTLY WORKING ON COMPONENT 114
Skipping acyclic component

CURRENTLY WORKING ON COMPONENT 115
Skipping acyclic component

CURRENTLY WORKING ON COMPONENT 116
Dynamic programming solution found with score: 0. Took 0 sec

CURRENTLY WORKING ON COMPONENT 117
Skipping acyclic component

CURRENTLY WORKING ON COMPONENT 118
Skipping acyclic component

CURRENTLY WORKING ON COMPONENT 119
Dynamic programming solution found with score: 0. Took 0 sec

CURRENTLY WORKING ON COMPONENT 120
Skipping acyclic component

CURRENTLY WORKING ON COMPONENT 121
Skipping acyclic component

CURRENTLY WORKING ON COMPONENT 122
Dynamic programming solution found with score: 0. Took 0 sec

CURRENTLY WORKING ON COMPONENT 123
Skipping acyclic component

CURRENTLY WORKING ON COMPONENT 124
Skipping acyclic component

CURRENTLY WORKING ON COMPONENT 125
Dynamic programming solution found with score: 0. Took 0 sec

CURRENTLY WORKING ON COMPONENT 126
Skipping acyclic component

CURRENTLY WORKING ON COMPONENT 127
Skipping acyclic component

CURRENTLY WORKING ON COMPONENT 128
Dynamic programming solution found with score: 0. Took 0 sec

CURRENTLY WORKING ON COMPONENT 129
Skipping acyclic component

CURRENTLY WORKING ON COMPONENT 130
Skipping acyclic component

CURRENTLY WORKING ON COMPONENT 131
Dynamic programming solution found with score: 0. Took 0 sec
Total penalty: 113
ERROR SOLUTION IS NOT VALID, invalid edge from 305 to 304
