Found 52 strongly connected components

CURRENTLY WORKING ON COMPONENT 1
Skipping acyclic component

CURRENTLY WORKING ON COMPONENT 2
Skipping acyclic component

CURRENTLY WORKING ON COMPONENT 3
Dynamic programming solution found with score: 0. Took 0 sec

CURRENTLY WORKING ON COMPONENT 4
Skipping acyclic component

CURRENTLY WORKING ON COMPONENT 5
Dynamic programming solution found with score: 0. Took 0 sec

CURRENTLY WORKING ON COMPONENT 6
Dynamic programming solution found with score: 0. Took 0 sec

CURRENTLY WORKING ON COMPONENT 7
Skipping acyclic component

CURRENTLY WORKING ON COMPONENT 8
New random solution with penalty in component: 16. Took 0 sec
Local search improved penalty in component to: 16. Took 0 sec
Best solution reduces penalty in component to: 16
New random solution with penalty in component: 16. Took 0 sec
Local search improved penalty in component to: 16. Took 0 sec
Best solution reduces penalty in component to: 16
New random solution with penalty in component: 16. Took 0 sec
Local search improved penalty in component to: 16. Took 0 sec
Best solution reduces penalty in component to: 16
New random solution with penalty in component: 16. Took 0 sec
Local search improved penalty in component to: 16. Took 0 sec
Best solution reduces penalty in component to: 16
New random solution with penalty in component: 16. Took 0 sec
Local search improved penalty in component to: 16. Took 0 sec
Best solution reduces penalty in component to: 16
New random solution with penalty in component: 16. Took 0 sec
Local search improved penalty in component to: 16. Took 0 sec
Best solution reduces penalty in component to: 16
New random solution with penalty in component: 16. Took 0 sec
Local search improved penalty in component to: 16. Took 0 sec
Best solution reduces penalty in component to: 16
New random solution with penalty in component: 16. Took 0 sec
Local search improved penalty in component to: 16. Took 0 sec
Best solution reduces penalty in component to: 16
New random solution with penalty in component: 16. Took 0 sec
Local search improved penalty in component to: 16. Took 0 sec
Best solution reduces penalty in component to: 16
New random solution with penalty in component: 16. Took 0 sec
Local search improved penalty in component to: 16. Took 0 sec
Best solution reduces penalty in component to: 16
New random solution with penalty in component: 16. Took 0 sec
Local search improved penalty in component to: 16. Took 0 sec
Best solution reduces penalty in component to: 16
New random solution with penalty in component: 16. Took 0 sec
Local search improved penalty in component to: 16. Took 0 sec
Best solution reduces penalty in component to: 16
New random solution with penalty in component: 16. Took 0 sec
Local search improved penalty in component to: 16. Took 0 sec
Best solution reduces penalty in component to: 16
New random solution with penalty in component: 16. Took 0 sec
Local search improved penalty in component to: 16. Took 0 sec
Best solution reduces penalty in component to: 16
New random solution with penalty in component: 16. Took 0 sec
Local search improved penalty in component to: 16. Took 0 sec
Best solution reduces penalty in component to: 16
New random solution with penalty in component: 16. Took 0 sec
Local search improved penalty in component to: 16. Took 0 sec
Best solution reduces penalty in component to: 16
New random solution with penalty in component: 16. Took 0 sec
Local search improved penalty in component to: 16. Took 0 sec
Best solution reduces penalty in component to: 16
New random solution with penalty in component: 16. Took 0 sec
Local search improved penalty in component to: 16. Took 0 sec
Best solution reduces penalty in component to: 16
New random solution with penalty in component: 16. Took 0 sec
Local search improved penalty in component to: 16. Took 0 sec
Best solution reduces penalty in component to: 16
New random solution with penalty in component: 16. Took 0 sec
Local search improved penalty in component to: 16. Took 0 sec
Best solution reduces penalty in component to: 16

CURRENTLY WORKING ON COMPONENT 9
Dynamic programming solution found with score: 11. Took 0 sec

CURRENTLY WORKING ON COMPONENT 10
Dynamic programming solution found with score: 0. Took 0 sec

CURRENTLY WORKING ON COMPONENT 11
New random solution with penalty in component: 22. Took 0 sec
Local search improved penalty in component to: 22. Took 0 sec
Best solution reduces penalty in component to: 22
New random solution with penalty in component: 22. Took 0 sec
Local search improved penalty in component to: 22. Took 0 sec
Best solution reduces penalty in component to: 22
New random solution with penalty in component: 22. Took 0 sec
Local search improved penalty in component to: 22. Took 0 sec
Best solution reduces penalty in component to: 22
New random solution with penalty in component: 22. Took 0 sec
Local search improved penalty in component to: 22. Took 0 sec
Best solution reduces penalty in component to: 22
New random solution with penalty in component: 22. Took 0 sec
Local search improved penalty in component to: 22. Took 0 sec
Best solution reduces penalty in component to: 22
New random solution with penalty in component: 22. Took 0 sec
Local search improved penalty in component to: 22. Took 0 sec
Best solution reduces penalty in component to: 22
New random solution with penalty in component: 22. Took 0 sec
Local search improved penalty in component to: 22. Took 0 sec
Best solution reduces penalty in component to: 22
New random solution with penalty in component: 22. Took 0 sec
Local search improved penalty in component to: 22. Took 0 sec
Best solution reduces penalty in component to: 22
New random solution with penalty in component: 22. Took 0 sec
Local search improved penalty in component to: 22. Took 0 sec
Best solution reduces penalty in component to: 22
New random solution with penalty in component: 22. Took 0 sec
Local search improved penalty in component to: 22. Took 0 sec
Best solution reduces penalty in component to: 22
New random solution with penalty in component: 22. Took 0 sec
Local search improved penalty in component to: 22. Took 0 sec
Best solution reduces penalty in component to: 22
New random solution with penalty in component: 22. Took 0 sec
Local search improved penalty in component to: 22. Took 0 sec
Best solution reduces penalty in component to: 22
New random solution with penalty in component: 22. Took 0 sec
Local search improved penalty in component to: 22. Took 0 sec
Best solution reduces penalty in component to: 22
New random solution with penalty in component: 22. Took 0 sec
Local search improved penalty in component to: 22. Took 0 sec
Best solution reduces penalty in component to: 22
New random solution with penalty in component: 22. Took 0 sec
Local search improved penalty in component to: 22. Took 0 sec
Best solution reduces penalty in component to: 22
New random solution with penalty in component: 22. Took 0 sec
Local search improved penalty in component to: 22. Took 0 sec
Best solution reduces penalty in component to: 22
New random solution with penalty in component: 22. Took 0 sec
Local search improved penalty in component to: 22. Took 0 sec
Best solution reduces penalty in component to: 22
New random solution with penalty in component: 22. Took 0 sec
Local search improved penalty in component to: 22. Took 0 sec
Best solution reduces penalty in component to: 22
New random solution with penalty in component: 22. Took 0 sec
Local search improved penalty in component to: 22. Took 0 sec
Best solution reduces penalty in component to: 22
New random solution with penalty in component: 22. Took 0 sec
Local search improved penalty in component to: 22. Took 0 sec
Best solution reduces penalty in component to: 22

CURRENTLY WORKING ON COMPONENT 12
New random solution with penalty in component: 14. Took 0 sec
Local search improved penalty in component to: 14. Took 0 sec
Best solution reduces penalty in component to: 14
New random solution with penalty in component: 14. Took 0 sec
Local search improved penalty in component to: 14. Took 0 sec
Best solution reduces penalty in component to: 14
New random solution with penalty in component: 14. Took 0 sec
Local search improved penalty in component to: 14. Took 0 sec
Best solution reduces penalty in component to: 14
New random solution with penalty in component: 14. Took 0 sec
Local search improved penalty in component to: 14. Took 0 sec
Best solution reduces penalty in component to: 14
New random solution with penalty in component: 14. Took 0 sec
Local search improved penalty in component to: 14. Took 0 sec
Best solution reduces penalty in component to: 14
New random solution with penalty in component: 14. Took 0 sec
Local search improved penalty in component to: 14. Took 0 sec
Best solution reduces penalty in component to: 14
New random solution with penalty in component: 14. Took 0 sec
Local search improved penalty in component to: 14. Took 0 sec
Best solution reduces penalty in component to: 14
New random solution with penalty in component: 14. Took 0 sec
Local search improved penalty in component to: 14. Took 0 sec
Best solution reduces penalty in component to: 14
New random solution with penalty in component: 14. Took 0 sec
Local search improved penalty in component to: 14. Took 0 sec
Best solution reduces penalty in component to: 14
New random solution with penalty in component: 14. Took 0 sec
Local search improved penalty in component to: 14. Took 0 sec
Best solution reduces penalty in component to: 14
New random solution with penalty in component: 14. Took 0 sec
Local search improved penalty in component to: 14. Took 0 sec
Best solution reduces penalty in component to: 14
New random solution with penalty in component: 14. Took 0 sec
Local search improved penalty in component to: 14. Took 0 sec
Best solution reduces penalty in component to: 14
New random solution with penalty in component: 14. Took 0 sec
Local search improved penalty in component to: 14. Took 0 sec
Best solution reduces penalty in component to: 14
New random solution with penalty in component: 14. Took 0 sec
Local search improved penalty in component to: 14. Took 0 sec
Best solution reduces penalty in component to: 14
New random solution with penalty in component: 14. Took 0 sec
Local search improved penalty in component to: 14. Took 0 sec
Best solution reduces penalty in component to: 14
New random solution with penalty in component: 14. Took 0 sec
Local search improved penalty in component to: 14. Took 0 sec
Best solution reduces penalty in component to: 14
New random solution with penalty in component: 14. Took 0 sec
Local search improved penalty in component to: 14. Took 0 sec
Best solution reduces penalty in component to: 14
New random solution with penalty in component: 14. Took 0 sec
Local search improved penalty in component to: 14. Took 0 sec
Best solution reduces penalty in component to: 14
New random solution with penalty in component: 14. Took 0 sec
Local search improved penalty in component to: 14. Took 0 sec
Best solution reduces penalty in component to: 14
New random solution with penalty in component: 14. Took 0 sec
Local search improved penalty in component to: 14. Took 0 sec
Best solution reduces penalty in component to: 14

CURRENTLY WORKING ON COMPONENT 13
New random solution with penalty in component: 15. Took 0 sec
Local search improved penalty in component to: 15. Took 0 sec
Best solution reduces penalty in component to: 15
New random solution with penalty in component: 15. Took 0 sec
Local search improved penalty in component to: 15. Took 0 sec
Best solution reduces penalty in component to: 15
New random solution with penalty in component: 15. Took 0 sec
Local search improved penalty in component to: 15. Took 0 sec
Best solution reduces penalty in component to: 15
New random solution with penalty in component: 15. Took 0 sec
Local search improved penalty in component to: 15. Took 0 sec
Best solution reduces penalty in component to: 15
New random solution with penalty in component: 15. Took 0 sec
Local search improved penalty in component to: 15. Took 0 sec
Best solution reduces penalty in component to: 15
New random solution with penalty in component: 15. Took 0 sec
Local search improved penalty in component to: 15. Took 0 sec
Best solution reduces penalty in component to: 15
New random solution with penalty in component: 15. Took 0 sec
Local search improved penalty in component to: 15. Took 0 sec
Best solution reduces penalty in component to: 15
New random solution with penalty in component: 15. Took 0 sec
Local search improved penalty in component to: 15. Took 0 sec
Best solution reduces penalty in component to: 15
New random solution with penalty in component: 15. Took 0 sec
Local search improved penalty in component to: 15. Took 0 sec
Best solution reduces penalty in component to: 15
New random solution with penalty in component: 15. Took 0 sec
Local search improved penalty in component to: 15. Took 0 sec
Best solution reduces penalty in component to: 15
New random solution with penalty in component: 15. Took 0 sec
Local search improved penalty in component to: 15. Took 0 sec
Best solution reduces penalty in component to: 15
New random solution with penalty in component: 15. Took 0 sec
Local search improved penalty in component to: 15. Took 0 sec
Best solution reduces penalty in component to: 15
New random solution with penalty in component: 15. Took 0 sec
Local search improved penalty in component to: 15. Took 0 sec
Best solution reduces penalty in component to: 15
New random solution with penalty in component: 15. Took 0 sec
Local search improved penalty in component to: 15. Took 0 sec
Best solution reduces penalty in component to: 15
New random solution with penalty in component: 15. Took 0 sec
Local search improved penalty in component to: 15. Took 0 sec
Best solution reduces penalty in component to: 15
New random solution with penalty in component: 15. Took 0 sec
Local search improved penalty in component to: 15. Took 0 sec
Best solution reduces penalty in component to: 15
New random solution with penalty in component: 15. Took 0 sec
Local search improved penalty in component to: 15. Took 0 sec
Best solution reduces penalty in component to: 15
New random solution with penalty in component: 15. Took 0 sec
Local search improved penalty in component to: 15. Took 0 sec
Best solution reduces penalty in component to: 15
New random solution with penalty in component: 15. Took 0 sec
Local search improved penalty in component to: 15. Took 0 sec
Best solution reduces penalty in component to: 15
New random solution with penalty in component: 15. Took 0 sec
Local search improved penalty in component to: 15. Took 0 sec
Best solution reduces penalty in component to: 15

CURRENTLY WORKING ON COMPONENT 14
Dynamic programming solution found with score: 0. Took 0 sec

CURRENTLY WORKING ON COMPONENT 15
Dynamic programming solution found with score: 0. Took 0 sec

CURRENTLY WORKING ON COMPONENT 16
Dynamic programming solution found with score: 9. Took 0 sec

CURRENTLY WORKING ON COMPONENT 17
Dynamic programming solution found with score: 7. Took 0 sec

CURRENTLY WORKING ON COMPONENT 18
Dynamic programming solution found with score: 9. Took 0 sec

CURRENTLY WORKING ON COMPONENT 19
Dynamic programming solution found with score: 0. Took 0 sec

CURRENTLY WORKING ON COMPONENT 20
Dynamic programming solution found with score: 0. Took 0 sec

CURRENTLY WORKING ON COMPONENT 21
Dynamic programming solution found with score: 0. Took 0 sec

CURRENTLY WORKING ON COMPONENT 22
Dynamic programming solution found with score: 0. Took 0 sec

CURRENTLY WORKING ON COMPONENT 23
New random solution with penalty in component: 14. Took 0 sec
Local search improved penalty in component to: 14. Took 0 sec
Best solution reduces penalty in component to: 14
New random solution with penalty in component: 14. Took 0 sec
Local search improved penalty in component to: 14. Took 0 sec
Best solution reduces penalty in component to: 14
New random solution with penalty in component: 14. Took 0 sec
Local search improved penalty in component to: 14. Took 0 sec
Best solution reduces penalty in component to: 14
New random solution with penalty in component: 14. Took 0 sec
Local search improved penalty in component to: 14. Took 0 sec
Best solution reduces penalty in component to: 14
New random solution with penalty in component: 14. Took 0 sec
Local search improved penalty in component to: 14. Took 0 sec
Best solution reduces penalty in component to: 14
New random solution with penalty in component: 14. Took 0 sec
Local search improved penalty in component to: 14. Took 0 sec
Best solution reduces penalty in component to: 14
New random solution with penalty in component: 14. Took 0 sec
Local search improved penalty in component to: 14. Took 0 sec
Best solution reduces penalty in component to: 14
New random solution with penalty in component: 14. Took 0 sec
Local search improved penalty in component to: 14. Took 0 sec
Best solution reduces penalty in component to: 14
New random solution with penalty in component: 14. Took 0 sec
Local search improved penalty in component to: 14. Took 0 sec
Best solution reduces penalty in component to: 14
New random solution with penalty in component: 14. Took 0 sec
Local search improved penalty in component to: 14. Took 0 sec
Best solution reduces penalty in component to: 14
New random solution with penalty in component: 14. Took 0 sec
Local search improved penalty in component to: 14. Took 0 sec
Best solution reduces penalty in component to: 14
New random solution with penalty in component: 14. Took 0 sec
Local search improved penalty in component to: 14. Took 0 sec
Best solution reduces penalty in component to: 14
New random solution with penalty in component: 14. Took 0 sec
Local search improved penalty in component to: 14. Took 0 sec
Best solution reduces penalty in component to: 14
New random solution with penalty in component: 14. Took 0 sec
Local search improved penalty in component to: 14. Took 0 sec
Best solution reduces penalty in component to: 14
New random solution with penalty in component: 14. Took 0 sec
Local search improved penalty in component to: 14. Took 0 sec
Best solution reduces penalty in component to: 14
New random solution with penalty in component: 14. Took 0 sec
Local search improved penalty in component to: 14. Took 0 sec
Best solution reduces penalty in component to: 14
New random solution with penalty in component: 14. Took 0 sec
Local search improved penalty in component to: 14. Took 0 sec
Best solution reduces penalty in component to: 14
New random solution with penalty in component: 14. Took 0 sec
Local search improved penalty in component to: 14. Took 0 sec
Best solution reduces penalty in component to: 14
New random solution with penalty in component: 14. Took 0 sec
Local search improved penalty in component to: 14. Took 0 sec
Best solution reduces penalty in component to: 14
New random solution with penalty in component: 14. Took 0 sec
Local search improved penalty in component to: 14. Took 0 sec
Best solution reduces penalty in component to: 14

CURRENTLY WORKING ON COMPONENT 24
New random solution with penalty in component: 23. Took 0 sec
Local search improved penalty in component to: 23. Took 0 sec
Best solution reduces penalty in component to: 23
New random solution with penalty in component: 23. Took 0 sec
Local search improved penalty in component to: 23. Took 0 sec
Best solution reduces penalty in component to: 23
New random solution with penalty in component: 23. Took 0 sec
Local search improved penalty in component to: 23. Took 0 sec
Best solution reduces penalty in component to: 23
New random solution with penalty in component: 23. Took 0 sec
Local search improved penalty in component to: 23. Took 0 sec
Best solution reduces penalty in component to: 23
New random solution with penalty in component: 23. Took 0 sec
Local search improved penalty in component to: 23. Took 0 sec
Best solution reduces penalty in component to: 23
New random solution with penalty in component: 23. Took 0 sec
Local search improved penalty in component to: 23. Took 0 sec
Best solution reduces penalty in component to: 23
New random solution with penalty in component: 23. Took 0 sec
Local search improved penalty in component to: 23. Took 0 sec
Best solution reduces penalty in component to: 23
New random solution with penalty in component: 23. Took 0 sec
Local search improved penalty in component to: 23. Took 0 sec
Best solution reduces penalty in component to: 23
New random solution with penalty in component: 23. Took 0 sec
Local search improved penalty in component to: 23. Took 0 sec
Best solution reduces penalty in component to: 23
New random solution with penalty in component: 23. Took 0 sec
Local search improved penalty in component to: 23. Took 0 sec
Best solution reduces penalty in component to: 23
New random solution with penalty in component: 23. Took 0 sec
Local search improved penalty in component to: 23. Took 0 sec
Best solution reduces penalty in component to: 23
New random solution with penalty in component: 23. Took 0 sec
Local search improved penalty in component to: 23. Took 0 sec
Best solution reduces penalty in component to: 23
New random solution with penalty in component: 23. Took 0 sec
Local search improved penalty in component to: 23. Took 0 sec
Best solution reduces penalty in component to: 23
New random solution with penalty in component: 23. Took 0 sec
Local search improved penalty in component to: 23. Took 0 sec
Best solution reduces penalty in component to: 23
New random solution with penalty in component: 23. Took 0 sec
Local search improved penalty in component to: 23. Took 0 sec
Best solution reduces penalty in component to: 23
New random solution with penalty in component: 23. Took 0 sec
Local search improved penalty in component to: 23. Took 0 sec
Best solution reduces penalty in component to: 23
New random solution with penalty in component: 23. Took 0 sec
Local search improved penalty in component to: 23. Took 0 sec
Best solution reduces penalty in component to: 23
New random solution with penalty in component: 23. Took 0 sec
Local search improved penalty in component to: 23. Took 0 sec
Best solution reduces penalty in component to: 23
New random solution with penalty in component: 23. Took 0 sec
Local search improved penalty in component to: 23. Took 0 sec
Best solution reduces penalty in component to: 23
New random solution with penalty in component: 23. Took 0 sec
Local search improved penalty in component to: 23. Took 0 sec
Best solution reduces penalty in component to: 23

CURRENTLY WORKING ON COMPONENT 25
New random solution with penalty in component: 22. Took 0 sec
Local search improved penalty in component to: 22. Took 0 sec
Best solution reduces penalty in component to: 22
New random solution with penalty in component: 22. Took 0 sec
Local search improved penalty in component to: 22. Took 0 sec
Best solution reduces penalty in component to: 22
New random solution with penalty in component: 22. Took 0 sec
Local search improved penalty in component to: 22. Took 0 sec
Best solution reduces penalty in component to: 22
New random solution with penalty in component: 22. Took 0 sec
Local search improved penalty in component to: 22. Took 0 sec
Best solution reduces penalty in component to: 22
New random solution with penalty in component: 22. Took 0 sec
Local search improved penalty in component to: 22. Took 0 sec
Best solution reduces penalty in component to: 22
New random solution with penalty in component: 22. Took 0 sec
Local search improved penalty in component to: 22. Took 0 sec
Best solution reduces penalty in component to: 22
New random solution with penalty in component: 22. Took 0 sec
Local search improved penalty in component to: 22. Took 0 sec
Best solution reduces penalty in component to: 22
New random solution with penalty in component: 22. Took 0 sec
Local search improved penalty in component to: 22. Took 0 sec
Best solution reduces penalty in component to: 22
New random solution with penalty in component: 22. Took 0 sec
Local search improved penalty in component to: 22. Took 0 sec
Best solution reduces penalty in component to: 22
New random solution with penalty in component: 22. Took 0 sec
Local search improved penalty in component to: 22. Took 0 sec
Best solution reduces penalty in component to: 22
New random solution with penalty in component: 22. Took 0 sec
Local search improved penalty in component to: 22. Took 0 sec
Best solution reduces penalty in component to: 22
New random solution with penalty in component: 22. Took 0 sec
Local search improved penalty in component to: 22. Took 0 sec
Best solution reduces penalty in component to: 22
New random solution with penalty in component: 22. Took 0 sec
Local search improved penalty in component to: 22. Took 0 sec
Best solution reduces penalty in component to: 22
New random solution with penalty in component: 22. Took 0 sec
Local search improved penalty in component to: 22. Took 0 sec
Best solution reduces penalty in component to: 22
New random solution with penalty in component: 22. Took 0 sec
Local search improved penalty in component to: 22. Took 0 sec
Best solution reduces penalty in component to: 22
New random solution with penalty in component: 22. Took 0 sec
Local search improved penalty in component to: 22. Took 0 sec
Best solution reduces penalty in component to: 22
New random solution with penalty in component: 22. Took 0 sec
Local search improved penalty in component to: 22. Took 0 sec
Best solution reduces penalty in component to: 22
New random solution with penalty in component: 22. Took 0 sec
Local search improved penalty in component to: 22. Took 0 sec
Best solution reduces penalty in component to: 22
New random solution with penalty in component: 22. Took 0 sec
Local search improved penalty in component to: 22. Took 0 sec
Best solution reduces penalty in component to: 22
New random solution with penalty in component: 22. Took 0 sec
Local search improved penalty in component to: 22. Took 0 sec
Best solution reduces penalty in component to: 22

CURRENTLY WORKING ON COMPONENT 26
New random solution with penalty in component: 22. Took 0 sec
Local search improved penalty in component to: 22. Took 0 sec
Best solution reduces penalty in component to: 22
New random solution with penalty in component: 22. Took 0 sec
Local search improved penalty in component to: 22. Took 0 sec
Best solution reduces penalty in component to: 22
New random solution with penalty in component: 22. Took 0 sec
Local search improved penalty in component to: 22. Took 0 sec
Best solution reduces penalty in component to: 22
New random solution with penalty in component: 22. Took 0 sec
Local search improved penalty in component to: 22. Took 0 sec
Best solution reduces penalty in component to: 22
New random solution with penalty in component: 22. Took 0 sec
Local search improved penalty in component to: 22. Took 0 sec
Best solution reduces penalty in component to: 22
New random solution with penalty in component: 22. Took 0 sec
Local search improved penalty in component to: 22. Took 0 sec
Best solution reduces penalty in component to: 22
New random solution with penalty in component: 22. Took 0 sec
Local search improved penalty in component to: 22. Took 0 sec
Best solution reduces penalty in component to: 22
New random solution with penalty in component: 22. Took 0 sec
Local search improved penalty in component to: 22. Took 0 sec
Best solution reduces penalty in component to: 22
New random solution with penalty in component: 22. Took 0 sec
Local search improved penalty in component to: 22. Took 0 sec
Best solution reduces penalty in component to: 22
New random solution with penalty in component: 22. Took 0 sec
Local search improved penalty in component to: 22. Took 0 sec
Best solution reduces penalty in component to: 22
New random solution with penalty in component: 22. Took 0 sec
Local search improved penalty in component to: 22. Took 0 sec
Best solution reduces penalty in component to: 22
New random solution with penalty in component: 22. Took 0 sec
Local search improved penalty in component to: 22. Took 0 sec
Best solution reduces penalty in component to: 22
New random solution with penalty in component: 22. Took 0 sec
Local search improved penalty in component to: 22. Took 0 sec
Best solution reduces penalty in component to: 22
New random solution with penalty in component: 22. Took 0 sec
Local search improved penalty in component to: 22. Took 0 sec
Best solution reduces penalty in component to: 22
New random solution with penalty in component: 22. Took 0 sec
Local search improved penalty in component to: 22. Took 0 sec
Best solution reduces penalty in component to: 22
New random solution with penalty in component: 22. Took 0 sec
Local search improved penalty in component to: 22. Took 0 sec
Best solution reduces penalty in component to: 22
New random solution with penalty in component: 22. Took 0 sec
Local search improved penalty in component to: 22. Took 0 sec
Best solution reduces penalty in component to: 22
New random solution with penalty in component: 22. Took 0 sec
Local search improved penalty in component to: 22. Took 0 sec
Best solution reduces penalty in component to: 22
New random solution with penalty in component: 22. Took 0 sec
Local search improved penalty in component to: 22. Took 0 sec
Best solution reduces penalty in component to: 22
New random solution with penalty in component: 22. Took 0 sec
Local search improved penalty in component to: 22. Took 0 sec
Best solution reduces penalty in component to: 22

CURRENTLY WORKING ON COMPONENT 27
New random solution with penalty in component: 19. Took 0 sec
Local search improved penalty in component to: 19. Took 0 sec
Best solution reduces penalty in component to: 19
New random solution with penalty in component: 19. Took 0 sec
Local search improved penalty in component to: 19. Took 0 sec
Best solution reduces penalty in component to: 19
New random solution with penalty in component: 19. Took 0 sec
Local search improved penalty in component to: 19. Took 0 sec
Best solution reduces penalty in component to: 19
New random solution with penalty in component: 19. Took 0 sec
Local search improved penalty in component to: 19. Took 0 sec
Best solution reduces penalty in component to: 19
New random solution with penalty in component: 19. Took 0 sec
Local search improved penalty in component to: 19. Took 0 sec
Best solution reduces penalty in component to: 19
New random solution with penalty in component: 19. Took 0 sec
Local search improved penalty in component to: 19. Took 0 sec
Best solution reduces penalty in component to: 19
New random solution with penalty in component: 19. Took 0 sec
Local search improved penalty in component to: 19. Took 0 sec
Best solution reduces penalty in component to: 19
New random solution with penalty in component: 19. Took 0 sec
Local search improved penalty in component to: 19. Took 0 sec
Best solution reduces penalty in component to: 19
New random solution with penalty in component: 19. Took 0 sec
Local search improved penalty in component to: 19. Took 0 sec
Best solution reduces penalty in component to: 19
New random solution with penalty in component: 19. Took 0 sec
Local search improved penalty in component to: 19. Took 0 sec
Best solution reduces penalty in component to: 19
New random solution with penalty in component: 19. Took 0 sec
Local search improved penalty in component to: 19. Took 0 sec
Best solution reduces penalty in component to: 19
New random solution with penalty in component: 19. Took 0 sec
Local search improved penalty in component to: 19. Took 0 sec
Best solution reduces penalty in component to: 19
New random solution with penalty in component: 19. Took 0 sec
Local search improved penalty in component to: 19. Took 0 sec
Best solution reduces penalty in component to: 19
New random solution with penalty in component: 19. Took 0 sec
Local search improved penalty in component to: 19. Took 0 sec
Best solution reduces penalty in component to: 19
New random solution with penalty in component: 19. Took 0 sec
Local search improved penalty in component to: 19. Took 0 sec
Best solution reduces penalty in component to: 19
New random solution with penalty in component: 19. Took 0 sec
Local search improved penalty in component to: 19. Took 0 sec
Best solution reduces penalty in component to: 19
New random solution with penalty in component: 19. Took 0 sec
Local search improved penalty in component to: 19. Took 0 sec
Best solution reduces penalty in component to: 19
New random solution with penalty in component: 19. Took 0 sec
Local search improved penalty in component to: 19. Took 0 sec
Best solution reduces penalty in component to: 19
New random solution with penalty in component: 19. Took 0 sec
Local search improved penalty in component to: 19. Took 0 sec
Best solution reduces penalty in component to: 19
New random solution with penalty in component: 19. Took 0 sec
Local search improved penalty in component to: 19. Took 0 sec
Best solution reduces penalty in component to: 19

CURRENTLY WORKING ON COMPONENT 28
Dynamic programming solution found with score: 8. Took 0 sec

CURRENTLY WORKING ON COMPONENT 29
New random solution with penalty in component: 13. Took 0 sec
Local search improved penalty in component to: 13. Took 0 sec
Best solution reduces penalty in component to: 13
New random solution with penalty in component: 13. Took 0 sec
Local search improved penalty in component to: 13. Took 0 sec
Best solution reduces penalty in component to: 13
New random solution with penalty in component: 13. Took 0 sec
Local search improved penalty in component to: 13. Took 0 sec
Best solution reduces penalty in component to: 13
New random solution with penalty in component: 13. Took 0 sec
Local search improved penalty in component to: 13. Took 0 sec
Best solution reduces penalty in component to: 13
New random solution with penalty in component: 13. Took 0 sec
Local search improved penalty in component to: 13. Took 0 sec
Best solution reduces penalty in component to: 13
New random solution with penalty in component: 13. Took 0 sec
Local search improved penalty in component to: 13. Took 0 sec
Best solution reduces penalty in component to: 13
New random solution with penalty in component: 13. Took 0 sec
Local search improved penalty in component to: 13. Took 0 sec
Best solution reduces penalty in component to: 13
New random solution with penalty in component: 13. Took 0 sec
Local search improved penalty in component to: 13. Took 0 sec
Best solution reduces penalty in component to: 13
New random solution with penalty in component: 13. Took 0 sec
Local search improved penalty in component to: 13. Took 0 sec
Best solution reduces penalty in component to: 13
New random solution with penalty in component: 13. Took 0 sec
Local search improved penalty in component to: 13. Took 0 sec
Best solution reduces penalty in component to: 13
New random solution with penalty in component: 13. Took 0 sec
Local search improved penalty in component to: 13. Took 0 sec
Best solution reduces penalty in component to: 13
New random solution with penalty in component: 13. Took 0 sec
Local search improved penalty in component to: 13. Took 0 sec
Best solution reduces penalty in component to: 13
New random solution with penalty in component: 13. Took 0 sec
Local search improved penalty in component to: 13. Took 0 sec
Best solution reduces penalty in component to: 13
New random solution with penalty in component: 13. Took 0 sec
Local search improved penalty in component to: 13. Took 0 sec
Best solution reduces penalty in component to: 13
New random solution with penalty in component: 13. Took 0 sec
Local search improved penalty in component to: 13. Took 0 sec
Best solution reduces penalty in component to: 13
New random solution with penalty in component: 13. Took 0 sec
Local search improved penalty in component to: 13. Took 0 sec
Best solution reduces penalty in component to: 13
New random solution with penalty in component: 13. Took 0 sec
Local search improved penalty in component to: 13. Took 0 sec
Best solution reduces penalty in component to: 13
New random solution with penalty in component: 13. Took 0 sec
Local search improved penalty in component to: 13. Took 0 sec
Best solution reduces penalty in component to: 13
New random solution with penalty in component: 13. Took 0 sec
Local search improved penalty in component to: 13. Took 0 sec
Best solution reduces penalty in component to: 13
New random solution with penalty in component: 13. Took 0 sec
Local search improved penalty in component to: 13. Took 0 sec
Best solution reduces penalty in component to: 13

CURRENTLY WORKING ON COMPONENT 30
New random solution with penalty in component: 19. Took 0 sec
Local search improved penalty in component to: 19. Took 0 sec
Best solution reduces penalty in component to: 19
New random solution with penalty in component: 19. Took 0 sec
Local search improved penalty in component to: 19. Took 0 sec
Best solution reduces penalty in component to: 19
New random solution with penalty in component: 19. Took 0 sec
Local search improved penalty in component to: 19. Took 0 sec
Best solution reduces penalty in component to: 19
New random solution with penalty in component: 19. Took 0 sec
Local search improved penalty in component to: 19. Took 0 sec
Best solution reduces penalty in component to: 19
New random solution with penalty in component: 19. Took 0 sec
Local search improved penalty in component to: 19. Took 0 sec
Best solution reduces penalty in component to: 19
New random solution with penalty in component: 19. Took 0 sec
Local search improved penalty in component to: 19. Took 0 sec
Best solution reduces penalty in component to: 19
New random solution with penalty in component: 19. Took 0 sec
Local search improved penalty in component to: 19. Took 0 sec
Best solution reduces penalty in component to: 19
New random solution with penalty in component: 19. Took 0 sec
Local search improved penalty in component to: 19. Took 0 sec
Best solution reduces penalty in component to: 19
New random solution with penalty in component: 19. Took 0 sec
Local search improved penalty in component to: 19. Took 0 sec
Best solution reduces penalty in component to: 19
New random solution with penalty in component: 19. Took 0 sec
Local search improved penalty in component to: 19. Took 0 sec
Best solution reduces penalty in component to: 19
New random solution with penalty in component: 19. Took 0 sec
Local search improved penalty in component to: 19. Took 0 sec
Best solution reduces penalty in component to: 19
New random solution with penalty in component: 19. Took 0 sec
Local search improved penalty in component to: 19. Took 0 sec
Best solution reduces penalty in component to: 19
New random solution with penalty in component: 19. Took 0 sec
Local search improved penalty in component to: 19. Took 0 sec
Best solution reduces penalty in component to: 19
New random solution with penalty in component: 19. Took 0 sec
Local search improved penalty in component to: 19. Took 0 sec
Best solution reduces penalty in component to: 19
New random solution with penalty in component: 19. Took 0 sec
Local search improved penalty in component to: 19. Took 0 sec
Best solution reduces penalty in component to: 19
New random solution with penalty in component: 19. Took 0 sec
Local search improved penalty in component to: 19. Took 0 sec
Best solution reduces penalty in component to: 19
New random solution with penalty in component: 19. Took 0 sec
Local search improved penalty in component to: 19. Took 0 sec
Best solution reduces penalty in component to: 19
New random solution with penalty in component: 19. Took 0 sec
Local search improved penalty in component to: 19. Took 0 sec
Best solution reduces penalty in component to: 19
New random solution with penalty in component: 19. Took 0 sec
Local search improved penalty in component to: 19. Took 0 sec
Best solution reduces penalty in component to: 19
New random solution with penalty in component: 19. Took 0 sec
Local search improved penalty in component to: 19. Took 0 sec
Best solution reduces penalty in component to: 19

CURRENTLY WORKING ON COMPONENT 31
New random solution with penalty in component: 14. Took 0 sec
Local search improved penalty in component to: 14. Took 0 sec
Best solution reduces penalty in component to: 14
New random solution with penalty in component: 14. Took 0 sec
Local search improved penalty in component to: 14. Took 0 sec
Best solution reduces penalty in component to: 14
New random solution with penalty in component: 14. Took 0 sec
Local search improved penalty in component to: 14. Took 0 sec
Best solution reduces penalty in component to: 14
New random solution with penalty in component: 14. Took 0 sec
Local search improved penalty in component to: 14. Took 0 sec
Best solution reduces penalty in component to: 14
New random solution with penalty in component: 14. Took 0 sec
Local search improved penalty in component to: 14. Took 0 sec
Best solution reduces penalty in component to: 14
New random solution with penalty in component: 14. Took 0 sec
Local search improved penalty in component to: 14. Took 0 sec
Best solution reduces penalty in component to: 14
New random solution with penalty in component: 14. Took 0 sec
Local search improved penalty in component to: 14. Took 0 sec
Best solution reduces penalty in component to: 14
New random solution with penalty in component: 14. Took 0 sec
Local search improved penalty in component to: 14. Took 0 sec
Best solution reduces penalty in component to: 14
New random solution with penalty in component: 14. Took 0 sec
Local search improved penalty in component to: 14. Took 0 sec
Best solution reduces penalty in component to: 14
New random solution with penalty in component: 14. Took 0 sec
Local search improved penalty in component to: 14. Took 0 sec
Best solution reduces penalty in component to: 14
New random solution with penalty in component: 14. Took 0 sec
Local search improved penalty in component to: 14. Took 0 sec
Best solution reduces penalty in component to: 14
New random solution with penalty in component: 14. Took 0 sec
Local search improved penalty in component to: 14. Took 0 sec
Best solution reduces penalty in component to: 14
New random solution with penalty in component: 14. Took 0 sec
Local search improved penalty in component to: 14. Took 0 sec
Best solution reduces penalty in component to: 14
New random solution with penalty in component: 14. Took 0 sec
Local search improved penalty in component to: 14. Took 0 sec
Best solution reduces penalty in component to: 14
New random solution with penalty in component: 14. Took 0 sec
Local search improved penalty in component to: 14. Took 0 sec
Best solution reduces penalty in component to: 14
New random solution with penalty in component: 14. Took 0 sec
Local search improved penalty in component to: 14. Took 0 sec
Best solution reduces penalty in component to: 14
New random solution with penalty in component: 14. Took 0 sec
Local search improved penalty in component to: 14. Took 0 sec
Best solution reduces penalty in component to: 14
New random solution with penalty in component: 14. Took 0 sec
Local search improved penalty in component to: 14. Took 0 sec
Best solution reduces penalty in component to: 14
New random solution with penalty in component: 14. Took 0 sec
Local search improved penalty in component to: 14. Took 0 sec
Best solution reduces penalty in component to: 14
New random solution with penalty in component: 14. Took 0 sec
Local search improved penalty in component to: 14. Took 0 sec
Best solution reduces penalty in component to: 14

CURRENTLY WORKING ON COMPONENT 32
New random solution with penalty in component: 22. Took 0 sec
Local search improved penalty in component to: 22. Took 0 sec
Best solution reduces penalty in component to: 22
New random solution with penalty in component: 22. Took 0 sec
Local search improved penalty in component to: 22. Took 0 sec
Best solution reduces penalty in component to: 22
New random solution with penalty in component: 22. Took 0 sec
Local search improved penalty in component to: 22. Took 0 sec
Best solution reduces penalty in component to: 22
New random solution with penalty in component: 22. Took 0 sec
Local search improved penalty in component to: 22. Took 0 sec
Best solution reduces penalty in component to: 22
New random solution with penalty in component: 22. Took 0 sec
Local search improved penalty in component to: 22. Took 0 sec
Best solution reduces penalty in component to: 22
New random solution with penalty in component: 22. Took 0 sec
Local search improved penalty in component to: 22. Took 0 sec
Best solution reduces penalty in component to: 22
New random solution with penalty in component: 22. Took 0 sec
Local search improved penalty in component to: 22. Took 0 sec
Best solution reduces penalty in component to: 22
New random solution with penalty in component: 22. Took 0 sec
Local search improved penalty in component to: 22. Took 0 sec
Best solution reduces penalty in component to: 22
New random solution with penalty in component: 22. Took 0 sec
Local search improved penalty in component to: 22. Took 0 sec
Best solution reduces penalty in component to: 22
New random solution with penalty in component: 22. Took 0 sec
Local search improved penalty in component to: 22. Took 0 sec
Best solution reduces penalty in component to: 22
New random solution with penalty in component: 22. Took 0 sec
Local search improved penalty in component to: 22. Took 0 sec
Best solution reduces penalty in component to: 22
New random solution with penalty in component: 22. Took 0 sec
Local search improved penalty in component to: 22. Took 0 sec
Best solution reduces penalty in component to: 22
New random solution with penalty in component: 22. Took 0 sec
Local search improved penalty in component to: 22. Took 0 sec
Best solution reduces penalty in component to: 22
New random solution with penalty in component: 22. Took 0 sec
Local search improved penalty in component to: 22. Took 0 sec
Best solution reduces penalty in component to: 22
New random solution with penalty in component: 22. Took 0 sec
Local search improved penalty in component to: 22. Took 0 sec
Best solution reduces penalty in component to: 22
New random solution with penalty in component: 22. Took 0 sec
Local search improved penalty in component to: 22. Took 0 sec
Best solution reduces penalty in component to: 22
New random solution with penalty in component: 22. Took 0 sec
Local search improved penalty in component to: 22. Took 0 sec
Best solution reduces penalty in component to: 22
New random solution with penalty in component: 22. Took 0 sec
Local search improved penalty in component to: 22. Took 0 sec
Best solution reduces penalty in component to: 22
New random solution with penalty in component: 22. Took 0 sec
Local search improved penalty in component to: 22. Took 0 sec
Best solution reduces penalty in component to: 22
New random solution with penalty in component: 22. Took 0 sec
Local search improved penalty in component to: 22. Took 0 sec
Best solution reduces penalty in component to: 22

CURRENTLY WORKING ON COMPONENT 33
New random solution with penalty in component: 0. Took 0 sec
Local search improved penalty in component to: 0. Took 0 sec
Best solution reduces penalty in component to: 0

CURRENTLY WORKING ON COMPONENT 34
Dynamic programming solution found with score: 0. Took 0 sec

CURRENTLY WORKING ON COMPONENT 35
Dynamic programming solution found with score: 0. Took 0 sec

CURRENTLY WORKING ON COMPONENT 36
Dynamic programming solution found with score: 0. Took 0 sec

CURRENTLY WORKING ON COMPONENT 37
Dynamic programming solution found with score: 0. Took 0 sec

CURRENTLY WORKING ON COMPONENT 38
Dynamic programming solution found with score: 0. Took 0 sec

CURRENTLY WORKING ON COMPONENT 39
Dynamic programming solution found with score: 0. Took 0 sec

CURRENTLY WORKING ON COMPONENT 40
Dynamic programming solution found with score: 0. Took 0 sec

CURRENTLY WORKING ON COMPONENT 41
Dynamic programming solution found with score: 0. Took 0 sec

CURRENTLY WORKING ON COMPONENT 42
Dynamic programming solution found with score: 0. Took 0 sec

CURRENTLY WORKING ON COMPONENT 43
Dynamic programming solution found with score: 0. Took 0 sec

CURRENTLY WORKING ON COMPONENT 44
Dynamic programming solution found with score: 0. Took 0 sec

CURRENTLY WORKING ON COMPONENT 45
New random solution with penalty in component: 18. Took 0 sec
Local search improved penalty in component to: 18. Took 0 sec
Best solution reduces penalty in component to: 18
New random solution with penalty in component: 18. Took 0 sec
Local search improved penalty in component to: 18. Took 0 sec
Best solution reduces penalty in component to: 18
New random solution with penalty in component: 18. Took 0 sec
Local search improved penalty in component to: 18. Took 0 sec
Best solution reduces penalty in component to: 18
New random solution with penalty in component: 18. Took 0 sec
Local search improved penalty in component to: 18. Took 0 sec
Best solution reduces penalty in component to: 18
New random solution with penalty in component: 18. Took 0 sec
Local search improved penalty in component to: 18. Took 0 sec
Best solution reduces penalty in component to: 18
New random solution with penalty in component: 18. Took 0 sec
Local search improved penalty in component to: 18. Took 0 sec
Best solution reduces penalty in component to: 18
New random solution with penalty in component: 18. Took 0 sec
Local search improved penalty in component to: 18. Took 0 sec
Best solution reduces penalty in component to: 18
New random solution with penalty in component: 18. Took 0 sec
Local search improved penalty in component to: 18. Took 0 sec
Best solution reduces penalty in component to: 18
New random solution with penalty in component: 18. Took 0 sec
Local search improved penalty in component to: 18. Took 0 sec
Best solution reduces penalty in component to: 18
New random solution with penalty in component: 18. Took 0 sec
Local search improved penalty in component to: 18. Took 0 sec
Best solution reduces penalty in component to: 18
New random solution with penalty in component: 18. Took 0 sec
Local search improved penalty in component to: 18. Took 0 sec
Best solution reduces penalty in component to: 18
New random solution with penalty in component: 18. Took 0 sec
Local search improved penalty in component to: 18. Took 0 sec
Best solution reduces penalty in component to: 18
New random solution with penalty in component: 18. Took 0 sec
Local search improved penalty in component to: 18. Took 0 sec
Best solution reduces penalty in component to: 18
New random solution with penalty in component: 18. Took 0 sec
Local search improved penalty in component to: 18. Took 0 sec
Best solution reduces penalty in component to: 18
New random solution with penalty in component: 18. Took 0 sec
Local search improved penalty in component to: 18. Took 0 sec
Best solution reduces penalty in component to: 18
New random solution with penalty in component: 18. Took 0 sec
Local search improved penalty in component to: 18. Took 0 sec
Best solution reduces penalty in component to: 18
New random solution with penalty in component: 18. Took 0 sec
Local search improved penalty in component to: 18. Took 0 sec
Best solution reduces penalty in component to: 18
New random solution with penalty in component: 18. Took 0 sec
Local search improved penalty in component to: 18. Took 0 sec
Best solution reduces penalty in component to: 18
New random solution with penalty in component: 18. Took 0 sec
Local search improved penalty in component to: 18. Took 0 sec
Best solution reduces penalty in component to: 18
New random solution with penalty in component: 18. Took 0 sec
Local search improved penalty in component to: 18. Took 0 sec
Best solution reduces penalty in component to: 18

CURRENTLY WORKING ON COMPONENT 46
Dynamic programming solution found with score: 12. Took 0 sec

CURRENTLY WORKING ON COMPONENT 47
New random solution with penalty in component: 13. Took 0 sec
Local search improved penalty in component to: 13. Took 0 sec
Best solution reduces penalty in component to: 13
New random solution with penalty in component: 13. Took 0 sec
Local search improved penalty in component to: 13. Took 0 sec
Best solution reduces penalty in component to: 13
New random solution with penalty in component: 13. Took 0 sec
Local search improved penalty in component to: 13. Took 0 sec
Best solution reduces penalty in component to: 13
New random solution with penalty in component: 13. Took 0 sec
Local search improved penalty in component to: 13. Took 0 sec
Best solution reduces penalty in component to: 13
New random solution with penalty in component: 13. Took 0 sec
Local search improved penalty in component to: 13. Took 0 sec
Best solution reduces penalty in component to: 13
New random solution with penalty in component: 13. Took 0 sec
Local search improved penalty in component to: 13. Took 0 sec
Best solution reduces penalty in component to: 13
New random solution with penalty in component: 13. Took 0 sec
Local search improved penalty in component to: 13. Took 0 sec
Best solution reduces penalty in component to: 13
New random solution with penalty in component: 13. Took 0 sec
Local search improved penalty in component to: 13. Took 0 sec
Best solution reduces penalty in component to: 13
New random solution with penalty in component: 13. Took 0 sec
Local search improved penalty in component to: 13. Took 0 sec
Best solution reduces penalty in component to: 13
New random solution with penalty in component: 13. Took 0 sec
Local search improved penalty in component to: 13. Took 0 sec
Best solution reduces penalty in component to: 13
New random solution with penalty in component: 13. Took 0 sec
Local search improved penalty in component to: 13. Took 0 sec
Best solution reduces penalty in component to: 13
New random solution with penalty in component: 13. Took 0 sec
Local search improved penalty in component to: 13. Took 0 sec
Best solution reduces penalty in component to: 13
New random solution with penalty in component: 13. Took 0 sec
Local search improved penalty in component to: 13. Took 0 sec
Best solution reduces penalty in component to: 13
New random solution with penalty in component: 13. Took 0 sec
Local search improved penalty in component to: 13. Took 0 sec
Best solution reduces penalty in component to: 13
New random solution with penalty in component: 13. Took 0 sec
Local search improved penalty in component to: 13. Took 0 sec
Best solution reduces penalty in component to: 13
New random solution with penalty in component: 13. Took 0 sec
Local search improved penalty in component to: 13. Took 0 sec
Best solution reduces penalty in component to: 13
New random solution with penalty in component: 13. Took 0 sec
Local search improved penalty in component to: 13. Took 0 sec
Best solution reduces penalty in component to: 13
New random solution with penalty in component: 13. Took 0 sec
Local search improved penalty in component to: 13. Took 0 sec
Best solution reduces penalty in component to: 13
New random solution with penalty in component: 13. Took 0 sec
Local search improved penalty in component to: 13. Took 0 sec
Best solution reduces penalty in component to: 13
New random solution with penalty in component: 13. Took 0 sec
Local search improved penalty in component to: 13. Took 0 sec
Best solution reduces penalty in component to: 13

CURRENTLY WORKING ON COMPONENT 48
New random solution with penalty in component: 22. Took 0 sec
Local search improved penalty in component to: 22. Took 0 sec
Best solution reduces penalty in component to: 22
New random solution with penalty in component: 22. Took 0 sec
Local search improved penalty in component to: 22. Took 0 sec
Best solution reduces penalty in component to: 22
New random solution with penalty in component: 22. Took 0 sec
Local search improved penalty in component to: 22. Took 0 sec
Best solution reduces penalty in component to: 22
New random solution with penalty in component: 22. Took 0 sec
Local search improved penalty in component to: 22. Took 0 sec
Best solution reduces penalty in component to: 22
New random solution with penalty in component: 22. Took 0 sec
Local search improved penalty in component to: 22. Took 0 sec
Best solution reduces penalty in component to: 22
New random solution with penalty in component: 22. Took 0 sec
Local search improved penalty in component to: 22. Took 0 sec
Best solution reduces penalty in component to: 22
New random solution with penalty in component: 22. Took 0 sec
Local search improved penalty in component to: 22. Took 0 sec
Best solution reduces penalty in component to: 22
New random solution with penalty in component: 22. Took 0 sec
Local search improved penalty in component to: 22. Took 0 sec
Best solution reduces penalty in component to: 22
New random solution with penalty in component: 22. Took 0 sec
Local search improved penalty in component to: 22. Took 0 sec
Best solution reduces penalty in component to: 22
New random solution with penalty in component: 22. Took 0 sec
Local search improved penalty in component to: 22. Took 0 sec
Best solution reduces penalty in component to: 22
New random solution with penalty in component: 22. Took 0 sec
Local search improved penalty in component to: 22. Took 0 sec
Best solution reduces penalty in component to: 22
New random solution with penalty in component: 22. Took 0 sec
Local search improved penalty in component to: 22. Took 0 sec
Best solution reduces penalty in component to: 22
New random solution with penalty in component: 22. Took 0 sec
Local search improved penalty in component to: 22. Took 0 sec
Best solution reduces penalty in component to: 22
New random solution with penalty in component: 22. Took 0 sec
Local search improved penalty in component to: 22. Took 0 sec
Best solution reduces penalty in component to: 22
New random solution with penalty in component: 22. Took 0 sec
Local search improved penalty in component to: 22. Took 0 sec
Best solution reduces penalty in component to: 22
New random solution with penalty in component: 22. Took 0 sec
Local search improved penalty in component to: 22. Took 0 sec
Best solution reduces penalty in component to: 22
New random solution with penalty in component: 22. Took 0 sec
Local search improved penalty in component to: 22. Took 0 sec
Best solution reduces penalty in component to: 22
New random solution with penalty in component: 22. Took 0 sec
Local search improved penalty in component to: 22. Took 0 sec
Best solution reduces penalty in component to: 22
New random solution with penalty in component: 22. Took 0 sec
Local search improved penalty in component to: 22. Took 0 sec
Best solution reduces penalty in component to: 22
New random solution with penalty in component: 22. Took 0 sec
Local search improved penalty in component to: 22. Took 0 sec
Best solution reduces penalty in component to: 22

CURRENTLY WORKING ON COMPONENT 49
New random solution with penalty in component: 20. Took 0 sec
Local search improved penalty in component to: 20. Took 0 sec
Best solution reduces penalty in component to: 20
New random solution with penalty in component: 20. Took 0 sec
Local search improved penalty in component to: 20. Took 0 sec
Best solution reduces penalty in component to: 20
New random solution with penalty in component: 20. Took 0 sec
Local search improved penalty in component to: 20. Took 0 sec
Best solution reduces penalty in component to: 20
New random solution with penalty in component: 20. Took 0 sec
Local search improved penalty in component to: 20. Took 0 sec
Best solution reduces penalty in component to: 20
New random solution with penalty in component: 20. Took 0 sec
Local search improved penalty in component to: 20. Took 0 sec
Best solution reduces penalty in component to: 20
New random solution with penalty in component: 20. Took 0 sec
Local search improved penalty in component to: 20. Took 0 sec
Best solution reduces penalty in component to: 20
New random solution with penalty in component: 20. Took 0 sec
Local search improved penalty in component to: 20. Took 0 sec
Best solution reduces penalty in component to: 20
New random solution with penalty in component: 20. Took 0 sec
Local search improved penalty in component to: 20. Took 0 sec
Best solution reduces penalty in component to: 20
New random solution with penalty in component: 20. Took 0 sec
Local search improved penalty in component to: 20. Took 0 sec
Best solution reduces penalty in component to: 20
New random solution with penalty in component: 20. Took 0 sec
Local search improved penalty in component to: 20. Took 0 sec
Best solution reduces penalty in component to: 20
New random solution with penalty in component: 20. Took 0 sec
Local search improved penalty in component to: 20. Took 0 sec
Best solution reduces penalty in component to: 20
New random solution with penalty in component: 20. Took 0 sec
Local search improved penalty in component to: 20. Took 0 sec
Best solution reduces penalty in component to: 20
New random solution with penalty in component: 20. Took 0 sec
Local search improved penalty in component to: 20. Took 0 sec
Best solution reduces penalty in component to: 20
New random solution with penalty in component: 20. Took 0 sec
Local search improved penalty in component to: 20. Took 0 sec
Best solution reduces penalty in component to: 20
New random solution with penalty in component: 20. Took 0 sec
Local search improved penalty in component to: 20. Took 0 sec
Best solution reduces penalty in component to: 20
New random solution with penalty in component: 20. Took 0 sec
Local search improved penalty in component to: 20. Took 0 sec
Best solution reduces penalty in component to: 20
New random solution with penalty in component: 20. Took 0 sec
Local search improved penalty in component to: 20. Took 0 sec
Best solution reduces penalty in component to: 20
New random solution with penalty in component: 20. Took 0 sec
Local search improved penalty in component to: 20. Took 0 sec
Best solution reduces penalty in component to: 20
New random solution with penalty in component: 20. Took 0 sec
Local search improved penalty in component to: 20. Took 0 sec
Best solution reduces penalty in component to: 20
New random solution with penalty in component: 20. Took 0 sec
Local search improved penalty in component to: 20. Took 0 sec
Best solution reduces penalty in component to: 20

CURRENTLY WORKING ON COMPONENT 50
Dynamic programming solution found with score: 7. Took 0 sec

CURRENTLY WORKING ON COMPONENT 51
New random solution with penalty in component: 16. Took 0 sec
Local search improved penalty in component to: 16. Took 0 sec
Best solution reduces penalty in component to: 16
New random solution with penalty in component: 16. Took 0 sec
Local search improved penalty in component to: 16. Took 0 sec
Best solution reduces penalty in component to: 16
New random solution with penalty in component: 16. Took 0 sec
Local search improved penalty in component to: 16. Took 0 sec
Best solution reduces penalty in component to: 16
New random solution with penalty in component: 16. Took 0 sec
Local search improved penalty in component to: 16. Took 0 sec
Best solution reduces penalty in component to: 16
New random solution with penalty in component: 16. Took 0 sec
Local search improved penalty in component to: 16. Took 0 sec
Best solution reduces penalty in component to: 16
New random solution with penalty in component: 16. Took 0 sec
Local search improved penalty in component to: 16. Took 0 sec
Best solution reduces penalty in component to: 16
New random solution with penalty in component: 16. Took 0 sec
Local search improved penalty in component to: 16. Took 0 sec
Best solution reduces penalty in component to: 16
New random solution with penalty in component: 16. Took 0 sec
Local search improved penalty in component to: 16. Took 0 sec
Best solution reduces penalty in component to: 16
New random solution with penalty in component: 16. Took 0 sec
Local search improved penalty in component to: 16. Took 0 sec
Best solution reduces penalty in component to: 16
New random solution with penalty in component: 16. Took 0 sec
Local search improved penalty in component to: 16. Took 0 sec
Best solution reduces penalty in component to: 16
New random solution with penalty in component: 16. Took 0 sec
Local search improved penalty in component to: 16. Took 0 sec
Best solution reduces penalty in component to: 16
New random solution with penalty in component: 16. Took 0 sec
Local search improved penalty in component to: 16. Took 0 sec
Best solution reduces penalty in component to: 16
New random solution with penalty in component: 16. Took 0 sec
Local search improved penalty in component to: 16. Took 0 sec
Best solution reduces penalty in component to: 16
New random solution with penalty in component: 16. Took 0 sec
Local search improved penalty in component to: 16. Took 0 sec
Best solution reduces penalty in component to: 16
New random solution with penalty in component: 16. Took 0 sec
Local search improved penalty in component to: 16. Took 0 sec
Best solution reduces penalty in component to: 16
New random solution with penalty in component: 16. Took 0 sec
Local search improved penalty in component to: 16. Took 0 sec
Best solution reduces penalty in component to: 16
New random solution with penalty in component: 16. Took 0 sec
Local search improved penalty in component to: 16. Took 0 sec
Best solution reduces penalty in component to: 16
New random solution with penalty in component: 16. Took 0 sec
Local search improved penalty in component to: 16. Took 0 sec
Best solution reduces penalty in component to: 16
New random solution with penalty in component: 16. Took 0 sec
Local search improved penalty in component to: 16. Took 0 sec
Best solution reduces penalty in component to: 16
New random solution with penalty in component: 16. Took 0 sec
Local search improved penalty in component to: 16. Took 0 sec
Best solution reduces penalty in component to: 16

CURRENTLY WORKING ON COMPONENT 52
New random solution with penalty in component: 19. Took 0 sec
Local search improved penalty in component to: 19. Took 0 sec
Best solution reduces penalty in component to: 19
New random solution with penalty in component: 19. Took 0 sec
Local search improved penalty in component to: 19. Took 0 sec
Best solution reduces penalty in component to: 19
New random solution with penalty in component: 19. Took 0 sec
Local search improved penalty in component to: 19. Took 0 sec
Best solution reduces penalty in component to: 19
New random solution with penalty in component: 19. Took 0 sec
Local search improved penalty in component to: 19. Took 0 sec
Best solution reduces penalty in component to: 19
New random solution with penalty in component: 19. Took 0 sec
Local search improved penalty in component to: 19. Took 0 sec
Best solution reduces penalty in component to: 19
New random solution with penalty in component: 19. Took 0 sec
Local search improved penalty in component to: 19. Took 0 sec
Best solution reduces penalty in component to: 19
New random solution with penalty in component: 19. Took 0 sec
Local search improved penalty in component to: 19. Took 0 sec
Best solution reduces penalty in component to: 19
New random solution with penalty in component: 19. Took 0 sec
Local search improved penalty in component to: 19. Took 0 sec
Best solution reduces penalty in component to: 19
New random solution with penalty in component: 19. Took 0 sec
Local search improved penalty in component to: 19. Took 0 sec
Best solution reduces penalty in component to: 19
New random solution with penalty in component: 19. Took 0 sec
Local search improved penalty in component to: 19. Took 0 sec
Best solution reduces penalty in component to: 19
New random solution with penalty in component: 19. Took 0 sec
Local search improved penalty in component to: 19. Took 0 sec
Best solution reduces penalty in component to: 19
New random solution with penalty in component: 19. Took 0 sec
Local search improved penalty in component to: 19. Took 0 sec
Best solution reduces penalty in component to: 19
New random solution with penalty in component: 19. Took 0 sec
Local search improved penalty in component to: 19. Took 0 sec
Best solution reduces penalty in component to: 19
New random solution with penalty in component: 19. Took 0 sec
Local search improved penalty in component to: 19. Took 0 sec
Best solution reduces penalty in component to: 19
New random solution with penalty in component: 19. Took 0 sec
Local search improved penalty in component to: 19. Took 0 sec
Best solution reduces penalty in component to: 19
New random solution with penalty in component: 19. Took 0 sec
Local search improved penalty in component to: 19. Took 0 sec
Best solution reduces penalty in component to: 19
New random solution with penalty in component: 19. Took 0 sec
Local search improved penalty in component to: 19. Took 0 sec
Best solution reduces penalty in component to: 19
New random solution with penalty in component: 19. Took 0 sec
Local search improved penalty in component to: 19. Took 0 sec
Best solution reduces penalty in component to: 19
New random solution with penalty in component: 19. Took 0 sec
Local search improved penalty in component to: 19. Took 0 sec
Best solution reduces penalty in component to: 19
New random solution with penalty in component: 19. Took 0 sec
Local search improved penalty in component to: 19. Took 0 sec
Best solution reduces penalty in component to: 19
Total penalty: 411
SOLUTION IS VALID
