Found 1 strongly connected components

CURRENTLY WORKING ON COMPONENT 1
New random solution with penalty in component: 44. Took 0 sec
Local search improved penalty in component to: 14. Took 9 sec
Best solution reduces penalty in component to: 14
New random solution with penalty in component: 47. Took 0 sec
Local search improved penalty in component to: 15. Took 17 sec
Best solution reduces penalty in component to: 14
New random solution with penalty in component: 38. Took 0 sec
Local search improved penalty in component to: 11. Took 5 sec
Best solution reduces penalty in component to: 11
New random solution with penalty in component: 40. Took 0 sec
Local search improved penalty in component to: 12. Took 8 sec
Best solution reduces penalty in component to: 11
New random solution with penalty in component: 43. Took 0 sec
Local search improved penalty in component to: 17. Took 7 sec
Best solution reduces penalty in component to: 11
New random solution with penalty in component: 31. Took 0 sec
Local search improved penalty in component to: 9. Took 3 sec
Best solution reduces penalty in component to: 9
New random solution with penalty in component: 48. Took 0 sec
Local search improved penalty in component to: 18. Took 9 sec
Best solution reduces penalty in component to: 9
New random solution with penalty in component: 38. Took 0 sec
Local search improved penalty in component to: 13. Took 6 sec
Best solution reduces penalty in component to: 9
New random solution with penalty in component: 45. Took 0 sec
Local search improved penalty in component to: 13. Took 16 sec
Best solution reduces penalty in component to: 9
New random solution with penalty in component: 43. Took 0 sec
Local search improved penalty in component to: 13. Took 12 sec
Best solution reduces penalty in component to: 9
New random solution with penalty in component: 43. Took 0 sec
Local search improved penalty in component to: 13. Took 14 sec
Best solution reduces penalty in component to: 9
New random solution with penalty in component: 45. Took 0 sec
Local search improved penalty in component to: 13. Took 11 sec
Best solution reduces penalty in component to: 9
New random solution with penalty in component: 34. Took 0 sec
Local search improved penalty in component to: 17. Took 2 sec
Best solution reduces penalty in component to: 9
New random solution with penalty in component: 39. Took 0 sec
Local search improved penalty in component to: 12. Took 6 sec
Best solution reduces penalty in component to: 9
New random solution with penalty in component: 34. Took 0 sec
Local search improved penalty in component to: 14. Took 3 sec
Best solution reduces penalty in component to: 9
New random solution with penalty in component: 43. Took 0 sec
Local search improved penalty in component to: 16. Took 7 sec
Best solution reduces penalty in component to: 9
New random solution with penalty in component: 41. Took 0 sec
Local search improved penalty in component to: 9. Took 10 sec
Best solution reduces penalty in component to: 9
New random solution with penalty in component: 41. Took 0 sec
Local search improved penalty in component to: 11. Took 4 sec
Best solution reduces penalty in component to: 9
New random solution with penalty in component: 44. Took 0 sec
Local search improved penalty in component to: 14. Took 11 sec
Best solution reduces penalty in component to: 9
New random solution with penalty in component: 47. Took 0 sec
Local search improved penalty in component to: 11. Took 18 sec
Best solution reduces penalty in component to: 9
Total penalty: 9
SOLUTION IS VALID
