Found 39 strongly connected components

CURRENTLY WORKING ON COMPONENT 1
Skipping acyclic component

CURRENTLY WORKING ON COMPONENT 2
Skipping acyclic component

CURRENTLY WORKING ON COMPONENT 3
Skipping acyclic component

CURRENTLY WORKING ON COMPONENT 4
Skipping acyclic component

CURRENTLY WORKING ON COMPONENT 5
Skipping acyclic component

CURRENTLY WORKING ON COMPONENT 6
Skipping acyclic component

CURRENTLY WORKING ON COMPONENT 7
Skipping acyclic component

CURRENTLY WORKING ON COMPONENT 8
Skipping acyclic component

CURRENTLY WORKING ON COMPONENT 9
Skipping acyclic component

CURRENTLY WORKING ON COMPONENT 10
Skipping acyclic component

CURRENTLY WORKING ON COMPONENT 11
Skipping acyclic component

CURRENTLY WORKING ON COMPONENT 12
Skipping acyclic component

CURRENTLY WORKING ON COMPONENT 13
Skipping acyclic component

CURRENTLY WORKING ON COMPONENT 14
Skipping acyclic component

CURRENTLY WORKING ON COMPONENT 15
Skipping acyclic component

CURRENTLY WORKING ON COMPONENT 16
Skipping acyclic component

CURRENTLY WORKING ON COMPONENT 17
Skipping acyclic component

CURRENTLY WORKING ON COMPONENT 18
Skipping acyclic component

CURRENTLY WORKING ON COMPONENT 19
Skipping acyclic component

CURRENTLY WORKING ON COMPONENT 20
Skipping acyclic component

CURRENTLY WORKING ON COMPONENT 21
Skipping acyclic component

CURRENTLY WORKING ON COMPONENT 22
Skipping acyclic component

CURRENTLY WORKING ON COMPONENT 23
Skipping acyclic component

CURRENTLY WORKING ON COMPONENT 24
Skipping acyclic component

CURRENTLY WORKING ON COMPONENT 25
Skipping acyclic component

CURRENTLY WORKING ON COMPONENT 26
Skipping acyclic component

CURRENTLY WORKING ON COMPONENT 27
Skipping acyclic component

CURRENTLY WORKING ON COMPONENT 28
Skipping acyclic component

CURRENTLY WORKING ON COMPONENT 29
Skipping acyclic component

CURRENTLY WORKING ON COMPONENT 30
Skipping acyclic component

CURRENTLY WORKING ON COMPONENT 31
Skipping acyclic component

CURRENTLY WORKING ON COMPONENT 32
Skipping acyclic component

CURRENTLY WORKING ON COMPONENT 33
Skipping acyclic component

CURRENTLY WORKING ON COMPONENT 34
Skipping acyclic component

CURRENTLY WORKING ON COMPONENT 35
Skipping acyclic component

CURRENTLY WORKING ON COMPONENT 36
Skipping acyclic component

CURRENTLY WORKING ON COMPONENT 37
Skipping acyclic component

CURRENTLY WORKING ON COMPONENT 38
Skipping acyclic component

CURRENTLY WORKING ON COMPONENT 39
New random solution with penalty in component: 28. Took 0 sec
Local search improved penalty in component to: 18. Took 20 sec
Best solution reduces penalty in component to: 18
New random solution with penalty in component: 28. Took 0 sec
Local search improved penalty in component to: 17. Took 10 sec
Best solution reduces penalty in component to: 17
New random solution with penalty in component: 26. Took 0 sec
Local search improved penalty in component to: 17. Took 11 sec
Best solution reduces penalty in component to: 17
New random solution with penalty in component: 25. Took 0 sec
Local search improved penalty in component to: 17. Took 11 sec
Best solution reduces penalty in component to: 17
New random solution with penalty in component: 26. Took 0 sec
Local search improved penalty in component to: 19. Took 4 sec
Best solution reduces penalty in component to: 17
New random solution with penalty in component: 23. Took 0 sec
Local search improved penalty in component to: 17. Took 4 sec
Best solution reduces penalty in component to: 17
New random solution with penalty in component: 24. Took 0 sec
Local search improved penalty in component to: 17. Took 5 sec
Best solution reduces penalty in component to: 17
New random solution with penalty in component: 27. Took 0 sec
Local search improved penalty in component to: 17. Took 14 sec
Best solution reduces penalty in component to: 17
New random solution with penalty in component: 31. Took 0 sec
Local search improved penalty in component to: 17. Took 45 sec
Best solution reduces penalty in component to: 17
New random solution with penalty in component: 27. Took 0 sec
Local search improved penalty in component to: 18. Took 6 sec
Best solution reduces penalty in component to: 17
New random solution with penalty in component: 29. Took 0 sec
Local search improved penalty in component to: 18. Took 44 sec
Best solution reduces penalty in component to: 17
New random solution with penalty in component: 26. Took 0 sec
Local search improved penalty in component to: 17. Took 7 sec
Best solution reduces penalty in component to: 17
New random solution with penalty in component: 29. Took 0 sec
Local search improved penalty in component to: 18. Took 10 sec
Best solution reduces penalty in component to: 17
New random solution with penalty in component: 30. Took 0 sec
Local search improved penalty in component to: 17. Took 24 sec
Best solution reduces penalty in component to: 17
New random solution with penalty in component: 27. Took 0 sec
Local search improved penalty in component to: 17. Took 8 sec
Best solution reduces penalty in component to: 17
New random solution with penalty in component: 25. Took 0 sec
Local search improved penalty in component to: 20. Took 6 sec
Best solution reduces penalty in component to: 17
New random solution with penalty in component: 25. Took 0 sec
Local search improved penalty in component to: 17. Took 9 sec
Best solution reduces penalty in component to: 17
New random solution with penalty in component: 28. Took 0 sec
Local search improved penalty in component to: 21. Took 7 sec
Best solution reduces penalty in component to: 17
New random solution with penalty in component: 24. Took 0 sec
Local search improved penalty in component to: 17. Took 12 sec
Best solution reduces penalty in component to: 17
New random solution with penalty in component: 27. Took 0 sec
Local search improved penalty in component to: 17. Took 16 sec
Best solution reduces penalty in component to: 17
Total penalty: 69
SOLUTION IS VALID
