Found 38 strongly connected components

CURRENTLY WORKING ON COMPONENT 1
Skipping acyclic component

CURRENTLY WORKING ON COMPONENT 2
Skipping acyclic component

CURRENTLY WORKING ON COMPONENT 3
Skipping acyclic component

CURRENTLY WORKING ON COMPONENT 4
Skipping acyclic component

CURRENTLY WORKING ON COMPONENT 5
Skipping acyclic component

CURRENTLY WORKING ON COMPONENT 6
New random solution with penalty in component: 0. Took 0 sec
Local search improved penalty in component to: 0. Took 0 sec
Best solution reduces penalty in component to: 0

CURRENTLY WORKING ON COMPONENT 7
New random solution with penalty in component: 0. Took 0 sec
Local search improved penalty in component to: 0. Took 0 sec
Best solution reduces penalty in component to: 0

CURRENTLY WORKING ON COMPONENT 8
New random solution with penalty in component: 0. Took 0 sec
Local search improved penalty in component to: 0. Took 0 sec
Best solution reduces penalty in component to: 0

CURRENTLY WORKING ON COMPONENT 9
New random solution with penalty in component: 0. Took 0 sec
Local search improved penalty in component to: 0. Took 0 sec
Best solution reduces penalty in component to: 0

CURRENTLY WORKING ON COMPONENT 10
New random solution with penalty in component: 0. Took 0 sec
Local search improved penalty in component to: 0. Took 0 sec
Best solution reduces penalty in component to: 0

CURRENTLY WORKING ON COMPONENT 11
New random solution with penalty in component: 0. Took 0 sec
Local search improved penalty in component to: 0. Took 0 sec
Best solution reduces penalty in component to: 0

CURRENTLY WORKING ON COMPONENT 12
New random solution with penalty in component: 0. Took 0 sec
Local search improved penalty in component to: 0. Took 0 sec
Best solution reduces penalty in component to: 0

CURRENTLY WORKING ON COMPONENT 13
New random solution with penalty in component: 0. Took 0 sec
Local search improved penalty in component to: 0. Took 0 sec
Best solution reduces penalty in component to: 0

CURRENTLY WORKING ON COMPONENT 14
New random solution with penalty in component: 0. Took 0 sec
Local search improved penalty in component to: 0. Took 0 sec
Best solution reduces penalty in component to: 0

CURRENTLY WORKING ON COMPONENT 15
New random solution with penalty in component: 0. Took 0 sec
Local search improved penalty in component to: 0. Took 0 sec
Best solution reduces penalty in component to: 0

CURRENTLY WORKING ON COMPONENT 16
New random solution with penalty in component: 0. Took 0 sec
Local search improved penalty in component to: 0. Took 0 sec
Best solution reduces penalty in component to: 0

CURRENTLY WORKING ON COMPONENT 17
New random solution with penalty in component: 0. Took 0 sec
Local search improved penalty in component to: 0. Took 0 sec
Best solution reduces penalty in component to: 0

CURRENTLY WORKING ON COMPONENT 18
New random solution with penalty in component: 0. Took 0 sec
Local search improved penalty in component to: 0. Took 0 sec
Best solution reduces penalty in component to: 0

CURRENTLY WORKING ON COMPONENT 19
New random solution with penalty in component: 0. Took 0 sec
Local search improved penalty in component to: 0. Took 0 sec
Best solution reduces penalty in component to: 0

CURRENTLY WORKING ON COMPONENT 20
New random solution with penalty in component: 0. Took 0 sec
Local search improved penalty in component to: 0. Took 0 sec
Best solution reduces penalty in component to: 0

CURRENTLY WORKING ON COMPONENT 21
New random solution with penalty in component: 0. Took 0 sec
Local search improved penalty in component to: 0. Took 0 sec
Best solution reduces penalty in component to: 0

CURRENTLY WORKING ON COMPONENT 22
New random solution with penalty in component: 0. Took 0 sec
Local search improved penalty in component to: 0. Took 0 sec
Best solution reduces penalty in component to: 0

CURRENTLY WORKING ON COMPONENT 23
New random solution with penalty in component: 0. Took 0 sec
Local search improved penalty in component to: 0. Took 0 sec
Best solution reduces penalty in component to: 0

CURRENTLY WORKING ON COMPONENT 24
New random solution with penalty in component: 0. Took 0 sec
Local search improved penalty in component to: 0. Took 0 sec
Best solution reduces penalty in component to: 0

CURRENTLY WORKING ON COMPONENT 25
New random solution with penalty in component: 0. Took 0 sec
Local search improved penalty in component to: 0. Took 0 sec
Best solution reduces penalty in component to: 0

CURRENTLY WORKING ON COMPONENT 26
New random solution with penalty in component: 0. Took 0 sec
Local search improved penalty in component to: 0. Took 0 sec
Best solution reduces penalty in component to: 0

CURRENTLY WORKING ON COMPONENT 27
New random solution with penalty in component: 0. Took 0 sec
Local search improved penalty in component to: 0. Took 0 sec
Best solution reduces penalty in component to: 0

CURRENTLY WORKING ON COMPONENT 28
New random solution with penalty in component: 0. Took 0 sec
Local search improved penalty in component to: 0. Took 0 sec
Best solution reduces penalty in component to: 0

CURRENTLY WORKING ON COMPONENT 29
New random solution with penalty in component: 0. Took 0 sec
Local search improved penalty in component to: 0. Took 0 sec
Best solution reduces penalty in component to: 0

CURRENTLY WORKING ON COMPONENT 30
New random solution with penalty in component: 0. Took 0 sec
Local search improved penalty in component to: 0. Took 0 sec
Best solution reduces penalty in component to: 0

CURRENTLY WORKING ON COMPONENT 31
New random solution with penalty in component: 0. Took 0 sec
Local search improved penalty in component to: 0. Took 0 sec
Best solution reduces penalty in component to: 0

CURRENTLY WORKING ON COMPONENT 32
New random solution with penalty in component: 0. Took 0 sec
Local search improved penalty in component to: 0. Took 0 sec
Best solution reduces penalty in component to: 0

CURRENTLY WORKING ON COMPONENT 33
New random solution with penalty in component: 0. Took 0 sec
Local search improved penalty in component to: 0. Took 0 sec
Best solution reduces penalty in component to: 0

CURRENTLY WORKING ON COMPONENT 34
New random solution with penalty in component: 0. Took 0 sec
Local search improved penalty in component to: 0. Took 0 sec
Best solution reduces penalty in component to: 0

CURRENTLY WORKING ON COMPONENT 35
New random solution with penalty in component: 0. Took 0 sec
Local search improved penalty in component to: 0. Took 0 sec
Best solution reduces penalty in component to: 0

CURRENTLY WORKING ON COMPONENT 36
New random solution with penalty in component: 0. Took 0 sec
Local search improved penalty in component to: 0. Took 0 sec
Best solution reduces penalty in component to: 0

CURRENTLY WORKING ON COMPONENT 37
New random solution with penalty in component: 0. Took 0 sec
Local search improved penalty in component to: 0. Took 0 sec
Best solution reduces penalty in component to: 0

CURRENTLY WORKING ON COMPONENT 38
New random solution with penalty in component: 0. Took 0 sec
Local search improved penalty in component to: 0. Took 0 sec
Best solution reduces penalty in component to: 0
Total penalty: 5
SOLUTION IS VALID
