Found 1 strongly connected components

CURRENTLY WORKING ON COMPONENT 1
New random solution with penalty in component: 95. Took 0 sec
Best solution reduces penalty in component to: 95
New random solution with penalty in component: 99. Took 0 sec
Best solution reduces penalty in component to: 95
New random solution with penalty in component: 93. Took 0 sec
Best solution reduces penalty in component to: 93
New random solution with penalty in component: 92. Took 0 sec
Best solution reduces penalty in component to: 92
New random solution with penalty in component: 95. Took 0 sec
Best solution reduces penalty in component to: 92
New random solution with penalty in component: 96. Took 0 sec
Best solution reduces penalty in component to: 92
New random solution with penalty in component: 102. Took 0 sec
Best solution reduces penalty in component to: 92
New random solution with penalty in component: 98. Took 0 sec
Best solution reduces penalty in component to: 92
New random solution with penalty in component: 95. Took 0 sec
Best solution reduces penalty in component to: 92
New random solution with penalty in component: 96. Took 0 sec
Best solution reduces penalty in component to: 92
New random solution with penalty in component: 99. Took 0 sec
Best solution reduces penalty in component to: 92
New random solution with penalty in component: 102. Took 0 sec
Best solution reduces penalty in component to: 92
New random solution with penalty in component: 97. Took 0 sec
Best solution reduces penalty in component to: 92
New random solution with penalty in component: 100. Took 0 sec
Best solution reduces penalty in component to: 92
New random solution with penalty in component: 97. Took 0 sec
Best solution reduces penalty in component to: 92
New random solution with penalty in component: 100. Took 0 sec
Best solution reduces penalty in component to: 92
New random solution with penalty in component: 99. Took 0 sec
Best solution reduces penalty in component to: 92
New random solution with penalty in component: 95. Took 0 sec
Best solution reduces penalty in component to: 92
New random solution with penalty in component: 96. Took 0 sec
Best solution reduces penalty in component to: 92
New random solution with penalty in component: 98. Took 0 sec
Best solution reduces penalty in component to: 92
New random solution with penalty in component: 99. Took 0 sec
Best solution reduces penalty in component to: 92
New random solution with penalty in component: 98. Took 0 sec
Best solution reduces penalty in component to: 92
New random solution with penalty in component: 97. Took 0 sec
Best solution reduces penalty in component to: 92
New random solution with penalty in component: 93. Took 0 sec
Best solution reduces penalty in component to: 92
New random solution with penalty in component: 98. Took 0 sec
Best solution reduces penalty in component to: 92
New random solution with penalty in component: 97. Took 0 sec
Best solution reduces penalty in component to: 92
New random solution with penalty in component: 99. Took 0 sec
Best solution reduces penalty in component to: 92
New random solution with penalty in component: 100. Took 0 sec
Best solution reduces penalty in component to: 92
New random solution with penalty in component: 97. Took 0 sec
Best solution reduces penalty in component to: 92
New random solution with penalty in component: 104. Took 0 sec
Best solution reduces penalty in component to: 92
New random solution with penalty in component: 103. Took 0 sec
Best solution reduces penalty in component to: 92
New random solution with penalty in component: 96. Took 0 sec
Best solution reduces penalty in component to: 92
New random solution with penalty in component: 100. Took 0 sec
Best solution reduces penalty in component to: 92
New random solution with penalty in component: 98. Took 0 sec
Best solution reduces penalty in component to: 92
New random solution with penalty in component: 101. Took 0 sec
Best solution reduces penalty in component to: 92
New random solution with penalty in component: 100. Took 0 sec
Best solution reduces penalty in component to: 92
New random solution with penalty in component: 99. Took 0 sec
Best solution reduces penalty in component to: 92
New random solution with penalty in component: 100. Took 0 sec
Best solution reduces penalty in component to: 92
New random solution with penalty in component: 97. Took 0 sec
Best solution reduces penalty in component to: 92
New random solution with penalty in component: 102. Took 0 sec
Best solution reduces penalty in component to: 92
New random solution with penalty in component: 95. Took 0 sec
Best solution reduces penalty in component to: 92
New random solution with penalty in component: 100. Took 0 sec
Best solution reduces penalty in component to: 92
New random solution with penalty in component: 104. Took 0 sec
Best solution reduces penalty in component to: 92
New random solution with penalty in component: 98. Took 0 sec
Best solution reduces penalty in component to: 92
New random solution with penalty in component: 92. Took 0 sec
Best solution reduces penalty in component to: 92
New random solution with penalty in component: 100. Took 0 sec
Best solution reduces penalty in component to: 92
New random solution with penalty in component: 99. Took 0 sec
Best solution reduces penalty in component to: 92
New random solution with penalty in component: 98. Took 0 sec
Best solution reduces penalty in component to: 92
New random solution with penalty in component: 93. Took 0 sec
Best solution reduces penalty in component to: 92
New random solution with penalty in component: 100. Took 0 sec
Best solution reduces penalty in component to: 92
New random solution with penalty in component: 103. Took 0 sec
Best solution reduces penalty in component to: 92
New random solution with penalty in component: 100. Took 0 sec
Best solution reduces penalty in component to: 92
New random solution with penalty in component: 96. Took 0 sec
Best solution reduces penalty in component to: 92
New random solution with penalty in component: 98. Took 0 sec
Best solution reduces penalty in component to: 92
New random solution with penalty in component: 98. Took 0 sec
Best solution reduces penalty in component to: 92
New random solution with penalty in component: 98. Took 0 sec
Best solution reduces penalty in component to: 92
New random solution with penalty in component: 101. Took 0 sec
Best solution reduces penalty in component to: 92
New random solution with penalty in component: 99. Took 0 sec
Best solution reduces penalty in component to: 92
New random solution with penalty in component: 98. Took 0 sec
Best solution reduces penalty in component to: 92
New random solution with penalty in component: 98. Took 0 sec
Best solution reduces penalty in component to: 92
New random solution with penalty in component: 97. Took 0 sec
Best solution reduces penalty in component to: 92
New random solution with penalty in component: 95. Took 0 sec
Best solution reduces penalty in component to: 92
New random solution with penalty in component: 100. Took 0 sec
Best solution reduces penalty in component to: 92
New random solution with penalty in component: 96. Took 0 sec
Best solution reduces penalty in component to: 92
New random solution with penalty in component: 98. Took 0 sec
Best solution reduces penalty in component to: 92
New random solution with penalty in component: 100. Took 0 sec
Best solution reduces penalty in component to: 92
New random solution with penalty in component: 93. Took 0 sec
Best solution reduces penalty in component to: 92
New random solution with penalty in component: 97. Took 0 sec
Best solution reduces penalty in component to: 92
New random solution with penalty in component: 97. Took 0 sec
Best solution reduces penalty in component to: 92
New random solution with penalty in component: 94. Took 0 sec
Best solution reduces penalty in component to: 92
New random solution with penalty in component: 98. Took 0 sec
Best solution reduces penalty in component to: 92
New random solution with penalty in component: 100. Took 0 sec
Best solution reduces penalty in component to: 92
New random solution with penalty in component: 90. Took 0 sec
Best solution reduces penalty in component to: 90
New random solution with penalty in component: 96. Took 0 sec
Best solution reduces penalty in component to: 90
New random solution with penalty in component: 97. Took 0 sec
Best solution reduces penalty in component to: 90
New random solution with penalty in component: 100. Took 0 sec
Best solution reduces penalty in component to: 90
New random solution with penalty in component: 98. Took 0 sec
Best solution reduces penalty in component to: 90
New random solution with penalty in component: 96. Took 0 sec
Best solution reduces penalty in component to: 90
New random solution with penalty in component: 97. Took 0 sec
Best solution reduces penalty in component to: 90
New random solution with penalty in component: 96. Took 0 sec
Best solution reduces penalty in component to: 90
New random solution with penalty in component: 97. Took 0 sec
Best solution reduces penalty in component to: 90
New random solution with penalty in component: 103. Took 0 sec
Best solution reduces penalty in component to: 90
New random solution with penalty in component: 97. Took 0 sec
Best solution reduces penalty in component to: 90
New random solution with penalty in component: 96. Took 0 sec
Best solution reduces penalty in component to: 90
New random solution with penalty in component: 98. Took 0 sec
Best solution reduces penalty in component to: 90
New random solution with penalty in component: 100. Took 0 sec
Best solution reduces penalty in component to: 90
New random solution with penalty in component: 104. Took 0 sec
Best solution reduces penalty in component to: 90
New random solution with penalty in component: 95. Took 0 sec
Best solution reduces penalty in component to: 90
New random solution with penalty in component: 100. Took 0 sec
Best solution reduces penalty in component to: 90
New random solution with penalty in component: 99. Took 0 sec
Best solution reduces penalty in component to: 90
New random solution with penalty in component: 99. Took 0 sec
Best solution reduces penalty in component to: 90
New random solution with penalty in component: 101. Took 0 sec
Best solution reduces penalty in component to: 90
New random solution with penalty in component: 99. Took 0 sec
Best solution reduces penalty in component to: 90
New random solution with penalty in component: 94. Took 0 sec
Best solution reduces penalty in component to: 90
New random solution with penalty in component: 105. Took 0 sec
Best solution reduces penalty in component to: 90
New random solution with penalty in component: 98. Took 0 sec
Best solution reduces penalty in component to: 90
New random solution with penalty in component: 98. Took 0 sec
Best solution reduces penalty in component to: 90
New random solution with penalty in component: 102. Took 0 sec
Best solution reduces penalty in component to: 90
New random solution with penalty in component: 98. Took 0 sec
Best solution reduces penalty in component to: 90
New random solution with penalty in component: 95. Took 0 sec
Best solution reduces penalty in component to: 90
Total penalty: 90
SOLUTION IS VALID
