Found 1 strongly connected components

CURRENTLY WORKING ON COMPONENT 1
New random solution with penalty in component: 29. Took 0 sec
Best solution reduces penalty in component to: 29
New random solution with penalty in component: 36. Took 0 sec
Best solution reduces penalty in component to: 29
New random solution with penalty in component: 41. Took 0 sec
Best solution reduces penalty in component to: 29
New random solution with penalty in component: 42. Took 0 sec
Best solution reduces penalty in component to: 29
New random solution with penalty in component: 33. Took 0 sec
Best solution reduces penalty in component to: 29
New random solution with penalty in component: 34. Took 0 sec
Best solution reduces penalty in component to: 29
New random solution with penalty in component: 22. Took 0 sec
Best solution reduces penalty in component to: 22
New random solution with penalty in component: 31. Took 0 sec
Best solution reduces penalty in component to: 22
New random solution with penalty in component: 42. Took 0 sec
Best solution reduces penalty in component to: 22
New random solution with penalty in component: 25. Took 0 sec
Best solution reduces penalty in component to: 22
New random solution with penalty in component: 34. Took 0 sec
Best solution reduces penalty in component to: 22
New random solution with penalty in component: 27. Took 0 sec
Best solution reduces penalty in component to: 22
New random solution with penalty in component: 34. Took 0 sec
Best solution reduces penalty in component to: 22
New random solution with penalty in component: 25. Took 0 sec
Best solution reduces penalty in component to: 22
New random solution with penalty in component: 35. Took 0 sec
Best solution reduces penalty in component to: 22
New random solution with penalty in component: 27. Took 0 sec
Best solution reduces penalty in component to: 22
New random solution with penalty in component: 26. Took 0 sec
Best solution reduces penalty in component to: 22
New random solution with penalty in component: 43. Took 0 sec
Best solution reduces penalty in component to: 22
New random solution with penalty in component: 24. Took 0 sec
Best solution reduces penalty in component to: 22
New random solution with penalty in component: 34. Took 0 sec
Best solution reduces penalty in component to: 22
New random solution with penalty in component: 41. Took 0 sec
Best solution reduces penalty in component to: 22
New random solution with penalty in component: 29. Took 0 sec
Best solution reduces penalty in component to: 22
New random solution with penalty in component: 40. Took 0 sec
Best solution reduces penalty in component to: 22
New random solution with penalty in component: 35. Took 0 sec
Best solution reduces penalty in component to: 22
New random solution with penalty in component: 30. Took 0 sec
Best solution reduces penalty in component to: 22
New random solution with penalty in component: 21. Took 0 sec
Best solution reduces penalty in component to: 21
New random solution with penalty in component: 38. Took 0 sec
Best solution reduces penalty in component to: 21
New random solution with penalty in component: 44. Took 0 sec
Best solution reduces penalty in component to: 21
New random solution with penalty in component: 41. Took 0 sec
Best solution reduces penalty in component to: 21
New random solution with penalty in component: 35. Took 0 sec
Best solution reduces penalty in component to: 21
New random solution with penalty in component: 43. Took 0 sec
Best solution reduces penalty in component to: 21
New random solution with penalty in component: 29. Took 0 sec
Best solution reduces penalty in component to: 21
New random solution with penalty in component: 42. Took 0 sec
Best solution reduces penalty in component to: 21
New random solution with penalty in component: 32. Took 0 sec
Best solution reduces penalty in component to: 21
New random solution with penalty in component: 31. Took 0 sec
Best solution reduces penalty in component to: 21
New random solution with penalty in component: 37. Took 0 sec
Best solution reduces penalty in component to: 21
New random solution with penalty in component: 35. Took 0 sec
Best solution reduces penalty in component to: 21
New random solution with penalty in component: 34. Took 0 sec
Best solution reduces penalty in component to: 21
New random solution with penalty in component: 34. Took 0 sec
Best solution reduces penalty in component to: 21
New random solution with penalty in component: 43. Took 0 sec
Best solution reduces penalty in component to: 21
New random solution with penalty in component: 37. Took 0 sec
Best solution reduces penalty in component to: 21
New random solution with penalty in component: 34. Took 0 sec
Best solution reduces penalty in component to: 21
New random solution with penalty in component: 34. Took 0 sec
Best solution reduces penalty in component to: 21
New random solution with penalty in component: 33. Took 0 sec
Best solution reduces penalty in component to: 21
New random solution with penalty in component: 35. Took 0 sec
Best solution reduces penalty in component to: 21
New random solution with penalty in component: 26. Took 0 sec
Best solution reduces penalty in component to: 21
New random solution with penalty in component: 17. Took 0 sec
Best solution reduces penalty in component to: 17
New random solution with penalty in component: 36. Took 0 sec
Best solution reduces penalty in component to: 17
New random solution with penalty in component: 34. Took 0 sec
Best solution reduces penalty in component to: 17
New random solution with penalty in component: 31. Took 0 sec
Best solution reduces penalty in component to: 17
New random solution with penalty in component: 37. Took 0 sec
Best solution reduces penalty in component to: 17
New random solution with penalty in component: 33. Took 0 sec
Best solution reduces penalty in component to: 17
New random solution with penalty in component: 35. Took 0 sec
Best solution reduces penalty in component to: 17
New random solution with penalty in component: 25. Took 0 sec
Best solution reduces penalty in component to: 17
New random solution with penalty in component: 29. Took 0 sec
Best solution reduces penalty in component to: 17
New random solution with penalty in component: 31. Took 0 sec
Best solution reduces penalty in component to: 17
New random solution with penalty in component: 27. Took 0 sec
Best solution reduces penalty in component to: 17
New random solution with penalty in component: 36. Took 0 sec
Best solution reduces penalty in component to: 17
New random solution with penalty in component: 35. Took 0 sec
Best solution reduces penalty in component to: 17
New random solution with penalty in component: 34. Took 0 sec
Best solution reduces penalty in component to: 17
New random solution with penalty in component: 40. Took 0 sec
Best solution reduces penalty in component to: 17
New random solution with penalty in component: 29. Took 0 sec
Best solution reduces penalty in component to: 17
New random solution with penalty in component: 34. Took 0 sec
Best solution reduces penalty in component to: 17
New random solution with penalty in component: 40. Took 0 sec
Best solution reduces penalty in component to: 17
New random solution with penalty in component: 32. Took 0 sec
Best solution reduces penalty in component to: 17
New random solution with penalty in component: 37. Took 0 sec
Best solution reduces penalty in component to: 17
New random solution with penalty in component: 33. Took 0 sec
Best solution reduces penalty in component to: 17
New random solution with penalty in component: 37. Took 0 sec
Best solution reduces penalty in component to: 17
New random solution with penalty in component: 44. Took 0 sec
Best solution reduces penalty in component to: 17
New random solution with penalty in component: 37. Took 0 sec
Best solution reduces penalty in component to: 17
New random solution with penalty in component: 37. Took 0 sec
Best solution reduces penalty in component to: 17
New random solution with penalty in component: 40. Took 0 sec
Best solution reduces penalty in component to: 17
New random solution with penalty in component: 29. Took 0 sec
Best solution reduces penalty in component to: 17
New random solution with penalty in component: 36. Took 0 sec
Best solution reduces penalty in component to: 17
New random solution with penalty in component: 30. Took 0 sec
Best solution reduces penalty in component to: 17
New random solution with penalty in component: 27. Took 0 sec
Best solution reduces penalty in component to: 17
New random solution with penalty in component: 29. Took 0 sec
Best solution reduces penalty in component to: 17
New random solution with penalty in component: 37. Took 0 sec
Best solution reduces penalty in component to: 17
New random solution with penalty in component: 36. Took 0 sec
Best solution reduces penalty in component to: 17
New random solution with penalty in component: 42. Took 0 sec
Best solution reduces penalty in component to: 17
New random solution with penalty in component: 27. Took 0 sec
Best solution reduces penalty in component to: 17
New random solution with penalty in component: 35. Took 0 sec
Best solution reduces penalty in component to: 17
New random solution with penalty in component: 35. Took 0 sec
Best solution reduces penalty in component to: 17
New random solution with penalty in component: 29. Took 0 sec
Best solution reduces penalty in component to: 17
New random solution with penalty in component: 35. Took 0 sec
Best solution reduces penalty in component to: 17
New random solution with penalty in component: 35. Took 0 sec
Best solution reduces penalty in component to: 17
New random solution with penalty in component: 36. Took 0 sec
Best solution reduces penalty in component to: 17
New random solution with penalty in component: 35. Took 0 sec
Best solution reduces penalty in component to: 17
New random solution with penalty in component: 31. Took 0 sec
Best solution reduces penalty in component to: 17
New random solution with penalty in component: 39. Took 0 sec
Best solution reduces penalty in component to: 17
New random solution with penalty in component: 36. Took 0 sec
Best solution reduces penalty in component to: 17
New random solution with penalty in component: 27. Took 0 sec
Best solution reduces penalty in component to: 17
New random solution with penalty in component: 29. Took 0 sec
Best solution reduces penalty in component to: 17
New random solution with penalty in component: 29. Took 0 sec
Best solution reduces penalty in component to: 17
New random solution with penalty in component: 42. Took 0 sec
Best solution reduces penalty in component to: 17
New random solution with penalty in component: 37. Took 0 sec
Best solution reduces penalty in component to: 17
New random solution with penalty in component: 31. Took 0 sec
Best solution reduces penalty in component to: 17
New random solution with penalty in component: 34. Took 0 sec
Best solution reduces penalty in component to: 17
New random solution with penalty in component: 27. Took 0 sec
Best solution reduces penalty in component to: 17
New random solution with penalty in component: 39. Took 0 sec
Best solution reduces penalty in component to: 17
Total penalty: 17
SOLUTION IS VALID
