Found 1 strongly connected components

CURRENTLY WORKING ON COMPONENT 1
New random solution with penalty in component: 139. Took 0 sec
Local search improved penalty in component to: 128. Took 10 sec
Best solution reduces penalty in component to: 128
New random solution with penalty in component: 139. Took 0 sec
Local search improved penalty in component to: 125. Took 13 sec
Best solution reduces penalty in component to: 125
New random solution with penalty in component: 139. Took 0 sec
Local search improved penalty in component to: 129. Took 10 sec
Best solution reduces penalty in component to: 125
New random solution with penalty in component: 139. Took 0 sec
Local search improved penalty in component to: 134. Took 5 sec
Best solution reduces penalty in component to: 125
New random solution with penalty in component: 139. Took 0 sec
Local search improved penalty in component to: 134. Took 6 sec
Best solution reduces penalty in component to: 125
New random solution with penalty in component: 139. Took 0 sec
Local search improved penalty in component to: 134. Took 6 sec
Best solution reduces penalty in component to: 125
New random solution with penalty in component: 139. Took 0 sec
Local search improved penalty in component to: 134. Took 6 sec
Best solution reduces penalty in component to: 125
New random solution with penalty in component: 139. Took 0 sec
Local search improved penalty in component to: 134. Took 6 sec
Best solution reduces penalty in component to: 125
New random solution with penalty in component: 139. Took 0 sec
Local search improved penalty in component to: 134. Took 6 sec
Best solution reduces penalty in component to: 125
New random solution with penalty in component: 139. Took 0 sec
Local search improved penalty in component to: 134. Took 6 sec
Best solution reduces penalty in component to: 125
New random solution with penalty in component: 139. Took 0 sec
Local search improved penalty in component to: 134. Took 6 sec
Best solution reduces penalty in component to: 125
New random solution with penalty in component: 139. Took 0 sec
Local search improved penalty in component to: 134. Took 6 sec
Best solution reduces penalty in component to: 125
New random solution with penalty in component: 139. Took 0 sec
Local search improved penalty in component to: 134. Took 6 sec
Best solution reduces penalty in component to: 125
New random solution with penalty in component: 139. Took 0 sec
Local search improved penalty in component to: 134. Took 6 sec
Best solution reduces penalty in component to: 125
New random solution with penalty in component: 139. Took 0 sec
Local search improved penalty in component to: 134. Took 6 sec
Best solution reduces penalty in component to: 125
New random solution with penalty in component: 139. Took 0 sec
Local search improved penalty in component to: 134. Took 6 sec
Best solution reduces penalty in component to: 125
New random solution with penalty in component: 139. Took 0 sec
Local search improved penalty in component to: 134. Took 6 sec
Best solution reduces penalty in component to: 125
New random solution with penalty in component: 139. Took 0 sec
Local search improved penalty in component to: 134. Took 6 sec
Best solution reduces penalty in component to: 125
New random solution with penalty in component: 139. Took 0 sec
Local search improved penalty in component to: 134. Took 6 sec
Best solution reduces penalty in component to: 125
New random solution with penalty in component: 139. Took 0 sec
Local search improved penalty in component to: 134. Took 6 sec
Best solution reduces penalty in component to: 125
Total penalty: 125
SOLUTION IS VALID
