Found 1 strongly connected components

CURRENTLY WORKING ON COMPONENT 1
New random solution with penalty in component: 10. Took 0 sec
Local search improved penalty in component to: 9. Took 0 sec
Best solution reduces penalty in component to: 9
New random solution with penalty in component: 10. Took 0 sec
Local search improved penalty in component to: 10. Took 0 sec
Best solution reduces penalty in component to: 9
New random solution with penalty in component: 10. Took 0 sec
Local search improved penalty in component to: 10. Took 0 sec
Best solution reduces penalty in component to: 9
New random solution with penalty in component: 10. Took 0 sec
Local search improved penalty in component to: 10. Took 0 sec
Best solution reduces penalty in component to: 9
New random solution with penalty in component: 10. Took 0 sec
Local search improved penalty in component to: 10. Took 0 sec
Best solution reduces penalty in component to: 9
New random solution with penalty in component: 10. Took 0 sec
Local search improved penalty in component to: 10. Took 0 sec
Best solution reduces penalty in component to: 9
New random solution with penalty in component: 10. Took 0 sec
Local search improved penalty in component to: 10. Took 0 sec
Best solution reduces penalty in component to: 9
New random solution with penalty in component: 10. Took 0 sec
Local search improved penalty in component to: 10. Took 0 sec
Best solution reduces penalty in component to: 9
New random solution with penalty in component: 10. Took 0 sec
Local search improved penalty in component to: 10. Took 0 sec
Best solution reduces penalty in component to: 9
New random solution with penalty in component: 10. Took 0 sec
Local search improved penalty in component to: 10. Took 0 sec
Best solution reduces penalty in component to: 9
New random solution with penalty in component: 10. Took 0 sec
Local search improved penalty in component to: 10. Took 0 sec
Best solution reduces penalty in component to: 9
New random solution with penalty in component: 10. Took 0 sec
Local search improved penalty in component to: 10. Took 0 sec
Best solution reduces penalty in component to: 9
New random solution with penalty in component: 10. Took 0 sec
Local search improved penalty in component to: 10. Took 0 sec
Best solution reduces penalty in component to: 9
New random solution with penalty in component: 10. Took 0 sec
Local search improved penalty in component to: 10. Took 0 sec
Best solution reduces penalty in component to: 9
New random solution with penalty in component: 10. Took 0 sec
Local search improved penalty in component to: 10. Took 0 sec
Best solution reduces penalty in component to: 9
New random solution with penalty in component: 10. Took 0 sec
Local search improved penalty in component to: 10. Took 0 sec
Best solution reduces penalty in component to: 9
New random solution with penalty in component: 10. Took 0 sec
Local search improved penalty in component to: 10. Took 0 sec
Best solution reduces penalty in component to: 9
New random solution with penalty in component: 10. Took 0 sec
Local search improved penalty in component to: 10. Took 0 sec
Best solution reduces penalty in component to: 9
New random solution with penalty in component: 10. Took 0 sec
Local search improved penalty in component to: 10. Took 0 sec
Best solution reduces penalty in component to: 9
New random solution with penalty in component: 10. Took 0 sec
Local search improved penalty in component to: 10. Took 0 sec
Best solution reduces penalty in component to: 9
Total penalty: 9
SOLUTION IS VALID
