Found 1 strongly connected components

CURRENTLY WORKING ON COMPONENT 1
New random solution with penalty in component: 22. Took 0 sec
Local search improved penalty in component to: 2. Took 6 sec
Best solution reduces penalty in component to: 2
New random solution with penalty in component: 24. Took 0 sec
Local search improved penalty in component to: 2. Took 6 sec
Best solution reduces penalty in component to: 2
New random solution with penalty in component: 27. Took 0 sec
Local search improved penalty in component to: 4. Took 11 sec
Best solution reduces penalty in component to: 2
New random solution with penalty in component: 20. Took 0 sec
Local search improved penalty in component to: 3. Took 5 sec
Best solution reduces penalty in component to: 2
New random solution with penalty in component: 38. Took 0 sec
Local search improved penalty in component to: 3. Took 38 sec
Best solution reduces penalty in component to: 2
New random solution with penalty in component: 33. Took 0 sec
Local search improved penalty in component to: 2. Took 29 sec
Best solution reduces penalty in component to: 2
New random solution with penalty in component: 20. Took 0 sec
Local search improved penalty in component to: 2. Took 5 sec
Best solution reduces penalty in component to: 2
New random solution with penalty in component: 28. Took 0 sec
Local search improved penalty in component to: 4. Took 9 sec
Best solution reduces penalty in component to: 2
New random solution with penalty in component: 20. Took 0 sec
Local search improved penalty in component to: 3. Took 2 sec
Best solution reduces penalty in component to: 2
New random solution with penalty in component: 21. Took 0 sec
Local search improved penalty in component to: 2. Took 5 sec
Best solution reduces penalty in component to: 2
New random solution with penalty in component: 21. Took 0 sec
Local search improved penalty in component to: 0. Took 4 sec
Best solution reduces penalty in component to: 0
Total penalty: 0
SOLUTION IS VALID
