Found 1 strongly connected components

CURRENTLY WORKING ON COMPONENT 1
New random solution with penalty in component: 136. Took 0 sec
Local search improved penalty in component to: 101. Took 55 sec
Best solution reduces penalty in component to: 101
New random solution with penalty in component: 134. Took 0 sec
Local search improved penalty in component to: 98. Took 56 sec
Best solution reduces penalty in component to: 98
New random solution with penalty in component: 142. Took 0 sec
Local search improved penalty in component to: 79. Took 83 sec
Best solution reduces penalty in component to: 79
New random solution with penalty in component: 146. Took 0 sec
Local search improved penalty in component to: 84. Took 78 sec
Best solution reduces penalty in component to: 79
New random solution with penalty in component: 159. Took 0 sec
Local search improved penalty in component to: 101. Took 104 sec
Best solution reduces penalty in component to: 79
New random solution with penalty in component: 149. Took 0 sec
Local search improved penalty in component to: 97. Took 83 sec
Best solution reduces penalty in component to: 79
New random solution with penalty in component: 155. Took 0 sec
Local search improved penalty in component to: 97. Took 79 sec
Best solution reduces penalty in component to: 79
New random solution with penalty in component: 161. Took 0 sec
Local search improved penalty in component to: 95. Took 88 sec
Best solution reduces penalty in component to: 79
New random solution with penalty in component: 163. Took 0 sec
Local search improved penalty in component to: 86. Took 144 sec
Best solution reduces penalty in component to: 79
New random solution with penalty in component: 165. Took 0 sec
Local search improved penalty in component to: 96. Took 127 sec
Best solution reduces penalty in component to: 79
New random solution with penalty in component: 148. Took 0 sec
Local search improved penalty in component to: 95. Took 83 sec
Best solution reduces penalty in component to: 79
New random solution with penalty in component: 167. Took 0 sec
Local search improved penalty in component to: 95. Took 125 sec
Best solution reduces penalty in component to: 79
New random solution with penalty in component: 135. Took 0 sec
Local search improved penalty in component to: 89. Took 71 sec
Best solution reduces penalty in component to: 79
New random solution with penalty in component: 161. Took 0 sec
Local search improved penalty in component to: 96. Took 136 sec
Best solution reduces penalty in component to: 79
New random solution with penalty in component: 131. Took 0 sec
Local search improved penalty in component to: 91. Took 44 sec
Best solution reduces penalty in component to: 79
New random solution with penalty in component: 153. Took 0 sec
Local search improved penalty in component to: 100. Took 66 sec
Best solution reduces penalty in component to: 79
New random solution with penalty in component: 147. Took 0 sec
Local search improved penalty in component to: 90. Took 103 sec
Best solution reduces penalty in component to: 79
New random solution with penalty in component: 152. Took 0 sec
Local search improved penalty in component to: 103. Took 89 sec
Best solution reduces penalty in component to: 79
New random solution with penalty in component: 136. Took 0 sec
Local search improved penalty in component to: 105. Took 40 sec
Best solution reduces penalty in component to: 79
New random solution with penalty in component: 166. Took 0 sec
Local search improved penalty in component to: 80. Took 138 sec
Best solution reduces penalty in component to: 79
Total penalty: 79
SOLUTION IS VALID
