Found 2 strongly connected components

CURRENTLY WORKING ON COMPONENT 1
Skipping acyclic component

CURRENTLY WORKING ON COMPONENT 2
New random solution with penalty in component: 20. Took 0 sec
Local search improved penalty in component to: 5. Took 0 sec
Best solution reduces penalty in component to: 5
New random solution with penalty in component: 14. Took 0 sec
Local search improved penalty in component to: 4. Took 0 sec
Best solution reduces penalty in component to: 4
New random solution with penalty in component: 16. Took 0 sec
Local search improved penalty in component to: 4. Took 0 sec
Best solution reduces penalty in component to: 4
New random solution with penalty in component: 15. Took 0 sec
Local search improved penalty in component to: 3. Took 0 sec
Best solution reduces penalty in component to: 3
New random solution with penalty in component: 13. Took 0 sec
Local search improved penalty in component to: 4. Took 0 sec
Best solution reduces penalty in component to: 3
New random solution with penalty in component: 18. Took 0 sec
Local search improved penalty in component to: 6. Took 0 sec
Best solution reduces penalty in component to: 3
New random solution with penalty in component: 17. Took 0 sec
Local search improved penalty in component to: 3. Took 0 sec
Best solution reduces penalty in component to: 3
New random solution with penalty in component: 10. Took 0 sec
Local search improved penalty in component to: 4. Took 0 sec
Best solution reduces penalty in component to: 3
New random solution with penalty in component: 15. Took 0 sec
Local search improved penalty in component to: 4. Took 0 sec
Best solution reduces penalty in component to: 3
New random solution with penalty in component: 12. Took 0 sec
Local search improved penalty in component to: 6. Took 0 sec
Best solution reduces penalty in component to: 3
New random solution with penalty in component: 10. Took 0 sec
Local search improved penalty in component to: 5. Took 0 sec
Best solution reduces penalty in component to: 3
New random solution with penalty in component: 14. Took 0 sec
Local search improved penalty in component to: 3. Took 0 sec
Best solution reduces penalty in component to: 3
New random solution with penalty in component: 19. Took 0 sec
Local search improved penalty in component to: 4. Took 0 sec
Best solution reduces penalty in component to: 3
New random solution with penalty in component: 12. Took 0 sec
Local search improved penalty in component to: 6. Took 0 sec
Best solution reduces penalty in component to: 3
New random solution with penalty in component: 17. Took 0 sec
Local search improved penalty in component to: 3. Took 0 sec
Best solution reduces penalty in component to: 3
New random solution with penalty in component: 13. Took 0 sec
Local search improved penalty in component to: 7. Took 0 sec
Best solution reduces penalty in component to: 3
New random solution with penalty in component: 22. Took 0 sec
Local search improved penalty in component to: 6. Took 0 sec
Best solution reduces penalty in component to: 3
New random solution with penalty in component: 8. Took 0 sec
Local search improved penalty in component to: 3. Took 0 sec
Best solution reduces penalty in component to: 3
New random solution with penalty in component: 14. Took 0 sec
Local search improved penalty in component to: 2. Took 0 sec
Best solution reduces penalty in component to: 2
New random solution with penalty in component: 14. Took 0 sec
Local search improved penalty in component to: 6. Took 0 sec
Best solution reduces penalty in component to: 2
Total penalty: 4
SOLUTION IS VALID
