Found 1 strongly connected components

CURRENTLY WORKING ON COMPONENT 1
New random solution with penalty in component: 79. Took 0 sec
Local search improved penalty in component to: 17. Took 45 sec
Best solution reduces penalty in component to: 17
New random solution with penalty in component: 91. Took 0 sec
Local search improved penalty in component to: 10. Took 59 sec
Best solution reduces penalty in component to: 10
New random solution with penalty in component: 95. Took 0 sec
Local search improved penalty in component to: 21. Took 73 sec
Best solution reduces penalty in component to: 10
New random solution with penalty in component: 97. Took 0 sec
Local search improved penalty in component to: 37. Took 69 sec
Best solution reduces penalty in component to: 10
New random solution with penalty in component: 115. Took 0 sec
Local search improved penalty in component to: 29. Took 86 sec
Best solution reduces penalty in component to: 10
New random solution with penalty in component: 97. Took 0 sec
Local search improved penalty in component to: 28. Took 62 sec
Best solution reduces penalty in component to: 10
New random solution with penalty in component: 109. Took 0 sec
Local search improved penalty in component to: 31. Took 79 sec
Best solution reduces penalty in component to: 10
New random solution with penalty in component: 93. Took 0 sec
Local search improved penalty in component to: 23. Took 68 sec
Best solution reduces penalty in component to: 10
New random solution with penalty in component: 98. Took 0 sec
Local search improved penalty in component to: 25. Took 73 sec
Best solution reduces penalty in component to: 10
New random solution with penalty in component: 90. Took 0 sec
Local search improved penalty in component to: 29. Took 68 sec
Best solution reduces penalty in component to: 10
New random solution with penalty in component: 93. Took 0 sec
Local search improved penalty in component to: 32. Took 74 sec
Best solution reduces penalty in component to: 10
New random solution with penalty in component: 66. Took 0 sec
Local search improved penalty in component to: 15. Took 35 sec
Best solution reduces penalty in component to: 10
New random solution with penalty in component: 97. Took 0 sec
Local search improved penalty in component to: 28. Took 72 sec
Best solution reduces penalty in component to: 10
New random solution with penalty in component: 101. Took 0 sec
Local search improved penalty in component to: 42. Took 82 sec
Best solution reduces penalty in component to: 10
New random solution with penalty in component: 98. Took 0 sec
Local search improved penalty in component to: 23. Took 88 sec
Best solution reduces penalty in component to: 10
New random solution with penalty in component: 86. Took 0 sec
Local search improved penalty in component to: 24. Took 53 sec
Best solution reduces penalty in component to: 10
New random solution with penalty in component: 89. Took 0 sec
Local search improved penalty in component to: 23. Took 66 sec
Best solution reduces penalty in component to: 10
New random solution with penalty in component: 83. Took 0 sec
Local search improved penalty in component to: 19. Took 47 sec
Best solution reduces penalty in component to: 10
New random solution with penalty in component: 98. Took 0 sec
Local search improved penalty in component to: 40. Took 73 sec
Best solution reduces penalty in component to: 10
New random solution with penalty in component: 87. Took 0 sec
Local search improved penalty in component to: 28. Took 68 sec
Best solution reduces penalty in component to: 10
Total penalty: 10
SOLUTION IS VALID
