Found 1 strongly connected components

CURRENTLY WORKING ON COMPONENT 1
New random solution with penalty in component: 44. Took 0 sec
Local search improved penalty in component to: 3. Took 12 sec
Best solution reduces penalty in component to: 3
New random solution with penalty in component: 44. Took 0 sec
Local search improved penalty in component to: 12. Took 9 sec
Best solution reduces penalty in component to: 3
New random solution with penalty in component: 59. Took 0 sec
Local search improved penalty in component to: 8. Took 22 sec
Best solution reduces penalty in component to: 3
New random solution with penalty in component: 46. Took 0 sec
Local search improved penalty in component to: 9. Took 13 sec
Best solution reduces penalty in component to: 3
New random solution with penalty in component: 43. Took 0 sec
Local search improved penalty in component to: 5. Took 8 sec
Best solution reduces penalty in component to: 3
New random solution with penalty in component: 41. Took 0 sec
Local search improved penalty in component to: 4. Took 9 sec
Best solution reduces penalty in component to: 3
New random solution with penalty in component: 36. Took 0 sec
Local search improved penalty in component to: 6. Took 6 sec
Best solution reduces penalty in component to: 3
New random solution with penalty in component: 39. Took 0 sec
Local search improved penalty in component to: 8. Took 12 sec
Best solution reduces penalty in component to: 3
New random solution with penalty in component: 39. Took 0 sec
Local search improved penalty in component to: 8. Took 12 sec
Best solution reduces penalty in component to: 3
New random solution with penalty in component: 48. Took 0 sec
Local search improved penalty in component to: 7. Took 12 sec
Best solution reduces penalty in component to: 3
New random solution with penalty in component: 51. Took 0 sec
Local search improved penalty in component to: 8. Took 15 sec
Best solution reduces penalty in component to: 3
New random solution with penalty in component: 32. Took 0 sec
Local search improved penalty in component to: 8. Took 6 sec
Best solution reduces penalty in component to: 3
New random solution with penalty in component: 44. Took 0 sec
Local search improved penalty in component to: 3. Took 13 sec
Best solution reduces penalty in component to: 3
New random solution with penalty in component: 45. Took 0 sec
Local search improved penalty in component to: 5. Took 8 sec
Best solution reduces penalty in component to: 3
New random solution with penalty in component: 50. Took 0 sec
Local search improved penalty in component to: 3. Took 12 sec
Best solution reduces penalty in component to: 3
New random solution with penalty in component: 34. Took 0 sec
Local search improved penalty in component to: 4. Took 5 sec
Best solution reduces penalty in component to: 3
New random solution with penalty in component: 50. Took 0 sec
Local search improved penalty in component to: 4. Took 14 sec
Best solution reduces penalty in component to: 3
New random solution with penalty in component: 39. Took 0 sec
Local search improved penalty in component to: 9. Took 8 sec
Best solution reduces penalty in component to: 3
New random solution with penalty in component: 40. Took 0 sec
Local search improved penalty in component to: 9. Took 16 sec
Best solution reduces penalty in component to: 3
New random solution with penalty in component: 48. Took 0 sec
Local search improved penalty in component to: 9. Took 12 sec
Best solution reduces penalty in component to: 3
Total penalty: 3
SOLUTION IS VALID
