Found 13 strongly connected components

CURRENTLY WORKING ON COMPONENT 1
New random solution with penalty in component: 12. Took 0 sec
Local search improved penalty in component to: 10. Took 0 sec
Best solution reduces penalty in component to: 10
New random solution with penalty in component: 12. Took 0 sec
Local search improved penalty in component to: 12. Took 0 sec
Best solution reduces penalty in component to: 10
New random solution with penalty in component: 12. Took 0 sec
Local search improved penalty in component to: 12. Took 0 sec
Best solution reduces penalty in component to: 10
New random solution with penalty in component: 12. Took 0 sec
Local search improved penalty in component to: 12. Took 0 sec
Best solution reduces penalty in component to: 10
New random solution with penalty in component: 12. Took 0 sec
Local search improved penalty in component to: 12. Took 0 sec
Best solution reduces penalty in component to: 10
New random solution with penalty in component: 12. Took 0 sec
Local search improved penalty in component to: 12. Took 0 sec
Best solution reduces penalty in component to: 10
New random solution with penalty in component: 12. Took 0 sec
Local search improved penalty in component to: 12. Took 0 sec
Best solution reduces penalty in component to: 10
New random solution with penalty in component: 12. Took 0 sec
Local search improved penalty in component to: 12. Took 0 sec
Best solution reduces penalty in component to: 10
New random solution with penalty in component: 12. Took 0 sec
Local search improved penalty in component to: 12. Took 0 sec
Best solution reduces penalty in component to: 10
New random solution with penalty in component: 12. Took 0 sec
Local search improved penalty in component to: 12. Took 0 sec
Best solution reduces penalty in component to: 10
New random solution with penalty in component: 12. Took 0 sec
Local search improved penalty in component to: 12. Took 0 sec
Best solution reduces penalty in component to: 10
New random solution with penalty in component: 12. Took 0 sec
Local search improved penalty in component to: 12. Took 0 sec
Best solution reduces penalty in component to: 10
New random solution with penalty in component: 12. Took 0 sec
Local search improved penalty in component to: 12. Took 0 sec
Best solution reduces penalty in component to: 10
New random solution with penalty in component: 12. Took 0 sec
Local search improved penalty in component to: 12. Took 0 sec
Best solution reduces penalty in component to: 10
New random solution with penalty in component: 12. Took 0 sec
Local search improved penalty in component to: 12. Took 0 sec
Best solution reduces penalty in component to: 10
New random solution with penalty in component: 12. Took 0 sec
Local search improved penalty in component to: 12. Took 0 sec
Best solution reduces penalty in component to: 10
New random solution with penalty in component: 12. Took 0 sec
Local search improved penalty in component to: 12. Took 0 sec
Best solution reduces penalty in component to: 10
New random solution with penalty in component: 12. Took 0 sec
Local search improved penalty in component to: 12. Took 0 sec
Best solution reduces penalty in component to: 10
New random solution with penalty in component: 12. Took 0 sec
Local search improved penalty in component to: 12. Took 0 sec
Best solution reduces penalty in component to: 10
New random solution with penalty in component: 12. Took 0 sec
Local search improved penalty in component to: 12. Took 0 sec
Best solution reduces penalty in component to: 10

CURRENTLY WORKING ON COMPONENT 2
New random solution with penalty in component: 11. Took 0 sec
Local search improved penalty in component to: 10. Took 0 sec
Best solution reduces penalty in component to: 10
New random solution with penalty in component: 11. Took 0 sec
Local search improved penalty in component to: 11. Took 0 sec
Best solution reduces penalty in component to: 10
New random solution with penalty in component: 11. Took 0 sec
Local search improved penalty in component to: 11. Took 0 sec
Best solution reduces penalty in component to: 10
New random solution with penalty in component: 11. Took 0 sec
Local search improved penalty in component to: 11. Took 0 sec
Best solution reduces penalty in component to: 10
New random solution with penalty in component: 11. Took 0 sec
Local search improved penalty in component to: 11. Took 0 sec
Best solution reduces penalty in component to: 10
New random solution with penalty in component: 11. Took 0 sec
Local search improved penalty in component to: 11. Took 0 sec
Best solution reduces penalty in component to: 10
New random solution with penalty in component: 11. Took 0 sec
Local search improved penalty in component to: 11. Took 0 sec
Best solution reduces penalty in component to: 10
New random solution with penalty in component: 11. Took 0 sec
Local search improved penalty in component to: 11. Took 0 sec
Best solution reduces penalty in component to: 10
New random solution with penalty in component: 11. Took 0 sec
Local search improved penalty in component to: 11. Took 0 sec
Best solution reduces penalty in component to: 10
New random solution with penalty in component: 11. Took 0 sec
Local search improved penalty in component to: 11. Took 0 sec
Best solution reduces penalty in component to: 10
New random solution with penalty in component: 11. Took 0 sec
Local search improved penalty in component to: 11. Took 0 sec
Best solution reduces penalty in component to: 10
New random solution with penalty in component: 11. Took 0 sec
Local search improved penalty in component to: 11. Took 0 sec
Best solution reduces penalty in component to: 10
New random solution with penalty in component: 11. Took 0 sec
Local search improved penalty in component to: 11. Took 0 sec
Best solution reduces penalty in component to: 10
New random solution with penalty in component: 11. Took 0 sec
Local search improved penalty in component to: 11. Took 0 sec
Best solution reduces penalty in component to: 10
New random solution with penalty in component: 11. Took 0 sec
Local search improved penalty in component to: 11. Took 0 sec
Best solution reduces penalty in component to: 10
New random solution with penalty in component: 11. Took 0 sec
Local search improved penalty in component to: 11. Took 0 sec
Best solution reduces penalty in component to: 10
New random solution with penalty in component: 11. Took 0 sec
Local search improved penalty in component to: 11. Took 0 sec
Best solution reduces penalty in component to: 10
New random solution with penalty in component: 11. Took 0 sec
Local search improved penalty in component to: 11. Took 0 sec
Best solution reduces penalty in component to: 10
New random solution with penalty in component: 11. Took 0 sec
Local search improved penalty in component to: 11. Took 0 sec
Best solution reduces penalty in component to: 10
New random solution with penalty in component: 11. Took 0 sec
Local search improved penalty in component to: 11. Took 0 sec
Best solution reduces penalty in component to: 10

CURRENTLY WORKING ON COMPONENT 3
New random solution with penalty in component: 10. Took 0 sec
Local search improved penalty in component to: 10. Took 0 sec
Best solution reduces penalty in component to: 10
New random solution with penalty in component: 10. Took 0 sec
Local search improved penalty in component to: 10. Took 0 sec
Best solution reduces penalty in component to: 10
New random solution with penalty in component: 10. Took 0 sec
Local search improved penalty in component to: 10. Took 0 sec
Best solution reduces penalty in component to: 10
New random solution with penalty in component: 10. Took 0 sec
Local search improved penalty in component to: 10. Took 0 sec
Best solution reduces penalty in component to: 10
New random solution with penalty in component: 10. Took 0 sec
Local search improved penalty in component to: 10. Took 0 sec
Best solution reduces penalty in component to: 10
New random solution with penalty in component: 10. Took 0 sec
Local search improved penalty in component to: 10. Took 0 sec
Best solution reduces penalty in component to: 10
New random solution with penalty in component: 10. Took 0 sec
Local search improved penalty in component to: 10. Took 0 sec
Best solution reduces penalty in component to: 10
New random solution with penalty in component: 10. Took 0 sec
Local search improved penalty in component to: 10. Took 0 sec
Best solution reduces penalty in component to: 10
New random solution with penalty in component: 10. Took 0 sec
Local search improved penalty in component to: 10. Took 0 sec
Best solution reduces penalty in component to: 10
New random solution with penalty in component: 10. Took 0 sec
Local search improved penalty in component to: 10. Took 0 sec
Best solution reduces penalty in component to: 10
New random solution with penalty in component: 10. Took 0 sec
Local search improved penalty in component to: 10. Took 0 sec
Best solution reduces penalty in component to: 10
New random solution with penalty in component: 10. Took 0 sec
Local search improved penalty in component to: 10. Took 0 sec
Best solution reduces penalty in component to: 10
New random solution with penalty in component: 10. Took 0 sec
Local search improved penalty in component to: 10. Took 0 sec
Best solution reduces penalty in component to: 10
New random solution with penalty in component: 10. Took 0 sec
Local search improved penalty in component to: 10. Took 0 sec
Best solution reduces penalty in component to: 10
New random solution with penalty in component: 10. Took 0 sec
Local search improved penalty in component to: 10. Took 0 sec
Best solution reduces penalty in component to: 10
New random solution with penalty in component: 10. Took 0 sec
Local search improved penalty in component to: 10. Took 0 sec
Best solution reduces penalty in component to: 10
New random solution with penalty in component: 10. Took 0 sec
Local search improved penalty in component to: 10. Took 0 sec
Best solution reduces penalty in component to: 10
New random solution with penalty in component: 10. Took 0 sec
Local search improved penalty in component to: 10. Took 0 sec
Best solution reduces penalty in component to: 10
New random solution with penalty in component: 10. Took 0 sec
Local search improved penalty in component to: 10. Took 0 sec
Best solution reduces penalty in component to: 10
New random solution with penalty in component: 10. Took 0 sec
Local search improved penalty in component to: 10. Took 0 sec
Best solution reduces penalty in component to: 10

CURRENTLY WORKING ON COMPONENT 4
New random solution with penalty in component: 10. Took 0 sec
Local search improved penalty in component to: 10. Took 0 sec
Best solution reduces penalty in component to: 10
New random solution with penalty in component: 10. Took 0 sec
Local search improved penalty in component to: 10. Took 0 sec
Best solution reduces penalty in component to: 10
New random solution with penalty in component: 10. Took 0 sec
Local search improved penalty in component to: 10. Took 0 sec
Best solution reduces penalty in component to: 10
New random solution with penalty in component: 10. Took 0 sec
Local search improved penalty in component to: 10. Took 0 sec
Best solution reduces penalty in component to: 10
New random solution with penalty in component: 10. Took 0 sec
Local search improved penalty in component to: 10. Took 0 sec
Best solution reduces penalty in component to: 10
New random solution with penalty in component: 10. Took 0 sec
Local search improved penalty in component to: 10. Took 0 sec
Best solution reduces penalty in component to: 10
New random solution with penalty in component: 10. Took 0 sec
Local search improved penalty in component to: 10. Took 0 sec
Best solution reduces penalty in component to: 10
New random solution with penalty in component: 10. Took 0 sec
Local search improved penalty in component to: 10. Took 0 sec
Best solution reduces penalty in component to: 10
New random solution with penalty in component: 10. Took 0 sec
Local search improved penalty in component to: 10. Took 0 sec
Best solution reduces penalty in component to: 10
New random solution with penalty in component: 10. Took 0 sec
Local search improved penalty in component to: 10. Took 0 sec
Best solution reduces penalty in component to: 10
New random solution with penalty in component: 10. Took 0 sec
Local search improved penalty in component to: 10. Took 0 sec
Best solution reduces penalty in component to: 10
New random solution with penalty in component: 10. Took 0 sec
Local search improved penalty in component to: 10. Took 0 sec
Best solution reduces penalty in component to: 10
New random solution with penalty in component: 10. Took 0 sec
Local search improved penalty in component to: 10. Took 0 sec
Best solution reduces penalty in component to: 10
New random solution with penalty in component: 10. Took 0 sec
Local search improved penalty in component to: 10. Took 0 sec
Best solution reduces penalty in component to: 10
New random solution with penalty in component: 10. Took 0 sec
Local search improved penalty in component to: 10. Took 0 sec
Best solution reduces penalty in component to: 10
New random solution with penalty in component: 10. Took 0 sec
Local search improved penalty in component to: 10. Took 0 sec
Best solution reduces penalty in component to: 10
New random solution with penalty in component: 10. Took 0 sec
Local search improved penalty in component to: 10. Took 0 sec
Best solution reduces penalty in component to: 10
New random solution with penalty in component: 10. Took 0 sec
Local search improved penalty in component to: 10. Took 0 sec
Best solution reduces penalty in component to: 10
New random solution with penalty in component: 10. Took 0 sec
Local search improved penalty in component to: 10. Took 0 sec
Best solution reduces penalty in component to: 10
New random solution with penalty in component: 10. Took 0 sec
Local search improved penalty in component to: 10. Took 0 sec
Best solution reduces penalty in component to: 10

CURRENTLY WORKING ON COMPONENT 5
New random solution with penalty in component: 133. Took 0 sec
Local search improved penalty in component to: 131. Took 6 sec
Best solution reduces penalty in component to: 131
New random solution with penalty in component: 133. Took 0 sec
Local search improved penalty in component to: 133. Took 1 sec
Best solution reduces penalty in component to: 131
New random solution with penalty in component: 133. Took 0 sec
Local search improved penalty in component to: 133. Took 1 sec
Best solution reduces penalty in component to: 131
New random solution with penalty in component: 133. Took 0 sec
Local search improved penalty in component to: 133. Took 1 sec
Best solution reduces penalty in component to: 131
New random solution with penalty in component: 133. Took 0 sec
Local search improved penalty in component to: 133. Took 1 sec
Best solution reduces penalty in component to: 131
New random solution with penalty in component: 133. Took 0 sec
Local search improved penalty in component to: 133. Took 1 sec
Best solution reduces penalty in component to: 131
New random solution with penalty in component: 133. Took 0 sec
Local search improved penalty in component to: 133. Took 1 sec
Best solution reduces penalty in component to: 131
New random solution with penalty in component: 133. Took 0 sec
Local search improved penalty in component to: 133. Took 1 sec
Best solution reduces penalty in component to: 131
New random solution with penalty in component: 133. Took 0 sec
Local search improved penalty in component to: 133. Took 1 sec
Best solution reduces penalty in component to: 131
New random solution with penalty in component: 133. Took 0 sec
Local search improved penalty in component to: 133. Took 1 sec
Best solution reduces penalty in component to: 131
New random solution with penalty in component: 133. Took 0 sec
Local search improved penalty in component to: 133. Took 1 sec
Best solution reduces penalty in component to: 131
New random solution with penalty in component: 133. Took 0 sec
Local search improved penalty in component to: 133. Took 1 sec
Best solution reduces penalty in component to: 131
New random solution with penalty in component: 133. Took 0 sec
Local search improved penalty in component to: 133. Took 1 sec
Best solution reduces penalty in component to: 131
New random solution with penalty in component: 133. Took 0 sec
Local search improved penalty in component to: 133. Took 2 sec
Best solution reduces penalty in component to: 131
New random solution with penalty in component: 133. Took 0 sec
Local search improved penalty in component to: 133. Took 1 sec
Best solution reduces penalty in component to: 131
New random solution with penalty in component: 133. Took 0 sec
Local search improved penalty in component to: 133. Took 1 sec
Best solution reduces penalty in component to: 131
New random solution with penalty in component: 133. Took 0 sec
Local search improved penalty in component to: 133. Took 1 sec
Best solution reduces penalty in component to: 131
New random solution with penalty in component: 133. Took 0 sec
Local search improved penalty in component to: 133. Took 1 sec
Best solution reduces penalty in component to: 131
New random solution with penalty in component: 133. Took 0 sec
Local search improved penalty in component to: 133. Took 1 sec
Best solution reduces penalty in component to: 131
New random solution with penalty in component: 133. Took 0 sec
Local search improved penalty in component to: 133. Took 1 sec
Best solution reduces penalty in component to: 131

CURRENTLY WORKING ON COMPONENT 6
New random solution with penalty in component: 11. Took 0 sec
Local search improved penalty in component to: 10. Took 0 sec
Best solution reduces penalty in component to: 10
New random solution with penalty in component: 11. Took 0 sec
Local search improved penalty in component to: 11. Took 0 sec
Best solution reduces penalty in component to: 10
New random solution with penalty in component: 11. Took 0 sec
Local search improved penalty in component to: 11. Took 0 sec
Best solution reduces penalty in component to: 10
New random solution with penalty in component: 11. Took 0 sec
Local search improved penalty in component to: 11. Took 0 sec
Best solution reduces penalty in component to: 10
New random solution with penalty in component: 11. Took 0 sec
Local search improved penalty in component to: 11. Took 0 sec
Best solution reduces penalty in component to: 10
New random solution with penalty in component: 11. Took 0 sec
Local search improved penalty in component to: 11. Took 0 sec
Best solution reduces penalty in component to: 10
New random solution with penalty in component: 11. Took 0 sec
Local search improved penalty in component to: 11. Took 0 sec
Best solution reduces penalty in component to: 10
New random solution with penalty in component: 11. Took 0 sec
Local search improved penalty in component to: 11. Took 0 sec
Best solution reduces penalty in component to: 10
New random solution with penalty in component: 11. Took 0 sec
Local search improved penalty in component to: 11. Took 0 sec
Best solution reduces penalty in component to: 10
New random solution with penalty in component: 11. Took 0 sec
Local search improved penalty in component to: 11. Took 0 sec
Best solution reduces penalty in component to: 10
New random solution with penalty in component: 11. Took 0 sec
Local search improved penalty in component to: 11. Took 0 sec
Best solution reduces penalty in component to: 10
New random solution with penalty in component: 11. Took 0 sec
Local search improved penalty in component to: 11. Took 0 sec
Best solution reduces penalty in component to: 10
New random solution with penalty in component: 11. Took 0 sec
Local search improved penalty in component to: 11. Took 0 sec
Best solution reduces penalty in component to: 10
New random solution with penalty in component: 11. Took 0 sec
Local search improved penalty in component to: 11. Took 0 sec
Best solution reduces penalty in component to: 10
New random solution with penalty in component: 11. Took 0 sec
Local search improved penalty in component to: 11. Took 0 sec
Best solution reduces penalty in component to: 10
New random solution with penalty in component: 11. Took 0 sec
Local search improved penalty in component to: 11. Took 0 sec
Best solution reduces penalty in component to: 10
New random solution with penalty in component: 11. Took 0 sec
Local search improved penalty in component to: 11. Took 0 sec
Best solution reduces penalty in component to: 10
New random solution with penalty in component: 11. Took 0 sec
Local search improved penalty in component to: 11. Took 0 sec
Best solution reduces penalty in component to: 10
New random solution with penalty in component: 11. Took 0 sec
Local search improved penalty in component to: 11. Took 0 sec
Best solution reduces penalty in component to: 10
New random solution with penalty in component: 11. Took 0 sec
Local search improved penalty in component to: 11. Took 0 sec
Best solution reduces penalty in component to: 10

CURRENTLY WORKING ON COMPONENT 7
New random solution with penalty in component: 10. Took 0 sec
Local search improved penalty in component to: 10. Took 0 sec
Best solution reduces penalty in component to: 10
New random solution with penalty in component: 10. Took 0 sec
Local search improved penalty in component to: 10. Took 0 sec
Best solution reduces penalty in component to: 10
New random solution with penalty in component: 10. Took 0 sec
Local search improved penalty in component to: 10. Took 0 sec
Best solution reduces penalty in component to: 10
New random solution with penalty in component: 10. Took 0 sec
Local search improved penalty in component to: 10. Took 0 sec
Best solution reduces penalty in component to: 10
New random solution with penalty in component: 10. Took 0 sec
Local search improved penalty in component to: 10. Took 0 sec
Best solution reduces penalty in component to: 10
New random solution with penalty in component: 10. Took 0 sec
Local search improved penalty in component to: 10. Took 0 sec
Best solution reduces penalty in component to: 10
New random solution with penalty in component: 10. Took 0 sec
Local search improved penalty in component to: 10. Took 0 sec
Best solution reduces penalty in component to: 10
New random solution with penalty in component: 10. Took 0 sec
Local search improved penalty in component to: 10. Took 0 sec
Best solution reduces penalty in component to: 10
New random solution with penalty in component: 10. Took 0 sec
Local search improved penalty in component to: 10. Took 0 sec
Best solution reduces penalty in component to: 10
New random solution with penalty in component: 10. Took 0 sec
Local search improved penalty in component to: 10. Took 0 sec
Best solution reduces penalty in component to: 10
New random solution with penalty in component: 10. Took 0 sec
Local search improved penalty in component to: 10. Took 0 sec
Best solution reduces penalty in component to: 10
New random solution with penalty in component: 10. Took 0 sec
Local search improved penalty in component to: 10. Took 0 sec
Best solution reduces penalty in component to: 10
New random solution with penalty in component: 10. Took 0 sec
Local search improved penalty in component to: 10. Took 0 sec
Best solution reduces penalty in component to: 10
New random solution with penalty in component: 10. Took 0 sec
Local search improved penalty in component to: 10. Took 0 sec
Best solution reduces penalty in component to: 10
New random solution with penalty in component: 10. Took 0 sec
Local search improved penalty in component to: 10. Took 0 sec
Best solution reduces penalty in component to: 10
New random solution with penalty in component: 10. Took 0 sec
Local search improved penalty in component to: 10. Took 0 sec
Best solution reduces penalty in component to: 10
New random solution with penalty in component: 10. Took 0 sec
Local search improved penalty in component to: 10. Took 0 sec
Best solution reduces penalty in component to: 10
New random solution with penalty in component: 10. Took 0 sec
Local search improved penalty in component to: 10. Took 0 sec
Best solution reduces penalty in component to: 10
New random solution with penalty in component: 10. Took 0 sec
Local search improved penalty in component to: 10. Took 0 sec
Best solution reduces penalty in component to: 10
New random solution with penalty in component: 10. Took 0 sec
Local search improved penalty in component to: 10. Took 0 sec
Best solution reduces penalty in component to: 10

CURRENTLY WORKING ON COMPONENT 8
New random solution with penalty in component: 10. Took 0 sec
Local search improved penalty in component to: 10. Took 0 sec
Best solution reduces penalty in component to: 10
New random solution with penalty in component: 10. Took 0 sec
Local search improved penalty in component to: 10. Took 0 sec
Best solution reduces penalty in component to: 10
New random solution with penalty in component: 10. Took 0 sec
Local search improved penalty in component to: 10. Took 0 sec
Best solution reduces penalty in component to: 10
New random solution with penalty in component: 10. Took 0 sec
Local search improved penalty in component to: 10. Took 0 sec
Best solution reduces penalty in component to: 10
New random solution with penalty in component: 10. Took 0 sec
Local search improved penalty in component to: 10. Took 0 sec
Best solution reduces penalty in component to: 10
New random solution with penalty in component: 10. Took 0 sec
Local search improved penalty in component to: 10. Took 0 sec
Best solution reduces penalty in component to: 10
New random solution with penalty in component: 10. Took 0 sec
Local search improved penalty in component to: 10. Took 0 sec
Best solution reduces penalty in component to: 10
New random solution with penalty in component: 10. Took 0 sec
Local search improved penalty in component to: 10. Took 0 sec
Best solution reduces penalty in component to: 10
New random solution with penalty in component: 10. Took 0 sec
Local search improved penalty in component to: 10. Took 0 sec
Best solution reduces penalty in component to: 10
New random solution with penalty in component: 10. Took 0 sec
Local search improved penalty in component to: 10. Took 0 sec
Best solution reduces penalty in component to: 10
New random solution with penalty in component: 10. Took 0 sec
Local search improved penalty in component to: 10. Took 0 sec
Best solution reduces penalty in component to: 10
New random solution with penalty in component: 10. Took 0 sec
Local search improved penalty in component to: 10. Took 0 sec
Best solution reduces penalty in component to: 10
New random solution with penalty in component: 10. Took 0 sec
Local search improved penalty in component to: 10. Took 0 sec
Best solution reduces penalty in component to: 10
New random solution with penalty in component: 10. Took 0 sec
Local search improved penalty in component to: 10. Took 0 sec
Best solution reduces penalty in component to: 10
New random solution with penalty in component: 10. Took 0 sec
Local search improved penalty in component to: 10. Took 0 sec
Best solution reduces penalty in component to: 10
New random solution with penalty in component: 10. Took 0 sec
Local search improved penalty in component to: 10. Took 0 sec
Best solution reduces penalty in component to: 10
New random solution with penalty in component: 10. Took 0 sec
Local search improved penalty in component to: 10. Took 0 sec
Best solution reduces penalty in component to: 10
New random solution with penalty in component: 10. Took 0 sec
Local search improved penalty in component to: 10. Took 0 sec
Best solution reduces penalty in component to: 10
New random solution with penalty in component: 10. Took 0 sec
Local search improved penalty in component to: 10. Took 0 sec
Best solution reduces penalty in component to: 10
New random solution with penalty in component: 10. Took 0 sec
Local search improved penalty in component to: 10. Took 0 sec
Best solution reduces penalty in component to: 10

CURRENTLY WORKING ON COMPONENT 9
New random solution with penalty in component: 10. Took 0 sec
Local search improved penalty in component to: 10. Took 0 sec
Best solution reduces penalty in component to: 10
New random solution with penalty in component: 10. Took 0 sec
Local search improved penalty in component to: 10. Took 0 sec
Best solution reduces penalty in component to: 10
New random solution with penalty in component: 10. Took 0 sec
Local search improved penalty in component to: 10. Took 0 sec
Best solution reduces penalty in component to: 10
New random solution with penalty in component: 10. Took 0 sec
Local search improved penalty in component to: 10. Took 0 sec
Best solution reduces penalty in component to: 10
New random solution with penalty in component: 10. Took 0 sec
Local search improved penalty in component to: 10. Took 0 sec
Best solution reduces penalty in component to: 10
New random solution with penalty in component: 10. Took 0 sec
Local search improved penalty in component to: 10. Took 0 sec
Best solution reduces penalty in component to: 10
New random solution with penalty in component: 10. Took 0 sec
Local search improved penalty in component to: 10. Took 0 sec
Best solution reduces penalty in component to: 10
New random solution with penalty in component: 10. Took 0 sec
Local search improved penalty in component to: 10. Took 0 sec
Best solution reduces penalty in component to: 10
New random solution with penalty in component: 10. Took 0 sec
Local search improved penalty in component to: 10. Took 0 sec
Best solution reduces penalty in component to: 10
New random solution with penalty in component: 10. Took 0 sec
Local search improved penalty in component to: 10. Took 0 sec
Best solution reduces penalty in component to: 10
New random solution with penalty in component: 10. Took 0 sec
Local search improved penalty in component to: 10. Took 0 sec
Best solution reduces penalty in component to: 10
New random solution with penalty in component: 10. Took 0 sec
Local search improved penalty in component to: 10. Took 0 sec
Best solution reduces penalty in component to: 10
New random solution with penalty in component: 10. Took 0 sec
Local search improved penalty in component to: 10. Took 0 sec
Best solution reduces penalty in component to: 10
New random solution with penalty in component: 10. Took 0 sec
Local search improved penalty in component to: 10. Took 0 sec
Best solution reduces penalty in component to: 10
New random solution with penalty in component: 10. Took 0 sec
Local search improved penalty in component to: 10. Took 0 sec
Best solution reduces penalty in component to: 10
New random solution with penalty in component: 10. Took 0 sec
Local search improved penalty in component to: 10. Took 0 sec
Best solution reduces penalty in component to: 10
New random solution with penalty in component: 10. Took 0 sec
Local search improved penalty in component to: 10. Took 0 sec
Best solution reduces penalty in component to: 10
New random solution with penalty in component: 10. Took 0 sec
Local search improved penalty in component to: 10. Took 0 sec
Best solution reduces penalty in component to: 10
New random solution with penalty in component: 10. Took 0 sec
Local search improved penalty in component to: 10. Took 0 sec
Best solution reduces penalty in component to: 10
New random solution with penalty in component: 10. Took 0 sec
Local search improved penalty in component to: 10. Took 0 sec
Best solution reduces penalty in component to: 10

CURRENTLY WORKING ON COMPONENT 10
New random solution with penalty in component: 10. Took 0 sec
Local search improved penalty in component to: 10. Took 0 sec
Best solution reduces penalty in component to: 10
New random solution with penalty in component: 10. Took 0 sec
Local search improved penalty in component to: 10. Took 0 sec
Best solution reduces penalty in component to: 10
New random solution with penalty in component: 10. Took 0 sec
Local search improved penalty in component to: 10. Took 0 sec
Best solution reduces penalty in component to: 10
New random solution with penalty in component: 10. Took 0 sec
Local search improved penalty in component to: 10. Took 0 sec
Best solution reduces penalty in component to: 10
New random solution with penalty in component: 10. Took 0 sec
Local search improved penalty in component to: 10. Took 0 sec
Best solution reduces penalty in component to: 10
New random solution with penalty in component: 10. Took 0 sec
Local search improved penalty in component to: 10. Took 0 sec
Best solution reduces penalty in component to: 10
New random solution with penalty in component: 10. Took 0 sec
Local search improved penalty in component to: 10. Took 0 sec
Best solution reduces penalty in component to: 10
New random solution with penalty in component: 10. Took 0 sec
Local search improved penalty in component to: 10. Took 0 sec
Best solution reduces penalty in component to: 10
New random solution with penalty in component: 10. Took 0 sec
Local search improved penalty in component to: 10. Took 0 sec
Best solution reduces penalty in component to: 10
New random solution with penalty in component: 10. Took 0 sec
Local search improved penalty in component to: 10. Took 0 sec
Best solution reduces penalty in component to: 10
New random solution with penalty in component: 10. Took 0 sec
Local search improved penalty in component to: 10. Took 0 sec
Best solution reduces penalty in component to: 10
New random solution with penalty in component: 10. Took 0 sec
Local search improved penalty in component to: 10. Took 0 sec
Best solution reduces penalty in component to: 10
New random solution with penalty in component: 10. Took 0 sec
Local search improved penalty in component to: 10. Took 0 sec
Best solution reduces penalty in component to: 10
New random solution with penalty in component: 10. Took 0 sec
Local search improved penalty in component to: 10. Took 0 sec
Best solution reduces penalty in component to: 10
New random solution with penalty in component: 10. Took 0 sec
Local search improved penalty in component to: 10. Took 0 sec
Best solution reduces penalty in component to: 10
New random solution with penalty in component: 10. Took 0 sec
Local search improved penalty in component to: 10. Took 0 sec
Best solution reduces penalty in component to: 10
New random solution with penalty in component: 10. Took 0 sec
Local search improved penalty in component to: 10. Took 0 sec
Best solution reduces penalty in component to: 10
New random solution with penalty in component: 10. Took 0 sec
Local search improved penalty in component to: 10. Took 0 sec
Best solution reduces penalty in component to: 10
New random solution with penalty in component: 10. Took 0 sec
Local search improved penalty in component to: 10. Took 0 sec
Best solution reduces penalty in component to: 10
New random solution with penalty in component: 10. Took 0 sec
Local search improved penalty in component to: 10. Took 0 sec
Best solution reduces penalty in component to: 10

CURRENTLY WORKING ON COMPONENT 11
New random solution with penalty in component: 11. Took 0 sec
Local search improved penalty in component to: 11. Took 0 sec
Best solution reduces penalty in component to: 11
New random solution with penalty in component: 11. Took 0 sec
Local search improved penalty in component to: 11. Took 0 sec
Best solution reduces penalty in component to: 11
New random solution with penalty in component: 11. Took 0 sec
Local search improved penalty in component to: 11. Took 0 sec
Best solution reduces penalty in component to: 11
New random solution with penalty in component: 11. Took 0 sec
Local search improved penalty in component to: 11. Took 0 sec
Best solution reduces penalty in component to: 11
New random solution with penalty in component: 11. Took 0 sec
Local search improved penalty in component to: 11. Took 0 sec
Best solution reduces penalty in component to: 11
New random solution with penalty in component: 11. Took 0 sec
Local search improved penalty in component to: 11. Took 0 sec
Best solution reduces penalty in component to: 11
New random solution with penalty in component: 11. Took 0 sec
Local search improved penalty in component to: 11. Took 0 sec
Best solution reduces penalty in component to: 11
New random solution with penalty in component: 11. Took 0 sec
Local search improved penalty in component to: 11. Took 0 sec
Best solution reduces penalty in component to: 11
New random solution with penalty in component: 11. Took 0 sec
Local search improved penalty in component to: 11. Took 0 sec
Best solution reduces penalty in component to: 11
New random solution with penalty in component: 11. Took 0 sec
Local search improved penalty in component to: 11. Took 0 sec
Best solution reduces penalty in component to: 11
New random solution with penalty in component: 11. Took 0 sec
Local search improved penalty in component to: 11. Took 0 sec
Best solution reduces penalty in component to: 11
New random solution with penalty in component: 11. Took 0 sec
Local search improved penalty in component to: 11. Took 0 sec
Best solution reduces penalty in component to: 11
New random solution with penalty in component: 11. Took 0 sec
Local search improved penalty in component to: 11. Took 0 sec
Best solution reduces penalty in component to: 11
New random solution with penalty in component: 11. Took 0 sec
Local search improved penalty in component to: 11. Took 0 sec
Best solution reduces penalty in component to: 11
New random solution with penalty in component: 11. Took 0 sec
Local search improved penalty in component to: 11. Took 0 sec
Best solution reduces penalty in component to: 11
New random solution with penalty in component: 11. Took 0 sec
Local search improved penalty in component to: 11. Took 0 sec
Best solution reduces penalty in component to: 11
New random solution with penalty in component: 11. Took 0 sec
Local search improved penalty in component to: 11. Took 0 sec
Best solution reduces penalty in component to: 11
New random solution with penalty in component: 11. Took 0 sec
Local search improved penalty in component to: 11. Took 0 sec
Best solution reduces penalty in component to: 11
New random solution with penalty in component: 11. Took 0 sec
Local search improved penalty in component to: 11. Took 0 sec
Best solution reduces penalty in component to: 11
New random solution with penalty in component: 11. Took 0 sec
Local search improved penalty in component to: 11. Took 0 sec
Best solution reduces penalty in component to: 11

CURRENTLY WORKING ON COMPONENT 12
New random solution with penalty in component: 11. Took 0 sec
Local search improved penalty in component to: 11. Took 0 sec
Best solution reduces penalty in component to: 11
New random solution with penalty in component: 11. Took 0 sec
Local search improved penalty in component to: 11. Took 0 sec
Best solution reduces penalty in component to: 11
New random solution with penalty in component: 11. Took 0 sec
Local search improved penalty in component to: 11. Took 0 sec
Best solution reduces penalty in component to: 11
New random solution with penalty in component: 11. Took 0 sec
Local search improved penalty in component to: 11. Took 0 sec
Best solution reduces penalty in component to: 11
New random solution with penalty in component: 11. Took 0 sec
Local search improved penalty in component to: 11. Took 0 sec
Best solution reduces penalty in component to: 11
New random solution with penalty in component: 11. Took 0 sec
Local search improved penalty in component to: 11. Took 0 sec
Best solution reduces penalty in component to: 11
New random solution with penalty in component: 11. Took 0 sec
Local search improved penalty in component to: 11. Took 0 sec
Best solution reduces penalty in component to: 11
New random solution with penalty in component: 11. Took 0 sec
Local search improved penalty in component to: 11. Took 0 sec
Best solution reduces penalty in component to: 11
New random solution with penalty in component: 11. Took 0 sec
Local search improved penalty in component to: 11. Took 0 sec
Best solution reduces penalty in component to: 11
New random solution with penalty in component: 11. Took 0 sec
Local search improved penalty in component to: 11. Took 0 sec
Best solution reduces penalty in component to: 11
New random solution with penalty in component: 11. Took 0 sec
Local search improved penalty in component to: 11. Took 0 sec
Best solution reduces penalty in component to: 11
New random solution with penalty in component: 11. Took 0 sec
Local search improved penalty in component to: 11. Took 0 sec
Best solution reduces penalty in component to: 11
New random solution with penalty in component: 11. Took 0 sec
Local search improved penalty in component to: 11. Took 0 sec
Best solution reduces penalty in component to: 11
New random solution with penalty in component: 11. Took 0 sec
Local search improved penalty in component to: 11. Took 0 sec
Best solution reduces penalty in component to: 11
New random solution with penalty in component: 11. Took 0 sec
Local search improved penalty in component to: 11. Took 0 sec
Best solution reduces penalty in component to: 11
New random solution with penalty in component: 11. Took 0 sec
Local search improved penalty in component to: 11. Took 0 sec
Best solution reduces penalty in component to: 11
New random solution with penalty in component: 11. Took 0 sec
Local search improved penalty in component to: 11. Took 0 sec
Best solution reduces penalty in component to: 11
New random solution with penalty in component: 11. Took 0 sec
Local search improved penalty in component to: 11. Took 0 sec
Best solution reduces penalty in component to: 11
New random solution with penalty in component: 11. Took 0 sec
Local search improved penalty in component to: 11. Took 0 sec
Best solution reduces penalty in component to: 11
New random solution with penalty in component: 11. Took 0 sec
Local search improved penalty in component to: 11. Took 0 sec
Best solution reduces penalty in component to: 11

CURRENTLY WORKING ON COMPONENT 13
New random solution with penalty in component: 11. Took 0 sec
Local search improved penalty in component to: 10. Took 0 sec
Best solution reduces penalty in component to: 10
New random solution with penalty in component: 11. Took 0 sec
Local search improved penalty in component to: 11. Took 0 sec
Best solution reduces penalty in component to: 10
New random solution with penalty in component: 11. Took 0 sec
Local search improved penalty in component to: 11. Took 0 sec
Best solution reduces penalty in component to: 10
New random solution with penalty in component: 11. Took 0 sec
Local search improved penalty in component to: 11. Took 0 sec
Best solution reduces penalty in component to: 10
New random solution with penalty in component: 11. Took 0 sec
Local search improved penalty in component to: 11. Took 0 sec
Best solution reduces penalty in component to: 10
New random solution with penalty in component: 11. Took 0 sec
Local search improved penalty in component to: 11. Took 0 sec
Best solution reduces penalty in component to: 10
New random solution with penalty in component: 11. Took 0 sec
Local search improved penalty in component to: 11. Took 0 sec
Best solution reduces penalty in component to: 10
New random solution with penalty in component: 11. Took 0 sec
Local search improved penalty in component to: 11. Took 0 sec
Best solution reduces penalty in component to: 10
New random solution with penalty in component: 11. Took 0 sec
Local search improved penalty in component to: 11. Took 0 sec
Best solution reduces penalty in component to: 10
New random solution with penalty in component: 11. Took 0 sec
Local search improved penalty in component to: 11. Took 0 sec
Best solution reduces penalty in component to: 10
New random solution with penalty in component: 11. Took 0 sec
Local search improved penalty in component to: 11. Took 0 sec
Best solution reduces penalty in component to: 10
New random solution with penalty in component: 11. Took 0 sec
Local search improved penalty in component to: 11. Took 0 sec
Best solution reduces penalty in component to: 10
New random solution with penalty in component: 11. Took 0 sec
Local search improved penalty in component to: 11. Took 0 sec
Best solution reduces penalty in component to: 10
New random solution with penalty in component: 11. Took 0 sec
Local search improved penalty in component to: 11. Took 0 sec
Best solution reduces penalty in component to: 10
New random solution with penalty in component: 11. Took 0 sec
Local search improved penalty in component to: 11. Took 0 sec
Best solution reduces penalty in component to: 10
New random solution with penalty in component: 11. Took 0 sec
Local search improved penalty in component to: 11. Took 0 sec
Best solution reduces penalty in component to: 10
New random solution with penalty in component: 11. Took 0 sec
Local search improved penalty in component to: 11. Took 0 sec
Best solution reduces penalty in component to: 10
New random solution with penalty in component: 11. Took 0 sec
Local search improved penalty in component to: 11. Took 0 sec
Best solution reduces penalty in component to: 10
New random solution with penalty in component: 11. Took 0 sec
Local search improved penalty in component to: 11. Took 0 sec
Best solution reduces penalty in component to: 10
New random solution with penalty in component: 11. Took 0 sec
Local search improved penalty in component to: 11. Took 0 sec
Best solution reduces penalty in component to: 10
Total penalty: 253
SOLUTION IS VALID
