Found 44 strongly connected components

CURRENTLY WORKING ON COMPONENT 1
Skipping acyclic component

CURRENTLY WORKING ON COMPONENT 2
Skipping acyclic component

CURRENTLY WORKING ON COMPONENT 3
Skipping acyclic component

CURRENTLY WORKING ON COMPONENT 4
Skipping acyclic component

CURRENTLY WORKING ON COMPONENT 5
Skipping acyclic component

CURRENTLY WORKING ON COMPONENT 6
Skipping acyclic component

CURRENTLY WORKING ON COMPONENT 7
Skipping acyclic component

CURRENTLY WORKING ON COMPONENT 8
Skipping acyclic component

CURRENTLY WORKING ON COMPONENT 9
Skipping acyclic component

CURRENTLY WORKING ON COMPONENT 10
Skipping acyclic component

CURRENTLY WORKING ON COMPONENT 11
Skipping acyclic component

CURRENTLY WORKING ON COMPONENT 12
Skipping acyclic component

CURRENTLY WORKING ON COMPONENT 13
Skipping acyclic component

CURRENTLY WORKING ON COMPONENT 14
Skipping acyclic component

CURRENTLY WORKING ON COMPONENT 15
Skipping acyclic component

CURRENTLY WORKING ON COMPONENT 16
Skipping acyclic component

CURRENTLY WORKING ON COMPONENT 17
Skipping acyclic component

CURRENTLY WORKING ON COMPONENT 18
Skipping acyclic component

CURRENTLY WORKING ON COMPONENT 19
New random solution with penalty in component: 39. Took 0 sec
Local search improved penalty in component to: 39. Took 0 sec
Best solution reduces penalty in component to: 39
New random solution with penalty in component: 39. Took 0 sec
Local search improved penalty in component to: 39. Took 0 sec
Best solution reduces penalty in component to: 39
New random solution with penalty in component: 39. Took 0 sec
Local search improved penalty in component to: 39. Took 0 sec
Best solution reduces penalty in component to: 39
New random solution with penalty in component: 39. Took 0 sec
Local search improved penalty in component to: 39. Took 0 sec
Best solution reduces penalty in component to: 39
New random solution with penalty in component: 39. Took 0 sec
Local search improved penalty in component to: 39. Took 0 sec
Best solution reduces penalty in component to: 39
New random solution with penalty in component: 39. Took 0 sec
Local search improved penalty in component to: 39. Took 0 sec
Best solution reduces penalty in component to: 39
New random solution with penalty in component: 39. Took 0 sec
Local search improved penalty in component to: 39. Took 0 sec
Best solution reduces penalty in component to: 39
New random solution with penalty in component: 39. Took 0 sec
Local search improved penalty in component to: 39. Took 0 sec
Best solution reduces penalty in component to: 39
New random solution with penalty in component: 39. Took 0 sec
Local search improved penalty in component to: 39. Took 0 sec
Best solution reduces penalty in component to: 39
New random solution with penalty in component: 39. Took 0 sec
Local search improved penalty in component to: 39. Took 0 sec
Best solution reduces penalty in component to: 39
New random solution with penalty in component: 39. Took 0 sec
Local search improved penalty in component to: 39. Took 0 sec
Best solution reduces penalty in component to: 39
New random solution with penalty in component: 39. Took 0 sec
Local search improved penalty in component to: 39. Took 0 sec
Best solution reduces penalty in component to: 39
New random solution with penalty in component: 39. Took 0 sec
Local search improved penalty in component to: 39. Took 0 sec
Best solution reduces penalty in component to: 39
New random solution with penalty in component: 39. Took 0 sec
Local search improved penalty in component to: 39. Took 0 sec
Best solution reduces penalty in component to: 39
New random solution with penalty in component: 39. Took 0 sec
Local search improved penalty in component to: 39. Took 0 sec
Best solution reduces penalty in component to: 39
New random solution with penalty in component: 39. Took 0 sec
Local search improved penalty in component to: 39. Took 0 sec
Best solution reduces penalty in component to: 39
New random solution with penalty in component: 39. Took 0 sec
Local search improved penalty in component to: 39. Took 0 sec
Best solution reduces penalty in component to: 39
New random solution with penalty in component: 39. Took 0 sec
Local search improved penalty in component to: 39. Took 0 sec
Best solution reduces penalty in component to: 39
New random solution with penalty in component: 39. Took 0 sec
Local search improved penalty in component to: 39. Took 0 sec
Best solution reduces penalty in component to: 39
New random solution with penalty in component: 39. Took 0 sec
Local search improved penalty in component to: 39. Took 0 sec
Best solution reduces penalty in component to: 39

CURRENTLY WORKING ON COMPONENT 20
Skipping acyclic component

CURRENTLY WORKING ON COMPONENT 21
Skipping acyclic component

CURRENTLY WORKING ON COMPONENT 22
Skipping acyclic component

CURRENTLY WORKING ON COMPONENT 23
Skipping acyclic component

CURRENTLY WORKING ON COMPONENT 24
Skipping acyclic component

CURRENTLY WORKING ON COMPONENT 25
Skipping acyclic component

CURRENTLY WORKING ON COMPONENT 26
Skipping acyclic component

CURRENTLY WORKING ON COMPONENT 27
Skipping acyclic component

CURRENTLY WORKING ON COMPONENT 28
Skipping acyclic component

CURRENTLY WORKING ON COMPONENT 29
Skipping acyclic component

CURRENTLY WORKING ON COMPONENT 30
Skipping acyclic component

CURRENTLY WORKING ON COMPONENT 31
Skipping acyclic component

CURRENTLY WORKING ON COMPONENT 32
Skipping acyclic component

CURRENTLY WORKING ON COMPONENT 33
Skipping acyclic component

CURRENTLY WORKING ON COMPONENT 34
Skipping acyclic component

CURRENTLY WORKING ON COMPONENT 35
Skipping acyclic component

CURRENTLY WORKING ON COMPONENT 36
Skipping acyclic component

CURRENTLY WORKING ON COMPONENT 37
Skipping acyclic component

CURRENTLY WORKING ON COMPONENT 38
Skipping acyclic component

CURRENTLY WORKING ON COMPONENT 39
Skipping acyclic component

CURRENTLY WORKING ON COMPONENT 40
Skipping acyclic component

CURRENTLY WORKING ON COMPONENT 41
Skipping acyclic component

CURRENTLY WORKING ON COMPONENT 42
Skipping acyclic component

CURRENTLY WORKING ON COMPONENT 43
Skipping acyclic component

CURRENTLY WORKING ON COMPONENT 44
Skipping acyclic component
Total penalty: 84
SOLUTION IS VALID
