Found 1 strongly connected components

CURRENTLY WORKING ON COMPONENT 1
New random solution with penalty in component: 74. Took 0 sec
Local search improved penalty in component to: 2. Took 240 sec
Best solution reduces penalty in component to: 2
New random solution with penalty in component: 87. Took 0 sec
Local search improved penalty in component to: 2. Took 563 sec
Best solution reduces penalty in component to: 2
New random solution with penalty in component: 88. Took 0 sec
Local search improved penalty in component to: 2. Took 426 sec
Best solution reduces penalty in component to: 2
New random solution with penalty in component: 79. Took 0 sec
Local search improved penalty in component to: 2. Took 354 sec
Best solution reduces penalty in component to: 2
New random solution with penalty in component: 84. Took 0 sec
Local search improved penalty in component to: 2. Took 334 sec
Best solution reduces penalty in component to: 2
New random solution with penalty in component: 83. Took 0 sec
Local search improved penalty in component to: 2. Took 330 sec
Best solution reduces penalty in component to: 2
New random solution with penalty in component: 91. Took 0 sec
Local search improved penalty in component to: 2. Took 448 sec
Best solution reduces penalty in component to: 2
New random solution with penalty in component: 95. Took 0 sec
Local search improved penalty in component to: 2. Took 530 sec
Best solution reduces penalty in component to: 2
New random solution with penalty in component: 74. Took 0 sec
Local search improved penalty in component to: 2. Took 253 sec
Best solution reduces penalty in component to: 2
New random solution with penalty in component: 93. Took 0 sec
Local search improved penalty in component to: 2. Took 464 sec
Best solution reduces penalty in component to: 2
New random solution with penalty in component: 79. Took 0 sec
Local search improved penalty in component to: 2. Took 211 sec
Best solution reduces penalty in component to: 2
New random solution with penalty in component: 76. Took 0 sec
Local search improved penalty in component to: 2. Took 230 sec
Best solution reduces penalty in component to: 2
New random solution with penalty in component: 84. Took 0 sec
Local search improved penalty in component to: 2. Took 342 sec
Best solution reduces penalty in component to: 2
New random solution with penalty in component: 91. Took 0 sec
Local search improved penalty in component to: 2. Took 631 sec
Best solution reduces penalty in component to: 2
New random solution with penalty in component: 83. Took 0 sec
Local search improved penalty in component to: 3. Took 269 sec
Best solution reduces penalty in component to: 2
New random solution with penalty in component: 78. Took 0 sec
Local search improved penalty in component to: 2. Took 360 sec
Best solution reduces penalty in component to: 2
New random solution with penalty in component: 71. Took 0 sec
Local search improved penalty in component to: 2. Took 279 sec
Best solution reduces penalty in component to: 2
New random solution with penalty in component: 81. Took 0 sec
Local search improved penalty in component to: 2. Took 237 sec
Best solution reduces penalty in component to: 2
New random solution with penalty in component: 83. Took 0 sec
Local search improved penalty in component to: 2. Took 309 sec
Best solution reduces penalty in component to: 2
New random solution with penalty in component: 89. Took 0 sec
Local search improved penalty in component to: 2. Took 398 sec
Best solution reduces penalty in component to: 2
Total penalty: 2
SOLUTION IS VALID
