Found 1 strongly connected components

CURRENTLY WORKING ON COMPONENT 1
New random solution with penalty in component: 129. Took 0 sec
Best solution reduces penalty in component to: 129
New random solution with penalty in component: 128. Took 0 sec
Best solution reduces penalty in component to: 128
New random solution with penalty in component: 135. Took 0 sec
Best solution reduces penalty in component to: 128
New random solution with penalty in component: 124. Took 0 sec
Best solution reduces penalty in component to: 124
New random solution with penalty in component: 128. Took 0 sec
Best solution reduces penalty in component to: 124
New random solution with penalty in component: 131. Took 0 sec
Best solution reduces penalty in component to: 124
New random solution with penalty in component: 150. Took 0 sec
Best solution reduces penalty in component to: 124
New random solution with penalty in component: 116. Took 0 sec
Best solution reduces penalty in component to: 116
New random solution with penalty in component: 123. Took 0 sec
Best solution reduces penalty in component to: 116
New random solution with penalty in component: 131. Took 0 sec
Best solution reduces penalty in component to: 116
New random solution with penalty in component: 108. Took 0 sec
Best solution reduces penalty in component to: 108
New random solution with penalty in component: 144. Took 0 sec
Best solution reduces penalty in component to: 108
New random solution with penalty in component: 126. Took 0 sec
Best solution reduces penalty in component to: 108
New random solution with penalty in component: 122. Took 0 sec
Best solution reduces penalty in component to: 108
New random solution with penalty in component: 121. Took 0 sec
Best solution reduces penalty in component to: 108
New random solution with penalty in component: 121. Took 0 sec
Best solution reduces penalty in component to: 108
New random solution with penalty in component: 136. Took 0 sec
Best solution reduces penalty in component to: 108
New random solution with penalty in component: 124. Took 0 sec
Best solution reduces penalty in component to: 108
New random solution with penalty in component: 125. Took 0 sec
Best solution reduces penalty in component to: 108
New random solution with penalty in component: 116. Took 0 sec
Best solution reduces penalty in component to: 108
New random solution with penalty in component: 121. Took 0 sec
Best solution reduces penalty in component to: 108
New random solution with penalty in component: 131. Took 0 sec
Best solution reduces penalty in component to: 108
New random solution with penalty in component: 125. Took 0 sec
Best solution reduces penalty in component to: 108
New random solution with penalty in component: 144. Took 0 sec
Best solution reduces penalty in component to: 108
New random solution with penalty in component: 138. Took 0 sec
Best solution reduces penalty in component to: 108
New random solution with penalty in component: 136. Took 0 sec
Best solution reduces penalty in component to: 108
New random solution with penalty in component: 127. Took 0 sec
Best solution reduces penalty in component to: 108
New random solution with penalty in component: 134. Took 0 sec
Best solution reduces penalty in component to: 108
New random solution with penalty in component: 123. Took 0 sec
Best solution reduces penalty in component to: 108
New random solution with penalty in component: 122. Took 0 sec
Best solution reduces penalty in component to: 108
New random solution with penalty in component: 129. Took 0 sec
Best solution reduces penalty in component to: 108
New random solution with penalty in component: 117. Took 0 sec
Best solution reduces penalty in component to: 108
New random solution with penalty in component: 130. Took 0 sec
Best solution reduces penalty in component to: 108
New random solution with penalty in component: 136. Took 0 sec
Best solution reduces penalty in component to: 108
New random solution with penalty in component: 116. Took 0 sec
Best solution reduces penalty in component to: 108
New random solution with penalty in component: 131. Took 0 sec
Best solution reduces penalty in component to: 108
New random solution with penalty in component: 133. Took 0 sec
Best solution reduces penalty in component to: 108
New random solution with penalty in component: 122. Took 0 sec
Best solution reduces penalty in component to: 108
New random solution with penalty in component: 143. Took 0 sec
Best solution reduces penalty in component to: 108
New random solution with penalty in component: 131. Took 0 sec
Best solution reduces penalty in component to: 108
New random solution with penalty in component: 120. Took 0 sec
Best solution reduces penalty in component to: 108
New random solution with penalty in component: 136. Took 0 sec
Best solution reduces penalty in component to: 108
New random solution with penalty in component: 123. Took 0 sec
Best solution reduces penalty in component to: 108
New random solution with penalty in component: 133. Took 0 sec
Best solution reduces penalty in component to: 108
New random solution with penalty in component: 142. Took 0 sec
Best solution reduces penalty in component to: 108
New random solution with penalty in component: 115. Took 0 sec
Best solution reduces penalty in component to: 108
New random solution with penalty in component: 116. Took 0 sec
Best solution reduces penalty in component to: 108
New random solution with penalty in component: 118. Took 0 sec
Best solution reduces penalty in component to: 108
New random solution with penalty in component: 141. Took 0 sec
Best solution reduces penalty in component to: 108
New random solution with penalty in component: 128. Took 0 sec
Best solution reduces penalty in component to: 108
New random solution with penalty in component: 124. Took 0 sec
Best solution reduces penalty in component to: 108
New random solution with penalty in component: 125. Took 0 sec
Best solution reduces penalty in component to: 108
New random solution with penalty in component: 128. Took 0 sec
Best solution reduces penalty in component to: 108
New random solution with penalty in component: 143. Took 0 sec
Best solution reduces penalty in component to: 108
New random solution with penalty in component: 129. Took 0 sec
Best solution reduces penalty in component to: 108
New random solution with penalty in component: 132. Took 0 sec
Best solution reduces penalty in component to: 108
New random solution with penalty in component: 128. Took 0 sec
Best solution reduces penalty in component to: 108
New random solution with penalty in component: 130. Took 0 sec
Best solution reduces penalty in component to: 108
New random solution with penalty in component: 118. Took 0 sec
Best solution reduces penalty in component to: 108
New random solution with penalty in component: 133. Took 0 sec
Best solution reduces penalty in component to: 108
New random solution with penalty in component: 114. Took 0 sec
Best solution reduces penalty in component to: 108
New random solution with penalty in component: 136. Took 0 sec
Best solution reduces penalty in component to: 108
New random solution with penalty in component: 131. Took 0 sec
Best solution reduces penalty in component to: 108
New random solution with penalty in component: 145. Took 0 sec
Best solution reduces penalty in component to: 108
New random solution with penalty in component: 130. Took 0 sec
Best solution reduces penalty in component to: 108
New random solution with penalty in component: 134. Took 0 sec
Best solution reduces penalty in component to: 108
New random solution with penalty in component: 131. Took 0 sec
Best solution reduces penalty in component to: 108
New random solution with penalty in component: 132. Took 0 sec
Best solution reduces penalty in component to: 108
New random solution with penalty in component: 114. Took 0 sec
Best solution reduces penalty in component to: 108
New random solution with penalty in component: 135. Took 0 sec
Best solution reduces penalty in component to: 108
New random solution with penalty in component: 123. Took 0 sec
Best solution reduces penalty in component to: 108
New random solution with penalty in component: 125. Took 0 sec
Best solution reduces penalty in component to: 108
New random solution with penalty in component: 124. Took 0 sec
Best solution reduces penalty in component to: 108
New random solution with penalty in component: 117. Took 0 sec
Best solution reduces penalty in component to: 108
New random solution with penalty in component: 140. Took 0 sec
Best solution reduces penalty in component to: 108
New random solution with penalty in component: 131. Took 0 sec
Best solution reduces penalty in component to: 108
New random solution with penalty in component: 137. Took 0 sec
Best solution reduces penalty in component to: 108
New random solution with penalty in component: 135. Took 0 sec
Best solution reduces penalty in component to: 108
New random solution with penalty in component: 135. Took 0 sec
Best solution reduces penalty in component to: 108
New random solution with penalty in component: 149. Took 0 sec
Best solution reduces penalty in component to: 108
New random solution with penalty in component: 144. Took 0 sec
Best solution reduces penalty in component to: 108
New random solution with penalty in component: 138. Took 0 sec
Best solution reduces penalty in component to: 108
New random solution with penalty in component: 144. Took 0 sec
Best solution reduces penalty in component to: 108
New random solution with penalty in component: 131. Took 0 sec
Best solution reduces penalty in component to: 108
New random solution with penalty in component: 142. Took 0 sec
Best solution reduces penalty in component to: 108
New random solution with penalty in component: 139. Took 0 sec
Best solution reduces penalty in component to: 108
New random solution with penalty in component: 132. Took 0 sec
Best solution reduces penalty in component to: 108
New random solution with penalty in component: 129. Took 0 sec
Best solution reduces penalty in component to: 108
New random solution with penalty in component: 131. Took 0 sec
Best solution reduces penalty in component to: 108
New random solution with penalty in component: 128. Took 0 sec
Best solution reduces penalty in component to: 108
New random solution with penalty in component: 150. Took 0 sec
Best solution reduces penalty in component to: 108
New random solution with penalty in component: 117. Took 0 sec
Best solution reduces penalty in component to: 108
New random solution with penalty in component: 125. Took 0 sec
Best solution reduces penalty in component to: 108
New random solution with penalty in component: 127. Took 0 sec
Best solution reduces penalty in component to: 108
New random solution with penalty in component: 145. Took 0 sec
Best solution reduces penalty in component to: 108
New random solution with penalty in component: 133. Took 0 sec
Best solution reduces penalty in component to: 108
New random solution with penalty in component: 133. Took 0 sec
Best solution reduces penalty in component to: 108
New random solution with penalty in component: 133. Took 0 sec
Best solution reduces penalty in component to: 108
New random solution with penalty in component: 140. Took 0 sec
Best solution reduces penalty in component to: 108
New random solution with penalty in component: 120. Took 0 sec
Best solution reduces penalty in component to: 108
Total penalty: 108
SOLUTION IS VALID
