Found 99 strongly connected components

CURRENTLY WORKING ON COMPONENT 1
Dynamic programming solution found with score: 0. Took 0 sec

CURRENTLY WORKING ON COMPONENT 2
Dynamic programming solution found with score: 9. Took 0 sec

CURRENTLY WORKING ON COMPONENT 3
Dynamic programming solution found with score: 0. Took 0 sec

CURRENTLY WORKING ON COMPONENT 4
Dynamic programming solution found with score: 0. Took 0 sec

CURRENTLY WORKING ON COMPONENT 5
Dynamic programming solution found with score: 0. Took 0 sec

CURRENTLY WORKING ON COMPONENT 6
Dynamic programming solution found with score: 0. Took 0 sec

CURRENTLY WORKING ON COMPONENT 7
Dynamic programming solution found with score: 0. Took 0 sec

CURRENTLY WORKING ON COMPONENT 8
Dynamic programming solution found with score: 0. Took 0 sec

CURRENTLY WORKING ON COMPONENT 9
Dynamic programming solution found with score: 12. Took 0 sec

CURRENTLY WORKING ON COMPONENT 10
Skipping acyclic component

CURRENTLY WORKING ON COMPONENT 11
Dynamic programming solution found with score: 0. Took 0 sec

CURRENTLY WORKING ON COMPONENT 12
Dynamic programming solution found with score: 0. Took 0 sec

CURRENTLY WORKING ON COMPONENT 13
Skipping acyclic component

CURRENTLY WORKING ON COMPONENT 14
New random solution with penalty in component: 11. Took 0 sec
Local search improved penalty in component to: 11. Took 0 sec
Best solution reduces penalty in component to: 11
New random solution with penalty in component: 11. Took 0 sec
Local search improved penalty in component to: 11. Took 0 sec
Best solution reduces penalty in component to: 11
New random solution with penalty in component: 11. Took 0 sec
Local search improved penalty in component to: 11. Took 0 sec
Best solution reduces penalty in component to: 11
New random solution with penalty in component: 11. Took 0 sec
Local search improved penalty in component to: 11. Took 0 sec
Best solution reduces penalty in component to: 11
New random solution with penalty in component: 11. Took 0 sec
Local search improved penalty in component to: 11. Took 0 sec
Best solution reduces penalty in component to: 11
New random solution with penalty in component: 11. Took 0 sec
Local search improved penalty in component to: 11. Took 0 sec
Best solution reduces penalty in component to: 11
New random solution with penalty in component: 11. Took 0 sec
Local search improved penalty in component to: 11. Took 0 sec
Best solution reduces penalty in component to: 11
New random solution with penalty in component: 11. Took 0 sec
Local search improved penalty in component to: 11. Took 0 sec
Best solution reduces penalty in component to: 11
New random solution with penalty in component: 11. Took 0 sec
Local search improved penalty in component to: 11. Took 0 sec
Best solution reduces penalty in component to: 11
New random solution with penalty in component: 11. Took 0 sec
Local search improved penalty in component to: 11. Took 0 sec
Best solution reduces penalty in component to: 11
New random solution with penalty in component: 11. Took 0 sec
Local search improved penalty in component to: 11. Took 0 sec
Best solution reduces penalty in component to: 11
New random solution with penalty in component: 11. Took 0 sec
Local search improved penalty in component to: 11. Took 0 sec
Best solution reduces penalty in component to: 11
New random solution with penalty in component: 11. Took 0 sec
Local search improved penalty in component to: 11. Took 0 sec
Best solution reduces penalty in component to: 11
New random solution with penalty in component: 11. Took 0 sec
Local search improved penalty in component to: 11. Took 0 sec
Best solution reduces penalty in component to: 11
New random solution with penalty in component: 11. Took 0 sec
Local search improved penalty in component to: 11. Took 0 sec
Best solution reduces penalty in component to: 11
New random solution with penalty in component: 11. Took 0 sec
Local search improved penalty in component to: 11. Took 0 sec
Best solution reduces penalty in component to: 11
New random solution with penalty in component: 11. Took 0 sec
Local search improved penalty in component to: 11. Took 0 sec
Best solution reduces penalty in component to: 11
New random solution with penalty in component: 11. Took 0 sec
Local search improved penalty in component to: 11. Took 0 sec
Best solution reduces penalty in component to: 11
New random solution with penalty in component: 11. Took 0 sec
Local search improved penalty in component to: 11. Took 0 sec
Best solution reduces penalty in component to: 11
New random solution with penalty in component: 11. Took 0 sec
Local search improved penalty in component to: 11. Took 0 sec
Best solution reduces penalty in component to: 11

CURRENTLY WORKING ON COMPONENT 15
Dynamic programming solution found with score: 0. Took 0 sec

CURRENTLY WORKING ON COMPONENT 16
Skipping acyclic component

CURRENTLY WORKING ON COMPONENT 17
Dynamic programming solution found with score: 6. Took 0 sec

CURRENTLY WORKING ON COMPONENT 18
Dynamic programming solution found with score: 1. Took 0 sec

CURRENTLY WORKING ON COMPONENT 19
New random solution with penalty in component: 9. Took 0 sec
Local search improved penalty in component to: 9. Took 0 sec
Best solution reduces penalty in component to: 9
New random solution with penalty in component: 9. Took 0 sec
Local search improved penalty in component to: 9. Took 0 sec
Best solution reduces penalty in component to: 9
New random solution with penalty in component: 9. Took 0 sec
Local search improved penalty in component to: 9. Took 0 sec
Best solution reduces penalty in component to: 9
New random solution with penalty in component: 9. Took 0 sec
Local search improved penalty in component to: 9. Took 0 sec
Best solution reduces penalty in component to: 9
New random solution with penalty in component: 9. Took 0 sec
Local search improved penalty in component to: 9. Took 0 sec
Best solution reduces penalty in component to: 9
New random solution with penalty in component: 9. Took 0 sec
Local search improved penalty in component to: 9. Took 0 sec
Best solution reduces penalty in component to: 9
New random solution with penalty in component: 9. Took 0 sec
Local search improved penalty in component to: 9. Took 0 sec
Best solution reduces penalty in component to: 9
New random solution with penalty in component: 9. Took 0 sec
Local search improved penalty in component to: 9. Took 0 sec
Best solution reduces penalty in component to: 9
New random solution with penalty in component: 9. Took 0 sec
Local search improved penalty in component to: 9. Took 0 sec
Best solution reduces penalty in component to: 9
New random solution with penalty in component: 9. Took 0 sec
Local search improved penalty in component to: 9. Took 0 sec
Best solution reduces penalty in component to: 9
New random solution with penalty in component: 9. Took 0 sec
Local search improved penalty in component to: 9. Took 0 sec
Best solution reduces penalty in component to: 9
New random solution with penalty in component: 9. Took 0 sec
Local search improved penalty in component to: 9. Took 0 sec
Best solution reduces penalty in component to: 9
New random solution with penalty in component: 9. Took 0 sec
Local search improved penalty in component to: 9. Took 0 sec
Best solution reduces penalty in component to: 9
New random solution with penalty in component: 9. Took 0 sec
Local search improved penalty in component to: 9. Took 0 sec
Best solution reduces penalty in component to: 9
New random solution with penalty in component: 9. Took 0 sec
Local search improved penalty in component to: 9. Took 0 sec
Best solution reduces penalty in component to: 9
New random solution with penalty in component: 9. Took 0 sec
Local search improved penalty in component to: 9. Took 0 sec
Best solution reduces penalty in component to: 9
New random solution with penalty in component: 9. Took 0 sec
Local search improved penalty in component to: 9. Took 0 sec
Best solution reduces penalty in component to: 9
New random solution with penalty in component: 9. Took 0 sec
Local search improved penalty in component to: 9. Took 0 sec
Best solution reduces penalty in component to: 9
New random solution with penalty in component: 9. Took 0 sec
Local search improved penalty in component to: 9. Took 0 sec
Best solution reduces penalty in component to: 9
New random solution with penalty in component: 9. Took 0 sec
Local search improved penalty in component to: 9. Took 0 sec
Best solution reduces penalty in component to: 9

CURRENTLY WORKING ON COMPONENT 20
New random solution with penalty in component: 13. Took 0 sec
Local search improved penalty in component to: 13. Took 0 sec
Best solution reduces penalty in component to: 13
New random solution with penalty in component: 13. Took 0 sec
Local search improved penalty in component to: 13. Took 0 sec
Best solution reduces penalty in component to: 13
New random solution with penalty in component: 13. Took 0 sec
Local search improved penalty in component to: 13. Took 0 sec
Best solution reduces penalty in component to: 13
New random solution with penalty in component: 13. Took 0 sec
Local search improved penalty in component to: 13. Took 0 sec
Best solution reduces penalty in component to: 13
New random solution with penalty in component: 13. Took 0 sec
Local search improved penalty in component to: 13. Took 0 sec
Best solution reduces penalty in component to: 13
New random solution with penalty in component: 13. Took 0 sec
Local search improved penalty in component to: 13. Took 0 sec
Best solution reduces penalty in component to: 13
New random solution with penalty in component: 13. Took 0 sec
Local search improved penalty in component to: 13. Took 0 sec
Best solution reduces penalty in component to: 13
New random solution with penalty in component: 13. Took 0 sec
Local search improved penalty in component to: 13. Took 0 sec
Best solution reduces penalty in component to: 13
New random solution with penalty in component: 13. Took 0 sec
Local search improved penalty in component to: 13. Took 0 sec
Best solution reduces penalty in component to: 13
New random solution with penalty in component: 13. Took 0 sec
Local search improved penalty in component to: 13. Took 0 sec
Best solution reduces penalty in component to: 13
New random solution with penalty in component: 13. Took 0 sec
Local search improved penalty in component to: 13. Took 0 sec
Best solution reduces penalty in component to: 13
New random solution with penalty in component: 13. Took 0 sec
Local search improved penalty in component to: 13. Took 0 sec
Best solution reduces penalty in component to: 13
New random solution with penalty in component: 13. Took 0 sec
Local search improved penalty in component to: 13. Took 0 sec
Best solution reduces penalty in component to: 13
New random solution with penalty in component: 13. Took 0 sec
Local search improved penalty in component to: 13. Took 0 sec
Best solution reduces penalty in component to: 13
New random solution with penalty in component: 13. Took 0 sec
Local search improved penalty in component to: 13. Took 0 sec
Best solution reduces penalty in component to: 13
New random solution with penalty in component: 13. Took 0 sec
Local search improved penalty in component to: 13. Took 0 sec
Best solution reduces penalty in component to: 13
New random solution with penalty in component: 13. Took 0 sec
Local search improved penalty in component to: 13. Took 0 sec
Best solution reduces penalty in component to: 13
New random solution with penalty in component: 13. Took 0 sec
Local search improved penalty in component to: 13. Took 0 sec
Best solution reduces penalty in component to: 13
New random solution with penalty in component: 13. Took 0 sec
Local search improved penalty in component to: 13. Took 0 sec
Best solution reduces penalty in component to: 13
New random solution with penalty in component: 13. Took 0 sec
Local search improved penalty in component to: 13. Took 0 sec
Best solution reduces penalty in component to: 13

CURRENTLY WORKING ON COMPONENT 21
Skipping acyclic component

CURRENTLY WORKING ON COMPONENT 22
Dynamic programming solution found with score: 11. Took 0 sec

CURRENTLY WORKING ON COMPONENT 23
Dynamic programming solution found with score: 7. Took 0 sec

CURRENTLY WORKING ON COMPONENT 24
Skipping acyclic component

CURRENTLY WORKING ON COMPONENT 25
Dynamic programming solution found with score: 0. Took 0 sec

CURRENTLY WORKING ON COMPONENT 26
Dynamic programming solution found with score: 0. Took 0 sec

CURRENTLY WORKING ON COMPONENT 27
New random solution with penalty in component: 12. Took 0 sec
Local search improved penalty in component to: 12. Took 0 sec
Best solution reduces penalty in component to: 12
New random solution with penalty in component: 12. Took 0 sec
Local search improved penalty in component to: 12. Took 0 sec
Best solution reduces penalty in component to: 12
New random solution with penalty in component: 12. Took 0 sec
Local search improved penalty in component to: 12. Took 0 sec
Best solution reduces penalty in component to: 12
New random solution with penalty in component: 12. Took 0 sec
Local search improved penalty in component to: 12. Took 0 sec
Best solution reduces penalty in component to: 12
New random solution with penalty in component: 12. Took 0 sec
Local search improved penalty in component to: 12. Took 0 sec
Best solution reduces penalty in component to: 12
New random solution with penalty in component: 12. Took 0 sec
Local search improved penalty in component to: 12. Took 0 sec
Best solution reduces penalty in component to: 12
New random solution with penalty in component: 12. Took 0 sec
Local search improved penalty in component to: 12. Took 0 sec
Best solution reduces penalty in component to: 12
New random solution with penalty in component: 12. Took 0 sec
Local search improved penalty in component to: 12. Took 0 sec
Best solution reduces penalty in component to: 12
New random solution with penalty in component: 12. Took 0 sec
Local search improved penalty in component to: 12. Took 0 sec
Best solution reduces penalty in component to: 12
New random solution with penalty in component: 12. Took 0 sec
Local search improved penalty in component to: 12. Took 0 sec
Best solution reduces penalty in component to: 12
New random solution with penalty in component: 12. Took 0 sec
Local search improved penalty in component to: 12. Took 0 sec
Best solution reduces penalty in component to: 12
New random solution with penalty in component: 12. Took 0 sec
Local search improved penalty in component to: 12. Took 0 sec
Best solution reduces penalty in component to: 12
New random solution with penalty in component: 12. Took 0 sec
Local search improved penalty in component to: 12. Took 0 sec
Best solution reduces penalty in component to: 12
New random solution with penalty in component: 12. Took 0 sec
Local search improved penalty in component to: 12. Took 0 sec
Best solution reduces penalty in component to: 12
New random solution with penalty in component: 12. Took 0 sec
Local search improved penalty in component to: 12. Took 0 sec
Best solution reduces penalty in component to: 12
New random solution with penalty in component: 12. Took 0 sec
Local search improved penalty in component to: 12. Took 0 sec
Best solution reduces penalty in component to: 12
New random solution with penalty in component: 12. Took 0 sec
Local search improved penalty in component to: 12. Took 0 sec
Best solution reduces penalty in component to: 12
New random solution with penalty in component: 12. Took 0 sec
Local search improved penalty in component to: 12. Took 0 sec
Best solution reduces penalty in component to: 12
New random solution with penalty in component: 12. Took 0 sec
Local search improved penalty in component to: 12. Took 0 sec
Best solution reduces penalty in component to: 12
New random solution with penalty in component: 12. Took 0 sec
Local search improved penalty in component to: 12. Took 0 sec
Best solution reduces penalty in component to: 12

CURRENTLY WORKING ON COMPONENT 28
Dynamic programming solution found with score: 0. Took 0 sec

CURRENTLY WORKING ON COMPONENT 29
Dynamic programming solution found with score: 1. Took 0 sec

CURRENTLY WORKING ON COMPONENT 30
Dynamic programming solution found with score: 0. Took 0 sec

CURRENTLY WORKING ON COMPONENT 31
Dynamic programming solution found with score: 10. Took 0 sec

CURRENTLY WORKING ON COMPONENT 32
Dynamic programming solution found with score: 0. Took 0 sec

CURRENTLY WORKING ON COMPONENT 33
Skipping acyclic component

CURRENTLY WORKING ON COMPONENT 34
Dynamic programming solution found with score: 10. Took 0 sec

CURRENTLY WORKING ON COMPONENT 35
Dynamic programming solution found with score: 0. Took 0 sec

CURRENTLY WORKING ON COMPONENT 36
Skipping acyclic component

CURRENTLY WORKING ON COMPONENT 37
Dynamic programming solution found with score: 0. Took 0 sec

CURRENTLY WORKING ON COMPONENT 38
Dynamic programming solution found with score: 0. Took 0 sec

CURRENTLY WORKING ON COMPONENT 39
Dynamic programming solution found with score: 4. Took 0 sec

CURRENTLY WORKING ON COMPONENT 40
Dynamic programming solution found with score: 8. Took 0 sec

CURRENTLY WORKING ON COMPONENT 41
Dynamic programming solution found with score: 0. Took 0 sec

CURRENTLY WORKING ON COMPONENT 42
Skipping acyclic component

CURRENTLY WORKING ON COMPONENT 43
Dynamic programming solution found with score: 0. Took 0 sec

CURRENTLY WORKING ON COMPONENT 44
Skipping acyclic component

CURRENTLY WORKING ON COMPONENT 45
Skipping acyclic component

CURRENTLY WORKING ON COMPONENT 46
Dynamic programming solution found with score: 5. Took 0 sec

CURRENTLY WORKING ON COMPONENT 47
Dynamic programming solution found with score: 0. Took 0 sec

CURRENTLY WORKING ON COMPONENT 48
Dynamic programming solution found with score: 13. Took 0 sec

CURRENTLY WORKING ON COMPONENT 49
Dynamic programming solution found with score: 0. Took 0 sec

CURRENTLY WORKING ON COMPONENT 50
Skipping acyclic component

CURRENTLY WORKING ON COMPONENT 51
Dynamic programming solution found with score: 0. Took 0 sec

CURRENTLY WORKING ON COMPONENT 52
Dynamic programming solution found with score: 0. Took 0 sec

CURRENTLY WORKING ON COMPONENT 53
New random solution with penalty in component: 11. Took 0 sec
Local search improved penalty in component to: 11. Took 0 sec
Best solution reduces penalty in component to: 11
New random solution with penalty in component: 11. Took 0 sec
Local search improved penalty in component to: 11. Took 0 sec
Best solution reduces penalty in component to: 11
New random solution with penalty in component: 11. Took 0 sec
Local search improved penalty in component to: 11. Took 0 sec
Best solution reduces penalty in component to: 11
New random solution with penalty in component: 11. Took 0 sec
Local search improved penalty in component to: 11. Took 0 sec
Best solution reduces penalty in component to: 11
New random solution with penalty in component: 11. Took 0 sec
Local search improved penalty in component to: 11. Took 0 sec
Best solution reduces penalty in component to: 11
New random solution with penalty in component: 11. Took 0 sec
Local search improved penalty in component to: 11. Took 0 sec
Best solution reduces penalty in component to: 11
New random solution with penalty in component: 11. Took 0 sec
Local search improved penalty in component to: 11. Took 0 sec
Best solution reduces penalty in component to: 11
New random solution with penalty in component: 11. Took 0 sec
Local search improved penalty in component to: 11. Took 0 sec
Best solution reduces penalty in component to: 11
New random solution with penalty in component: 11. Took 0 sec
Local search improved penalty in component to: 11. Took 0 sec
Best solution reduces penalty in component to: 11
New random solution with penalty in component: 11. Took 0 sec
Local search improved penalty in component to: 11. Took 0 sec
Best solution reduces penalty in component to: 11
New random solution with penalty in component: 11. Took 0 sec
Local search improved penalty in component to: 11. Took 0 sec
Best solution reduces penalty in component to: 11
New random solution with penalty in component: 11. Took 0 sec
Local search improved penalty in component to: 11. Took 0 sec
Best solution reduces penalty in component to: 11
New random solution with penalty in component: 11. Took 0 sec
Local search improved penalty in component to: 11. Took 0 sec
Best solution reduces penalty in component to: 11
New random solution with penalty in component: 11. Took 0 sec
Local search improved penalty in component to: 11. Took 0 sec
Best solution reduces penalty in component to: 11
New random solution with penalty in component: 11. Took 0 sec
Local search improved penalty in component to: 11. Took 0 sec
Best solution reduces penalty in component to: 11
New random solution with penalty in component: 11. Took 0 sec
Local search improved penalty in component to: 11. Took 0 sec
Best solution reduces penalty in component to: 11
New random solution with penalty in component: 11. Took 0 sec
Local search improved penalty in component to: 11. Took 0 sec
Best solution reduces penalty in component to: 11
New random solution with penalty in component: 11. Took 0 sec
Local search improved penalty in component to: 11. Took 0 sec
Best solution reduces penalty in component to: 11
New random solution with penalty in component: 11. Took 0 sec
Local search improved penalty in component to: 11. Took 0 sec
Best solution reduces penalty in component to: 11
New random solution with penalty in component: 11. Took 0 sec
Local search improved penalty in component to: 11. Took 0 sec
Best solution reduces penalty in component to: 11

CURRENTLY WORKING ON COMPONENT 54
New random solution with penalty in component: 24. Took 0 sec
Local search improved penalty in component to: 24. Took 0 sec
Best solution reduces penalty in component to: 24
New random solution with penalty in component: 24. Took 0 sec
Local search improved penalty in component to: 24. Took 0 sec
Best solution reduces penalty in component to: 24
New random solution with penalty in component: 24. Took 0 sec
Local search improved penalty in component to: 24. Took 0 sec
Best solution reduces penalty in component to: 24
New random solution with penalty in component: 24. Took 0 sec
Local search improved penalty in component to: 24. Took 0 sec
Best solution reduces penalty in component to: 24
New random solution with penalty in component: 24. Took 0 sec
Local search improved penalty in component to: 24. Took 0 sec
Best solution reduces penalty in component to: 24
New random solution with penalty in component: 24. Took 0 sec
Local search improved penalty in component to: 24. Took 0 sec
Best solution reduces penalty in component to: 24
New random solution with penalty in component: 24. Took 0 sec
Local search improved penalty in component to: 24. Took 0 sec
Best solution reduces penalty in component to: 24
New random solution with penalty in component: 24. Took 0 sec
Local search improved penalty in component to: 24. Took 0 sec
Best solution reduces penalty in component to: 24
New random solution with penalty in component: 24. Took 0 sec
Local search improved penalty in component to: 24. Took 0 sec
Best solution reduces penalty in component to: 24
New random solution with penalty in component: 24. Took 0 sec
Local search improved penalty in component to: 24. Took 0 sec
Best solution reduces penalty in component to: 24
New random solution with penalty in component: 24. Took 0 sec
Local search improved penalty in component to: 24. Took 0 sec
Best solution reduces penalty in component to: 24
New random solution with penalty in component: 24. Took 0 sec
Local search improved penalty in component to: 24. Took 0 sec
Best solution reduces penalty in component to: 24
New random solution with penalty in component: 24. Took 0 sec
Local search improved penalty in component to: 24. Took 0 sec
Best solution reduces penalty in component to: 24
New random solution with penalty in component: 24. Took 0 sec
Local search improved penalty in component to: 24. Took 0 sec
Best solution reduces penalty in component to: 24
New random solution with penalty in component: 24. Took 0 sec
Local search improved penalty in component to: 24. Took 0 sec
Best solution reduces penalty in component to: 24
New random solution with penalty in component: 24. Took 0 sec
Local search improved penalty in component to: 24. Took 0 sec
Best solution reduces penalty in component to: 24
New random solution with penalty in component: 24. Took 0 sec
Local search improved penalty in component to: 24. Took 0 sec
Best solution reduces penalty in component to: 24
New random solution with penalty in component: 24. Took 0 sec
Local search improved penalty in component to: 24. Took 0 sec
Best solution reduces penalty in component to: 24
New random solution with penalty in component: 24. Took 0 sec
Local search improved penalty in component to: 24. Took 0 sec
Best solution reduces penalty in component to: 24
New random solution with penalty in component: 24. Took 0 sec
Local search improved penalty in component to: 24. Took 0 sec
Best solution reduces penalty in component to: 24

CURRENTLY WORKING ON COMPONENT 55
Dynamic programming solution found with score: 0. Took 0 sec

CURRENTLY WORKING ON COMPONENT 56
Skipping acyclic component

CURRENTLY WORKING ON COMPONENT 57
Dynamic programming solution found with score: 0. Took 0 sec

CURRENTLY WORKING ON COMPONENT 58
Dynamic programming solution found with score: 0. Took 0 sec

CURRENTLY WORKING ON COMPONENT 59
Dynamic programming solution found with score: 0. Took 0 sec

CURRENTLY WORKING ON COMPONENT 60
Dynamic programming solution found with score: 0. Took 0 sec

CURRENTLY WORKING ON COMPONENT 61
Dynamic programming solution found with score: 0. Took 0 sec

CURRENTLY WORKING ON COMPONENT 62
Dynamic programming solution found with score: 8. Took 0 sec

CURRENTLY WORKING ON COMPONENT 63
Dynamic programming solution found with score: 6. Took 0 sec

CURRENTLY WORKING ON COMPONENT 64
Dynamic programming solution found with score: 0. Took 0 sec

CURRENTLY WORKING ON COMPONENT 65
Dynamic programming solution found with score: 0. Took 0 sec

CURRENTLY WORKING ON COMPONENT 66
Dynamic programming solution found with score: 11. Took 0 sec

CURRENTLY WORKING ON COMPONENT 67
Dynamic programming solution found with score: 0. Took 0 sec

CURRENTLY WORKING ON COMPONENT 68
Dynamic programming solution found with score: 0. Took 0 sec

CURRENTLY WORKING ON COMPONENT 69
Dynamic programming solution found with score: 10. Took 0 sec

CURRENTLY WORKING ON COMPONENT 70
Skipping acyclic component

CURRENTLY WORKING ON COMPONENT 71
Dynamic programming solution found with score: 0. Took 0 sec

CURRENTLY WORKING ON COMPONENT 72
Dynamic programming solution found with score: 0. Took 0 sec

CURRENTLY WORKING ON COMPONENT 73
Dynamic programming solution found with score: 11. Took 0 sec

CURRENTLY WORKING ON COMPONENT 74
Dynamic programming solution found with score: 2. Took 0 sec

CURRENTLY WORKING ON COMPONENT 75
Dynamic programming solution found with score: 12. Took 0 sec

CURRENTLY WORKING ON COMPONENT 76
Dynamic programming solution found with score: 0. Took 0 sec

CURRENTLY WORKING ON COMPONENT 77
Dynamic programming solution found with score: 11. Took 0 sec

CURRENTLY WORKING ON COMPONENT 78
Dynamic programming solution found with score: 11. Took 0 sec

CURRENTLY WORKING ON COMPONENT 79
New random solution with penalty in component: 10. Took 0 sec
Local search improved penalty in component to: 10. Took 0 sec
Best solution reduces penalty in component to: 10
New random solution with penalty in component: 10. Took 0 sec
Local search improved penalty in component to: 10. Took 0 sec
Best solution reduces penalty in component to: 10
New random solution with penalty in component: 10. Took 0 sec
Local search improved penalty in component to: 10. Took 0 sec
Best solution reduces penalty in component to: 10
New random solution with penalty in component: 10. Took 0 sec
Local search improved penalty in component to: 10. Took 0 sec
Best solution reduces penalty in component to: 10
New random solution with penalty in component: 10. Took 0 sec
Local search improved penalty in component to: 10. Took 0 sec
Best solution reduces penalty in component to: 10
New random solution with penalty in component: 10. Took 0 sec
Local search improved penalty in component to: 10. Took 0 sec
Best solution reduces penalty in component to: 10
New random solution with penalty in component: 10. Took 0 sec
Local search improved penalty in component to: 10. Took 0 sec
Best solution reduces penalty in component to: 10
New random solution with penalty in component: 10. Took 0 sec
Local search improved penalty in component to: 10. Took 0 sec
Best solution reduces penalty in component to: 10
New random solution with penalty in component: 10. Took 0 sec
Local search improved penalty in component to: 10. Took 0 sec
Best solution reduces penalty in component to: 10
New random solution with penalty in component: 10. Took 0 sec
Local search improved penalty in component to: 10. Took 0 sec
Best solution reduces penalty in component to: 10
New random solution with penalty in component: 10. Took 0 sec
Local search improved penalty in component to: 10. Took 0 sec
Best solution reduces penalty in component to: 10
New random solution with penalty in component: 10. Took 0 sec
Local search improved penalty in component to: 10. Took 0 sec
Best solution reduces penalty in component to: 10
New random solution with penalty in component: 10. Took 0 sec
Local search improved penalty in component to: 10. Took 0 sec
Best solution reduces penalty in component to: 10
New random solution with penalty in component: 10. Took 0 sec
Local search improved penalty in component to: 10. Took 0 sec
Best solution reduces penalty in component to: 10
New random solution with penalty in component: 10. Took 0 sec
Local search improved penalty in component to: 10. Took 0 sec
Best solution reduces penalty in component to: 10
New random solution with penalty in component: 10. Took 0 sec
Local search improved penalty in component to: 10. Took 0 sec
Best solution reduces penalty in component to: 10
New random solution with penalty in component: 10. Took 0 sec
Local search improved penalty in component to: 10. Took 0 sec
Best solution reduces penalty in component to: 10
New random solution with penalty in component: 10. Took 0 sec
Local search improved penalty in component to: 10. Took 0 sec
Best solution reduces penalty in component to: 10
New random solution with penalty in component: 10. Took 0 sec
Local search improved penalty in component to: 10. Took 0 sec
Best solution reduces penalty in component to: 10
New random solution with penalty in component: 10. Took 0 sec
Local search improved penalty in component to: 10. Took 0 sec
Best solution reduces penalty in component to: 10

CURRENTLY WORKING ON COMPONENT 80
Dynamic programming solution found with score: 0. Took 0 sec

CURRENTLY WORKING ON COMPONENT 81
Dynamic programming solution found with score: 0. Took 0 sec

CURRENTLY WORKING ON COMPONENT 82
Dynamic programming solution found with score: 0. Took 0 sec

CURRENTLY WORKING ON COMPONENT 83
Skipping acyclic component

CURRENTLY WORKING ON COMPONENT 84
Dynamic programming solution found with score: 3. Took 0 sec

CURRENTLY WORKING ON COMPONENT 85
Dynamic programming solution found with score: 0. Took 0 sec

CURRENTLY WORKING ON COMPONENT 86
New random solution with penalty in component: 17. Took 0 sec
Local search improved penalty in component to: 17. Took 0 sec
Best solution reduces penalty in component to: 17
New random solution with penalty in component: 17. Took 0 sec
Local search improved penalty in component to: 17. Took 0 sec
Best solution reduces penalty in component to: 17
New random solution with penalty in component: 17. Took 0 sec
Local search improved penalty in component to: 17. Took 0 sec
Best solution reduces penalty in component to: 17
New random solution with penalty in component: 17. Took 0 sec
Local search improved penalty in component to: 17. Took 0 sec
Best solution reduces penalty in component to: 17
New random solution with penalty in component: 17. Took 0 sec
Local search improved penalty in component to: 17. Took 0 sec
Best solution reduces penalty in component to: 17
New random solution with penalty in component: 17. Took 0 sec
Local search improved penalty in component to: 17. Took 0 sec
Best solution reduces penalty in component to: 17
New random solution with penalty in component: 17. Took 0 sec
Local search improved penalty in component to: 17. Took 0 sec
Best solution reduces penalty in component to: 17
New random solution with penalty in component: 17. Took 0 sec
Local search improved penalty in component to: 17. Took 0 sec
Best solution reduces penalty in component to: 17
New random solution with penalty in component: 17. Took 0 sec
Local search improved penalty in component to: 17. Took 0 sec
Best solution reduces penalty in component to: 17
New random solution with penalty in component: 17. Took 0 sec
Local search improved penalty in component to: 17. Took 0 sec
Best solution reduces penalty in component to: 17
New random solution with penalty in component: 17. Took 0 sec
Local search improved penalty in component to: 17. Took 0 sec
Best solution reduces penalty in component to: 17
New random solution with penalty in component: 17. Took 0 sec
Local search improved penalty in component to: 17. Took 0 sec
Best solution reduces penalty in component to: 17
New random solution with penalty in component: 17. Took 0 sec
Local search improved penalty in component to: 17. Took 0 sec
Best solution reduces penalty in component to: 17
New random solution with penalty in component: 17. Took 0 sec
Local search improved penalty in component to: 17. Took 0 sec
Best solution reduces penalty in component to: 17
New random solution with penalty in component: 17. Took 0 sec
Local search improved penalty in component to: 17. Took 0 sec
Best solution reduces penalty in component to: 17
New random solution with penalty in component: 17. Took 0 sec
Local search improved penalty in component to: 17. Took 0 sec
Best solution reduces penalty in component to: 17
New random solution with penalty in component: 17. Took 0 sec
Local search improved penalty in component to: 17. Took 0 sec
Best solution reduces penalty in component to: 17
New random solution with penalty in component: 17. Took 0 sec
Local search improved penalty in component to: 17. Took 0 sec
Best solution reduces penalty in component to: 17
New random solution with penalty in component: 17. Took 0 sec
Local search improved penalty in component to: 17. Took 0 sec
Best solution reduces penalty in component to: 17
New random solution with penalty in component: 17. Took 0 sec
Local search improved penalty in component to: 17. Took 0 sec
Best solution reduces penalty in component to: 17

CURRENTLY WORKING ON COMPONENT 87
Dynamic programming solution found with score: 0. Took 0 sec

CURRENTLY WORKING ON COMPONENT 88
Dynamic programming solution found with score: 0. Took 0 sec

CURRENTLY WORKING ON COMPONENT 89
Skipping acyclic component

CURRENTLY WORKING ON COMPONENT 90
Dynamic programming solution found with score: 15. Took 0 sec

CURRENTLY WORKING ON COMPONENT 91
Dynamic programming solution found with score: 0. Took 0 sec

CURRENTLY WORKING ON COMPONENT 92
Skipping acyclic component

CURRENTLY WORKING ON COMPONENT 93
Dynamic programming solution found with score: 0. Took 0 sec

CURRENTLY WORKING ON COMPONENT 94
Dynamic programming solution found with score: 11. Took 0 sec

CURRENTLY WORKING ON COMPONENT 95
Skipping acyclic component

CURRENTLY WORKING ON COMPONENT 96
Dynamic programming solution found with score: 0. Took 0 sec

CURRENTLY WORKING ON COMPONENT 97
Dynamic programming solution found with score: 0. Took 0 sec

CURRENTLY WORKING ON COMPONENT 98
Dynamic programming solution found with score: 0. Took 0 sec

CURRENTLY WORKING ON COMPONENT 99
Dynamic programming solution found with score: 0. Took 0 sec
Total penalty: 339
SOLUTION IS VALID
