Found 1 strongly connected components

CURRENTLY WORKING ON COMPONENT 1
New random solution with penalty in component: 43. Took 0 sec
Local search improved penalty in component to: 7. Took 8 sec
Best solution reduces penalty in component to: 7
New random solution with penalty in component: 29. Took 0 sec
Local search improved penalty in component to: 11. Took 1 sec
Best solution reduces penalty in component to: 7
New random solution with penalty in component: 27. Took 0 sec
Local search improved penalty in component to: 8. Took 2 sec
Best solution reduces penalty in component to: 7
New random solution with penalty in component: 34. Took 0 sec
Local search improved penalty in component to: 9. Took 4 sec
Best solution reduces penalty in component to: 7
New random solution with penalty in component: 37. Took 0 sec
Local search improved penalty in component to: 9. Took 7 sec
Best solution reduces penalty in component to: 7
New random solution with penalty in component: 48. Took 0 sec
Local search improved penalty in component to: 7. Took 9 sec
Best solution reduces penalty in component to: 7
New random solution with penalty in component: 37. Took 0 sec
Local search improved penalty in component to: 7. Took 6 sec
Best solution reduces penalty in component to: 7
New random solution with penalty in component: 36. Took 0 sec
Local search improved penalty in component to: 7. Took 4 sec
Best solution reduces penalty in component to: 7
New random solution with penalty in component: 35. Took 0 sec
Local search improved penalty in component to: 10. Took 2 sec
Best solution reduces penalty in component to: 7
New random solution with penalty in component: 37. Took 0 sec
Local search improved penalty in component to: 8. Took 5 sec
Best solution reduces penalty in component to: 7
New random solution with penalty in component: 33. Took 0 sec
Local search improved penalty in component to: 3. Took 4 sec
Best solution reduces penalty in component to: 3
New random solution with penalty in component: 32. Took 0 sec
Local search improved penalty in component to: 5. Took 4 sec
Best solution reduces penalty in component to: 3
New random solution with penalty in component: 19. Took 0 sec
Local search improved penalty in component to: 7. Took 0 sec
Best solution reduces penalty in component to: 3
New random solution with penalty in component: 33. Took 0 sec
Local search improved penalty in component to: 6. Took 4 sec
Best solution reduces penalty in component to: 3
New random solution with penalty in component: 36. Took 0 sec
Local search improved penalty in component to: 7. Took 4 sec
Best solution reduces penalty in component to: 3
New random solution with penalty in component: 33. Took 0 sec
Local search improved penalty in component to: 4. Took 3 sec
Best solution reduces penalty in component to: 3
New random solution with penalty in component: 39. Took 0 sec
Local search improved penalty in component to: 9. Took 5 sec
Best solution reduces penalty in component to: 3
New random solution with penalty in component: 36. Took 0 sec
Local search improved penalty in component to: 8. Took 5 sec
Best solution reduces penalty in component to: 3
New random solution with penalty in component: 52. Took 0 sec
Local search improved penalty in component to: 4. Took 22 sec
Best solution reduces penalty in component to: 3
New random solution with penalty in component: 35. Took 0 sec
Local search improved penalty in component to: 4. Took 4 sec
Best solution reduces penalty in component to: 3
Total penalty: 3
SOLUTION IS VALID
