Found 1 strongly connected components

CURRENTLY WORKING ON COMPONENT 1
New random solution with penalty in component: 199. Took 0 sec
Local search improved penalty in component to: 150. Took 266 sec
Best solution reduces penalty in component to: 150
New random solution with penalty in component: 199. Took 0 sec
Local search improved penalty in component to: 199. Took 3 sec
Best solution reduces penalty in component to: 150
New random solution with penalty in component: 199. Took 0 sec
Local search improved penalty in component to: 199. Took 3 sec
Best solution reduces penalty in component to: 150
New random solution with penalty in component: 199. Took 0 sec
Local search improved penalty in component to: 199. Took 3 sec
Best solution reduces penalty in component to: 150
New random solution with penalty in component: 199. Took 0 sec
Local search improved penalty in component to: 199. Took 3 sec
Best solution reduces penalty in component to: 150
New random solution with penalty in component: 199. Took 0 sec
Local search improved penalty in component to: 199. Took 3 sec
Best solution reduces penalty in component to: 150
New random solution with penalty in component: 199. Took 0 sec
Local search improved penalty in component to: 199. Took 3 sec
Best solution reduces penalty in component to: 150
New random solution with penalty in component: 199. Took 0 sec
Local search improved penalty in component to: 199. Took 3 sec
Best solution reduces penalty in component to: 150
New random solution with penalty in component: 199. Took 0 sec
Local search improved penalty in component to: 199. Took 3 sec
Best solution reduces penalty in component to: 150
New random solution with penalty in component: 199. Took 0 sec
Local search improved penalty in component to: 199. Took 3 sec
Best solution reduces penalty in component to: 150
New random solution with penalty in component: 199. Took 0 sec
Local search improved penalty in component to: 199. Took 3 sec
Best solution reduces penalty in component to: 150
New random solution with penalty in component: 199. Took 0 sec
Local search improved penalty in component to: 199. Took 3 sec
Best solution reduces penalty in component to: 150
New random solution with penalty in component: 199. Took 0 sec
Local search improved penalty in component to: 199. Took 3 sec
Best solution reduces penalty in component to: 150
New random solution with penalty in component: 199. Took 0 sec
Local search improved penalty in component to: 199. Took 3 sec
Best solution reduces penalty in component to: 150
New random solution with penalty in component: 199. Took 0 sec
Local search improved penalty in component to: 199. Took 3 sec
Best solution reduces penalty in component to: 150
New random solution with penalty in component: 199. Took 0 sec
Local search improved penalty in component to: 199. Took 3 sec
Best solution reduces penalty in component to: 150
New random solution with penalty in component: 199. Took 0 sec
Local search improved penalty in component to: 199. Took 3 sec
Best solution reduces penalty in component to: 150
New random solution with penalty in component: 199. Took 0 sec
Local search improved penalty in component to: 199. Took 3 sec
Best solution reduces penalty in component to: 150
New random solution with penalty in component: 199. Took 0 sec
Local search improved penalty in component to: 199. Took 3 sec
Best solution reduces penalty in component to: 150
New random solution with penalty in component: 199. Took 0 sec
Local search improved penalty in component to: 199. Took 3 sec
Best solution reduces penalty in component to: 150
Total penalty: 150
SOLUTION IS VALID
