Found 7 strongly connected components

CURRENTLY WORKING ON COMPONENT 1
Skipping acyclic component

CURRENTLY WORKING ON COMPONENT 2
Skipping acyclic component

CURRENTLY WORKING ON COMPONENT 3
New random solution with penalty in component: 216. Took 0 sec
Best solution reduces penalty in component to: 216
New random solution with penalty in component: 211. Took 0 sec
Best solution reduces penalty in component to: 211
New random solution with penalty in component: 201. Took 0 sec
Best solution reduces penalty in component to: 201
New random solution with penalty in component: 215. Took 0 sec
Best solution reduces penalty in component to: 201
New random solution with penalty in component: 224. Took 0 sec
Best solution reduces penalty in component to: 201
New random solution with penalty in component: 221. Took 0 sec
Best solution reduces penalty in component to: 201
New random solution with penalty in component: 216. Took 0 sec
Best solution reduces penalty in component to: 201
New random solution with penalty in component: 212. Took 0 sec
Best solution reduces penalty in component to: 201
New random solution with penalty in component: 226. Took 0 sec
Best solution reduces penalty in component to: 201
New random solution with penalty in component: 205. Took 0 sec
Best solution reduces penalty in component to: 201
New random solution with penalty in component: 224. Took 0 sec
Best solution reduces penalty in component to: 201
New random solution with penalty in component: 224. Took 0 sec
Best solution reduces penalty in component to: 201
New random solution with penalty in component: 210. Took 0 sec
Best solution reduces penalty in component to: 201
New random solution with penalty in component: 208. Took 0 sec
Best solution reduces penalty in component to: 201
New random solution with penalty in component: 208. Took 0 sec
Best solution reduces penalty in component to: 201
New random solution with penalty in component: 218. Took 0 sec
Best solution reduces penalty in component to: 201
New random solution with penalty in component: 218. Took 0 sec
Best solution reduces penalty in component to: 201
New random solution with penalty in component: 226. Took 0 sec
Best solution reduces penalty in component to: 201
New random solution with penalty in component: 216. Took 0 sec
Best solution reduces penalty in component to: 201
New random solution with penalty in component: 218. Took 0 sec
Best solution reduces penalty in component to: 201
New random solution with penalty in component: 230. Took 0 sec
Best solution reduces penalty in component to: 201
New random solution with penalty in component: 215. Took 0 sec
Best solution reduces penalty in component to: 201
New random solution with penalty in component: 209. Took 0 sec
Best solution reduces penalty in component to: 201
New random solution with penalty in component: 229. Took 0 sec
Best solution reduces penalty in component to: 201
New random solution with penalty in component: 210. Took 0 sec
Best solution reduces penalty in component to: 201
New random solution with penalty in component: 228. Took 0 sec
Best solution reduces penalty in component to: 201
New random solution with penalty in component: 221. Took 0 sec
Best solution reduces penalty in component to: 201
New random solution with penalty in component: 214. Took 0 sec
Best solution reduces penalty in component to: 201
New random solution with penalty in component: 228. Took 0 sec
Best solution reduces penalty in component to: 201
New random solution with penalty in component: 194. Took 0 sec
Best solution reduces penalty in component to: 194
New random solution with penalty in component: 216. Took 0 sec
Best solution reduces penalty in component to: 194
New random solution with penalty in component: 217. Took 0 sec
Best solution reduces penalty in component to: 194
New random solution with penalty in component: 218. Took 0 sec
Best solution reduces penalty in component to: 194
New random solution with penalty in component: 203. Took 0 sec
Best solution reduces penalty in component to: 194
New random solution with penalty in component: 215. Took 0 sec
Best solution reduces penalty in component to: 194
New random solution with penalty in component: 226. Took 0 sec
Best solution reduces penalty in component to: 194
New random solution with penalty in component: 222. Took 0 sec
Best solution reduces penalty in component to: 194
New random solution with penalty in component: 221. Took 0 sec
Best solution reduces penalty in component to: 194
New random solution with penalty in component: 213. Took 0 sec
Best solution reduces penalty in component to: 194
New random solution with penalty in component: 202. Took 0 sec
Best solution reduces penalty in component to: 194
New random solution with penalty in component: 229. Took 0 sec
Best solution reduces penalty in component to: 194
New random solution with penalty in component: 213. Took 0 sec
Best solution reduces penalty in component to: 194
New random solution with penalty in component: 202. Took 0 sec
Best solution reduces penalty in component to: 194
New random solution with penalty in component: 212. Took 0 sec
Best solution reduces penalty in component to: 194
New random solution with penalty in component: 213. Took 0 sec
Best solution reduces penalty in component to: 194
New random solution with penalty in component: 214. Took 0 sec
Best solution reduces penalty in component to: 194
New random solution with penalty in component: 218. Took 0 sec
Best solution reduces penalty in component to: 194
New random solution with penalty in component: 207. Took 0 sec
Best solution reduces penalty in component to: 194
New random solution with penalty in component: 214. Took 0 sec
Best solution reduces penalty in component to: 194
New random solution with penalty in component: 241. Took 0 sec
Best solution reduces penalty in component to: 194
New random solution with penalty in component: 210. Took 0 sec
Best solution reduces penalty in component to: 194
New random solution with penalty in component: 225. Took 0 sec
Best solution reduces penalty in component to: 194
New random solution with penalty in component: 181. Took 0 sec
Best solution reduces penalty in component to: 181
New random solution with penalty in component: 210. Took 0 sec
Best solution reduces penalty in component to: 181
New random solution with penalty in component: 227. Took 0 sec
Best solution reduces penalty in component to: 181
New random solution with penalty in component: 233. Took 0 sec
Best solution reduces penalty in component to: 181
New random solution with penalty in component: 218. Took 0 sec
Best solution reduces penalty in component to: 181
New random solution with penalty in component: 205. Took 0 sec
Best solution reduces penalty in component to: 181
New random solution with penalty in component: 213. Took 0 sec
Best solution reduces penalty in component to: 181
New random solution with penalty in component: 226. Took 0 sec
Best solution reduces penalty in component to: 181
New random solution with penalty in component: 200. Took 0 sec
Best solution reduces penalty in component to: 181
New random solution with penalty in component: 214. Took 0 sec
Best solution reduces penalty in component to: 181
New random solution with penalty in component: 244. Took 0 sec
Best solution reduces penalty in component to: 181
New random solution with penalty in component: 215. Took 0 sec
Best solution reduces penalty in component to: 181
New random solution with penalty in component: 225. Took 0 sec
Best solution reduces penalty in component to: 181
New random solution with penalty in component: 215. Took 0 sec
Best solution reduces penalty in component to: 181
New random solution with penalty in component: 216. Took 0 sec
Best solution reduces penalty in component to: 181
New random solution with penalty in component: 211. Took 0 sec
Best solution reduces penalty in component to: 181
New random solution with penalty in component: 208. Took 0 sec
Best solution reduces penalty in component to: 181
New random solution with penalty in component: 223. Took 0 sec
Best solution reduces penalty in component to: 181
New random solution with penalty in component: 220. Took 0 sec
Best solution reduces penalty in component to: 181
New random solution with penalty in component: 229. Took 0 sec
Best solution reduces penalty in component to: 181
New random solution with penalty in component: 210. Took 0 sec
Best solution reduces penalty in component to: 181
New random solution with penalty in component: 215. Took 0 sec
Best solution reduces penalty in component to: 181
New random solution with penalty in component: 207. Took 0 sec
Best solution reduces penalty in component to: 181
New random solution with penalty in component: 207. Took 0 sec
Best solution reduces penalty in component to: 181
New random solution with penalty in component: 219. Took 0 sec
Best solution reduces penalty in component to: 181
New random solution with penalty in component: 217. Took 0 sec
Best solution reduces penalty in component to: 181
New random solution with penalty in component: 216. Took 0 sec
Best solution reduces penalty in component to: 181
New random solution with penalty in component: 211. Took 0 sec
Best solution reduces penalty in component to: 181
New random solution with penalty in component: 200. Took 0 sec
Best solution reduces penalty in component to: 181
New random solution with penalty in component: 232. Took 0 sec
Best solution reduces penalty in component to: 181
New random solution with penalty in component: 227. Took 0 sec
Best solution reduces penalty in component to: 181
New random solution with penalty in component: 226. Took 0 sec
Best solution reduces penalty in component to: 181
New random solution with penalty in component: 217. Took 0 sec
Best solution reduces penalty in component to: 181
New random solution with penalty in component: 210. Took 0 sec
Best solution reduces penalty in component to: 181
New random solution with penalty in component: 209. Took 0 sec
Best solution reduces penalty in component to: 181
New random solution with penalty in component: 226. Took 0 sec
Best solution reduces penalty in component to: 181
New random solution with penalty in component: 210. Took 0 sec
Best solution reduces penalty in component to: 181
New random solution with penalty in component: 201. Took 0 sec
Best solution reduces penalty in component to: 181
New random solution with penalty in component: 206. Took 0 sec
Best solution reduces penalty in component to: 181
New random solution with penalty in component: 231. Took 0 sec
Best solution reduces penalty in component to: 181
New random solution with penalty in component: 206. Took 0 sec
Best solution reduces penalty in component to: 181
New random solution with penalty in component: 203. Took 0 sec
Best solution reduces penalty in component to: 181
New random solution with penalty in component: 214. Took 0 sec
Best solution reduces penalty in component to: 181
New random solution with penalty in component: 222. Took 0 sec
Best solution reduces penalty in component to: 181
New random solution with penalty in component: 222. Took 0 sec
Best solution reduces penalty in component to: 181
New random solution with penalty in component: 223. Took 0 sec
Best solution reduces penalty in component to: 181
New random solution with penalty in component: 224. Took 0 sec
Best solution reduces penalty in component to: 181
New random solution with penalty in component: 217. Took 0 sec
Best solution reduces penalty in component to: 181

CURRENTLY WORKING ON COMPONENT 4
Skipping acyclic component

CURRENTLY WORKING ON COMPONENT 5
Skipping acyclic component

CURRENTLY WORKING ON COMPONENT 6
Skipping acyclic component

CURRENTLY WORKING ON COMPONENT 7
Skipping acyclic component
Total penalty: 188
SOLUTION IS VALID
