Found 1 strongly connected components

CURRENTLY WORKING ON COMPONENT 1
New random solution with penalty in component: 104. Took 0 sec
Local search improved penalty in component to: 81. Took 255 sec
Best solution reduces penalty in component to: 81
New random solution with penalty in component: 108. Took 0 sec
Local search improved penalty in component to: 81. Took 433 sec
Best solution reduces penalty in component to: 81
New random solution with penalty in component: 111. Took 0 sec
Local search improved penalty in component to: 80. Took 1023 sec
Best solution reduces penalty in component to: 80
New random solution with penalty in component: 106. Took 0 sec
Local search improved penalty in component to: 79. Took 410 sec
Best solution reduces penalty in component to: 79
New random solution with penalty in component: 112. Took 0 sec
Local search improved penalty in component to: 80. Took 562 sec
Best solution reduces penalty in component to: 79
New random solution with penalty in component: 102. Took 0 sec
Local search improved penalty in component to: 79. Took 156 sec
Best solution reduces penalty in component to: 79
New random solution with penalty in component: 108. Took 0 sec
Local search improved penalty in component to: 79. Took 395 sec
Best solution reduces penalty in component to: 79
New random solution with penalty in component: 112. Took 0 sec
Local search improved penalty in component to: 81. Took 684 sec
Best solution reduces penalty in component to: 79
New random solution with penalty in component: 111. Took 0 sec
Local search improved penalty in component to: 81. Took 482 sec
Best solution reduces penalty in component to: 79
New random solution with penalty in component: 104. Took 0 sec
Local search improved penalty in component to: 79. Took 202 sec
Best solution reduces penalty in component to: 79
New random solution with penalty in component: 112. Took 0 sec
Local search improved penalty in component to: 78. Took 925 sec
Best solution reduces penalty in component to: 78
New random solution with penalty in component: 115. Took 0 sec
Local search improved penalty in component to: 80. Took 1087 sec
Best solution reduces penalty in component to: 78
New random solution with penalty in component: 114. Took 0 sec
Local search improved penalty in component to: 80. Took 1078 sec
Best solution reduces penalty in component to: 78
New random solution with penalty in component: 108. Took 0 sec
Local search improved penalty in component to: 79. Took 532 sec
Best solution reduces penalty in component to: 78
New random solution with penalty in component: 105. Took 0 sec
Local search improved penalty in component to: 77. Took 211 sec
Best solution reduces penalty in component to: 77
New random solution with penalty in component: 112. Took 0 sec
Local search improved penalty in component to: 83. Took 702 sec
Best solution reduces penalty in component to: 77
New random solution with penalty in component: 106. Took 0 sec
Local search improved penalty in component to: 79. Took 336 sec
Best solution reduces penalty in component to: 77
New random solution with penalty in component: 110. Took 0 sec
Local search improved penalty in component to: 82. Took 680 sec
Best solution reduces penalty in component to: 77
New random solution with penalty in component: 108. Took 0 sec
Local search improved penalty in component to: 80. Took 379 sec
Best solution reduces penalty in component to: 77
New random solution with penalty in component: 111. Took 0 sec
Local search improved penalty in component to: 81. Took 510 sec
Best solution reduces penalty in component to: 77
Total penalty: 77
SOLUTION IS VALID
