Found 1 strongly connected components

CURRENTLY WORKING ON COMPONENT 1
New random solution with penalty in component: 202. Took 0 sec
Local search improved penalty in component to: 202. Took 3 sec
Best solution reduces penalty in component to: 202
New random solution with penalty in component: 202. Took 0 sec
Local search improved penalty in component to: 202. Took 3 sec
Best solution reduces penalty in component to: 202
New random solution with penalty in component: 202. Took 0 sec
Local search improved penalty in component to: 202. Took 3 sec
Best solution reduces penalty in component to: 202
New random solution with penalty in component: 202. Took 0 sec
Local search improved penalty in component to: 202. Took 3 sec
Best solution reduces penalty in component to: 202
New random solution with penalty in component: 202. Took 0 sec
Local search improved penalty in component to: 202. Took 3 sec
Best solution reduces penalty in component to: 202
New random solution with penalty in component: 202. Took 0 sec
Local search improved penalty in component to: 202. Took 3 sec
Best solution reduces penalty in component to: 202
New random solution with penalty in component: 202. Took 0 sec
Local search improved penalty in component to: 202. Took 3 sec
Best solution reduces penalty in component to: 202
New random solution with penalty in component: 202. Took 0 sec
Local search improved penalty in component to: 202. Took 3 sec
Best solution reduces penalty in component to: 202
New random solution with penalty in component: 202. Took 0 sec
Local search improved penalty in component to: 202. Took 3 sec
Best solution reduces penalty in component to: 202
New random solution with penalty in component: 202. Took 0 sec
Local search improved penalty in component to: 202. Took 3 sec
Best solution reduces penalty in component to: 202
New random solution with penalty in component: 202. Took 0 sec
Local search improved penalty in component to: 202. Took 3 sec
Best solution reduces penalty in component to: 202
New random solution with penalty in component: 202. Took 0 sec
Local search improved penalty in component to: 202. Took 3 sec
Best solution reduces penalty in component to: 202
New random solution with penalty in component: 202. Took 0 sec
Local search improved penalty in component to: 202. Took 3 sec
Best solution reduces penalty in component to: 202
New random solution with penalty in component: 202. Took 0 sec
Local search improved penalty in component to: 202. Took 3 sec
Best solution reduces penalty in component to: 202
New random solution with penalty in component: 202. Took 0 sec
Local search improved penalty in component to: 202. Took 3 sec
Best solution reduces penalty in component to: 202
New random solution with penalty in component: 202. Took 0 sec
Local search improved penalty in component to: 202. Took 3 sec
Best solution reduces penalty in component to: 202
New random solution with penalty in component: 202. Took 0 sec
Local search improved penalty in component to: 202. Took 3 sec
Best solution reduces penalty in component to: 202
New random solution with penalty in component: 202. Took 0 sec
Local search improved penalty in component to: 202. Took 3 sec
Best solution reduces penalty in component to: 202
New random solution with penalty in component: 202. Took 0 sec
Local search improved penalty in component to: 202. Took 3 sec
Best solution reduces penalty in component to: 202
New random solution with penalty in component: 202. Took 0 sec
Local search improved penalty in component to: 202. Took 3 sec
Best solution reduces penalty in component to: 202
Total penalty: 202
SOLUTION IS VALID
