Found 1 strongly connected components

CURRENTLY WORKING ON COMPONENT 1
New random solution with penalty in component: 14. Took 0 sec
Local search improved penalty in component to: 2. Took 0 sec
Best solution reduces penalty in component to: 2
New random solution with penalty in component: 10. Took 0 sec
Local search improved penalty in component to: 3. Took 0 sec
Best solution reduces penalty in component to: 2
New random solution with penalty in component: 14. Took 0 sec
Local search improved penalty in component to: 2. Took 0 sec
Best solution reduces penalty in component to: 2
New random solution with penalty in component: 12. Took 0 sec
Local search improved penalty in component to: 2. Took 0 sec
Best solution reduces penalty in component to: 2
New random solution with penalty in component: 13. Took 0 sec
Local search improved penalty in component to: 4. Took 0 sec
Best solution reduces penalty in component to: 2
New random solution with penalty in component: 13. Took 0 sec
Local search improved penalty in component to: 2. Took 0 sec
Best solution reduces penalty in component to: 2
New random solution with penalty in component: 8. Took 0 sec
Local search improved penalty in component to: 1. Took 0 sec
Best solution reduces penalty in component to: 1
New random solution with penalty in component: 8. Took 0 sec
Local search improved penalty in component to: 1. Took 0 sec
Best solution reduces penalty in component to: 1
New random solution with penalty in component: 10. Took 0 sec
Local search improved penalty in component to: 1. Took 0 sec
Best solution reduces penalty in component to: 1
New random solution with penalty in component: 13. Took 0 sec
Local search improved penalty in component to: 1. Took 0 sec
Best solution reduces penalty in component to: 1
New random solution with penalty in component: 9. Took 0 sec
Local search improved penalty in component to: 3. Took 0 sec
Best solution reduces penalty in component to: 1
New random solution with penalty in component: 14. Took 0 sec
Local search improved penalty in component to: 1. Took 0 sec
Best solution reduces penalty in component to: 1
New random solution with penalty in component: 12. Took 0 sec
Local search improved penalty in component to: 1. Took 0 sec
Best solution reduces penalty in component to: 1
New random solution with penalty in component: 15. Took 0 sec
Local search improved penalty in component to: 2. Took 1 sec
Best solution reduces penalty in component to: 1
New random solution with penalty in component: 8. Took 0 sec
Local search improved penalty in component to: 2. Took 0 sec
Best solution reduces penalty in component to: 1
New random solution with penalty in component: 11. Took 0 sec
Local search improved penalty in component to: 1. Took 0 sec
Best solution reduces penalty in component to: 1
New random solution with penalty in component: 11. Took 0 sec
Local search improved penalty in component to: 4. Took 0 sec
Best solution reduces penalty in component to: 1
New random solution with penalty in component: 7. Took 0 sec
Local search improved penalty in component to: 1. Took 0 sec
Best solution reduces penalty in component to: 1
New random solution with penalty in component: 8. Took 0 sec
Local search improved penalty in component to: 3. Took 0 sec
Best solution reduces penalty in component to: 1
New random solution with penalty in component: 14. Took 0 sec
Local search improved penalty in component to: 0. Took 0 sec
Best solution reduces penalty in component to: 0
Total penalty: 0
SOLUTION IS VALID
