Found 22 strongly connected components

CURRENTLY WORKING ON COMPONENT 1
Skipping acyclic component

CURRENTLY WORKING ON COMPONENT 2
Skipping acyclic component

CURRENTLY WORKING ON COMPONENT 3
Skipping acyclic component

CURRENTLY WORKING ON COMPONENT 4
Skipping acyclic component

CURRENTLY WORKING ON COMPONENT 5
Skipping acyclic component

CURRENTLY WORKING ON COMPONENT 6
Skipping acyclic component

CURRENTLY WORKING ON COMPONENT 7
Skipping acyclic component

CURRENTLY WORKING ON COMPONENT 8
Skipping acyclic component

CURRENTLY WORKING ON COMPONENT 9
Dynamic programming solution found with score: 0. Took 0 sec

CURRENTLY WORKING ON COMPONENT 10
Skipping acyclic component

CURRENTLY WORKING ON COMPONENT 11
Skipping acyclic component

CURRENTLY WORKING ON COMPONENT 12
Skipping acyclic component

CURRENTLY WORKING ON COMPONENT 13
Dynamic programming solution found with score: 0. Took 0 sec

CURRENTLY WORKING ON COMPONENT 14
Dynamic programming solution found with score: 0. Took 0 sec

CURRENTLY WORKING ON COMPONENT 15
Dynamic programming solution found with score: 0. Took 0 sec

CURRENTLY WORKING ON COMPONENT 16
Skipping acyclic component

CURRENTLY WORKING ON COMPONENT 17
Dynamic programming solution found with score: 0. Took 0 sec

CURRENTLY WORKING ON COMPONENT 18
Dynamic programming solution found with score: 2. Took 0 sec

CURRENTLY WORKING ON COMPONENT 19
Skipping acyclic component

CURRENTLY WORKING ON COMPONENT 20
Skipping acyclic component

CURRENTLY WORKING ON COMPONENT 21
Skipping acyclic component

CURRENTLY WORKING ON COMPONENT 22
New random solution with penalty in component: 24. Took 0 sec
Local search improved penalty in component to: 20. Took 0 sec
Best solution reduces penalty in component to: 20
New random solution with penalty in component: 31. Took 0 sec
Local search improved penalty in component to: 20. Took 1 sec
Best solution reduces penalty in component to: 20
New random solution with penalty in component: 22. Took 0 sec
Local search improved penalty in component to: 17. Took 0 sec
Best solution reduces penalty in component to: 17
New random solution with penalty in component: 27. Took 0 sec
Local search improved penalty in component to: 20. Took 0 sec
Best solution reduces penalty in component to: 17
New random solution with penalty in component: 25. Took 0 sec
Local search improved penalty in component to: 16. Took 0 sec
Best solution reduces penalty in component to: 16
New random solution with penalty in component: 24. Took 0 sec
Local search improved penalty in component to: 18. Took 0 sec
Best solution reduces penalty in component to: 16
New random solution with penalty in component: 26. Took 0 sec
Local search improved penalty in component to: 18. Took 0 sec
Best solution reduces penalty in component to: 16
New random solution with penalty in component: 23. Took 0 sec
Local search improved penalty in component to: 17. Took 0 sec
Best solution reduces penalty in component to: 16
New random solution with penalty in component: 26. Took 0 sec
Local search improved penalty in component to: 20. Took 0 sec
Best solution reduces penalty in component to: 16
New random solution with penalty in component: 27. Took 0 sec
Local search improved penalty in component to: 18. Took 0 sec
Best solution reduces penalty in component to: 16
New random solution with penalty in component: 23. Took 0 sec
Local search improved penalty in component to: 16. Took 0 sec
Best solution reduces penalty in component to: 16
New random solution with penalty in component: 22. Took 0 sec
Local search improved penalty in component to: 22. Took 0 sec
Best solution reduces penalty in component to: 16
New random solution with penalty in component: 25. Took 0 sec
Local search improved penalty in component to: 15. Took 0 sec
Best solution reduces penalty in component to: 15
New random solution with penalty in component: 26. Took 0 sec
Local search improved penalty in component to: 17. Took 0 sec
Best solution reduces penalty in component to: 15
New random solution with penalty in component: 27. Took 0 sec
Local search improved penalty in component to: 20. Took 0 sec
Best solution reduces penalty in component to: 15
New random solution with penalty in component: 29. Took 0 sec
Local search improved penalty in component to: 16. Took 1 sec
Best solution reduces penalty in component to: 15
New random solution with penalty in component: 26. Took 0 sec
Local search improved penalty in component to: 18. Took 0 sec
Best solution reduces penalty in component to: 15
New random solution with penalty in component: 23. Took 0 sec
Local search improved penalty in component to: 16. Took 0 sec
Best solution reduces penalty in component to: 15
New random solution with penalty in component: 21. Took 0 sec
Local search improved penalty in component to: 18. Took 0 sec
Best solution reduces penalty in component to: 15
New random solution with penalty in component: 27. Took 0 sec
Local search improved penalty in component to: 16. Took 1 sec
Best solution reduces penalty in component to: 15
Total penalty: 35
SOLUTION IS VALID
