Found 15 strongly connected components

CURRENTLY WORKING ON COMPONENT 1
Skipping acyclic component

CURRENTLY WORKING ON COMPONENT 2
Skipping acyclic component

CURRENTLY WORKING ON COMPONENT 3
Skipping acyclic component

CURRENTLY WORKING ON COMPONENT 4
Skipping acyclic component

CURRENTLY WORKING ON COMPONENT 5
Skipping acyclic component

CURRENTLY WORKING ON COMPONENT 6
Skipping acyclic component

CURRENTLY WORKING ON COMPONENT 7
Skipping acyclic component

CURRENTLY WORKING ON COMPONENT 8
Skipping acyclic component

CURRENTLY WORKING ON COMPONENT 9
Skipping acyclic component

CURRENTLY WORKING ON COMPONENT 10
Skipping acyclic component

CURRENTLY WORKING ON COMPONENT 11
Skipping acyclic component

CURRENTLY WORKING ON COMPONENT 12
New random solution with penalty in component: 96. Took 0 sec
Local search improved penalty in component to: 91. Took 2 sec
Best solution reduces penalty in component to: 91
New random solution with penalty in component: 93. Took 0 sec
Local search improved penalty in component to: 93. Took 1 sec
Best solution reduces penalty in component to: 91
New random solution with penalty in component: 96. Took 0 sec
Local search improved penalty in component to: 92. Took 4 sec
Best solution reduces penalty in component to: 91
New random solution with penalty in component: 96. Took 0 sec
Local search improved penalty in component to: 94. Took 2 sec
Best solution reduces penalty in component to: 91
New random solution with penalty in component: 91. Took 0 sec
Local search improved penalty in component to: 91. Took 0 sec
Best solution reduces penalty in component to: 91
New random solution with penalty in component: 101. Took 0 sec
Local search improved penalty in component to: 89. Took 6 sec
Best solution reduces penalty in component to: 89
New random solution with penalty in component: 94. Took 0 sec
Local search improved penalty in component to: 94. Took 1 sec
Best solution reduces penalty in component to: 89
New random solution with penalty in component: 98. Took 0 sec
Local search improved penalty in component to: 93. Took 3 sec
Best solution reduces penalty in component to: 89
New random solution with penalty in component: 96. Took 0 sec
Local search improved penalty in component to: 96. Took 1 sec
Best solution reduces penalty in component to: 89
New random solution with penalty in component: 97. Took 0 sec
Local search improved penalty in component to: 95. Took 2 sec
Best solution reduces penalty in component to: 89
New random solution with penalty in component: 96. Took 0 sec
Local search improved penalty in component to: 96. Took 1 sec
Best solution reduces penalty in component to: 89
New random solution with penalty in component: 97. Took 0 sec
Local search improved penalty in component to: 97. Took 1 sec
Best solution reduces penalty in component to: 89
New random solution with penalty in component: 101. Took 0 sec
Local search improved penalty in component to: 91. Took 7 sec
Best solution reduces penalty in component to: 89
New random solution with penalty in component: 96. Took 0 sec
Local search improved penalty in component to: 96. Took 1 sec
Best solution reduces penalty in component to: 89
New random solution with penalty in component: 97. Took 0 sec
Local search improved penalty in component to: 97. Took 1 sec
Best solution reduces penalty in component to: 89
New random solution with penalty in component: 94. Took 0 sec
Local search improved penalty in component to: 94. Took 1 sec
Best solution reduces penalty in component to: 89
New random solution with penalty in component: 96. Took 0 sec
Local search improved penalty in component to: 96. Took 1 sec
Best solution reduces penalty in component to: 89
New random solution with penalty in component: 97. Took 0 sec
Local search improved penalty in component to: 97. Took 1 sec
Best solution reduces penalty in component to: 89
New random solution with penalty in component: 101. Took 0 sec
Local search improved penalty in component to: 101. Took 1 sec
Best solution reduces penalty in component to: 89
New random solution with penalty in component: 96. Took 0 sec
Local search improved penalty in component to: 96. Took 1 sec
Best solution reduces penalty in component to: 89

CURRENTLY WORKING ON COMPONENT 13
Skipping acyclic component

CURRENTLY WORKING ON COMPONENT 14
Skipping acyclic component

CURRENTLY WORKING ON COMPONENT 15
Skipping acyclic component
Total penalty: 104
SOLUTION IS VALID
