Found 7 strongly connected components

CURRENTLY WORKING ON COMPONENT 1
Dynamic programming solution found with score: 0. Took 0 sec

CURRENTLY WORKING ON COMPONENT 2
New random solution with penalty in component: 13. Took 0 sec
Local search improved penalty in component to: 13. Took 0 sec
Best solution reduces penalty in component to: 13
New random solution with penalty in component: 13. Took 0 sec
Local search improved penalty in component to: 13. Took 0 sec
Best solution reduces penalty in component to: 13
New random solution with penalty in component: 13. Took 0 sec
Local search improved penalty in component to: 13. Took 0 sec
Best solution reduces penalty in component to: 13
New random solution with penalty in component: 13. Took 0 sec
Local search improved penalty in component to: 13. Took 0 sec
Best solution reduces penalty in component to: 13
New random solution with penalty in component: 13. Took 0 sec
Local search improved penalty in component to: 13. Took 0 sec
Best solution reduces penalty in component to: 13
New random solution with penalty in component: 13. Took 0 sec
Local search improved penalty in component to: 13. Took 0 sec
Best solution reduces penalty in component to: 13
New random solution with penalty in component: 13. Took 0 sec
Local search improved penalty in component to: 13. Took 0 sec
Best solution reduces penalty in component to: 13
New random solution with penalty in component: 13. Took 0 sec
Local search improved penalty in component to: 13. Took 0 sec
Best solution reduces penalty in component to: 13
New random solution with penalty in component: 13. Took 0 sec
Local search improved penalty in component to: 13. Took 0 sec
Best solution reduces penalty in component to: 13
New random solution with penalty in component: 13. Took 0 sec
Local search improved penalty in component to: 13. Took 0 sec
Best solution reduces penalty in component to: 13
New random solution with penalty in component: 13. Took 0 sec
Local search improved penalty in component to: 13. Took 0 sec
Best solution reduces penalty in component to: 13
New random solution with penalty in component: 13. Took 0 sec
Local search improved penalty in component to: 13. Took 0 sec
Best solution reduces penalty in component to: 13
New random solution with penalty in component: 13. Took 0 sec
Local search improved penalty in component to: 13. Took 0 sec
Best solution reduces penalty in component to: 13
New random solution with penalty in component: 13. Took 0 sec
Local search improved penalty in component to: 13. Took 0 sec
Best solution reduces penalty in component to: 13
New random solution with penalty in component: 13. Took 0 sec
Local search improved penalty in component to: 13. Took 0 sec
Best solution reduces penalty in component to: 13
New random solution with penalty in component: 13. Took 0 sec
Local search improved penalty in component to: 13. Took 0 sec
Best solution reduces penalty in component to: 13
New random solution with penalty in component: 13. Took 0 sec
Local search improved penalty in component to: 13. Took 0 sec
Best solution reduces penalty in component to: 13
New random solution with penalty in component: 13. Took 0 sec
Local search improved penalty in component to: 13. Took 0 sec
Best solution reduces penalty in component to: 13
New random solution with penalty in component: 13. Took 0 sec
Local search improved penalty in component to: 13. Took 0 sec
Best solution reduces penalty in component to: 13
New random solution with penalty in component: 13. Took 0 sec
Local search improved penalty in component to: 13. Took 0 sec
Best solution reduces penalty in component to: 13

CURRENTLY WORKING ON COMPONENT 3
Dynamic programming solution found with score: 0. Took 0 sec

CURRENTLY WORKING ON COMPONENT 4
New random solution with penalty in component: 13. Took 0 sec
Local search improved penalty in component to: 13. Took 0 sec
Best solution reduces penalty in component to: 13
New random solution with penalty in component: 13. Took 0 sec
Local search improved penalty in component to: 13. Took 0 sec
Best solution reduces penalty in component to: 13
New random solution with penalty in component: 13. Took 0 sec
Local search improved penalty in component to: 13. Took 0 sec
Best solution reduces penalty in component to: 13
New random solution with penalty in component: 13. Took 0 sec
Local search improved penalty in component to: 13. Took 0 sec
Best solution reduces penalty in component to: 13
New random solution with penalty in component: 13. Took 0 sec
Local search improved penalty in component to: 13. Took 0 sec
Best solution reduces penalty in component to: 13
New random solution with penalty in component: 13. Took 0 sec
Local search improved penalty in component to: 13. Took 0 sec
Best solution reduces penalty in component to: 13
New random solution with penalty in component: 13. Took 0 sec
Local search improved penalty in component to: 13. Took 0 sec
Best solution reduces penalty in component to: 13
New random solution with penalty in component: 13. Took 0 sec
Local search improved penalty in component to: 13. Took 0 sec
Best solution reduces penalty in component to: 13
New random solution with penalty in component: 13. Took 0 sec
Local search improved penalty in component to: 13. Took 0 sec
Best solution reduces penalty in component to: 13
New random solution with penalty in component: 13. Took 0 sec
Local search improved penalty in component to: 13. Took 0 sec
Best solution reduces penalty in component to: 13
New random solution with penalty in component: 13. Took 0 sec
Local search improved penalty in component to: 13. Took 0 sec
Best solution reduces penalty in component to: 13
New random solution with penalty in component: 13. Took 0 sec
Local search improved penalty in component to: 13. Took 0 sec
Best solution reduces penalty in component to: 13
New random solution with penalty in component: 13. Took 0 sec
Local search improved penalty in component to: 13. Took 0 sec
Best solution reduces penalty in component to: 13
New random solution with penalty in component: 13. Took 0 sec
Local search improved penalty in component to: 13. Took 0 sec
Best solution reduces penalty in component to: 13
New random solution with penalty in component: 13. Took 0 sec
Local search improved penalty in component to: 13. Took 0 sec
Best solution reduces penalty in component to: 13
New random solution with penalty in component: 13. Took 0 sec
Local search improved penalty in component to: 13. Took 0 sec
Best solution reduces penalty in component to: 13
New random solution with penalty in component: 13. Took 0 sec
Local search improved penalty in component to: 13. Took 0 sec
Best solution reduces penalty in component to: 13
New random solution with penalty in component: 13. Took 0 sec
Local search improved penalty in component to: 13. Took 0 sec
Best solution reduces penalty in component to: 13
New random solution with penalty in component: 13. Took 0 sec
Local search improved penalty in component to: 13. Took 0 sec
Best solution reduces penalty in component to: 13
New random solution with penalty in component: 13. Took 0 sec
Local search improved penalty in component to: 13. Took 0 sec
Best solution reduces penalty in component to: 13

CURRENTLY WORKING ON COMPONENT 5
New random solution with penalty in component: 14. Took 0 sec
Local search improved penalty in component to: 14. Took 0 sec
Best solution reduces penalty in component to: 14
New random solution with penalty in component: 14. Took 0 sec
Local search improved penalty in component to: 14. Took 0 sec
Best solution reduces penalty in component to: 14
New random solution with penalty in component: 14. Took 0 sec
Local search improved penalty in component to: 14. Took 0 sec
Best solution reduces penalty in component to: 14
New random solution with penalty in component: 14. Took 0 sec
Local search improved penalty in component to: 14. Took 0 sec
Best solution reduces penalty in component to: 14
New random solution with penalty in component: 14. Took 0 sec
Local search improved penalty in component to: 14. Took 0 sec
Best solution reduces penalty in component to: 14
New random solution with penalty in component: 14. Took 0 sec
Local search improved penalty in component to: 14. Took 0 sec
Best solution reduces penalty in component to: 14
New random solution with penalty in component: 14. Took 0 sec
Local search improved penalty in component to: 14. Took 0 sec
Best solution reduces penalty in component to: 14
New random solution with penalty in component: 14. Took 0 sec
Local search improved penalty in component to: 14. Took 0 sec
Best solution reduces penalty in component to: 14
New random solution with penalty in component: 14. Took 0 sec
Local search improved penalty in component to: 14. Took 0 sec
Best solution reduces penalty in component to: 14
New random solution with penalty in component: 14. Took 0 sec
Local search improved penalty in component to: 14. Took 0 sec
Best solution reduces penalty in component to: 14
New random solution with penalty in component: 14. Took 0 sec
Local search improved penalty in component to: 14. Took 0 sec
Best solution reduces penalty in component to: 14
New random solution with penalty in component: 14. Took 0 sec
Local search improved penalty in component to: 14. Took 0 sec
Best solution reduces penalty in component to: 14
New random solution with penalty in component: 14. Took 0 sec
Local search improved penalty in component to: 14. Took 0 sec
Best solution reduces penalty in component to: 14
New random solution with penalty in component: 14. Took 0 sec
Local search improved penalty in component to: 14. Took 0 sec
Best solution reduces penalty in component to: 14
New random solution with penalty in component: 14. Took 0 sec
Local search improved penalty in component to: 14. Took 0 sec
Best solution reduces penalty in component to: 14
New random solution with penalty in component: 14. Took 0 sec
Local search improved penalty in component to: 14. Took 0 sec
Best solution reduces penalty in component to: 14
New random solution with penalty in component: 14. Took 0 sec
Local search improved penalty in component to: 14. Took 0 sec
Best solution reduces penalty in component to: 14
New random solution with penalty in component: 14. Took 0 sec
Local search improved penalty in component to: 14. Took 0 sec
Best solution reduces penalty in component to: 14
New random solution with penalty in component: 14. Took 0 sec
Local search improved penalty in component to: 14. Took 0 sec
Best solution reduces penalty in component to: 14
New random solution with penalty in component: 14. Took 0 sec
Local search improved penalty in component to: 14. Took 0 sec
Best solution reduces penalty in component to: 14

CURRENTLY WORKING ON COMPONENT 6
New random solution with penalty in component: 64. Took 0 sec
Local search improved penalty in component to: 64. Took 0 sec
Best solution reduces penalty in component to: 64
New random solution with penalty in component: 64. Took 0 sec
Local search improved penalty in component to: 64. Took 0 sec
Best solution reduces penalty in component to: 64
New random solution with penalty in component: 64. Took 0 sec
Local search improved penalty in component to: 64. Took 0 sec
Best solution reduces penalty in component to: 64
New random solution with penalty in component: 64. Took 0 sec
Local search improved penalty in component to: 64. Took 0 sec
Best solution reduces penalty in component to: 64
New random solution with penalty in component: 64. Took 0 sec
Local search improved penalty in component to: 64. Took 0 sec
Best solution reduces penalty in component to: 64
New random solution with penalty in component: 64. Took 0 sec
Local search improved penalty in component to: 64. Took 0 sec
Best solution reduces penalty in component to: 64
New random solution with penalty in component: 64. Took 0 sec
Local search improved penalty in component to: 64. Took 0 sec
Best solution reduces penalty in component to: 64
New random solution with penalty in component: 64. Took 0 sec
Local search improved penalty in component to: 64. Took 0 sec
Best solution reduces penalty in component to: 64
New random solution with penalty in component: 64. Took 0 sec
Local search improved penalty in component to: 64. Took 0 sec
Best solution reduces penalty in component to: 64
New random solution with penalty in component: 64. Took 0 sec
Local search improved penalty in component to: 64. Took 0 sec
Best solution reduces penalty in component to: 64
New random solution with penalty in component: 64. Took 0 sec
Local search improved penalty in component to: 64. Took 0 sec
Best solution reduces penalty in component to: 64
New random solution with penalty in component: 64. Took 0 sec
Local search improved penalty in component to: 64. Took 0 sec
Best solution reduces penalty in component to: 64
New random solution with penalty in component: 64. Took 0 sec
Local search improved penalty in component to: 64. Took 0 sec
Best solution reduces penalty in component to: 64
New random solution with penalty in component: 64. Took 0 sec
Local search improved penalty in component to: 64. Took 0 sec
Best solution reduces penalty in component to: 64
New random solution with penalty in component: 64. Took 0 sec
Local search improved penalty in component to: 64. Took 0 sec
Best solution reduces penalty in component to: 64
New random solution with penalty in component: 64. Took 0 sec
Local search improved penalty in component to: 64. Took 0 sec
Best solution reduces penalty in component to: 64
New random solution with penalty in component: 64. Took 0 sec
Local search improved penalty in component to: 64. Took 0 sec
Best solution reduces penalty in component to: 64
New random solution with penalty in component: 64. Took 0 sec
Local search improved penalty in component to: 64. Took 0 sec
Best solution reduces penalty in component to: 64
New random solution with penalty in component: 64. Took 0 sec
Local search improved penalty in component to: 64. Took 0 sec
Best solution reduces penalty in component to: 64
New random solution with penalty in component: 64. Took 0 sec
Local search improved penalty in component to: 64. Took 0 sec
Best solution reduces penalty in component to: 64

CURRENTLY WORKING ON COMPONENT 7
Skipping acyclic component
Total penalty: 106
SOLUTION IS VALID
