Found 4 strongly connected components

CURRENTLY WORKING ON COMPONENT 1
Skipping acyclic component

CURRENTLY WORKING ON COMPONENT 2
New random solution with penalty in component: 208. Took 0 sec
Local search improved penalty in component to: 46. Took 670 sec
Best solution reduces penalty in component to: 46
New random solution with penalty in component: 194. Took 0 sec
Local search improved penalty in component to: 49. Took 747 sec
Best solution reduces penalty in component to: 46
New random solution with penalty in component: 196. Took 0 sec
Local search improved penalty in component to: 49. Took 648 sec
Best solution reduces penalty in component to: 46
New random solution with penalty in component: 186. Took 0 sec
Local search improved penalty in component to: 58. Took 788 sec
Best solution reduces penalty in component to: 46
New random solution with penalty in component: 214. Took 0 sec
Local search improved penalty in component to: 52. Took 963 sec
Best solution reduces penalty in component to: 46
New random solution with penalty in component: 209. Took 0 sec
Local search improved penalty in component to: 59. Took 860 sec
Best solution reduces penalty in component to: 46
New random solution with penalty in component: 183. Took 0 sec
Local search improved penalty in component to: 50. Took 499 sec
Best solution reduces penalty in component to: 46
New random solution with penalty in component: 199. Took 0 sec
Local search improved penalty in component to: 58. Took 651 sec
Best solution reduces penalty in component to: 46
New random solution with penalty in component: 187. Took 0 sec
Local search improved penalty in component to: 66. Took 617 sec
Best solution reduces penalty in component to: 46
New random solution with penalty in component: 185. Took 0 sec
Local search improved penalty in component to: 48. Took 486 sec
Best solution reduces penalty in component to: 46
New random solution with penalty in component: 204. Took 0 sec
Local search improved penalty in component to: 55. Took 785 sec
Best solution reduces penalty in component to: 46
New random solution with penalty in component: 216. Took 0 sec
Local search improved penalty in component to: 52. Took 850 sec
Best solution reduces penalty in component to: 46
New random solution with penalty in component: 195. Took 0 sec
Local search improved penalty in component to: 60. Took 665 sec
Best solution reduces penalty in component to: 46
New random solution with penalty in component: 177. Took 0 sec
Local search improved penalty in component to: 47. Took 550 sec
Best solution reduces penalty in component to: 46
New random solution with penalty in component: 224. Took 0 sec
Local search improved penalty in component to: 64. Took 1011 sec
Best solution reduces penalty in component to: 46
New random solution with penalty in component: 180. Took 0 sec
Local search improved penalty in component to: 45. Took 488 sec
Best solution reduces penalty in component to: 45
New random solution with penalty in component: 198. Took 0 sec
Local search improved penalty in component to: 48. Took 758 sec
Best solution reduces penalty in component to: 45
New random solution with penalty in component: 182. Took 0 sec
Local search improved penalty in component to: 48. Took 624 sec
Best solution reduces penalty in component to: 45
New random solution with penalty in component: 214. Took 0 sec
Local search improved penalty in component to: 45. Took 988 sec
Best solution reduces penalty in component to: 45
New random solution with penalty in component: 185. Took 0 sec
Local search improved penalty in component to: 55. Took 553 sec
Best solution reduces penalty in component to: 45

CURRENTLY WORKING ON COMPONENT 3
Skipping acyclic component

CURRENTLY WORKING ON COMPONENT 4
Skipping acyclic component
Total penalty: 49
SOLUTION IS VALID
