Found 7 strongly connected components

CURRENTLY WORKING ON COMPONENT 1
Skipping acyclic component

CURRENTLY WORKING ON COMPONENT 2
Skipping acyclic component

CURRENTLY WORKING ON COMPONENT 3
Skipping acyclic component

CURRENTLY WORKING ON COMPONENT 4
Skipping acyclic component

CURRENTLY WORKING ON COMPONENT 5
Skipping acyclic component

CURRENTLY WORKING ON COMPONENT 6
Dynamic programming solution found with score: 0. Took 0 sec

CURRENTLY WORKING ON COMPONENT 7
New random solution with penalty in component: 13. Took 0 sec
Local search improved penalty in component to: 12. Took 0 sec
Best solution reduces penalty in component to: 12
New random solution with penalty in component: 13. Took 0 sec
Local search improved penalty in component to: 13. Took 0 sec
Best solution reduces penalty in component to: 12
New random solution with penalty in component: 13. Took 0 sec
Local search improved penalty in component to: 13. Took 0 sec
Best solution reduces penalty in component to: 12
New random solution with penalty in component: 13. Took 0 sec
Local search improved penalty in component to: 13. Took 0 sec
Best solution reduces penalty in component to: 12
New random solution with penalty in component: 13. Took 0 sec
Local search improved penalty in component to: 13. Took 0 sec
Best solution reduces penalty in component to: 12
New random solution with penalty in component: 13. Took 0 sec
Local search improved penalty in component to: 13. Took 0 sec
Best solution reduces penalty in component to: 12
New random solution with penalty in component: 13. Took 0 sec
Local search improved penalty in component to: 13. Took 0 sec
Best solution reduces penalty in component to: 12
New random solution with penalty in component: 13. Took 0 sec
Local search improved penalty in component to: 13. Took 0 sec
Best solution reduces penalty in component to: 12
New random solution with penalty in component: 13. Took 0 sec
Local search improved penalty in component to: 13. Took 0 sec
Best solution reduces penalty in component to: 12
New random solution with penalty in component: 13. Took 0 sec
Local search improved penalty in component to: 13. Took 0 sec
Best solution reduces penalty in component to: 12
New random solution with penalty in component: 13. Took 0 sec
Local search improved penalty in component to: 13. Took 0 sec
Best solution reduces penalty in component to: 12
New random solution with penalty in component: 13. Took 0 sec
Local search improved penalty in component to: 13. Took 0 sec
Best solution reduces penalty in component to: 12
New random solution with penalty in component: 13. Took 0 sec
Local search improved penalty in component to: 13. Took 0 sec
Best solution reduces penalty in component to: 12
New random solution with penalty in component: 13. Took 0 sec
Local search improved penalty in component to: 13. Took 0 sec
Best solution reduces penalty in component to: 12
New random solution with penalty in component: 13. Took 0 sec
Local search improved penalty in component to: 13. Took 0 sec
Best solution reduces penalty in component to: 12
New random solution with penalty in component: 13. Took 0 sec
Local search improved penalty in component to: 13. Took 0 sec
Best solution reduces penalty in component to: 12
New random solution with penalty in component: 13. Took 0 sec
Local search improved penalty in component to: 13. Took 0 sec
Best solution reduces penalty in component to: 12
New random solution with penalty in component: 13. Took 0 sec
Local search improved penalty in component to: 13. Took 0 sec
Best solution reduces penalty in component to: 12
New random solution with penalty in component: 13. Took 0 sec
Local search improved penalty in component to: 13. Took 0 sec
Best solution reduces penalty in component to: 12
New random solution with penalty in component: 13. Took 0 sec
Local search improved penalty in component to: 13. Took 0 sec
Best solution reduces penalty in component to: 12
Total penalty: 17
SOLUTION IS VALID
