Found 7 strongly connected components

CURRENTLY WORKING ON COMPONENT 1
New random solution with penalty in component: 6. Took 0 sec
Local search improved penalty in component to: 0. Took 0 sec
Best solution reduces penalty in component to: 0

CURRENTLY WORKING ON COMPONENT 2
New random solution with penalty in component: 6. Took 0 sec
Local search improved penalty in component to: 0. Took 0 sec
Best solution reduces penalty in component to: 0

CURRENTLY WORKING ON COMPONENT 3
New random solution with penalty in component: 6. Took 0 sec
Local search improved penalty in component to: 6. Took 0 sec
Best solution reduces penalty in component to: 6
New random solution with penalty in component: 8. Took 0 sec
Local search improved penalty in component to: 8. Took 0 sec
Best solution reduces penalty in component to: 6
New random solution with penalty in component: 6. Took 0 sec
Local search improved penalty in component to: 0. Took 0 sec
Best solution reduces penalty in component to: 0

CURRENTLY WORKING ON COMPONENT 4
New random solution with penalty in component: 2. Took 0 sec
Local search improved penalty in component to: 2. Took 0 sec
Best solution reduces penalty in component to: 2
New random solution with penalty in component: 0. Took 0 sec
Local search improved penalty in component to: 0. Took 0 sec
Best solution reduces penalty in component to: 0

CURRENTLY WORKING ON COMPONENT 5
New random solution with penalty in component: 6. Took 0 sec
Local search improved penalty in component to: 0. Took 0 sec
Best solution reduces penalty in component to: 0

CURRENTLY WORKING ON COMPONENT 6
New random solution with penalty in component: 4. Took 0 sec
Local search improved penalty in component to: 0. Took 0 sec
Best solution reduces penalty in component to: 0

CURRENTLY WORKING ON COMPONENT 7
New random solution with penalty in component: 2. Took 0 sec
Local search improved penalty in component to: 2. Took 0 sec
Best solution reduces penalty in component to: 2
New random solution with penalty in component: 2. Took 0 sec
Local search improved penalty in component to: 2. Took 0 sec
Best solution reduces penalty in component to: 2
New random solution with penalty in component: 4. Took 0 sec
Local search improved penalty in component to: 0. Took 0 sec
Best solution reduces penalty in component to: 0
Total penalty: 0
ERROR SOLUTION IS NOT VALID, invalid edge from 399 to 403
