Found 9 strongly connected components

CURRENTLY WORKING ON COMPONENT 1
Skipping acyclic component

CURRENTLY WORKING ON COMPONENT 2
Skipping acyclic component

CURRENTLY WORKING ON COMPONENT 3
Skipping acyclic component

CURRENTLY WORKING ON COMPONENT 4
Dynamic programming solution found with score: 5. Took 0 sec

CURRENTLY WORKING ON COMPONENT 5
Skipping acyclic component

CURRENTLY WORKING ON COMPONENT 6
Skipping acyclic component

CURRENTLY WORKING ON COMPONENT 7
Skipping acyclic component

CURRENTLY WORKING ON COMPONENT 8
Skipping acyclic component

CURRENTLY WORKING ON COMPONENT 9
Skipping acyclic component
Total penalty: 15
SOLUTION IS VALID
