Found 29 strongly connected components

CURRENTLY WORKING ON COMPONENT 1
Skipping acyclic component

CURRENTLY WORKING ON COMPONENT 2
Skipping acyclic component

CURRENTLY WORKING ON COMPONENT 3
Skipping acyclic component

CURRENTLY WORKING ON COMPONENT 4
Skipping acyclic component

CURRENTLY WORKING ON COMPONENT 5
Skipping acyclic component

CURRENTLY WORKING ON COMPONENT 6
Skipping acyclic component

CURRENTLY WORKING ON COMPONENT 7
Skipping acyclic component

CURRENTLY WORKING ON COMPONENT 8
Skipping acyclic component

CURRENTLY WORKING ON COMPONENT 9
Skipping acyclic component

CURRENTLY WORKING ON COMPONENT 10
Skipping acyclic component

CURRENTLY WORKING ON COMPONENT 11
Skipping acyclic component

CURRENTLY WORKING ON COMPONENT 12
New random solution with penalty in component: 129. Took 0 sec
Local search improved penalty in component to: 123. Took 23 sec
Best solution reduces penalty in component to: 123
New random solution with penalty in component: 126. Took 0 sec
Local search improved penalty in component to: 126. Took 6 sec
Best solution reduces penalty in component to: 123
New random solution with penalty in component: 129. Took 0 sec
Local search improved penalty in component to: 129. Took 5 sec
Best solution reduces penalty in component to: 123
New random solution with penalty in component: 129. Took 0 sec
Local search improved penalty in component to: 129. Took 5 sec
Best solution reduces penalty in component to: 123
New random solution with penalty in component: 129. Took 0 sec
Local search improved penalty in component to: 129. Took 5 sec
Best solution reduces penalty in component to: 123
New random solution with penalty in component: 127. Took 0 sec
Local search improved penalty in component to: 125. Took 21 sec
Best solution reduces penalty in component to: 123
New random solution with penalty in component: 126. Took 0 sec
Local search improved penalty in component to: 126. Took 5 sec
Best solution reduces penalty in component to: 123
New random solution with penalty in component: 126. Took 0 sec
Local search improved penalty in component to: 126. Took 5 sec
Best solution reduces penalty in component to: 123
New random solution with penalty in component: 129. Took 0 sec
Local search improved penalty in component to: 129. Took 7 sec
Best solution reduces penalty in component to: 123
New random solution with penalty in component: 129. Took 0 sec
Local search improved penalty in component to: 129. Took 5 sec
Best solution reduces penalty in component to: 123
New random solution with penalty in component: 126. Took 0 sec
Local search improved penalty in component to: 126. Took 4 sec
Best solution reduces penalty in component to: 123
New random solution with penalty in component: 126. Took 0 sec
Local search improved penalty in component to: 126. Took 4 sec
Best solution reduces penalty in component to: 123
New random solution with penalty in component: 126. Took 0 sec
Local search improved penalty in component to: 126. Took 3 sec
Best solution reduces penalty in component to: 123
New random solution with penalty in component: 127. Took 0 sec
Local search improved penalty in component to: 127. Took 6 sec
Best solution reduces penalty in component to: 123
New random solution with penalty in component: 127. Took 0 sec
Local search improved penalty in component to: 127. Took 7 sec
Best solution reduces penalty in component to: 123
New random solution with penalty in component: 129. Took 0 sec
Local search improved penalty in component to: 129. Took 6 sec
Best solution reduces penalty in component to: 123
New random solution with penalty in component: 126. Took 0 sec
Local search improved penalty in component to: 126. Took 6 sec
Best solution reduces penalty in component to: 123
New random solution with penalty in component: 127. Took 0 sec
Local search improved penalty in component to: 127. Took 5 sec
Best solution reduces penalty in component to: 123
New random solution with penalty in component: 127. Took 0 sec
Local search improved penalty in component to: 127. Took 7 sec
Best solution reduces penalty in component to: 123
New random solution with penalty in component: 129. Took 0 sec
Local search improved penalty in component to: 129. Took 4 sec
Best solution reduces penalty in component to: 123

CURRENTLY WORKING ON COMPONENT 13
Skipping acyclic component

CURRENTLY WORKING ON COMPONENT 14
Skipping acyclic component

CURRENTLY WORKING ON COMPONENT 15
Skipping acyclic component

CURRENTLY WORKING ON COMPONENT 16
Skipping acyclic component

CURRENTLY WORKING ON COMPONENT 17
Skipping acyclic component

CURRENTLY WORKING ON COMPONENT 18
Skipping acyclic component

CURRENTLY WORKING ON COMPONENT 19
Skipping acyclic component

CURRENTLY WORKING ON COMPONENT 20
Skipping acyclic component

CURRENTLY WORKING ON COMPONENT 21
Skipping acyclic component

CURRENTLY WORKING ON COMPONENT 22
Skipping acyclic component

CURRENTLY WORKING ON COMPONENT 23
Skipping acyclic component

CURRENTLY WORKING ON COMPONENT 24
Skipping acyclic component

CURRENTLY WORKING ON COMPONENT 25
Skipping acyclic component

CURRENTLY WORKING ON COMPONENT 26
Skipping acyclic component

CURRENTLY WORKING ON COMPONENT 27
Skipping acyclic component

CURRENTLY WORKING ON COMPONENT 28
Skipping acyclic component

CURRENTLY WORKING ON COMPONENT 29
Skipping acyclic component
Total penalty: 152
SOLUTION IS VALID
