Found 1 strongly connected components

CURRENTLY WORKING ON COMPONENT 1
New random solution with penalty in component: 267. Took 0 sec
Local search improved penalty in component to: 267. Took 75 sec
Best solution reduces penalty in component to: 267
New random solution with penalty in component: 267. Took 0 sec
Local search improved penalty in component to: 267. Took 69 sec
Best solution reduces penalty in component to: 267
New random solution with penalty in component: 267. Took 0 sec
Local search improved penalty in component to: 267. Took 73 sec
Best solution reduces penalty in component to: 267
New random solution with penalty in component: 267. Took 0 sec
Local search improved penalty in component to: 267. Took 73 sec
Best solution reduces penalty in component to: 267
New random solution with penalty in component: 267. Took 0 sec
Local search improved penalty in component to: 267. Took 75 sec
Best solution reduces penalty in component to: 267
New random solution with penalty in component: 267. Took 0 sec
Local search improved penalty in component to: 267. Took 72 sec
Best solution reduces penalty in component to: 267
New random solution with penalty in component: 267. Took 0 sec
Local search improved penalty in component to: 267. Took 89 sec
Best solution reduces penalty in component to: 267
New random solution with penalty in component: 267. Took 0 sec
Local search improved penalty in component to: 267. Took 80 sec
Best solution reduces penalty in component to: 267
New random solution with penalty in component: 267. Took 0 sec
Local search improved penalty in component to: 267. Took 81 sec
Best solution reduces penalty in component to: 267
New random solution with penalty in component: 267. Took 0 sec
Local search improved penalty in component to: 267. Took 82 sec
Best solution reduces penalty in component to: 267
New random solution with penalty in component: 267. Took 0 sec
Local search improved penalty in component to: 267. Took 77 sec
Best solution reduces penalty in component to: 267
New random solution with penalty in component: 267. Took 0 sec
Local search improved penalty in component to: 267. Took 76 sec
Best solution reduces penalty in component to: 267
New random solution with penalty in component: 267. Took 0 sec
Local search improved penalty in component to: 267. Took 88 sec
Best solution reduces penalty in component to: 267
New random solution with penalty in component: 267. Took 0 sec
Local search improved penalty in component to: 267. Took 77 sec
Best solution reduces penalty in component to: 267
New random solution with penalty in component: 267. Took 0 sec
Local search improved penalty in component to: 267. Took 78 sec
Best solution reduces penalty in component to: 267
New random solution with penalty in component: 267. Took 0 sec
Local search improved penalty in component to: 267. Took 69 sec
Best solution reduces penalty in component to: 267
New random solution with penalty in component: 267. Took 0 sec
Local search improved penalty in component to: 267. Took 73 sec
Best solution reduces penalty in component to: 267
New random solution with penalty in component: 267. Took 0 sec
Local search improved penalty in component to: 267. Took 65 sec
Best solution reduces penalty in component to: 267
New random solution with penalty in component: 267. Took 0 sec
Local search improved penalty in component to: 267. Took 68 sec
Best solution reduces penalty in component to: 267
New random solution with penalty in component: 267. Took 0 sec
Local search improved penalty in component to: 267. Took 71 sec
Best solution reduces penalty in component to: 267
Total penalty: 267
SOLUTION IS VALID
