Found 2 strongly connected components

CURRENTLY WORKING ON COMPONENT 1
New random solution with penalty in component: 94. Took 0 sec
Local search improved penalty in component to: 91. Took 2 sec
Best solution reduces penalty in component to: 91
New random solution with penalty in component: 94. Took 0 sec
Local search improved penalty in component to: 94. Took 1 sec
Best solution reduces penalty in component to: 91
New random solution with penalty in component: 94. Took 0 sec
Local search improved penalty in component to: 94. Took 1 sec
Best solution reduces penalty in component to: 91
New random solution with penalty in component: 94. Took 0 sec
Local search improved penalty in component to: 94. Took 1 sec
Best solution reduces penalty in component to: 91
New random solution with penalty in component: 94. Took 0 sec
Local search improved penalty in component to: 94. Took 1 sec
Best solution reduces penalty in component to: 91
New random solution with penalty in component: 94. Took 0 sec
Local search improved penalty in component to: 94. Took 1 sec
Best solution reduces penalty in component to: 91
New random solution with penalty in component: 94. Took 0 sec
Local search improved penalty in component to: 94. Took 1 sec
Best solution reduces penalty in component to: 91
New random solution with penalty in component: 94. Took 0 sec
Local search improved penalty in component to: 94. Took 1 sec
Best solution reduces penalty in component to: 91
New random solution with penalty in component: 94. Took 0 sec
Local search improved penalty in component to: 94. Took 1 sec
Best solution reduces penalty in component to: 91
New random solution with penalty in component: 94. Took 0 sec
Local search improved penalty in component to: 94. Took 1 sec
Best solution reduces penalty in component to: 91
New random solution with penalty in component: 94. Took 0 sec
Local search improved penalty in component to: 94. Took 1 sec
Best solution reduces penalty in component to: 91
New random solution with penalty in component: 94. Took 0 sec
Local search improved penalty in component to: 94. Took 1 sec
Best solution reduces penalty in component to: 91
New random solution with penalty in component: 94. Took 0 sec
Local search improved penalty in component to: 94. Took 1 sec
Best solution reduces penalty in component to: 91
New random solution with penalty in component: 94. Took 0 sec
Local search improved penalty in component to: 94. Took 1 sec
Best solution reduces penalty in component to: 91
New random solution with penalty in component: 94. Took 0 sec
Local search improved penalty in component to: 94. Took 1 sec
Best solution reduces penalty in component to: 91
New random solution with penalty in component: 94. Took 0 sec
Local search improved penalty in component to: 94. Took 1 sec
Best solution reduces penalty in component to: 91
New random solution with penalty in component: 94. Took 0 sec
Local search improved penalty in component to: 94. Took 1 sec
Best solution reduces penalty in component to: 91
New random solution with penalty in component: 94. Took 0 sec
Local search improved penalty in component to: 94. Took 1 sec
Best solution reduces penalty in component to: 91
New random solution with penalty in component: 94. Took 0 sec
Local search improved penalty in component to: 94. Took 1 sec
Best solution reduces penalty in component to: 91
New random solution with penalty in component: 94. Took 0 sec
Local search improved penalty in component to: 94. Took 1 sec
Best solution reduces penalty in component to: 91

CURRENTLY WORKING ON COMPONENT 2
New random solution with penalty in component: 12. Took 0 sec
Local search improved penalty in component to: 12. Took 0 sec
Best solution reduces penalty in component to: 12
New random solution with penalty in component: 12. Took 0 sec
Local search improved penalty in component to: 12. Took 0 sec
Best solution reduces penalty in component to: 12
New random solution with penalty in component: 12. Took 0 sec
Local search improved penalty in component to: 12. Took 0 sec
Best solution reduces penalty in component to: 12
New random solution with penalty in component: 12. Took 0 sec
Local search improved penalty in component to: 12. Took 0 sec
Best solution reduces penalty in component to: 12
New random solution with penalty in component: 12. Took 0 sec
Local search improved penalty in component to: 12. Took 0 sec
Best solution reduces penalty in component to: 12
New random solution with penalty in component: 12. Took 0 sec
Local search improved penalty in component to: 12. Took 0 sec
Best solution reduces penalty in component to: 12
New random solution with penalty in component: 12. Took 0 sec
Local search improved penalty in component to: 12. Took 0 sec
Best solution reduces penalty in component to: 12
New random solution with penalty in component: 12. Took 0 sec
Local search improved penalty in component to: 12. Took 0 sec
Best solution reduces penalty in component to: 12
New random solution with penalty in component: 12. Took 0 sec
Local search improved penalty in component to: 12. Took 0 sec
Best solution reduces penalty in component to: 12
New random solution with penalty in component: 12. Took 0 sec
Local search improved penalty in component to: 12. Took 0 sec
Best solution reduces penalty in component to: 12
New random solution with penalty in component: 12. Took 0 sec
Local search improved penalty in component to: 12. Took 0 sec
Best solution reduces penalty in component to: 12
New random solution with penalty in component: 12. Took 0 sec
Local search improved penalty in component to: 12. Took 0 sec
Best solution reduces penalty in component to: 12
New random solution with penalty in component: 12. Took 0 sec
Local search improved penalty in component to: 12. Took 0 sec
Best solution reduces penalty in component to: 12
New random solution with penalty in component: 12. Took 0 sec
Local search improved penalty in component to: 12. Took 0 sec
Best solution reduces penalty in component to: 12
New random solution with penalty in component: 12. Took 0 sec
Local search improved penalty in component to: 12. Took 0 sec
Best solution reduces penalty in component to: 12
New random solution with penalty in component: 12. Took 0 sec
Local search improved penalty in component to: 12. Took 0 sec
Best solution reduces penalty in component to: 12
New random solution with penalty in component: 12. Took 0 sec
Local search improved penalty in component to: 12. Took 0 sec
Best solution reduces penalty in component to: 12
New random solution with penalty in component: 12. Took 0 sec
Local search improved penalty in component to: 12. Took 0 sec
Best solution reduces penalty in component to: 12
New random solution with penalty in component: 12. Took 0 sec
Local search improved penalty in component to: 12. Took 0 sec
Best solution reduces penalty in component to: 12
New random solution with penalty in component: 12. Took 0 sec
Local search improved penalty in component to: 12. Took 0 sec
Best solution reduces penalty in component to: 12
Total penalty: 103
SOLUTION IS VALID
